{"D:\\LUMEN\\Lumen-app\\src\\assets\\animations\\index.ts": {"path":"D:\\LUMEN\\Lumen-app\\src\\assets\\animations\\index.ts","statementMap":{},"fnMap":{},"branchMap":{},"s":{},"f":{},"b":{}}
,"D:\\LUMEN\\Lumen-app\\src\\assets\\fonts\\index.ts": {"path":"D:\\LUMEN\\Lumen-app\\src\\assets\\fonts\\index.ts","statementMap":{},"fnMap":{},"branchMap":{},"s":{},"f":{},"b":{}}
,"D:\\LUMEN\\Lumen-app\\src\\assets\\icons\\index.ts": {"path":"D:\\LUMEN\\Lumen-app\\src\\assets\\icons\\index.ts","statementMap":{},"fnMap":{},"branchMap":{},"s":{},"f":{},"b":{}}
,"D:\\LUMEN\\Lumen-app\\src\\assets\\illuatrations\\index.ts": {"path":"D:\\LUMEN\\Lumen-app\\src\\assets\\illuatrations\\index.ts","statementMap":{},"fnMap":{},"branchMap":{},"s":{},"f":{},"b":{}}
,"D:\\LUMEN\\Lumen-app\\src\\assets\\images\\index.ts": {"path":"D:\\LUMEN\\Lumen-app\\src\\assets\\images\\index.ts","statementMap":{},"fnMap":{},"branchMap":{},"s":{},"f":{},"b":{}}
,"D:\\LUMEN\\Lumen-app\\src\\assets\\logos\\index.ts": {"path":"D:\\LUMEN\\Lumen-app\\src\\assets\\logos\\index.ts","statementMap":{},"fnMap":{},"branchMap":{},"s":{},"f":{},"b":{}}
,"D:\\LUMEN\\Lumen-app\\src\\assets\\lottie\\index.ts": {"path":"D:\\LUMEN\\Lumen-app\\src\\assets\\lottie\\index.ts","statementMap":{},"fnMap":{},"branchMap":{},"s":{},"f":{},"b":{}}
,"D:\\LUMEN\\Lumen-app\\src\\components\\index.ts": {"path":"D:\\LUMEN\\Lumen-app\\src\\components\\index.ts","statementMap":{},"fnMap":{},"branchMap":{},"s":{},"f":{},"b":{}}
,"D:\\LUMEN\\Lumen-app\\src\\components\\analytics\\Component.tsx": {"path":"D:\\LUMEN\\Lumen-app\\src\\components\\analytics\\Component.tsx","statementMap":{"0":{"start":{"line":4,"column":2},"end":{"line":4,"column":13}},"1":{"start":{"line":5,"column":2},"end":{"line":5,"column":14}}},"fnMap":{"0":{"name":"Component","decl":{"start":{"line":3,"column":16},"end":{"line":3,"column":25}},"loc":{"start":{"line":3,"column":49},"end":{"line":6,"column":1}},"line":3}},"branchMap":{},"s":{"0":0,"1":0},"f":{"0":0},"b":{}}
,"D:\\LUMEN\\Lumen-app\\src\\components\\analytics\\index.ts": {"path":"D:\\LUMEN\\Lumen-app\\src\\components\\analytics\\index.ts","statementMap":{},"fnMap":{},"branchMap":{},"s":{},"f":{},"b":{}}
,"D:\\LUMEN\\Lumen-app\\src\\components\\avatar\\Avatar.tsx": {"path":"D:\\LUMEN\\Lumen-app\\src\\components\\avatar\\Avatar.tsx","statementMap":{"0":{"start":{"line":4,"column":2},"end":{"line":4,"column":13}},"1":{"start":{"line":5,"column":2},"end":{"line":5,"column":14}}},"fnMap":{"0":{"name":"Avatar","decl":{"start":{"line":3,"column":16},"end":{"line":3,"column":22}},"loc":{"start":{"line":3,"column":43},"end":{"line":6,"column":1}},"line":3}},"branchMap":{},"s":{"0":0,"1":0},"f":{"0":0},"b":{}}
,"D:\\LUMEN\\Lumen-app\\src\\components\\avatar\\Component.tsx": {"path":"D:\\LUMEN\\Lumen-app\\src\\components\\avatar\\Component.tsx","statementMap":{"0":{"start":{"line":4,"column":15},"end":{"line":17,"column":2}},"1":{"start":{"line":20,"column":2},"end":{"line":24,"column":4}}},"fnMap":{"0":{"name":"Component","decl":{"start":{"line":19,"column":16},"end":{"line":19,"column":25}},"loc":{"start":{"line":19,"column":49},"end":{"line":25,"column":1}},"line":19}},"branchMap":{"0":{"loc":{"start":{"line":22,"column":34},"end":{"line":22,"column":55}},"type":"binary-expr","locations":[{"start":{"line":22,"column":34},"end":{"line":22,"column":48}},{"start":{"line":22,"column":52},"end":{"line":22,"column":55}}],"line":22}},"s":{"0":0,"1":0},"f":{"0":0},"b":{"0":[0,0]}}
,"D:\\LUMEN\\Lumen-app\\src\\components\\avatar\\index.ts": {"path":"D:\\LUMEN\\Lumen-app\\src\\components\\avatar\\index.ts","statementMap":{},"fnMap":{},"branchMap":{},"s":{},"f":{},"b":{}}
,"D:\\LUMEN\\Lumen-app\\src\\components\\badge\\Badge.tsx": {"path":"D:\\LUMEN\\Lumen-app\\src\\components\\badge\\Badge.tsx","statementMap":{"0":{"start":{"line":4,"column":2},"end":{"line":4,"column":13}},"1":{"start":{"line":5,"column":2},"end":{"line":5,"column":14}}},"fnMap":{"0":{"name":"Badge","decl":{"start":{"line":3,"column":16},"end":{"line":3,"column":21}},"loc":{"start":{"line":3,"column":41},"end":{"line":6,"column":1}},"line":3}},"branchMap":{},"s":{"0":0,"1":0},"f":{"0":0},"b":{}}
,"D:\\LUMEN\\Lumen-app\\src\\components\\badge\\Component.tsx": {"path":"D:\\LUMEN\\Lumen-app\\src\\components\\badge\\Component.tsx","statementMap":{"0":{"start":{"line":4,"column":15},"end":{"line":19,"column":2}},"1":{"start":{"line":22,"column":2},"end":{"line":26,"column":4}}},"fnMap":{"0":{"name":"Component","decl":{"start":{"line":21,"column":16},"end":{"line":21,"column":25}},"loc":{"start":{"line":21,"column":49},"end":{"line":27,"column":1}},"line":21}},"branchMap":{"0":{"loc":{"start":{"line":24,"column":34},"end":{"line":24,"column":59}},"type":"binary-expr","locations":[{"start":{"line":24,"column":34},"end":{"line":24,"column":48}},{"start":{"line":24,"column":52},"end":{"line":24,"column":59}}],"line":24}},"s":{"0":0,"1":0},"f":{"0":0},"b":{"0":[0,0]}}
,"D:\\LUMEN\\Lumen-app\\src\\components\\badge\\index.ts": {"path":"D:\\LUMEN\\Lumen-app\\src\\components\\badge\\index.ts","statementMap":{},"fnMap":{},"branchMap":{},"s":{},"f":{},"b":{}}
,"D:\\LUMEN\\Lumen-app\\src\\components\\bottom-sheet\\BottomSheet.tsx": {"path":"D:\\LUMEN\\Lumen-app\\src\\components\\bottom-sheet\\BottomSheet.tsx","statementMap":{"0":{"start":{"line":4,"column":2},"end":{"line":4,"column":13}},"1":{"start":{"line":5,"column":2},"end":{"line":5,"column":14}}},"fnMap":{"0":{"name":"BottomSheet","decl":{"start":{"line":3,"column":16},"end":{"line":3,"column":27}},"loc":{"start":{"line":3,"column":53},"end":{"line":6,"column":1}},"line":3}},"branchMap":{},"s":{"0":0,"1":0},"f":{"0":0},"b":{}}
,"D:\\LUMEN\\Lumen-app\\src\\components\\bottom-sheet\\Component.tsx": {"path":"D:\\LUMEN\\Lumen-app\\src\\components\\bottom-sheet\\Component.tsx","statementMap":{"0":{"start":{"line":4,"column":2},"end":{"line":4,"column":13}},"1":{"start":{"line":5,"column":2},"end":{"line":5,"column":14}}},"fnMap":{"0":{"name":"Component","decl":{"start":{"line":3,"column":16},"end":{"line":3,"column":25}},"loc":{"start":{"line":3,"column":49},"end":{"line":6,"column":1}},"line":3}},"branchMap":{},"s":{"0":0,"1":0},"f":{"0":0},"b":{}}
,"D:\\LUMEN\\Lumen-app\\src\\components\\bottom-sheet\\index.ts": {"path":"D:\\LUMEN\\Lumen-app\\src\\components\\bottom-sheet\\index.ts","statementMap":{},"fnMap":{},"branchMap":{},"s":{},"f":{},"b":{}}
,"D:\\LUMEN\\Lumen-app\\src\\components\\buttons\\Button.tsx": {"path":"D:\\LUMEN\\Lumen-app\\src\\components\\buttons\\Button.tsx","statementMap":{"0":{"start":{"line":4,"column":15},"end":{"line":20,"column":2}},"1":{"start":{"line":23,"column":2},"end":{"line":34,"column":4}},"2":{"start":{"line":26,"column":30},"end":{"line":29,"column":7}}},"fnMap":{"0":{"name":"Button","decl":{"start":{"line":22,"column":16},"end":{"line":22,"column":22}},"loc":{"start":{"line":22,"column":43},"end":{"line":35,"column":1}},"line":22},"1":{"name":"(anonymous_1)","decl":{"start":{"line":26,"column":13},"end":{"line":26,"column":14}},"loc":{"start":{"line":26,"column":30},"end":{"line":29,"column":7}},"line":26}},"branchMap":{"0":{"loc":{"start":{"line":28,"column":8},"end":{"line":28,"column":74}},"type":"cond-expr","locations":[{"start":{"line":28,"column":18},"end":{"line":28,"column":67}},{"start":{"line":28,"column":70},"end":{"line":28,"column":74}}],"line":28},"1":{"loc":{"start":{"line":32,"column":13},"end":{"line":32,"column":87}},"type":"cond-expr","locations":[{"start":{"line":32,"column":30},"end":{"line":32,"column":80}},{"start":{"line":32,"column":83},"end":{"line":32,"column":87}}],"line":32}},"s":{"0":0,"1":0,"2":0},"f":{"0":0,"1":0},"b":{"0":[0,0],"1":[0,0]}}
,"D:\\LUMEN\\Lumen-app\\src\\components\\buttons\\Component.tsx": {"path":"D:\\LUMEN\\Lumen-app\\src\\components\\buttons\\Component.tsx","statementMap":{"0":{"start":{"line":4,"column":2},"end":{"line":4,"column":13}},"1":{"start":{"line":5,"column":2},"end":{"line":5,"column":14}}},"fnMap":{"0":{"name":"Component","decl":{"start":{"line":3,"column":16},"end":{"line":3,"column":25}},"loc":{"start":{"line":3,"column":49},"end":{"line":6,"column":1}},"line":3}},"branchMap":{},"s":{"0":0,"1":0},"f":{"0":0},"b":{}}
,"D:\\LUMEN\\Lumen-app\\src\\components\\buttons\\index.ts": {"path":"D:\\LUMEN\\Lumen-app\\src\\components\\buttons\\index.ts","statementMap":{},"fnMap":{},"branchMap":{},"s":{},"f":{},"b":{}}
,"D:\\LUMEN\\Lumen-app\\src\\components\\camera\\Component.tsx": {"path":"D:\\LUMEN\\Lumen-app\\src\\components\\camera\\Component.tsx","statementMap":{"0":{"start":{"line":4,"column":2},"end":{"line":4,"column":13}},"1":{"start":{"line":5,"column":2},"end":{"line":5,"column":14}}},"fnMap":{"0":{"name":"Component","decl":{"start":{"line":3,"column":16},"end":{"line":3,"column":25}},"loc":{"start":{"line":3,"column":49},"end":{"line":6,"column":1}},"line":3}},"branchMap":{},"s":{"0":0,"1":0},"f":{"0":0},"b":{}}
,"D:\\LUMEN\\Lumen-app\\src\\components\\camera\\index.ts": {"path":"D:\\LUMEN\\Lumen-app\\src\\components\\camera\\index.ts","statementMap":{},"fnMap":{},"branchMap":{},"s":{},"f":{},"b":{}}
,"D:\\LUMEN\\Lumen-app\\src\\components\\cards\\Card.tsx": {"path":"D:\\LUMEN\\Lumen-app\\src\\components\\cards\\Card.tsx","statementMap":{"0":{"start":{"line":4,"column":2},"end":{"line":4,"column":13}},"1":{"start":{"line":5,"column":2},"end":{"line":5,"column":14}}},"fnMap":{"0":{"name":"Card","decl":{"start":{"line":3,"column":16},"end":{"line":3,"column":20}},"loc":{"start":{"line":3,"column":39},"end":{"line":6,"column":1}},"line":3}},"branchMap":{},"s":{"0":0,"1":0},"f":{"0":0},"b":{}}
,"D:\\LUMEN\\Lumen-app\\src\\components\\cards\\Component.tsx": {"path":"D:\\LUMEN\\Lumen-app\\src\\components\\cards\\Component.tsx","statementMap":{"0":{"start":{"line":4,"column":15},"end":{"line":16,"column":2}},"1":{"start":{"line":19,"column":2},"end":{"line":23,"column":4}}},"fnMap":{"0":{"name":"Component","decl":{"start":{"line":18,"column":16},"end":{"line":18,"column":25}},"loc":{"start":{"line":18,"column":49},"end":{"line":24,"column":1}},"line":18}},"branchMap":{},"s":{"0":0,"1":0},"f":{"0":0},"b":{}}
,"D:\\LUMEN\\Lumen-app\\src\\components\\cards\\index.ts": {"path":"D:\\LUMEN\\Lumen-app\\src\\components\\cards\\index.ts","statementMap":{},"fnMap":{},"branchMap":{},"s":{},"f":{},"b":{}}
,"D:\\LUMEN\\Lumen-app\\src\\components\\charts\\Chart.tsx": {"path":"D:\\LUMEN\\Lumen-app\\src\\components\\charts\\Chart.tsx","statementMap":{"0":{"start":{"line":4,"column":2},"end":{"line":4,"column":13}},"1":{"start":{"line":5,"column":2},"end":{"line":5,"column":14}}},"fnMap":{"0":{"name":"Chart","decl":{"start":{"line":3,"column":16},"end":{"line":3,"column":21}},"loc":{"start":{"line":3,"column":41},"end":{"line":6,"column":1}},"line":3}},"branchMap":{},"s":{"0":0,"1":0},"f":{"0":0},"b":{}}
,"D:\\LUMEN\\Lumen-app\\src\\components\\charts\\Component.tsx": {"path":"D:\\LUMEN\\Lumen-app\\src\\components\\charts\\Component.tsx","statementMap":{"0":{"start":{"line":4,"column":2},"end":{"line":4,"column":13}},"1":{"start":{"line":5,"column":2},"end":{"line":5,"column":14}}},"fnMap":{"0":{"name":"Component","decl":{"start":{"line":3,"column":16},"end":{"line":3,"column":25}},"loc":{"start":{"line":3,"column":49},"end":{"line":6,"column":1}},"line":3}},"branchMap":{},"s":{"0":0,"1":0},"f":{"0":0},"b":{}}
,"D:\\LUMEN\\Lumen-app\\src\\components\\charts\\index.ts": {"path":"D:\\LUMEN\\Lumen-app\\src\\components\\charts\\index.ts","statementMap":{},"fnMap":{},"branchMap":{},"s":{},"f":{},"b":{}}
,"D:\\LUMEN\\Lumen-app\\src\\components\\chips\\Chip.tsx": {"path":"D:\\LUMEN\\Lumen-app\\src\\components\\chips\\Chip.tsx","statementMap":{"0":{"start":{"line":4,"column":2},"end":{"line":4,"column":13}},"1":{"start":{"line":5,"column":2},"end":{"line":5,"column":14}}},"fnMap":{"0":{"name":"Chip","decl":{"start":{"line":3,"column":16},"end":{"line":3,"column":20}},"loc":{"start":{"line":3,"column":39},"end":{"line":6,"column":1}},"line":3}},"branchMap":{},"s":{"0":0,"1":0},"f":{"0":0},"b":{}}
,"D:\\LUMEN\\Lumen-app\\src\\components\\chips\\Component.tsx": {"path":"D:\\LUMEN\\Lumen-app\\src\\components\\chips\\Component.tsx","statementMap":{"0":{"start":{"line":4,"column":2},"end":{"line":4,"column":13}},"1":{"start":{"line":5,"column":2},"end":{"line":5,"column":14}}},"fnMap":{"0":{"name":"Component","decl":{"start":{"line":3,"column":16},"end":{"line":3,"column":25}},"loc":{"start":{"line":3,"column":49},"end":{"line":6,"column":1}},"line":3}},"branchMap":{},"s":{"0":0,"1":0},"f":{"0":0},"b":{}}
,"D:\\LUMEN\\Lumen-app\\src\\components\\chips\\index.ts": {"path":"D:\\LUMEN\\Lumen-app\\src\\components\\chips\\index.ts","statementMap":{},"fnMap":{},"branchMap":{},"s":{},"f":{},"b":{}}
,"D:\\LUMEN\\Lumen-app\\src\\components\\dialogs\\Component.tsx": {"path":"D:\\LUMEN\\Lumen-app\\src\\components\\dialogs\\Component.tsx","statementMap":{"0":{"start":{"line":4,"column":2},"end":{"line":4,"column":13}},"1":{"start":{"line":5,"column":2},"end":{"line":5,"column":14}}},"fnMap":{"0":{"name":"Component","decl":{"start":{"line":3,"column":16},"end":{"line":3,"column":25}},"loc":{"start":{"line":3,"column":49},"end":{"line":6,"column":1}},"line":3}},"branchMap":{},"s":{"0":0,"1":0},"f":{"0":0},"b":{}}
,"D:\\LUMEN\\Lumen-app\\src\\components\\dialogs\\Dialog.tsx": {"path":"D:\\LUMEN\\Lumen-app\\src\\components\\dialogs\\Dialog.tsx","statementMap":{"0":{"start":{"line":4,"column":2},"end":{"line":4,"column":13}},"1":{"start":{"line":5,"column":2},"end":{"line":5,"column":14}}},"fnMap":{"0":{"name":"Dialog","decl":{"start":{"line":3,"column":16},"end":{"line":3,"column":22}},"loc":{"start":{"line":3,"column":43},"end":{"line":6,"column":1}},"line":3}},"branchMap":{},"s":{"0":0,"1":0},"f":{"0":0},"b":{}}
,"D:\\LUMEN\\Lumen-app\\src\\components\\dialogs\\index.ts": {"path":"D:\\LUMEN\\Lumen-app\\src\\components\\dialogs\\index.ts","statementMap":{},"fnMap":{},"branchMap":{},"s":{},"f":{},"b":{}}
,"D:\\LUMEN\\Lumen-app\\src\\components\\empty-state\\Component.tsx": {"path":"D:\\LUMEN\\Lumen-app\\src\\components\\empty-state\\Component.tsx","statementMap":{"0":{"start":{"line":4,"column":15},"end":{"line":20,"column":2}},"1":{"start":{"line":23,"column":2},"end":{"line":27,"column":4}}},"fnMap":{"0":{"name":"Component","decl":{"start":{"line":22,"column":16},"end":{"line":22,"column":25}},"loc":{"start":{"line":22,"column":49},"end":{"line":28,"column":1}},"line":22}},"branchMap":{"0":{"loc":{"start":{"line":25,"column":33},"end":{"line":25,"column":69}},"type":"binary-expr","locations":[{"start":{"line":25,"column":33},"end":{"line":25,"column":47}},{"start":{"line":25,"column":51},"end":{"line":25,"column":69}}],"line":25}},"s":{"0":0,"1":0},"f":{"0":0},"b":{"0":[0,0]}}
,"D:\\LUMEN\\Lumen-app\\src\\components\\empty-state\\EmptyState.tsx": {"path":"D:\\LUMEN\\Lumen-app\\src\\components\\empty-state\\EmptyState.tsx","statementMap":{"0":{"start":{"line":4,"column":2},"end":{"line":4,"column":13}},"1":{"start":{"line":5,"column":2},"end":{"line":5,"column":14}}},"fnMap":{"0":{"name":"EmptyState","decl":{"start":{"line":3,"column":16},"end":{"line":3,"column":26}},"loc":{"start":{"line":3,"column":51},"end":{"line":6,"column":1}},"line":3}},"branchMap":{},"s":{"0":0,"1":0},"f":{"0":0},"b":{}}
,"D:\\LUMEN\\Lumen-app\\src\\components\\empty-state\\index.ts": {"path":"D:\\LUMEN\\Lumen-app\\src\\components\\empty-state\\index.ts","statementMap":{},"fnMap":{},"branchMap":{},"s":{},"f":{},"b":{}}
,"D:\\LUMEN\\Lumen-app\\src\\components\\error-state\\Component.tsx": {"path":"D:\\LUMEN\\Lumen-app\\src\\components\\error-state\\Component.tsx","statementMap":{"0":{"start":{"line":4,"column":15},"end":{"line":19,"column":2}},"1":{"start":{"line":22,"column":2},"end":{"line":26,"column":4}}},"fnMap":{"0":{"name":"Component","decl":{"start":{"line":21,"column":16},"end":{"line":21,"column":25}},"loc":{"start":{"line":21,"column":49},"end":{"line":27,"column":1}},"line":21}},"branchMap":{"0":{"loc":{"start":{"line":24,"column":33},"end":{"line":24,"column":73}},"type":"binary-expr","locations":[{"start":{"line":24,"column":33},"end":{"line":24,"column":47}},{"start":{"line":24,"column":51},"end":{"line":24,"column":73}}],"line":24}},"s":{"0":0,"1":0},"f":{"0":0},"b":{"0":[0,0]}}
,"D:\\LUMEN\\Lumen-app\\src\\components\\error-state\\ErrorState.tsx": {"path":"D:\\LUMEN\\Lumen-app\\src\\components\\error-state\\ErrorState.tsx","statementMap":{"0":{"start":{"line":4,"column":2},"end":{"line":4,"column":13}},"1":{"start":{"line":5,"column":2},"end":{"line":5,"column":14}}},"fnMap":{"0":{"name":"ErrorState","decl":{"start":{"line":3,"column":16},"end":{"line":3,"column":26}},"loc":{"start":{"line":3,"column":51},"end":{"line":6,"column":1}},"line":3}},"branchMap":{},"s":{"0":0,"1":0},"f":{"0":0},"b":{}}
,"D:\\LUMEN\\Lumen-app\\src\\components\\error-state\\index.ts": {"path":"D:\\LUMEN\\Lumen-app\\src\\components\\error-state\\index.ts","statementMap":{},"fnMap":{},"branchMap":{},"s":{},"f":{},"b":{}}
,"D:\\LUMEN\\Lumen-app\\src\\components\\inputs\\Component.tsx": {"path":"D:\\LUMEN\\Lumen-app\\src\\components\\inputs\\Component.tsx","statementMap":{"0":{"start":{"line":4,"column":15},"end":{"line":19,"column":2}},"1":{"start":{"line":22,"column":2},"end":{"line":26,"column":4}}},"fnMap":{"0":{"name":"Component","decl":{"start":{"line":21,"column":16},"end":{"line":21,"column":25}},"loc":{"start":{"line":21,"column":49},"end":{"line":27,"column":1}},"line":21}},"branchMap":{"0":{"loc":{"start":{"line":24,"column":7},"end":{"line":24,"column":80}},"type":"cond-expr","locations":[{"start":{"line":24,"column":24},"end":{"line":24,"column":38}},{"start":{"line":24,"column":41},"end":{"line":24,"column":80}}],"line":24}},"s":{"0":0,"1":0},"f":{"0":0},"b":{"0":[0,0]}}
,"D:\\LUMEN\\Lumen-app\\src\\components\\inputs\\Input.tsx": {"path":"D:\\LUMEN\\Lumen-app\\src\\components\\inputs\\Input.tsx","statementMap":{"0":{"start":{"line":4,"column":2},"end":{"line":4,"column":13}},"1":{"start":{"line":5,"column":2},"end":{"line":5,"column":14}}},"fnMap":{"0":{"name":"Input","decl":{"start":{"line":3,"column":16},"end":{"line":3,"column":21}},"loc":{"start":{"line":3,"column":41},"end":{"line":6,"column":1}},"line":3}},"branchMap":{},"s":{"0":0,"1":0},"f":{"0":0},"b":{}}
,"D:\\LUMEN\\Lumen-app\\src\\components\\inputs\\index.ts": {"path":"D:\\LUMEN\\Lumen-app\\src\\components\\inputs\\index.ts","statementMap":{},"fnMap":{},"branchMap":{},"s":{},"f":{},"b":{}}
,"D:\\LUMEN\\Lumen-app\\src\\components\\loaders\\Component.tsx": {"path":"D:\\LUMEN\\Lumen-app\\src\\components\\loaders\\Component.tsx","statementMap":{"0":{"start":{"line":4,"column":15},"end":{"line":10,"column":2}},"1":{"start":{"line":13,"column":2},"end":{"line":17,"column":4}}},"fnMap":{"0":{"name":"Component","decl":{"start":{"line":12,"column":16},"end":{"line":12,"column":25}},"loc":{"start":{"line":12,"column":49},"end":{"line":18,"column":1}},"line":12}},"branchMap":{},"s":{"0":0,"1":0},"f":{"0":0},"b":{}}
,"D:\\LUMEN\\Lumen-app\\src\\components\\loaders\\Loader.tsx": {"path":"D:\\LUMEN\\Lumen-app\\src\\components\\loaders\\Loader.tsx","statementMap":{"0":{"start":{"line":4,"column":2},"end":{"line":4,"column":13}},"1":{"start":{"line":5,"column":2},"end":{"line":5,"column":14}}},"fnMap":{"0":{"name":"Loader","decl":{"start":{"line":3,"column":16},"end":{"line":3,"column":22}},"loc":{"start":{"line":3,"column":43},"end":{"line":6,"column":1}},"line":3}},"branchMap":{},"s":{"0":0,"1":0},"f":{"0":0},"b":{}}
,"D:\\LUMEN\\Lumen-app\\src\\components\\loaders\\index.ts": {"path":"D:\\LUMEN\\Lumen-app\\src\\components\\loaders\\index.ts","statementMap":{},"fnMap":{},"branchMap":{},"s":{},"f":{},"b":{}}
,"D:\\LUMEN\\Lumen-app\\src\\components\\map\\Component.tsx": {"path":"D:\\LUMEN\\Lumen-app\\src\\components\\map\\Component.tsx","statementMap":{"0":{"start":{"line":4,"column":2},"end":{"line":4,"column":13}},"1":{"start":{"line":5,"column":2},"end":{"line":5,"column":14}}},"fnMap":{"0":{"name":"Component","decl":{"start":{"line":3,"column":16},"end":{"line":3,"column":25}},"loc":{"start":{"line":3,"column":49},"end":{"line":6,"column":1}},"line":3}},"branchMap":{},"s":{"0":0,"1":0},"f":{"0":0},"b":{}}
,"D:\\LUMEN\\Lumen-app\\src\\components\\map\\Map.tsx": {"path":"D:\\LUMEN\\Lumen-app\\src\\components\\map\\Map.tsx","statementMap":{"0":{"start":{"line":4,"column":2},"end":{"line":4,"column":13}},"1":{"start":{"line":5,"column":2},"end":{"line":5,"column":14}}},"fnMap":{"0":{"name":"Map","decl":{"start":{"line":3,"column":16},"end":{"line":3,"column":19}},"loc":{"start":{"line":3,"column":37},"end":{"line":6,"column":1}},"line":3}},"branchMap":{},"s":{"0":0,"1":0},"f":{"0":0},"b":{}}
,"D:\\LUMEN\\Lumen-app\\src\\components\\map\\index.ts": {"path":"D:\\LUMEN\\Lumen-app\\src\\components\\map\\index.ts","statementMap":{},"fnMap":{},"branchMap":{},"s":{},"f":{},"b":{}}
,"D:\\LUMEN\\Lumen-app\\src\\components\\notifications\\Component.tsx": {"path":"D:\\LUMEN\\Lumen-app\\src\\components\\notifications\\Component.tsx","statementMap":{"0":{"start":{"line":4,"column":2},"end":{"line":4,"column":13}},"1":{"start":{"line":5,"column":2},"end":{"line":5,"column":14}}},"fnMap":{"0":{"name":"Component","decl":{"start":{"line":3,"column":16},"end":{"line":3,"column":25}},"loc":{"start":{"line":3,"column":49},"end":{"line":6,"column":1}},"line":3}},"branchMap":{},"s":{"0":0,"1":0},"f":{"0":0},"b":{}}
,"D:\\LUMEN\\Lumen-app\\src\\components\\notifications\\Notification.tsx": {"path":"D:\\LUMEN\\Lumen-app\\src\\components\\notifications\\Notification.tsx","statementMap":{"0":{"start":{"line":4,"column":2},"end":{"line":4,"column":13}},"1":{"start":{"line":5,"column":2},"end":{"line":5,"column":14}}},"fnMap":{"0":{"name":"Notification","decl":{"start":{"line":3,"column":16},"end":{"line":3,"column":28}},"loc":{"start":{"line":3,"column":55},"end":{"line":6,"column":1}},"line":3}},"branchMap":{},"s":{"0":0,"1":0},"f":{"0":0},"b":{}}
,"D:\\LUMEN\\Lumen-app\\src\\components\\notifications\\index.ts": {"path":"D:\\LUMEN\\Lumen-app\\src\\components\\notifications\\index.ts","statementMap":{},"fnMap":{},"branchMap":{},"s":{},"f":{},"b":{}}
,"D:\\LUMEN\\Lumen-app\\src\\components\\progress\\Component.tsx": {"path":"D:\\LUMEN\\Lumen-app\\src\\components\\progress\\Component.tsx","statementMap":{"0":{"start":{"line":4,"column":15},"end":{"line":17,"column":2}},"1":{"start":{"line":20,"column":2},"end":{"line":24,"column":4}}},"fnMap":{"0":{"name":"Component","decl":{"start":{"line":19,"column":16},"end":{"line":19,"column":25}},"loc":{"start":{"line":19,"column":49},"end":{"line":25,"column":1}},"line":19}},"branchMap":{},"s":{"0":0,"1":0},"f":{"0":0},"b":{}}
,"D:\\LUMEN\\Lumen-app\\src\\components\\progress\\Progress.tsx": {"path":"D:\\LUMEN\\Lumen-app\\src\\components\\progress\\Progress.tsx","statementMap":{"0":{"start":{"line":4,"column":2},"end":{"line":4,"column":13}},"1":{"start":{"line":5,"column":2},"end":{"line":5,"column":14}}},"fnMap":{"0":{"name":"Progress","decl":{"start":{"line":3,"column":16},"end":{"line":3,"column":24}},"loc":{"start":{"line":3,"column":47},"end":{"line":6,"column":1}},"line":3}},"branchMap":{},"s":{"0":0,"1":0},"f":{"0":0},"b":{}}
,"D:\\LUMEN\\Lumen-app\\src\\components\\progress\\index.ts": {"path":"D:\\LUMEN\\Lumen-app\\src\\components\\progress\\index.ts","statementMap":{},"fnMap":{},"branchMap":{},"s":{},"f":{},"b":{}}
,"D:\\LUMEN\\Lumen-app\\src\\components\\shimmer\\Component.tsx": {"path":"D:\\LUMEN\\Lumen-app\\src\\components\\shimmer\\Component.tsx","statementMap":{"0":{"start":{"line":4,"column":2},"end":{"line":4,"column":13}},"1":{"start":{"line":5,"column":2},"end":{"line":5,"column":14}}},"fnMap":{"0":{"name":"Component","decl":{"start":{"line":3,"column":16},"end":{"line":3,"column":25}},"loc":{"start":{"line":3,"column":49},"end":{"line":6,"column":1}},"line":3}},"branchMap":{},"s":{"0":0,"1":0},"f":{"0":0},"b":{}}
,"D:\\LUMEN\\Lumen-app\\src\\components\\shimmer\\Shimmer.tsx": {"path":"D:\\LUMEN\\Lumen-app\\src\\components\\shimmer\\Shimmer.tsx","statementMap":{"0":{"start":{"line":4,"column":2},"end":{"line":4,"column":13}},"1":{"start":{"line":5,"column":2},"end":{"line":5,"column":14}}},"fnMap":{"0":{"name":"Shimmer","decl":{"start":{"line":3,"column":16},"end":{"line":3,"column":23}},"loc":{"start":{"line":3,"column":45},"end":{"line":6,"column":1}},"line":3}},"branchMap":{},"s":{"0":0,"1":0},"f":{"0":0},"b":{}}
,"D:\\LUMEN\\Lumen-app\\src\\components\\shimmer\\index.ts": {"path":"D:\\LUMEN\\Lumen-app\\src\\components\\shimmer\\index.ts","statementMap":{},"fnMap":{},"branchMap":{},"s":{},"f":{},"b":{}}
,"D:\\LUMEN\\Lumen-app\\src\\components\\skeleton\\Component.tsx": {"path":"D:\\LUMEN\\Lumen-app\\src\\components\\skeleton\\Component.tsx","statementMap":{"0":{"start":{"line":4,"column":2},"end":{"line":4,"column":13}},"1":{"start":{"line":5,"column":2},"end":{"line":5,"column":14}}},"fnMap":{"0":{"name":"Component","decl":{"start":{"line":3,"column":16},"end":{"line":3,"column":25}},"loc":{"start":{"line":3,"column":49},"end":{"line":6,"column":1}},"line":3}},"branchMap":{},"s":{"0":0,"1":0},"f":{"0":0},"b":{}}
,"D:\\LUMEN\\Lumen-app\\src\\components\\skeleton\\Skeleton.tsx": {"path":"D:\\LUMEN\\Lumen-app\\src\\components\\skeleton\\Skeleton.tsx","statementMap":{"0":{"start":{"line":4,"column":2},"end":{"line":4,"column":13}},"1":{"start":{"line":5,"column":2},"end":{"line":5,"column":14}}},"fnMap":{"0":{"name":"Skeleton","decl":{"start":{"line":3,"column":16},"end":{"line":3,"column":24}},"loc":{"start":{"line":3,"column":47},"end":{"line":6,"column":1}},"line":3}},"branchMap":{},"s":{"0":0,"1":0},"f":{"0":0},"b":{}}
,"D:\\LUMEN\\Lumen-app\\src\\components\\skeleton\\index.ts": {"path":"D:\\LUMEN\\Lumen-app\\src\\components\\skeleton\\index.ts","statementMap":{},"fnMap":{},"branchMap":{},"s":{},"f":{},"b":{}}
,"D:\\LUMEN\\Lumen-app\\src\\components\\timeline\\Component.tsx": {"path":"D:\\LUMEN\\Lumen-app\\src\\components\\timeline\\Component.tsx","statementMap":{"0":{"start":{"line":4,"column":2},"end":{"line":4,"column":13}},"1":{"start":{"line":5,"column":2},"end":{"line":5,"column":14}}},"fnMap":{"0":{"name":"Component","decl":{"start":{"line":3,"column":16},"end":{"line":3,"column":25}},"loc":{"start":{"line":3,"column":49},"end":{"line":6,"column":1}},"line":3}},"branchMap":{},"s":{"0":0,"1":0},"f":{"0":0},"b":{}}
,"D:\\LUMEN\\Lumen-app\\src\\components\\timeline\\Timeline.tsx": {"path":"D:\\LUMEN\\Lumen-app\\src\\components\\timeline\\Timeline.tsx","statementMap":{"0":{"start":{"line":4,"column":2},"end":{"line":4,"column":13}},"1":{"start":{"line":5,"column":2},"end":{"line":5,"column":14}}},"fnMap":{"0":{"name":"Timeline","decl":{"start":{"line":3,"column":16},"end":{"line":3,"column":24}},"loc":{"start":{"line":3,"column":47},"end":{"line":6,"column":1}},"line":3}},"branchMap":{},"s":{"0":0,"1":0},"f":{"0":0},"b":{}}
,"D:\\LUMEN\\Lumen-app\\src\\components\\timeline\\index.ts": {"path":"D:\\LUMEN\\Lumen-app\\src\\components\\timeline\\index.ts","statementMap":{},"fnMap":{},"branchMap":{},"s":{},"f":{},"b":{}}
,"D:\\LUMEN\\Lumen-app\\src\\components\\toast\\Component.tsx": {"path":"D:\\LUMEN\\Lumen-app\\src\\components\\toast\\Component.tsx","statementMap":{"0":{"start":{"line":4,"column":15},"end":{"line":20,"column":2}},"1":{"start":{"line":23,"column":2},"end":{"line":27,"column":4}}},"fnMap":{"0":{"name":"Component","decl":{"start":{"line":22,"column":16},"end":{"line":22,"column":25}},"loc":{"start":{"line":22,"column":49},"end":{"line":28,"column":1}},"line":22}},"branchMap":{"0":{"loc":{"start":{"line":25,"column":33},"end":{"line":25,"column":58}},"type":"binary-expr","locations":[{"start":{"line":25,"column":33},"end":{"line":25,"column":47}},{"start":{"line":25,"column":51},"end":{"line":25,"column":58}}],"line":25}},"s":{"0":0,"1":0},"f":{"0":0},"b":{"0":[0,0]}}
,"D:\\LUMEN\\Lumen-app\\src\\components\\toast\\Toast.tsx": {"path":"D:\\LUMEN\\Lumen-app\\src\\components\\toast\\Toast.tsx","statementMap":{"0":{"start":{"line":4,"column":2},"end":{"line":4,"column":13}},"1":{"start":{"line":5,"column":2},"end":{"line":5,"column":14}}},"fnMap":{"0":{"name":"Toast","decl":{"start":{"line":3,"column":16},"end":{"line":3,"column":21}},"loc":{"start":{"line":3,"column":41},"end":{"line":6,"column":1}},"line":3}},"branchMap":{},"s":{"0":0,"1":0},"f":{"0":0},"b":{}}
,"D:\\LUMEN\\Lumen-app\\src\\components\\toast\\index.ts": {"path":"D:\\LUMEN\\Lumen-app\\src\\components\\toast\\index.ts","statementMap":{},"fnMap":{},"branchMap":{},"s":{},"f":{},"b":{}}
,"D:\\LUMEN\\Lumen-app\\src\\components\\typography\\Component.tsx": {"path":"D:\\LUMEN\\Lumen-app\\src\\components\\typography\\Component.tsx","statementMap":{"0":{"start":{"line":4,"column":15},"end":{"line":10,"column":2}},"1":{"start":{"line":13,"column":2},"end":{"line":17,"column":4}}},"fnMap":{"0":{"name":"Component","decl":{"start":{"line":12,"column":16},"end":{"line":12,"column":25}},"loc":{"start":{"line":12,"column":49},"end":{"line":18,"column":1}},"line":12}},"branchMap":{},"s":{"0":0,"1":0},"f":{"0":0},"b":{}}
,"D:\\LUMEN\\Lumen-app\\src\\components\\typography\\Typography.tsx": {"path":"D:\\LUMEN\\Lumen-app\\src\\components\\typography\\Typography.tsx","statementMap":{"0":{"start":{"line":4,"column":2},"end":{"line":4,"column":13}},"1":{"start":{"line":5,"column":2},"end":{"line":5,"column":14}}},"fnMap":{"0":{"name":"Typography","decl":{"start":{"line":3,"column":16},"end":{"line":3,"column":26}},"loc":{"start":{"line":3,"column":51},"end":{"line":6,"column":1}},"line":3}},"branchMap":{},"s":{"0":0,"1":0},"f":{"0":0},"b":{}}
,"D:\\LUMEN\\Lumen-app\\src\\components\\typography\\index.ts": {"path":"D:\\LUMEN\\Lumen-app\\src\\components\\typography\\index.ts","statementMap":{},"fnMap":{},"branchMap":{},"s":{},"f":{},"b":{}}
,"D:\\LUMEN\\Lumen-app\\src\\components\\ui\\Component.tsx": {"path":"D:\\LUMEN\\Lumen-app\\src\\components\\ui\\Component.tsx","statementMap":{"0":{"start":{"line":7,"column":15},"end":{"line":7,"column":52}},"1":{"start":{"line":8,"column":21},"end":{"line":8,"column":59}},"2":{"start":{"line":10,"column":2},"end":{"line":23,"column":25}},"3":{"start":{"line":11,"column":4},"end":{"line":22,"column":15}},"4":{"start":{"line":25,"column":2},"end":{"line":84,"column":4}},"5":{"start":{"line":59,"column":42},"end":{"line":62,"column":19}},"6":{"start":{"line":71,"column":42},"end":{"line":74,"column":19}}},"fnMap":{"0":{"name":"Component","decl":{"start":{"line":6,"column":16},"end":{"line":6,"column":25}},"loc":{"start":{"line":6,"column":49},"end":{"line":85,"column":1}},"line":6},"1":{"name":"(anonymous_1)","decl":{"start":{"line":10,"column":12},"end":{"line":10,"column":13}},"loc":{"start":{"line":10,"column":18},"end":{"line":23,"column":3}},"line":10},"2":{"name":"(anonymous_2)","decl":{"start":{"line":59,"column":25},"end":{"line":59,"column":26}},"loc":{"start":{"line":59,"column":42},"end":{"line":62,"column":19}},"line":59},"3":{"name":"(anonymous_3)","decl":{"start":{"line":71,"column":25},"end":{"line":71,"column":26}},"loc":{"start":{"line":71,"column":42},"end":{"line":74,"column":19}},"line":71}},"branchMap":{"0":{"loc":{"start":{"line":40,"column":11},"end":{"line":44,"column":18}},"type":"cond-expr","locations":[{"start":{"line":41,"column":12},"end":{"line":43,"column":19}},{"start":{"line":44,"column":14},"end":{"line":44,"column":18}}],"line":40},"1":{"loc":{"start":{"line":46,"column":11},"end":{"line":46,"column":88}},"type":"cond-expr","locations":[{"start":{"line":46,"column":28},"end":{"line":46,"column":81}},{"start":{"line":46,"column":84},"end":{"line":46,"column":88}}],"line":46},"2":{"loc":{"start":{"line":51,"column":11},"end":{"line":51,"column":94}},"type":"cond-expr","locations":[{"start":{"line":51,"column":31},"end":{"line":51,"column":87}},{"start":{"line":51,"column":90},"end":{"line":51,"column":94}}],"line":51},"3":{"loc":{"start":{"line":53,"column":11},"end":{"line":80,"column":18}},"type":"cond-expr","locations":[{"start":{"line":54,"column":12},"end":{"line":79,"column":19}},{"start":{"line":80,"column":14},"end":{"line":80,"column":18}}],"line":53},"4":{"loc":{"start":{"line":53,"column":11},"end":{"line":53,"column":65}},"type":"binary-expr","locations":[{"start":{"line":53,"column":11},"end":{"line":53,"column":35}},{"start":{"line":53,"column":39},"end":{"line":53,"column":65}}],"line":53},"5":{"loc":{"start":{"line":55,"column":15},"end":{"line":66,"column":22}},"type":"cond-expr","locations":[{"start":{"line":56,"column":16},"end":{"line":65,"column":28}},{"start":{"line":66,"column":18},"end":{"line":66,"column":22}}],"line":55},"6":{"loc":{"start":{"line":61,"column":20},"end":{"line":61,"column":84}},"type":"cond-expr","locations":[{"start":{"line":61,"column":30},"end":{"line":61,"column":77}},{"start":{"line":61,"column":80},"end":{"line":61,"column":84}}],"line":61},"7":{"loc":{"start":{"line":67,"column":15},"end":{"line":78,"column":22}},"type":"cond-expr","locations":[{"start":{"line":68,"column":16},"end":{"line":77,"column":28}},{"start":{"line":78,"column":18},"end":{"line":78,"column":22}}],"line":67},"8":{"loc":{"start":{"line":73,"column":20},"end":{"line":73,"column":53}},"type":"cond-expr","locations":[{"start":{"line":73,"column":30},"end":{"line":73,"column":46}},{"start":{"line":73,"column":49},"end":{"line":73,"column":53}}],"line":73}},"s":{"0":2,"1":2,"2":2,"3":2,"4":2,"5":1,"6":1},"f":{"0":2,"1":2,"2":1,"3":1},"b":{"0":[1,1],"1":[1,1],"2":[1,1],"3":[1,1],"4":[2,1],"5":[1,0],"6":[0,1],"7":[1,0],"8":[0,1]},"_coverageSchema":"1a1c01bbd47fc00a2c39e90264f33305004495a9","hash":"9e4f924f723fa46e68bf57f7066a607f8016eb86"}
,"D:\\LUMEN\\Lumen-app\\src\\components\\ui\\UI.tsx": {"path":"D:\\LUMEN\\Lumen-app\\src\\components\\ui\\UI.tsx","statementMap":{"0":{"start":{"line":4,"column":2},"end":{"line":4,"column":13}},"1":{"start":{"line":5,"column":2},"end":{"line":5,"column":14}}},"fnMap":{"0":{"name":"UI","decl":{"start":{"line":3,"column":16},"end":{"line":3,"column":18}},"loc":{"start":{"line":3,"column":35},"end":{"line":6,"column":1}},"line":3}},"branchMap":{},"s":{"0":0,"1":0},"f":{"0":0},"b":{}}
,"D:\\LUMEN\\Lumen-app\\src\\components\\ui\\index.ts": {"path":"D:\\LUMEN\\Lumen-app\\src\\components\\ui\\index.ts","statementMap":{},"fnMap":{},"branchMap":{},"s":{},"f":{},"b":{}}
,"D:\\LUMEN\\Lumen-app\\src\\config\\app.ts": {"path":"D:\\LUMEN\\Lumen-app\\src\\config\\app.ts","statementMap":{"0":{"start":{"line":3,"column":25},"end":{"line":3,"column":34}}},"fnMap":{},"branchMap":{},"s":{"0":0},"f":{},"b":{}}
,"D:\\LUMEN\\Lumen-app\\src\\config\\env.ts": {"path":"D:\\LUMEN\\Lumen-app\\src\\config\\env.ts","statementMap":{"0":{"start":{"line":1,"column":19},"end":{"line":4,"column":10}}},"fnMap":{},"branchMap":{"0":{"loc":{"start":{"line":2,"column":10},"end":{"line":2,"column":76}},"type":"binary-expr","locations":[{"start":{"line":2,"column":10},"end":{"line":2,"column":41}},{"start":{"line":2,"column":45},"end":{"line":2,"column":76}}],"line":2},"1":{"loc":{"start":{"line":3,"column":13},"end":{"line":3,"column":80}},"type":"binary-expr","locations":[{"start":{"line":3,"column":13},"end":{"line":3,"column":47}},{"start":{"line":3,"column":51},"end":{"line":3,"column":80}}],"line":3}},"s":{"0":0},"f":{},"b":{"0":[0,0],"1":[0,0]}}
,"D:\\LUMEN\\Lumen-app\\src\\config\\index.ts": {"path":"D:\\LUMEN\\Lumen-app\\src\\config\\index.ts","statementMap":{},"fnMap":{},"branchMap":{},"s":{},"f":{},"b":{}}
,"D:\\LUMEN\\Lumen-app\\src\\constants\\Colors.ts": {"path":"D:\\LUMEN\\Lumen-app\\src\\constants\\Colors.ts","statementMap":{"0":{"start":{"line":1,"column":23},"end":{"line":11,"column":10}}},"fnMap":{},"branchMap":{},"s":{"0":0},"f":{},"b":{}}
,"D:\\LUMEN\\Lumen-app\\src\\constants\\Config.ts": {"path":"D:\\LUMEN\\Lumen-app\\src\\constants\\Config.ts","statementMap":{"0":{"start":{"line":1,"column":26},"end":{"line":5,"column":10}}},"fnMap":{},"branchMap":{},"s":{"0":0},"f":{},"b":{}}
,"D:\\LUMEN\\Lumen-app\\src\\constants\\Endpoints.ts": {"path":"D:\\LUMEN\\Lumen-app\\src\\constants\\Endpoints.ts","statementMap":{"0":{"start":{"line":1,"column":26},"end":{"line":7,"column":10}}},"fnMap":{},"branchMap":{},"s":{"0":0},"f":{},"b":{}}
,"D:\\LUMEN\\Lumen-app\\src\\constants\\Permission.ts": {"path":"D:\\LUMEN\\Lumen-app\\src\\constants\\Permission.ts","statementMap":{"0":{"start":{"line":1,"column":28},"end":{"line":5,"column":10}}},"fnMap":{},"branchMap":{},"s":{"0":0},"f":{},"b":{}}
,"D:\\LUMEN\\Lumen-app\\src\\constants\\Roles.ts": {"path":"D:\\LUMEN\\Lumen-app\\src\\constants\\Roles.ts","statementMap":{"0":{"start":{"line":1,"column":22},"end":{"line":5,"column":10}}},"fnMap":{},"branchMap":{},"s":{"0":0},"f":{},"b":{}}
,"D:\\LUMEN\\Lumen-app\\src\\constants\\Routes.ts": {"path":"D:\\LUMEN\\Lumen-app\\src\\constants\\Routes.ts","statementMap":{"0":{"start":{"line":1,"column":23},"end":{"line":6,"column":10}}},"fnMap":{},"branchMap":{},"s":{"0":0},"f":{},"b":{}}
,"D:\\LUMEN\\Lumen-app\\src\\constants\\index.ts": {"path":"D:\\LUMEN\\Lumen-app\\src\\constants\\index.ts","statementMap":{},"fnMap":{},"branchMap":{},"s":{},"f":{},"b":{}}
,"D:\\LUMEN\\Lumen-app\\src\\core\\index.ts": {"path":"D:\\LUMEN\\Lumen-app\\src\\core\\index.ts","statementMap":{},"fnMap":{},"branchMap":{},"s":{},"f":{},"b":{}}
,"D:\\LUMEN\\Lumen-app\\src\\core\\application\\Repository.ts": {"path":"D:\\LUMEN\\Lumen-app\\src\\core\\application\\Repository.ts","statementMap":{},"fnMap":{},"branchMap":{},"s":{},"f":{},"b":{}}
,"D:\\LUMEN\\Lumen-app\\src\\core\\application\\UseCase.ts": {"path":"D:\\LUMEN\\Lumen-app\\src\\core\\application\\UseCase.ts","statementMap":{},"fnMap":{},"branchMap":{},"s":{},"f":{},"b":{}}
,"D:\\LUMEN\\Lumen-app\\src\\core\\domain\\DomainError.ts": {"path":"D:\\LUMEN\\Lumen-app\\src\\core\\domain\\DomainError.ts","statementMap":{"0":{"start":{"line":3,"column":4},"end":{"line":3,"column":19}},"1":{"start":{"line":4,"column":4},"end":{"line":4,"column":30}}},"fnMap":{"0":{"name":"(anonymous_0)","decl":{"start":{"line":2,"column":2},"end":{"line":2,"column":3}},"loc":{"start":{"line":2,"column":31},"end":{"line":5,"column":3}},"line":2}},"branchMap":{},"s":{"0":0,"1":0},"f":{"0":0},"b":{}}
,"D:\\LUMEN\\Lumen-app\\src\\core\\domain\\Entity.ts": {"path":"D:\\LUMEN\\Lumen-app\\src\\core\\domain\\Entity.ts","statementMap":{},"fnMap":{},"branchMap":{},"s":{},"f":{},"b":{}}
,"D:\\LUMEN\\Lumen-app\\src\\core\\domain\\Result.ts": {"path":"D:\\LUMEN\\Lumen-app\\src\\core\\domain\\Result.ts","statementMap":{},"fnMap":{},"branchMap":{},"s":{},"f":{},"b":{}}
,"D:\\LUMEN\\Lumen-app\\src\\core\\domain\\ValueObject.ts": {"path":"D:\\LUMEN\\Lumen-app\\src\\core\\domain\\ValueObject.ts","statementMap":{},"fnMap":{},"branchMap":{},"s":{},"f":{},"b":{}}
,"D:\\LUMEN\\Lumen-app\\src\\core\\infrastructure\\index.ts": {"path":"D:\\LUMEN\\Lumen-app\\src\\core\\infrastructure\\index.ts","statementMap":{},"fnMap":{},"branchMap":{},"s":{},"f":{},"b":{}}
,"D:\\LUMEN\\Lumen-app\\src\\core\\presentation\\index.ts": {"path":"D:\\LUMEN\\Lumen-app\\src\\core\\presentation\\index.ts","statementMap":{},"fnMap":{},"branchMap":{},"s":{},"f":{},"b":{}}
,"D:\\LUMEN\\Lumen-app\\src\\features\\ai\\index.ts": {"path":"D:\\LUMEN\\Lumen-app\\src\\features\\ai\\index.ts","statementMap":{},"fnMap":{},"branchMap":{},"s":{},"f":{},"b":{}}
,"D:\\LUMEN\\Lumen-app\\src\\features\\ai\\api\\index.ts": {"path":"D:\\LUMEN\\Lumen-app\\src\\features\\ai\\api\\index.ts","statementMap":{"0":{"start":{"line":1,"column":22},"end":{"line":5,"column":10}},"1":{"start":{"line":6,"column":27},"end":{"line":8,"column":10}}},"fnMap":{},"branchMap":{},"s":{"0":0,"1":0},"f":{},"b":{}}
,"D:\\LUMEN\\Lumen-app\\src\\features\\ai\\application\\index.ts": {"path":"D:\\LUMEN\\Lumen-app\\src\\features\\ai\\application\\index.ts","statementMap":{"0":{"start":{"line":12,"column":35},"end":{"line":14,"column":10}}},"fnMap":{},"branchMap":{},"s":{"0":0},"f":{},"b":{}}
,"D:\\LUMEN\\Lumen-app\\src\\features\\ai\\components\\Component.tsx": {"path":"D:\\LUMEN\\Lumen-app\\src\\features\\ai\\components\\Component.tsx","statementMap":{"0":{"start":{"line":4,"column":2},"end":{"line":4,"column":13}},"1":{"start":{"line":5,"column":2},"end":{"line":5,"column":14}}},"fnMap":{"0":{"name":"Component","decl":{"start":{"line":3,"column":16},"end":{"line":3,"column":25}},"loc":{"start":{"line":3,"column":49},"end":{"line":6,"column":1}},"line":3}},"branchMap":{},"s":{"0":0,"1":0},"f":{"0":0},"b":{}}
,"D:\\LUMEN\\Lumen-app\\src\\features\\ai\\components\\index.ts": {"path":"D:\\LUMEN\\Lumen-app\\src\\features\\ai\\components\\index.ts","statementMap":{"0":{"start":{"line":5,"column":34},"end":{"line":7,"column":10}}},"fnMap":{},"branchMap":{},"s":{"0":0},"f":{},"b":{}}
,"D:\\LUMEN\\Lumen-app\\src\\features\\ai\\constants\\index.ts": {"path":"D:\\LUMEN\\Lumen-app\\src\\features\\ai\\constants\\index.ts","statementMap":{"0":{"start":{"line":1,"column":28},"end":{"line":11,"column":10}},"1":{"start":{"line":12,"column":33},"end":{"line":14,"column":10}}},"fnMap":{},"branchMap":{},"s":{"0":0,"1":0},"f":{},"b":{}}
,"D:\\LUMEN\\Lumen-app\\src\\features\\ai\\domain\\index.ts": {"path":"D:\\LUMEN\\Lumen-app\\src\\features\\ai\\domain\\index.ts","statementMap":{"0":{"start":{"line":16,"column":30},"end":{"line":18,"column":10}}},"fnMap":{},"branchMap":{},"s":{"0":0},"f":{},"b":{}}
,"D:\\LUMEN\\Lumen-app\\src\\features\\ai\\hooks\\index.ts": {"path":"D:\\LUMEN\\Lumen-app\\src\\features\\ai\\hooks\\index.ts","statementMap":{"0":{"start":{"line":7,"column":2},"end":{"line":10,"column":13}},"1":{"start":{"line":18,"column":2},"end":{"line":20,"column":13}},"2":{"start":{"line":22,"column":29},"end":{"line":24,"column":10}}},"fnMap":{"0":{"name":"useAiInsights","decl":{"start":{"line":6,"column":16},"end":{"line":6,"column":29}},"loc":{"start":{"line":6,"column":53},"end":{"line":11,"column":1}},"line":6},"1":{"name":"useAiAssistant","decl":{"start":{"line":17,"column":16},"end":{"line":17,"column":30}},"loc":{"start":{"line":17,"column":55},"end":{"line":21,"column":1}},"line":17}},"branchMap":{},"s":{"0":0,"1":0,"2":0},"f":{"0":0,"1":0},"b":{}}
,"D:\\LUMEN\\Lumen-app\\src\\features\\ai\\infrastructure\\index.ts": {"path":"D:\\LUMEN\\Lumen-app\\src\\features\\ai\\infrastructure\\index.ts","statementMap":{"0":{"start":{"line":6,"column":46},"end":{"line":13,"column":1}},"1":{"start":{"line":8,"column":4},"end":{"line":8,"column":16}},"2":{"start":{"line":11,"column":4},"end":{"line":11,"column":21}},"3":{"start":{"line":14,"column":38},"end":{"line":16,"column":10}}},"fnMap":{"0":{"name":"(anonymous_0)","decl":{"start":{"line":7,"column":2},"end":{"line":7,"column":3}},"loc":{"start":{"line":7,"column":27},"end":{"line":9,"column":3}},"line":7},"1":{"name":"(anonymous_1)","decl":{"start":{"line":10,"column":2},"end":{"line":10,"column":3}},"loc":{"start":{"line":10,"column":27},"end":{"line":12,"column":3}},"line":10}},"branchMap":{},"s":{"0":0,"1":0,"2":0,"3":0},"f":{"0":0,"1":0},"b":{}}
,"D:\\LUMEN\\Lumen-app\\src\\features\\ai\\presentation\\index.ts": {"path":"D:\\LUMEN\\Lumen-app\\src\\features\\ai\\presentation\\index.ts","statementMap":{"0":{"start":{"line":2,"column":36},"end":{"line":4,"column":10}}},"fnMap":{},"branchMap":{},"s":{"0":0},"f":{},"b":{}}
,"D:\\LUMEN\\Lumen-app\\src\\features\\ai\\screens\\AiPlaceholderScreen.tsx": {"path":"D:\\LUMEN\\Lumen-app\\src\\features\\ai\\screens\\AiPlaceholderScreen.tsx","statementMap":{"0":{"start":{"line":2,"column":2},"end":{"line":2,"column":14}}},"fnMap":{"0":{"name":"AiPlaceholderScreen","decl":{"start":{"line":1,"column":24},"end":{"line":1,"column":43}},"loc":{"start":{"line":1,"column":46},"end":{"line":3,"column":1}},"line":1}},"branchMap":{},"s":{"0":0},"f":{"0":0},"b":{}}
,"D:\\LUMEN\\Lumen-app\\src\\features\\ai\\screens\\AiScreen.tsx": {"path":"D:\\LUMEN\\Lumen-app\\src\\features\\ai\\screens\\AiScreen.tsx","statementMap":{"0":{"start":{"line":4,"column":2},"end":{"line":13,"column":4}}},"fnMap":{"0":{"name":"AiScreen","decl":{"start":{"line":3,"column":24},"end":{"line":3,"column":32}},"loc":{"start":{"line":3,"column":35},"end":{"line":14,"column":1}},"line":3}},"branchMap":{},"s":{"0":0},"f":{"0":0},"b":{}}
,"D:\\LUMEN\\Lumen-app\\src\\features\\ai\\screens\\index.ts": {"path":"D:\\LUMEN\\Lumen-app\\src\\features\\ai\\screens\\index.ts","statementMap":{},"fnMap":{},"branchMap":{},"s":{},"f":{},"b":{}}
,"D:\\LUMEN\\Lumen-app\\src\\features\\ai\\services\\index.ts": {"path":"D:\\LUMEN\\Lumen-app\\src\\features\\ai\\services\\index.ts","statementMap":{"0":{"start":{"line":14,"column":42},"end":{"line":24,"column":1}},"1":{"start":{"line":16,"column":4},"end":{"line":16,"column":14}},"2":{"start":{"line":19,"column":4},"end":{"line":19,"column":34}},"3":{"start":{"line":22,"column":4},"end":{"line":22,"column":14}},"4":{"start":{"line":25,"column":32},"end":{"line":27,"column":10}}},"fnMap":{"0":{"name":"(anonymous_0)","decl":{"start":{"line":15,"column":2},"end":{"line":15,"column":3}},"loc":{"start":{"line":15,"column":27},"end":{"line":17,"column":3}},"line":15},"1":{"name":"(anonymous_1)","decl":{"start":{"line":18,"column":2},"end":{"line":18,"column":3}},"loc":{"start":{"line":18,"column":23},"end":{"line":20,"column":3}},"line":18},"2":{"name":"(anonymous_2)","decl":{"start":{"line":21,"column":2},"end":{"line":21,"column":3}},"loc":{"start":{"line":21,"column":26},"end":{"line":23,"column":3}},"line":21}},"branchMap":{},"s":{"0":0,"1":0,"2":0,"3":0,"4":0},"f":{"0":0,"1":0,"2":0},"b":{}}
,"D:\\LUMEN\\Lumen-app\\src\\features\\ai\\store\\index.ts": {"path":"D:\\LUMEN\\Lumen-app\\src\\features\\ai\\store\\index.ts","statementMap":{"0":{"start":{"line":7,"column":37},"end":{"line":11,"column":1}},"1":{"start":{"line":12,"column":29},"end":{"line":14,"column":10}}},"fnMap":{},"branchMap":{},"s":{"0":0,"1":0},"f":{},"b":{}}
,"D:\\LUMEN\\Lumen-app\\src\\features\\ai\\types\\index.ts": {"path":"D:\\LUMEN\\Lumen-app\\src\\features\\ai\\types\\index.ts","statementMap":{"0":{"start":{"line":8,"column":29},"end":{"line":10,"column":10}}},"fnMap":{},"branchMap":{},"s":{"0":0},"f":{},"b":{}}
,"D:\\LUMEN\\Lumen-app\\src\\features\\ai\\utils\\index.ts": {"path":"D:\\LUMEN\\Lumen-app\\src\\features\\ai\\utils\\index.ts","statementMap":{"0":{"start":{"line":2,"column":2},"end":{"line":2,"column":22}},"1":{"start":{"line":4,"column":29},"end":{"line":6,"column":10}}},"fnMap":{"0":{"name":"normalizeAiPrompt","decl":{"start":{"line":1,"column":17},"end":{"line":1,"column":34}},"loc":{"start":{"line":1,"column":58},"end":{"line":3,"column":1}},"line":1}},"branchMap":{},"s":{"0":0,"1":0},"f":{"0":0},"b":{}}
,"D:\\LUMEN\\Lumen-app\\src\\features\\ai\\validation\\index.ts": {"path":"D:\\LUMEN\\Lumen-app\\src\\features\\ai\\validation\\index.ts","statementMap":{"0":{"start":{"line":4,"column":2},"end":{"line":4,"column":34}},"1":{"start":{"line":8,"column":2},"end":{"line":8,"column":35}},"2":{"start":{"line":10,"column":34},"end":{"line":12,"column":10}}},"fnMap":{"0":{"name":"isValidAiPrompt","decl":{"start":{"line":3,"column":16},"end":{"line":3,"column":31}},"loc":{"start":{"line":3,"column":69},"end":{"line":5,"column":1}},"line":3},"1":{"name":"isValidAiInsightQuery","decl":{"start":{"line":7,"column":16},"end":{"line":7,"column":37}},"loc":{"start":{"line":7,"column":77},"end":{"line":9,"column":1}},"line":7}},"branchMap":{},"s":{"0":0,"1":0,"2":0},"f":{"0":0,"1":0},"b":{}}
,"D:\\LUMEN\\Lumen-app\\src\\features\\analytics\\index.ts": {"path":"D:\\LUMEN\\Lumen-app\\src\\features\\analytics\\index.ts","statementMap":{"0":{"start":{"line":1,"column":32},"end":{"line":3,"column":10}}},"fnMap":{},"branchMap":{},"s":{"0":0},"f":{},"b":{}}
,"D:\\LUMEN\\Lumen-app\\src\\features\\analytics\\api\\index.ts": {"path":"D:\\LUMEN\\Lumen-app\\src\\features\\analytics\\api\\index.ts","statementMap":{"0":{"start":{"line":1,"column":35},"end":{"line":3,"column":10}}},"fnMap":{},"branchMap":{},"s":{"0":0},"f":{},"b":{}}
,"D:\\LUMEN\\Lumen-app\\src\\features\\analytics\\application\\index.ts": {"path":"D:\\LUMEN\\Lumen-app\\src\\features\\analytics\\application\\index.ts","statementMap":{"0":{"start":{"line":1,"column":43},"end":{"line":3,"column":10}}},"fnMap":{},"branchMap":{},"s":{"0":0},"f":{},"b":{}}
,"D:\\LUMEN\\Lumen-app\\src\\features\\analytics\\components\\index.ts": {"path":"D:\\LUMEN\\Lumen-app\\src\\features\\analytics\\components\\index.ts","statementMap":{"0":{"start":{"line":1,"column":42},"end":{"line":3,"column":10}}},"fnMap":{},"branchMap":{},"s":{"0":0},"f":{},"b":{}}
,"D:\\LUMEN\\Lumen-app\\src\\features\\analytics\\constants\\index.ts": {"path":"D:\\LUMEN\\Lumen-app\\src\\features\\analytics\\constants\\index.ts","statementMap":{"0":{"start":{"line":1,"column":41},"end":{"line":3,"column":10}}},"fnMap":{},"branchMap":{},"s":{"0":0},"f":{},"b":{}}
,"D:\\LUMEN\\Lumen-app\\src\\features\\analytics\\domain\\index.ts": {"path":"D:\\LUMEN\\Lumen-app\\src\\features\\analytics\\domain\\index.ts","statementMap":{"0":{"start":{"line":1,"column":38},"end":{"line":3,"column":10}}},"fnMap":{},"branchMap":{},"s":{"0":0},"f":{},"b":{}}
,"D:\\LUMEN\\Lumen-app\\src\\features\\analytics\\hooks\\index.ts": {"path":"D:\\LUMEN\\Lumen-app\\src\\features\\analytics\\hooks\\index.ts","statementMap":{"0":{"start":{"line":1,"column":37},"end":{"line":3,"column":10}}},"fnMap":{},"branchMap":{},"s":{"0":0},"f":{},"b":{}}
,"D:\\LUMEN\\Lumen-app\\src\\features\\analytics\\infrastructure\\index.ts": {"path":"D:\\LUMEN\\Lumen-app\\src\\features\\analytics\\infrastructure\\index.ts","statementMap":{"0":{"start":{"line":1,"column":46},"end":{"line":3,"column":10}}},"fnMap":{},"branchMap":{},"s":{"0":0},"f":{},"b":{}}
,"D:\\LUMEN\\Lumen-app\\src\\features\\analytics\\presentation\\index.ts": {"path":"D:\\LUMEN\\Lumen-app\\src\\features\\analytics\\presentation\\index.ts","statementMap":{"0":{"start":{"line":1,"column":44},"end":{"line":3,"column":10}}},"fnMap":{},"branchMap":{},"s":{"0":0},"f":{},"b":{}}
,"D:\\LUMEN\\Lumen-app\\src\\features\\analytics\\screens\\AnalyticsScreen.tsx": {"path":"D:\\LUMEN\\Lumen-app\\src\\features\\analytics\\screens\\AnalyticsScreen.tsx","statementMap":{"0":{"start":{"line":2,"column":2},"end":{"line":2,"column":14}}},"fnMap":{"0":{"name":"AnalyticsScreen","decl":{"start":{"line":1,"column":25},"end":{"line":1,"column":40}},"loc":{"start":{"line":1,"column":43},"end":{"line":3,"column":1}},"line":1}},"branchMap":{},"s":{"0":0},"f":{"0":0},"b":{}}
,"D:\\LUMEN\\Lumen-app\\src\\features\\analytics\\screens\\index.ts": {"path":"D:\\LUMEN\\Lumen-app\\src\\features\\analytics\\screens\\index.ts","statementMap":{"0":{"start":{"line":1,"column":39},"end":{"line":3,"column":10}}},"fnMap":{},"branchMap":{},"s":{"0":0},"f":{},"b":{}}
,"D:\\LUMEN\\Lumen-app\\src\\features\\analytics\\services\\index.ts": {"path":"D:\\LUMEN\\Lumen-app\\src\\features\\analytics\\services\\index.ts","statementMap":{"0":{"start":{"line":1,"column":40},"end":{"line":3,"column":10}}},"fnMap":{},"branchMap":{},"s":{"0":0},"f":{},"b":{}}
,"D:\\LUMEN\\Lumen-app\\src\\features\\analytics\\store\\index.ts": {"path":"D:\\LUMEN\\Lumen-app\\src\\features\\analytics\\store\\index.ts","statementMap":{"0":{"start":{"line":1,"column":37},"end":{"line":3,"column":10}}},"fnMap":{},"branchMap":{},"s":{"0":0},"f":{},"b":{}}
,"D:\\LUMEN\\Lumen-app\\src\\features\\analytics\\types\\index.ts": {"path":"D:\\LUMEN\\Lumen-app\\src\\features\\analytics\\types\\index.ts","statementMap":{"0":{"start":{"line":1,"column":37},"end":{"line":3,"column":10}}},"fnMap":{},"branchMap":{},"s":{"0":0},"f":{},"b":{}}
,"D:\\LUMEN\\Lumen-app\\src\\features\\analytics\\utils\\index.ts": {"path":"D:\\LUMEN\\Lumen-app\\src\\features\\analytics\\utils\\index.ts","statementMap":{"0":{"start":{"line":1,"column":37},"end":{"line":3,"column":10}}},"fnMap":{},"branchMap":{},"s":{"0":0},"f":{},"b":{}}
,"D:\\LUMEN\\Lumen-app\\src\\features\\analytics\\validation\\index.ts": {"path":"D:\\LUMEN\\Lumen-app\\src\\features\\analytics\\validation\\index.ts","statementMap":{"0":{"start":{"line":1,"column":42},"end":{"line":3,"column":10}}},"fnMap":{},"branchMap":{},"s":{"0":0},"f":{},"b":{}}
,"D:\\LUMEN\\Lumen-app\\src\\features\\auth\\index.ts": {"path":"D:\\LUMEN\\Lumen-app\\src\\features\\auth\\index.ts","statementMap":{},"fnMap":{},"branchMap":{},"s":{},"f":{},"b":{}}
,"D:\\LUMEN\\Lumen-app\\src\\features\\auth\\api\\index.ts": {"path":"D:\\LUMEN\\Lumen-app\\src\\features\\auth\\api\\index.ts","statementMap":{"0":{"start":{"line":1,"column":24},"end":{"line":8,"column":10}},"1":{"start":{"line":9,"column":29},"end":{"line":11,"column":10}}},"fnMap":{},"branchMap":{},"s":{"0":0,"1":0},"f":{},"b":{}}
,"D:\\LUMEN\\Lumen-app\\src\\features\\auth\\application\\index.ts": {"path":"D:\\LUMEN\\Lumen-app\\src\\features\\auth\\application\\index.ts","statementMap":{"0":{"start":{"line":24,"column":37},"end":{"line":26,"column":10}}},"fnMap":{},"branchMap":{},"s":{"0":0},"f":{},"b":{}}
,"D:\\LUMEN\\Lumen-app\\src\\features\\auth\\components\\Component.tsx": {"path":"D:\\LUMEN\\Lumen-app\\src\\features\\auth\\components\\Component.tsx","statementMap":{"0":{"start":{"line":4,"column":2},"end":{"line":4,"column":13}},"1":{"start":{"line":5,"column":2},"end":{"line":5,"column":14}}},"fnMap":{"0":{"name":"Component","decl":{"start":{"line":3,"column":16},"end":{"line":3,"column":25}},"loc":{"start":{"line":3,"column":49},"end":{"line":6,"column":1}},"line":3}},"branchMap":{},"s":{"0":0,"1":0},"f":{"0":0},"b":{}}
,"D:\\LUMEN\\Lumen-app\\src\\features\\auth\\components\\index.ts": {"path":"D:\\LUMEN\\Lumen-app\\src\\features\\auth\\components\\index.ts","statementMap":{"0":{"start":{"line":5,"column":36},"end":{"line":7,"column":10}}},"fnMap":{},"branchMap":{},"s":{"0":0},"f":{},"b":{}}
,"D:\\LUMEN\\Lumen-app\\src\\features\\auth\\constants\\index.ts": {"path":"D:\\LUMEN\\Lumen-app\\src\\features\\auth\\constants\\index.ts","statementMap":{"0":{"start":{"line":1,"column":30},"end":{"line":14,"column":10}},"1":{"start":{"line":15,"column":35},"end":{"line":17,"column":10}}},"fnMap":{},"branchMap":{},"s":{"0":0,"1":0},"f":{},"b":{}}
,"D:\\LUMEN\\Lumen-app\\src\\features\\auth\\domain\\index.ts": {"path":"D:\\LUMEN\\Lumen-app\\src\\features\\auth\\domain\\index.ts","statementMap":{"0":{"start":{"line":17,"column":32},"end":{"line":19,"column":10}}},"fnMap":{},"branchMap":{},"s":{"0":0},"f":{},"b":{}}
,"D:\\LUMEN\\Lumen-app\\src\\features\\auth\\hooks\\index.ts": {"path":"D:\\LUMEN\\Lumen-app\\src\\features\\auth\\hooks\\index.ts","statementMap":{"0":{"start":{"line":7,"column":2},"end":{"line":10,"column":13}},"1":{"start":{"line":18,"column":2},"end":{"line":20,"column":13}},"2":{"start":{"line":22,"column":31},"end":{"line":24,"column":10}}},"fnMap":{"0":{"name":"useAuthSession","decl":{"start":{"line":6,"column":16},"end":{"line":6,"column":30}},"loc":{"start":{"line":6,"column":55},"end":{"line":11,"column":1}},"line":6},"1":{"name":"useBiometricReady","decl":{"start":{"line":17,"column":16},"end":{"line":17,"column":33}},"loc":{"start":{"line":17,"column":61},"end":{"line":21,"column":1}},"line":17}},"branchMap":{},"s":{"0":0,"1":0,"2":0},"f":{"0":0,"1":0},"b":{}}
,"D:\\LUMEN\\Lumen-app\\src\\features\\auth\\infrastructure\\index.ts": {"path":"D:\\LUMEN\\Lumen-app\\src\\features\\auth\\infrastructure\\index.ts","statementMap":{"0":{"start":{"line":8,"column":54},"end":{"line":21,"column":1}},"1":{"start":{"line":10,"column":4},"end":{"line":10,"column":16}},"2":{"start":{"line":13,"column":4},"end":{"line":13,"column":16}},"3":{"start":{"line":16,"column":4},"end":{"line":16,"column":21}},"4":{"start":{"line":19,"column":4},"end":{"line":19,"column":21}},"5":{"start":{"line":22,"column":40},"end":{"line":24,"column":10}}},"fnMap":{"0":{"name":"(anonymous_0)","decl":{"start":{"line":9,"column":2},"end":{"line":9,"column":3}},"loc":{"start":{"line":9,"column":25},"end":{"line":11,"column":3}},"line":9},"1":{"name":"(anonymous_1)","decl":{"start":{"line":12,"column":2},"end":{"line":12,"column":3}},"loc":{"start":{"line":12,"column":26},"end":{"line":14,"column":3}},"line":12},"2":{"name":"(anonymous_2)","decl":{"start":{"line":15,"column":2},"end":{"line":15,"column":3}},"loc":{"start":{"line":15,"column":21},"end":{"line":17,"column":3}},"line":15},"3":{"name":"(anonymous_3)","decl":{"start":{"line":18,"column":2},"end":{"line":18,"column":3}},"loc":{"start":{"line":18,"column":16},"end":{"line":20,"column":3}},"line":18}},"branchMap":{},"s":{"0":0,"1":0,"2":0,"3":0,"4":0,"5":0},"f":{"0":0,"1":0,"2":0,"3":0},"b":{}}
,"D:\\LUMEN\\Lumen-app\\src\\features\\auth\\presentation\\index.ts": {"path":"D:\\LUMEN\\Lumen-app\\src\\features\\auth\\presentation\\index.ts","statementMap":{"0":{"start":{"line":2,"column":38},"end":{"line":4,"column":10}}},"fnMap":{},"branchMap":{},"s":{"0":0},"f":{},"b":{}}
,"D:\\LUMEN\\Lumen-app\\src\\features\\auth\\screens\\AuthPlaceholderScreen.tsx": {"path":"D:\\LUMEN\\Lumen-app\\src\\features\\auth\\screens\\AuthPlaceholderScreen.tsx","statementMap":{"0":{"start":{"line":4,"column":2},"end":{"line":13,"column":4}}},"fnMap":{"0":{"name":"AuthPlaceholderScreen","decl":{"start":{"line":3,"column":24},"end":{"line":3,"column":45}},"loc":{"start":{"line":3,"column":48},"end":{"line":14,"column":1}},"line":3}},"branchMap":{},"s":{"0":0},"f":{"0":0},"b":{}}
,"D:\\LUMEN\\Lumen-app\\src\\features\\auth\\screens\\ForgetPasswordScreen.tsx": {"path":"D:\\LUMEN\\Lumen-app\\src\\features\\auth\\screens\\ForgetPasswordScreen.tsx","statementMap":{"0":{"start":{"line":4,"column":2},"end":{"line":13,"column":4}}},"fnMap":{"0":{"name":"ForgetPasswordScreen","decl":{"start":{"line":3,"column":24},"end":{"line":3,"column":44}},"loc":{"start":{"line":3,"column":47},"end":{"line":14,"column":1}},"line":3}},"branchMap":{},"s":{"0":0},"f":{"0":0},"b":{}}
,"D:\\LUMEN\\Lumen-app\\src\\features\\auth\\screens\\LoginScreen.tsx": {"path":"D:\\LUMEN\\Lumen-app\\src\\features\\auth\\screens\\LoginScreen.tsx","statementMap":{"0":{"start":{"line":4,"column":2},"end":{"line":13,"column":4}}},"fnMap":{"0":{"name":"LoginScreen","decl":{"start":{"line":3,"column":24},"end":{"line":3,"column":35}},"loc":{"start":{"line":3,"column":38},"end":{"line":14,"column":1}},"line":3}},"branchMap":{},"s":{"0":0},"f":{"0":0},"b":{}}
,"D:\\LUMEN\\Lumen-app\\src\\features\\auth\\screens\\OtpScreen.tsx": {"path":"D:\\LUMEN\\Lumen-app\\src\\features\\auth\\screens\\OtpScreen.tsx","statementMap":{"0":{"start":{"line":4,"column":2},"end":{"line":13,"column":4}}},"fnMap":{"0":{"name":"OtpScreen","decl":{"start":{"line":3,"column":24},"end":{"line":3,"column":33}},"loc":{"start":{"line":3,"column":36},"end":{"line":14,"column":1}},"line":3}},"branchMap":{},"s":{"0":0},"f":{"0":0},"b":{}}
,"D:\\LUMEN\\Lumen-app\\src\\features\\auth\\screens\\RegisterScreen.tsx": {"path":"D:\\LUMEN\\Lumen-app\\src\\features\\auth\\screens\\RegisterScreen.tsx","statementMap":{"0":{"start":{"line":4,"column":2},"end":{"line":13,"column":4}}},"fnMap":{"0":{"name":"RegisterScreen","decl":{"start":{"line":3,"column":24},"end":{"line":3,"column":38}},"loc":{"start":{"line":3,"column":41},"end":{"line":14,"column":1}},"line":3}},"branchMap":{},"s":{"0":0},"f":{"0":0},"b":{}}
,"D:\\LUMEN\\Lumen-app\\src\\features\\auth\\screens\\VerifyEmailScreen.tsx": {"path":"D:\\LUMEN\\Lumen-app\\src\\features\\auth\\screens\\VerifyEmailScreen.tsx","statementMap":{"0":{"start":{"line":4,"column":2},"end":{"line":13,"column":4}}},"fnMap":{"0":{"name":"VerifyEmailScreen","decl":{"start":{"line":3,"column":24},"end":{"line":3,"column":41}},"loc":{"start":{"line":3,"column":44},"end":{"line":14,"column":1}},"line":3}},"branchMap":{},"s":{"0":0},"f":{"0":0},"b":{}}
,"D:\\LUMEN\\Lumen-app\\src\\features\\auth\\screens\\index.ts": {"path":"D:\\LUMEN\\Lumen-app\\src\\features\\auth\\screens\\index.ts","statementMap":{},"fnMap":{},"branchMap":{},"s":{},"f":{},"b":{}}
,"D:\\LUMEN\\Lumen-app\\src\\features\\auth\\services\\index.ts": {"path":"D:\\LUMEN\\Lumen-app\\src\\features\\auth\\services\\index.ts","statementMap":{"0":{"start":{"line":18,"column":46},"end":{"line":40,"column":1}},"1":{"start":{"line":20,"column":4},"end":{"line":23,"column":6}},"2":{"start":{"line":26,"column":4},"end":{"line":29,"column":6}},"3":{"start":{"line":32,"column":4},"end":{"line":32,"column":48}},"4":{"start":{"line":35,"column":4},"end":{"line":35,"column":64}},"5":{"start":{"line":38,"column":4},"end":{"line":38,"column":64}},"6":{"start":{"line":41,"column":34},"end":{"line":43,"column":10}}},"fnMap":{"0":{"name":"(anonymous_0)","decl":{"start":{"line":19,"column":2},"end":{"line":19,"column":3}},"loc":{"start":{"line":19,"column":16},"end":{"line":24,"column":3}},"line":19},"1":{"name":"(anonymous_1)","decl":{"start":{"line":25,"column":2},"end":{"line":25,"column":3}},"loc":{"start":{"line":25,"column":19},"end":{"line":30,"column":3}},"line":25},"2":{"name":"(anonymous_2)","decl":{"start":{"line":31,"column":2},"end":{"line":31,"column":3}},"loc":{"start":{"line":31,"column":25},"end":{"line":33,"column":3}},"line":31},"3":{"name":"(anonymous_3)","decl":{"start":{"line":34,"column":2},"end":{"line":34,"column":3}},"loc":{"start":{"line":34,"column":20},"end":{"line":36,"column":3}},"line":34},"4":{"name":"(anonymous_4)","decl":{"start":{"line":37,"column":2},"end":{"line":37,"column":3}},"loc":{"start":{"line":37,"column":25},"end":{"line":39,"column":3}},"line":37}},"branchMap":{},"s":{"0":1,"1":1,"2":0,"3":1,"4":0,"5":0,"6":1},"f":{"0":1,"1":0,"2":1,"3":0,"4":0},"b":{},"_coverageSchema":"1a1c01bbd47fc00a2c39e90264f33305004495a9","hash":"846a1ce009129f7a6cb69de1127af94c286599ed"}
,"D:\\LUMEN\\Lumen-app\\src\\features\\auth\\store\\index.ts": {"path":"D:\\LUMEN\\Lumen-app\\src\\features\\auth\\store\\index.ts","statementMap":{"0":{"start":{"line":7,"column":41},"end":{"line":11,"column":1}},"1":{"start":{"line":12,"column":31},"end":{"line":14,"column":10}}},"fnMap":{},"branchMap":{},"s":{"0":0,"1":0},"f":{},"b":{}}
,"D:\\LUMEN\\Lumen-app\\src\\features\\auth\\types\\index.ts": {"path":"D:\\LUMEN\\Lumen-app\\src\\features\\auth\\types\\index.ts","statementMap":{"0":{"start":{"line":21,"column":31},"end":{"line":23,"column":10}}},"fnMap":{},"branchMap":{},"s":{"0":0},"f":{},"b":{}}
,"D:\\LUMEN\\Lumen-app\\src\\features\\auth\\utils\\index.ts": {"path":"D:\\LUMEN\\Lumen-app\\src\\features\\auth\\utils\\index.ts","statementMap":{"0":{"start":{"line":2,"column":2},"end":{"line":2,"column":36}},"1":{"start":{"line":4,"column":31},"end":{"line":6,"column":10}}},"fnMap":{"0":{"name":"normalizeAuthIdentifier","decl":{"start":{"line":1,"column":17},"end":{"line":1,"column":40}},"loc":{"start":{"line":1,"column":64},"end":{"line":3,"column":1}},"line":1}},"branchMap":{},"s":{"0":0,"1":0},"f":{"0":0},"b":{}}
,"D:\\LUMEN\\Lumen-app\\src\\features\\auth\\validation\\index.ts": {"path":"D:\\LUMEN\\Lumen-app\\src\\features\\auth\\validation\\index.ts","statementMap":{"0":{"start":{"line":9,"column":2},"end":{"line":9,"column":64}},"1":{"start":{"line":13,"column":2},"end":{"line":17,"column":4}},"2":{"start":{"line":21,"column":2},"end":{"line":21,"column":64}},"3":{"start":{"line":25,"column":2},"end":{"line":25,"column":33}},"4":{"start":{"line":27,"column":36},"end":{"line":29,"column":10}}},"fnMap":{"0":{"name":"isValidLoginForm","decl":{"start":{"line":8,"column":16},"end":{"line":8,"column":32}},"loc":{"start":{"line":8,"column":67},"end":{"line":10,"column":1}},"line":8},"1":{"name":"isValidRegisterForm","decl":{"start":{"line":12,"column":16},"end":{"line":12,"column":35}},"loc":{"start":{"line":12,"column":73},"end":{"line":18,"column":1}},"line":12},"2":{"name":"isValidOtpForm","decl":{"start":{"line":20,"column":16},"end":{"line":20,"column":30}},"loc":{"start":{"line":20,"column":63},"end":{"line":22,"column":1}},"line":20},"3":{"name":"isValidForgotPasswordForm","decl":{"start":{"line":24,"column":16},"end":{"line":24,"column":41}},"loc":{"start":{"line":24,"column":85},"end":{"line":26,"column":1}},"line":24}},"branchMap":{"0":{"loc":{"start":{"line":9,"column":9},"end":{"line":9,"column":63}},"type":"binary-expr","locations":[{"start":{"line":9,"column":9},"end":{"line":9,"column":32}},{"start":{"line":9,"column":36},"end":{"line":9,"column":63}}],"line":9},"1":{"loc":{"start":{"line":14,"column":4},"end":{"line":16,"column":46}},"type":"binary-expr","locations":[{"start":{"line":14,"column":4},"end":{"line":14,"column":27}},{"start":{"line":15,"column":4},"end":{"line":15,"column":31}},{"start":{"line":16,"column":4},"end":{"line":16,"column":46}}],"line":14},"2":{"loc":{"start":{"line":21,"column":9},"end":{"line":21,"column":63}},"type":"binary-expr","locations":[{"start":{"line":21,"column":9},"end":{"line":21,"column":37}},{"start":{"line":21,"column":41},"end":{"line":21,"column":63}}],"line":21}},"s":{"0":0,"1":0,"2":0,"3":0,"4":0},"f":{"0":0,"1":0,"2":0,"3":0},"b":{"0":[0,0],"1":[0,0,0],"2":[0,0]}}
,"D:\\LUMEN\\Lumen-app\\src\\features\\camera\\index.ts": {"path":"D:\\LUMEN\\Lumen-app\\src\\features\\camera\\index.ts","statementMap":{"0":{"start":{"line":1,"column":29},"end":{"line":3,"column":10}}},"fnMap":{},"branchMap":{},"s":{"0":0},"f":{},"b":{}}
,"D:\\LUMEN\\Lumen-app\\src\\features\\camera\\api\\index.ts": {"path":"D:\\LUMEN\\Lumen-app\\src\\features\\camera\\api\\index.ts","statementMap":{"0":{"start":{"line":1,"column":32},"end":{"line":3,"column":10}}},"fnMap":{},"branchMap":{},"s":{"0":0},"f":{},"b":{}}
,"D:\\LUMEN\\Lumen-app\\src\\features\\camera\\application\\index.ts": {"path":"D:\\LUMEN\\Lumen-app\\src\\features\\camera\\application\\index.ts","statementMap":{"0":{"start":{"line":1,"column":40},"end":{"line":3,"column":10}}},"fnMap":{},"branchMap":{},"s":{"0":0},"f":{},"b":{}}
,"D:\\LUMEN\\Lumen-app\\src\\features\\camera\\components\\index.ts": {"path":"D:\\LUMEN\\Lumen-app\\src\\features\\camera\\components\\index.ts","statementMap":{"0":{"start":{"line":1,"column":39},"end":{"line":3,"column":10}}},"fnMap":{},"branchMap":{},"s":{"0":0},"f":{},"b":{}}
,"D:\\LUMEN\\Lumen-app\\src\\features\\camera\\constants\\index.ts": {"path":"D:\\LUMEN\\Lumen-app\\src\\features\\camera\\constants\\index.ts","statementMap":{"0":{"start":{"line":1,"column":38},"end":{"line":3,"column":10}}},"fnMap":{},"branchMap":{},"s":{"0":0},"f":{},"b":{}}
,"D:\\LUMEN\\Lumen-app\\src\\features\\camera\\domain\\index.ts": {"path":"D:\\LUMEN\\Lumen-app\\src\\features\\camera\\domain\\index.ts","statementMap":{"0":{"start":{"line":1,"column":35},"end":{"line":3,"column":10}}},"fnMap":{},"branchMap":{},"s":{"0":0},"f":{},"b":{}}
,"D:\\LUMEN\\Lumen-app\\src\\features\\camera\\hooks\\index.ts": {"path":"D:\\LUMEN\\Lumen-app\\src\\features\\camera\\hooks\\index.ts","statementMap":{"0":{"start":{"line":1,"column":34},"end":{"line":3,"column":10}}},"fnMap":{},"branchMap":{},"s":{"0":0},"f":{},"b":{}}
,"D:\\LUMEN\\Lumen-app\\src\\features\\camera\\infrastructure\\index.ts": {"path":"D:\\LUMEN\\Lumen-app\\src\\features\\camera\\infrastructure\\index.ts","statementMap":{"0":{"start":{"line":1,"column":43},"end":{"line":3,"column":10}}},"fnMap":{},"branchMap":{},"s":{"0":0},"f":{},"b":{}}
,"D:\\LUMEN\\Lumen-app\\src\\features\\camera\\presentation\\index.ts": {"path":"D:\\LUMEN\\Lumen-app\\src\\features\\camera\\presentation\\index.ts","statementMap":{"0":{"start":{"line":1,"column":41},"end":{"line":3,"column":10}}},"fnMap":{},"branchMap":{},"s":{"0":0},"f":{},"b":{}}
,"D:\\LUMEN\\Lumen-app\\src\\features\\camera\\screens\\CameraScreen.tsx": {"path":"D:\\LUMEN\\Lumen-app\\src\\features\\camera\\screens\\CameraScreen.tsx","statementMap":{"0":{"start":{"line":4,"column":2},"end":{"line":13,"column":4}}},"fnMap":{"0":{"name":"CameraScreen","decl":{"start":{"line":3,"column":24},"end":{"line":3,"column":36}},"loc":{"start":{"line":3,"column":39},"end":{"line":14,"column":1}},"line":3}},"branchMap":{},"s":{"0":0},"f":{"0":0},"b":{}}
,"D:\\LUMEN\\Lumen-app\\src\\features\\camera\\screens\\index.ts": {"path":"D:\\LUMEN\\Lumen-app\\src\\features\\camera\\screens\\index.ts","statementMap":{"0":{"start":{"line":1,"column":36},"end":{"line":3,"column":10}}},"fnMap":{},"branchMap":{},"s":{"0":0},"f":{},"b":{}}
,"D:\\LUMEN\\Lumen-app\\src\\features\\camera\\services\\index.ts": {"path":"D:\\LUMEN\\Lumen-app\\src\\features\\camera\\services\\index.ts","statementMap":{"0":{"start":{"line":1,"column":37},"end":{"line":3,"column":10}}},"fnMap":{},"branchMap":{},"s":{"0":0},"f":{},"b":{}}
,"D:\\LUMEN\\Lumen-app\\src\\features\\camera\\store\\index.ts": {"path":"D:\\LUMEN\\Lumen-app\\src\\features\\camera\\store\\index.ts","statementMap":{"0":{"start":{"line":1,"column":34},"end":{"line":3,"column":10}}},"fnMap":{},"branchMap":{},"s":{"0":0},"f":{},"b":{}}
,"D:\\LUMEN\\Lumen-app\\src\\features\\camera\\types\\index.ts": {"path":"D:\\LUMEN\\Lumen-app\\src\\features\\camera\\types\\index.ts","statementMap":{"0":{"start":{"line":1,"column":34},"end":{"line":3,"column":10}}},"fnMap":{},"branchMap":{},"s":{"0":0},"f":{},"b":{}}
,"D:\\LUMEN\\Lumen-app\\src\\features\\camera\\utils\\index.ts": {"path":"D:\\LUMEN\\Lumen-app\\src\\features\\camera\\utils\\index.ts","statementMap":{"0":{"start":{"line":1,"column":34},"end":{"line":3,"column":10}}},"fnMap":{},"branchMap":{},"s":{"0":0},"f":{},"b":{}}
,"D:\\LUMEN\\Lumen-app\\src\\features\\camera\\validation\\index.ts": {"path":"D:\\LUMEN\\Lumen-app\\src\\features\\camera\\validation\\index.ts","statementMap":{"0":{"start":{"line":1,"column":39},"end":{"line":3,"column":10}}},"fnMap":{},"branchMap":{},"s":{"0":0},"f":{},"b":{}}
,"D:\\LUMEN\\Lumen-app\\src\\features\\citizen\\index.ts": {"path":"D:\\LUMEN\\Lumen-app\\src\\features\\citizen\\index.ts","statementMap":{},"fnMap":{},"branchMap":{},"s":{},"f":{},"b":{}}
,"D:\\LUMEN\\Lumen-app\\src\\features\\citizen\\api\\index.ts": {"path":"D:\\LUMEN\\Lumen-app\\src\\features\\citizen\\api\\index.ts","statementMap":{"0":{"start":{"line":1,"column":27},"end":{"line":8,"column":10}},"1":{"start":{"line":9,"column":32},"end":{"line":11,"column":10}}},"fnMap":{},"branchMap":{},"s":{"0":0,"1":0},"f":{},"b":{}}
,"D:\\LUMEN\\Lumen-app\\src\\features\\citizen\\application\\index.ts": {"path":"D:\\LUMEN\\Lumen-app\\src\\features\\citizen\\application\\index.ts","statementMap":{"0":{"start":{"line":16,"column":40},"end":{"line":18,"column":10}}},"fnMap":{},"branchMap":{},"s":{"0":0},"f":{},"b":{}}
,"D:\\LUMEN\\Lumen-app\\src\\features\\citizen\\components\\Component.tsx": {"path":"D:\\LUMEN\\Lumen-app\\src\\features\\citizen\\components\\Component.tsx","statementMap":{"0":{"start":{"line":4,"column":2},"end":{"line":4,"column":13}},"1":{"start":{"line":5,"column":2},"end":{"line":5,"column":14}}},"fnMap":{"0":{"name":"Component","decl":{"start":{"line":3,"column":16},"end":{"line":3,"column":25}},"loc":{"start":{"line":3,"column":49},"end":{"line":6,"column":1}},"line":3}},"branchMap":{},"s":{"0":0,"1":0},"f":{"0":0},"b":{}}
,"D:\\LUMEN\\Lumen-app\\src\\features\\citizen\\components\\index.ts": {"path":"D:\\LUMEN\\Lumen-app\\src\\features\\citizen\\components\\index.ts","statementMap":{"0":{"start":{"line":5,"column":39},"end":{"line":7,"column":10}}},"fnMap":{},"branchMap":{},"s":{"0":0},"f":{},"b":{}}
,"D:\\LUMEN\\Lumen-app\\src\\features\\citizen\\constants\\index.ts": {"path":"D:\\LUMEN\\Lumen-app\\src\\features\\citizen\\constants\\index.ts","statementMap":{"0":{"start":{"line":1,"column":33},"end":{"line":14,"column":10}},"1":{"start":{"line":15,"column":38},"end":{"line":17,"column":10}}},"fnMap":{},"branchMap":{},"s":{"0":0,"1":0},"f":{},"b":{}}
,"D:\\LUMEN\\Lumen-app\\src\\features\\citizen\\domain\\index.ts": {"path":"D:\\LUMEN\\Lumen-app\\src\\features\\citizen\\domain\\index.ts","statementMap":{"0":{"start":{"line":17,"column":35},"end":{"line":19,"column":10}}},"fnMap":{},"branchMap":{},"s":{"0":0},"f":{},"b":{}}
,"D:\\LUMEN\\Lumen-app\\src\\features\\citizen\\hooks\\index.ts": {"path":"D:\\LUMEN\\Lumen-app\\src\\features\\citizen\\hooks\\index.ts","statementMap":{"0":{"start":{"line":7,"column":2},"end":{"line":10,"column":13}},"1":{"start":{"line":18,"column":2},"end":{"line":20,"column":13}},"2":{"start":{"line":22,"column":34},"end":{"line":24,"column":10}}},"fnMap":{"0":{"name":"useCitizenDashboard","decl":{"start":{"line":6,"column":16},"end":{"line":6,"column":35}},"loc":{"start":{"line":6,"column":65},"end":{"line":11,"column":1}},"line":6},"1":{"name":"useCitizenProfile","decl":{"start":{"line":17,"column":16},"end":{"line":17,"column":33}},"loc":{"start":{"line":17,"column":61},"end":{"line":21,"column":1}},"line":17}},"branchMap":{},"s":{"0":0,"1":0,"2":0},"f":{"0":0,"1":0},"b":{}}
,"D:\\LUMEN\\Lumen-app\\src\\features\\citizen\\infrastructure\\index.ts": {"path":"D:\\LUMEN\\Lumen-app\\src\\features\\citizen\\infrastructure\\index.ts","statementMap":{"0":{"start":{"line":7,"column":56},"end":{"line":17,"column":1}},"1":{"start":{"line":9,"column":4},"end":{"line":9,"column":16}},"2":{"start":{"line":12,"column":4},"end":{"line":12,"column":21}},"3":{"start":{"line":15,"column":4},"end":{"line":15,"column":21}},"4":{"start":{"line":18,"column":43},"end":{"line":20,"column":10}}},"fnMap":{"0":{"name":"(anonymous_0)","decl":{"start":{"line":8,"column":2},"end":{"line":8,"column":3}},"loc":{"start":{"line":8,"column":21},"end":{"line":10,"column":3}},"line":8},"1":{"name":"(anonymous_1)","decl":{"start":{"line":11,"column":2},"end":{"line":11,"column":3}},"loc":{"start":{"line":11,"column":21},"end":{"line":13,"column":3}},"line":11},"2":{"name":"(anonymous_2)","decl":{"start":{"line":14,"column":2},"end":{"line":14,"column":3}},"loc":{"start":{"line":14,"column":16},"end":{"line":16,"column":3}},"line":14}},"branchMap":{},"s":{"0":0,"1":0,"2":0,"3":0,"4":0},"f":{"0":0,"1":0,"2":0},"b":{}}
,"D:\\LUMEN\\Lumen-app\\src\\features\\citizen\\presentation\\index.ts": {"path":"D:\\LUMEN\\Lumen-app\\src\\features\\citizen\\presentation\\index.ts","statementMap":{"0":{"start":{"line":2,"column":41},"end":{"line":4,"column":10}}},"fnMap":{},"branchMap":{},"s":{"0":0},"f":{},"b":{}}
,"D:\\LUMEN\\Lumen-app\\src\\features\\citizen\\screens\\CitizenPlaceholderScreen.tsx": {"path":"D:\\LUMEN\\Lumen-app\\src\\features\\citizen\\screens\\CitizenPlaceholderScreen.tsx","statementMap":{"0":{"start":{"line":2,"column":2},"end":{"line":2,"column":14}}},"fnMap":{"0":{"name":"CitizenPlaceholderScreen","decl":{"start":{"line":1,"column":24},"end":{"line":1,"column":48}},"loc":{"start":{"line":1,"column":51},"end":{"line":3,"column":1}},"line":1}},"branchMap":{},"s":{"0":0},"f":{"0":0},"b":{}}
,"D:\\LUMEN\\Lumen-app\\src\\features\\citizen\\screens\\DashboardScreen.tsx": {"path":"D:\\LUMEN\\Lumen-app\\src\\features\\citizen\\screens\\DashboardScreen.tsx","statementMap":{"0":{"start":{"line":4,"column":2},"end":{"line":13,"column":4}}},"fnMap":{"0":{"name":"CitizenDashboardScreen","decl":{"start":{"line":3,"column":24},"end":{"line":3,"column":46}},"loc":{"start":{"line":3,"column":49},"end":{"line":14,"column":1}},"line":3}},"branchMap":{},"s":{"0":0},"f":{"0":0},"b":{}}
,"D:\\LUMEN\\Lumen-app\\src\\features\\citizen\\screens\\HelpScreen.tsx": {"path":"D:\\LUMEN\\Lumen-app\\src\\features\\citizen\\screens\\HelpScreen.tsx","statementMap":{"0":{"start":{"line":4,"column":2},"end":{"line":13,"column":4}}},"fnMap":{"0":{"name":"CitizenHelpScreen","decl":{"start":{"line":3,"column":24},"end":{"line":3,"column":41}},"loc":{"start":{"line":3,"column":44},"end":{"line":14,"column":1}},"line":3}},"branchMap":{},"s":{"0":0},"f":{"0":0},"b":{}}
,"D:\\LUMEN\\Lumen-app\\src\\features\\citizen\\screens\\MyReportScreen.tsx": {"path":"D:\\LUMEN\\Lumen-app\\src\\features\\citizen\\screens\\MyReportScreen.tsx","statementMap":{"0":{"start":{"line":4,"column":2},"end":{"line":13,"column":4}}},"fnMap":{"0":{"name":"CitizenMyReportScreen","decl":{"start":{"line":3,"column":24},"end":{"line":3,"column":45}},"loc":{"start":{"line":3,"column":48},"end":{"line":14,"column":1}},"line":3}},"branchMap":{},"s":{"0":0},"f":{"0":0},"b":{}}
,"D:\\LUMEN\\Lumen-app\\src\\features\\citizen\\screens\\NotificationsScreen.tsx": {"path":"D:\\LUMEN\\Lumen-app\\src\\features\\citizen\\screens\\NotificationsScreen.tsx","statementMap":{"0":{"start":{"line":4,"column":2},"end":{"line":13,"column":4}}},"fnMap":{"0":{"name":"CitizenNotificationsScreen","decl":{"start":{"line":3,"column":24},"end":{"line":3,"column":50}},"loc":{"start":{"line":3,"column":53},"end":{"line":14,"column":1}},"line":3}},"branchMap":{},"s":{"0":0},"f":{"0":0},"b":{}}
,"D:\\LUMEN\\Lumen-app\\src\\features\\citizen\\screens\\ProfileScreen.tsx": {"path":"D:\\LUMEN\\Lumen-app\\src\\features\\citizen\\screens\\ProfileScreen.tsx","statementMap":{"0":{"start":{"line":4,"column":2},"end":{"line":13,"column":4}}},"fnMap":{"0":{"name":"CitizenProfileScreen","decl":{"start":{"line":3,"column":24},"end":{"line":3,"column":44}},"loc":{"start":{"line":3,"column":47},"end":{"line":14,"column":1}},"line":3}},"branchMap":{},"s":{"0":0},"f":{"0":0},"b":{}}
,"D:\\LUMEN\\Lumen-app\\src\\features\\citizen\\screens\\ReportDetailsScreen.tsx": {"path":"D:\\LUMEN\\Lumen-app\\src\\features\\citizen\\screens\\ReportDetailsScreen.tsx","statementMap":{"0":{"start":{"line":4,"column":2},"end":{"line":13,"column":4}}},"fnMap":{"0":{"name":"CitizenReportDetailsScreen","decl":{"start":{"line":3,"column":24},"end":{"line":3,"column":50}},"loc":{"start":{"line":3,"column":53},"end":{"line":14,"column":1}},"line":3}},"branchMap":{},"s":{"0":0},"f":{"0":0},"b":{}}
,"D:\\LUMEN\\Lumen-app\\src\\features\\citizen\\screens\\ReportIssueScreen.tsx": {"path":"D:\\LUMEN\\Lumen-app\\src\\features\\citizen\\screens\\ReportIssueScreen.tsx","statementMap":{"0":{"start":{"line":4,"column":2},"end":{"line":13,"column":4}}},"fnMap":{"0":{"name":"CitizenReportIssueScreen","decl":{"start":{"line":3,"column":24},"end":{"line":3,"column":48}},"loc":{"start":{"line":3,"column":51},"end":{"line":14,"column":1}},"line":3}},"branchMap":{},"s":{"0":0},"f":{"0":0},"b":{}}
,"D:\\LUMEN\\Lumen-app\\src\\features\\citizen\\screens\\SettingsScreen.tsx": {"path":"D:\\LUMEN\\Lumen-app\\src\\features\\citizen\\screens\\SettingsScreen.tsx","statementMap":{"0":{"start":{"line":4,"column":2},"end":{"line":13,"column":4}}},"fnMap":{"0":{"name":"CitizenSettingsScreen","decl":{"start":{"line":3,"column":24},"end":{"line":3,"column":45}},"loc":{"start":{"line":3,"column":48},"end":{"line":14,"column":1}},"line":3}},"branchMap":{},"s":{"0":0},"f":{"0":0},"b":{}}
,"D:\\LUMEN\\Lumen-app\\src\\features\\citizen\\screens\\index.ts": {"path":"D:\\LUMEN\\Lumen-app\\src\\features\\citizen\\screens\\index.ts","statementMap":{},"fnMap":{},"branchMap":{},"s":{},"f":{},"b":{}}
,"D:\\LUMEN\\Lumen-app\\src\\features\\citizen\\services\\index.ts": {"path":"D:\\LUMEN\\Lumen-app\\src\\features\\citizen\\services\\index.ts","statementMap":{"0":{"start":{"line":18,"column":52},"end":{"line":32,"column":1}},"1":{"start":{"line":20,"column":4},"end":{"line":24,"column":6}},"2":{"start":{"line":27,"column":4},"end":{"line":27,"column":79}},"3":{"start":{"line":30,"column":4},"end":{"line":30,"column":75}},"4":{"start":{"line":33,"column":37},"end":{"line":35,"column":10}}},"fnMap":{"0":{"name":"(anonymous_0)","decl":{"start":{"line":19,"column":2},"end":{"line":19,"column":3}},"loc":{"start":{"line":19,"column":24},"end":{"line":25,"column":3}},"line":19},"1":{"name":"(anonymous_1)","decl":{"start":{"line":26,"column":2},"end":{"line":26,"column":3}},"loc":{"start":{"line":26,"column":31},"end":{"line":28,"column":3}},"line":26},"2":{"name":"(anonymous_2)","decl":{"start":{"line":29,"column":2},"end":{"line":29,"column":3}},"loc":{"start":{"line":29,"column":30},"end":{"line":31,"column":3}},"line":29}},"branchMap":{},"s":{"0":0,"1":0,"2":0,"3":0,"4":0},"f":{"0":0,"1":0,"2":0},"b":{}}
[...]
,"D:\\LUMEN\\Lumen-app\\src\\services\\storage\\client\\index.ts": {"path":"D:\\LUMEN\\Lumen-app\\src\\services\\storage\\client\\index.ts","statementMap":{"0":{"start":{"line":1,"column":36},"end":{"line":3,"column":10}}},"fnMap":{},"branchMap":{},"s":{"0":0},"f":{},"b":{}}
,"D:\\LUMEN\\Lumen-app\\src\\services\\storage\\errors\\index.ts": {"path":"D:\\LUMEN\\Lumen-app\\src\\services\\storage\\errors\\index.ts","statementMap":{"0":{"start":{"line":1,"column":36},"end":{"line":3,"column":10}}},"fnMap":{},"branchMap":{},"s":{"0":0},"f":{},"b":{}}
,"D:\\LUMEN\\Lumen-app\\src\\services\\storage\\headers\\index.ts": {"path":"D:\\LUMEN\\Lumen-app\\src\\services\\storage\\headers\\index.ts","statementMap":{"0":{"start":{"line":1,"column":37},"end":{"line":3,"column":10}}},"fnMap":{},"branchMap":{},"s":{"0":0},"f":{},"b":{}}
,"D:\\LUMEN\\Lumen-app\\src\\services\\storage\\interceptors\\index.ts": {"path":"D:\\LUMEN\\Lumen-app\\src\\services\\storage\\interceptors\\index.ts","statementMap":{"0":{"start":{"line":1,"column":42},"end":{"line":3,"column":10}}},"fnMap":{},"branchMap":{},"s":{"0":0},"f":{},"b":{}}
,"D:\\LUMEN\\Lumen-app\\src\\services\\storage\\response\\index.ts": {"path":"D:\\LUMEN\\Lumen-app\\src\\services\\storage\\response\\index.ts","statementMap":{"0":{"start":{"line":1,"column":38},"end":{"line":3,"column":10}}},"fnMap":{},"branchMap":{},"s":{"0":0},"f":{},"b":{}}
,"D:\\LUMEN\\Lumen-app\\src\\services\\storage\\retry\\index.ts": {"path":"D:\\LUMEN\\Lumen-app\\src\\services\\storage\\retry\\index.ts","statementMap":{"0":{"start":{"line":1,"column":35},"end":{"line":3,"column":10}}},"fnMap":{},"branchMap":{},"s":{"0":0},"f":{},"b":{}}
,"D:\\LUMEN\\Lumen-app\\src\\services\\upload\\index.ts": {"path":"D:\\LUMEN\\Lumen-app\\src\\services\\upload\\index.ts","statementMap":{"0":{"start":{"line":1,"column":29},"end":{"line":3,"column":10}}},"fnMap":{},"branchMap":{},"s":{"0":0},"f":{},"b":{}}
,"D:\\LUMEN\\Lumen-app\\src\\services\\upload\\client\\index.ts": {"path":"D:\\LUMEN\\Lumen-app\\src\\services\\upload\\client\\index.ts","statementMap":{"0":{"start":{"line":1,"column":35},"end":{"line":3,"column":10}}},"fnMap":{},"branchMap":{},"s":{"0":0},"f":{},"b":{}}
,"D:\\LUMEN\\Lumen-app\\src\\services\\upload\\errors\\index.ts": {"path":"D:\\LUMEN\\Lumen-app\\src\\services\\upload\\errors\\index.ts","statementMap":{"0":{"start":{"line":1,"column":35},"end":{"line":3,"column":10}}},"fnMap":{},"branchMap":{},"s":{"0":0},"f":{},"b":{}}
,"D:\\LUMEN\\Lumen-app\\src\\services\\upload\\headers\\index.ts": {"path":"D:\\LUMEN\\Lumen-app\\src\\services\\upload\\headers\\index.ts","statementMap":{"0":{"start":{"line":1,"column":36},"end":{"line":3,"column":10}}},"fnMap":{},"branchMap":{},"s":{"0":0},"f":{},"b":{}}
,"D:\\LUMEN\\Lumen-app\\src\\services\\upload\\interceptors\\index.ts": {"path":"D:\\LUMEN\\Lumen-app\\src\\services\\upload\\interceptors\\index.ts","statementMap":{"0":{"start":{"line":1,"column":41},"end":{"line":3,"column":10}}},"fnMap":{},"branchMap":{},"s":{"0":0},"f":{},"b":{}}
,"D:\\LUMEN\\Lumen-app\\src\\services\\upload\\response\\index.ts": {"path":"D:\\LUMEN\\Lumen-app\\src\\services\\upload\\response\\index.ts","statementMap":{"0":{"start":{"line":1,"column":37},"end":{"line":3,"column":10}}},"fnMap":{},"branchMap":{},"s":{"0":0},"f":{},"b":{}}
,"D:\\LUMEN\\Lumen-app\\src\\services\\upload\\retry\\index.ts": {"path":"D:\\LUMEN\\Lumen-app\\src\\services\\upload\\retry\\index.ts","statementMap":{"0":{"start":{"line":1,"column":34},"end":{"line":3,"column":10}}},"fnMap":{},"branchMap":{},"s":{"0":0},"f":{},"b":{}}
,"D:\\LUMEN\\Lumen-app\\src\\store\\AuthStore.ts": {"path":"D:\\LUMEN\\Lumen-app\\src\\store\\AuthStore.ts","statementMap":{"0":{"start":{"line":6,"column":41},"end":{"line":9,"column":1}}},"fnMap":{},"branchMap":{},"s":{"0":0},"f":{},"b":{}}
,"D:\\LUMEN\\Lumen-app\\src\\store\\CitizenStore.ts": {"path":"D:\\LUMEN\\Lumen-app\\src\\store\\CitizenStore.ts","statementMap":{"0":{"start":{"line":6,"column":47},"end":{"line":9,"column":1}}},"fnMap":{},"branchMap":{},"s":{"0":0},"f":{},"b":{}}
,"D:\\LUMEN\\Lumen-app\\src\\store\\EngineerStore.ts": {"path":"D:\\LUMEN\\Lumen-app\\src\\store\\EngineerStore.ts","statementMap":{"0":{"start":{"line":6,"column":49},"end":{"line":9,"column":1}}},"fnMap":{},"branchMap":{},"s":{"0":0},"f":{},"b":{}}
,"D:\\LUMEN\\Lumen-app\\src\\store\\LocationStore.ts": {"path":"D:\\LUMEN\\Lumen-app\\src\\store\\LocationStore.ts","statementMap":{"0":{"start":{"line":6,"column":49},"end":{"line":9,"column":1}}},"fnMap":{},"branchMap":{},"s":{"0":0},"f":{},"b":{}}
,"D:\\LUMEN\\Lumen-app\\src\\store\\NotificationStore.ts": {"path":"D:\\LUMEN\\Lumen-app\\src\\store\\NotificationStore.ts","statementMap":{"0":{"start":{"line":6,"column":57},"end":{"line":9,"column":1}}},"fnMap":{},"branchMap":{},"s":{"0":0},"f":{},"b":{}}
,"D:\\LUMEN\\Lumen-app\\src\\store\\OfflineStore.ts": {"path":"D:\\LUMEN\\Lumen-app\\src\\store\\OfflineStore.ts","statementMap":{"0":{"start":{"line":7,"column":47},"end":{"line":11,"column":1}}},"fnMap":{},"branchMap":{},"s":{"0":0},"f":{},"b":{}}
,"D:\\LUMEN\\Lumen-app\\src\\store\\ReportStore.ts": {"path":"D:\\LUMEN\\Lumen-app\\src\\store\\ReportStore.ts","statementMap":{"0":{"start":{"line":6,"column":45},"end":{"line":9,"column":1}}},"fnMap":{},"branchMap":{},"s":{"0":0},"f":{},"b":{}}
,"D:\\LUMEN\\Lumen-app\\src\\store\\SettingsStore.ts": {"path":"D:\\LUMEN\\Lumen-app\\src\\store\\SettingsStore.ts","statementMap":{"0":{"start":{"line":6,"column":49},"end":{"line":9,"column":1}}},"fnMap":{},"branchMap":{},"s":{"0":0},"f":{},"b":{}}
,"D:\\LUMEN\\Lumen-app\\src\\store\\ThemeStore.ts": {"path":"D:\\LUMEN\\Lumen-app\\src\\store\\ThemeStore.ts","statementMap":{"0":{"start":{"line":6,"column":43},"end":{"line":9,"column":1}}},"fnMap":{},"branchMap":{},"s":{"0":0},"f":{},"b":{}}
,"D:\\LUMEN\\Lumen-app\\src\\store\\UserStore.ts": {"path":"D:\\LUMEN\\Lumen-app\\src\\store\\UserStore.ts","statementMap":{"0":{"start":{"line":6,"column":41},"end":{"line":9,"column":1}}},"fnMap":{},"branchMap":{},"s":{"0":0},"f":{},"b":{}}
,"D:\\LUMEN\\Lumen-app\\src\\store\\index.ts": {"path":"D:\\LUMEN\\Lumen-app\\src\\store\\index.ts","statementMap":{},"fnMap":{},"branchMap":{},"s":{},"f":{},"b":{}}
,"D:\\LUMEN\\Lumen-app\\src\\theme\\Animation.ts": {"path":"D:\\LUMEN\\Lumen-app\\src\\theme\\Animation.ts","statementMap":{"0":{"start":{"line":1,"column":26},"end":{"line":5,"column":10}}},"fnMap":{},"branchMap":{},"s":{"0":0},"f":{},"b":{}}
,"D:\\LUMEN\\Lumen-app\\src\\theme\\Colors.ts": {"path":"D:\\LUMEN\\Lumen-app\\src\\theme\\Colors.ts","statementMap":{"0":{"start":{"line":1,"column":33},"end":{"line":8,"column":1}},"1":{"start":{"line":10,"column":31},"end":{"line":17,"column":1}}},"fnMap":{},"branchMap":{},"s":{"0":0,"1":0},"f":{},"b":{}}
,"D:\\LUMEN\\Lumen-app\\src\\theme\\DarkTheme.ts": {"path":"D:\\LUMEN\\Lumen-app\\src\\theme\\DarkTheme.ts","statementMap":{"0":{"start":{"line":6,"column":25},"end":{"line":11,"column":10}}},"fnMap":{},"branchMap":{},"s":{"0":0},"f":{},"b":{}}
,"D:\\LUMEN\\Lumen-app\\src\\theme\\Elevation.ts": {"path":"D:\\LUMEN\\Lumen-app\\src\\theme\\Elevation.ts","statementMap":{"0":{"start":{"line":1,"column":26},"end":{"line":6,"column":10}}},"fnMap":{},"branchMap":{},"s":{"0":0},"f":{},"b":{}}
,"D:\\LUMEN\\Lumen-app\\src\\theme\\Index.ts": {"path":"D:\\LUMEN\\Lumen-app\\src\\theme\\Index.ts","statementMap":{},"fnMap":{},"branchMap":{},"s":{},"f":{},"b":{}}
,"D:\\LUMEN\\Lumen-app\\src\\theme\\LightTheme.ts": {"path":"D:\\LUMEN\\Lumen-app\\src\\theme\\LightTheme.ts","statementMap":{"0":{"start":{"line":6,"column":26},"end":{"line":11,"column":10}}},"fnMap":{},"branchMap":{},"s":{"0":0},"f":{},"b":{}}
,"D:\\LUMEN\\Lumen-app\\src\\theme\\Radius.ts": {"path":"D:\\LUMEN\\Lumen-app\\src\\theme\\Radius.ts","statementMap":{"0":{"start":{"line":1,"column":23},"end":{"line":7,"column":10}}},"fnMap":{},"branchMap":{},"s":{"0":0},"f":{},"b":{}}
,"D:\\LUMEN\\Lumen-app\\src\\theme\\Shadows.ts": {"path":"D:\\LUMEN\\Lumen-app\\src\\theme\\Shadows.ts","statementMap":{},"fnMap":{},"branchMap":{},"s":{},"f":{},"b":{}}
,"D:\\LUMEN\\Lumen-app\\src\\theme\\Spacing.ts": {"path":"D:\\LUMEN\\Lumen-app\\src\\theme\\Spacing.ts","statementMap":{"0":{"start":{"line":1,"column":24},"end":{"line":8,"column":10}}},"fnMap":{},"branchMap":{},"s":{"0":0},"f":{},"b":{}}
,"D:\\LUMEN\\Lumen-app\\src\\theme\\Tokens.ts": {"path":"D:\\LUMEN\\Lumen-app\\src\\theme\\Tokens.ts","statementMap":{"0":{"start":{"line":6,"column":27},"end":{"line":14,"column":10}}},"fnMap":{},"branchMap":{},"s":{"0":0},"f":{},"b":{}}
,"D:\\LUMEN\\Lumen-app\\src\\theme\\Typography.ts": {"path":"D:\\LUMEN\\Lumen-app\\src\\theme\\Typography.ts","statementMap":{"0":{"start":{"line":1,"column":27},"end":{"line":7,"column":10}}},"fnMap":{},"branchMap":{},"s":{"0":0},"f":{},"b":{}}
,"D:\\LUMEN\\Lumen-app\\src\\types\\Api.ts": {"path":"D:\\LUMEN\\Lumen-app\\src\\types\\Api.ts","statementMap":{},"fnMap":{},"branchMap":{},"s":{},"f":{},"b":{}}
,"D:\\LUMEN\\Lumen-app\\src\\types\\Auth.ts": {"path":"D:\\LUMEN\\Lumen-app\\src\\types\\Auth.ts","statementMap":{},"fnMap":{},"branchMap":{},"s":{},"f":{},"b":{}}
,"D:\\LUMEN\\Lumen-app\\src\\types\\Common.ts": {"path":"D:\\LUMEN\\Lumen-app\\src\\types\\Common.ts","statementMap":{},"fnMap":{},"branchMap":{},"s":{},"f":{},"b":{}}
,"D:\\LUMEN\\Lumen-app\\src\\types\\Map.ts": {"path":"D:\\LUMEN\\Lumen-app\\src\\types\\Map.ts","statementMap":{},"fnMap":{},"branchMap":{},"s":{},"f":{},"b":{}}
,"D:\\LUMEN\\Lumen-app\\src\\types\\Notification.ts": {"path":"D:\\LUMEN\\Lumen-app\\src\\types\\Notification.ts","statementMap":{},"fnMap":{},"branchMap":{},"s":{},"f":{},"b":{}}
,"D:\\LUMEN\\Lumen-app\\src\\types\\Report.ts": {"path":"D:\\LUMEN\\Lumen-app\\src\\types\\Report.ts","statementMap":{},"fnMap":{},"branchMap":{},"s":{},"f":{},"b":{}}
,"D:\\LUMEN\\Lumen-app\\src\\types\\User.ts": {"path":"D:\\LUMEN\\Lumen-app\\src\\types\\User.ts","statementMap":{},"fnMap":{},"branchMap":{},"s":{},"f":{},"b":{}}
,"D:\\LUMEN\\Lumen-app\\src\\types\\index.ts": {"path":"D:\\LUMEN\\Lumen-app\\src\\types\\index.ts","statementMap":{},"fnMap":{},"branchMap":{},"s":{},"f":{},"b":{}}
,"D:\\LUMEN\\Lumen-app\\src\\utils\\Compression.ts": {"path":"D:\\LUMEN\\Lumen-app\\src\\utils\\Compression.ts","statementMap":{"0":{"start":{"line":2,"column":2},"end":{"line":2,"column":15}},"1":{"start":{"line":6,"column":2},"end":{"line":6,"column":15}}},"fnMap":{"0":{"name":"compressText","decl":{"start":{"line":1,"column":17},"end":{"line":1,"column":29}},"loc":{"start":{"line":1,"column":53},"end":{"line":3,"column":1}},"line":1},"1":{"name":"decompressText","decl":{"start":{"line":5,"column":16},"end":{"line":5,"column":30}},"loc":{"start":{"line":5,"column":54},"end":{"line":7,"column":1}},"line":5}},"branchMap":{},"s":{"0":0,"1":0},"f":{"0":0,"1":0},"b":{}}
,"D:\\LUMEN\\Lumen-app\\src\\utils\\Date.ts": {"path":"D:\\LUMEN\\Lumen-app\\src\\utils\\Date.ts","statementMap":{"0":{"start":{"line":2,"column":2},"end":{"line":2,"column":29}},"1":{"start":{"line":6,"column":2},"end":{"line":6,"column":74}}},"fnMap":{"0":{"name":"formatDate","decl":{"start":{"line":1,"column":17},"end":{"line":1,"column":27}},"loc":{"start":{"line":1,"column":49},"end":{"line":3,"column":1}},"line":1},"1":{"name":"startOfDay","decl":{"start":{"line":5,"column":16},"end":{"line":5,"column":26}},"loc":{"start":{"line":5,"column":46},"end":{"line":7,"column":1}},"line":5}},"branchMap":{},"s":{"0":0,"1":0},"f":{"0":0,"1":0},"b":{}}
,"D:\\LUMEN\\Lumen-app\\src\\utils\\Encryption.ts": {"path":"D:\\LUMEN\\Lumen-app\\src\\utils\\Encryption.ts","statementMap":{"0":{"start":{"line":2,"column":2},"end":{"line":2,"column":15}},"1":{"start":{"line":6,"column":2},"end":{"line":6,"column":15}}},"fnMap":{"0":{"name":"encryptText","decl":{"start":{"line":1,"column":17},"end":{"line":1,"column":28}},"loc":{"start":{"line":1,"column":52},"end":{"line":3,"column":1}},"line":1},"1":{"name":"decryptText","decl":{"start":{"line":5,"column":16},"end":{"line":5,"column":27}},"loc":{"start":{"line":5,"column":51},"end":{"line":7,"column":1}},"line":5}},"branchMap":{},"s":{"0":0,"1":0},"f":{"0":0,"1":0},"b":{}}
,"D:\\LUMEN\\Lumen-app\\src\\utils\\File.ts": {"path":"D:\\LUMEN\\Lumen-app\\src\\utils\\File.ts","statementMap":{"0":{"start":{"line":8,"column":2},"end":{"line":8,"column":30}}},"fnMap":{"0":{"name":"createFileDescriptor","decl":{"start":{"line":7,"column":16},"end":{"line":7,"column":36}},"loc":{"start":{"line":7,"column":95},"end":{"line":9,"column":1}},"line":7}},"branchMap":{},"s":{"0":0},"f":{"0":0},"b":{}}
,"D:\\LUMEN\\Lumen-app\\src\\utils\\Formatter.ts": {"path":"D:\\LUMEN\\Lumen-app\\src\\utils\\Formatter.ts","statementMap":{"0":{"start":{"line":2,"column":2},"end":{"line":5,"column":20}},"1":{"start":{"line":9,"column":2},"end":{"line":9,"column":54}}},"fnMap":{"0":{"name":"formatCurrency","decl":{"start":{"line":1,"column":17},"end":{"line":1,"column":31}},"loc":{"start":{"line":1,"column":74},"end":{"line":6,"column":1}},"line":1},"1":{"name":"formatNumber","decl":{"start":{"line":8,"column":16},"end":{"line":8,"column":28}},"loc":{"start":{"line":8,"column":52},"end":{"line":10,"column":1}},"line":8}},"branchMap":{"0":{"loc":{"start":{"line":1,"column":48},"end":{"line":1,"column":64}},"type":"default-arg","locations":[{"start":{"line":1,"column":59},"end":{"line":1,"column":64}}],"line":1}},"s":{"0":0,"1":0},"f":{"0":0,"1":0},"b":{"0":[0]}}
,"D:\\LUMEN\\Lumen-app\\src\\utils\\Image.ts": {"path":"D:\\LUMEN\\Lumen-app\\src\\utils\\Image.ts","statementMap":{"0":{"start":{"line":8,"column":2},"end":{"line":8,"column":32}}},"fnMap":{"0":{"name":"createImageReference","decl":{"start":{"line":7,"column":16},"end":{"line":7,"column":36}},"loc":{"start":{"line":7,"column":99},"end":{"line":9,"column":1}},"line":7}},"branchMap":{},"s":{"0":0},"f":{"0":0},"b":{}}
,"D:\\LUMEN\\Lumen-app\\src\\utils\\Logger.ts": {"path":"D:\\LUMEN\\Lumen-app\\src\\utils\\Logger.ts","statementMap":{"0":{"start":{"line":13,"column":22},"end":{"line":13,"column":46}},"1":{"start":{"line":14,"column":23},"end":{"line":14,"column":69}},"2":{"start":{"line":15,"column":4},"end":{"line":15,"column":63}},"3":{"start":{"line":19,"column":4},"end":{"line":19,"column":52}},"4":{"start":{"line":23,"column":4},"end":{"line":23,"column":53}},"5":{"start":{"line":27,"column":4},"end":{"line":27,"column":55}},"6":{"start":{"line":31,"column":34},"end":{"line":31,"column":38}},"7":{"start":{"line":34,"column":2},"end":{"line":36,"column":3}},"8":{"start":{"line":35,"column":4},"end":{"line":35,"column":39}},"9":{"start":{"line":37,"column":2},"end":{"line":37,"column":22}}},"fnMap":{"0":{"name":"(anonymous_0)","decl":{"start":{"line":8,"column":2},"end":{"line":8,"column":3}},"loc":{"start":{"line":12,"column":12},"end":{"line":16,"column":3}},"line":12},"1":{"name":"(anonymous_1)","decl":{"start":{"line":18,"column":2},"end":{"line":18,"column":3}},"loc":{"start":{"line":18,"column":62},"end":{"line":20,"column":3}},"line":18},"2":{"name":"(anonymous_2)","decl":{"start":{"line":22,"column":2},"end":{"line":22,"column":3}},"loc":{"start":{"line":22,"column":62},"end":{"line":24,"column":3}},"line":22},"3":{"name":"(anonymous_3)","decl":{"start":{"line":26,"column":2},"end":{"line":26,"column":3}},"loc":{"start":{"line":26,"column":63},"end":{"line":28,"column":3}},"line":26},"4":{"name":"createLogger","decl":{"start":{"line":33,"column":16},"end":{"line":33,"column":28}},"loc":{"start":{"line":33,"column":39},"end":{"line":38,"column":1}},"line":33}},"branchMap":{"0":{"loc":{"start":{"line":14,"column":23},"end":{"line":14,"column":69}},"type":"cond-expr","locations":[{"start":{"line":14,"column":30},"end":{"line":14,"column":64}},{"start":{"line":14,"column":67},"end":{"line":14,"column":69}}],"line":14},"1":{"loc":{"start":{"line":34,"column":2},"end":{"line":36,"column":3}},"type":"if","locations":[{"start":{"line":34,"column":2},"end":{"line":36,"column":3}},{"start":{},"end":{}}],"line":34}},"s":{"0":0,"1":0,"2":0,"3":0,"4":0,"5":0,"6":0,"7":0,"8":0,"9":0},"f":{"0":0,"1":0,"2":0,"3":0,"4":0},"b":{"0":[0,0],"1":[0,0]}}
,"D:\\LUMEN\\Lumen-app\\src\\utils\\Network.ts": {"path":"D:\\LUMEN\\Lumen-app\\src\\utils\\Network.ts","statementMap":{"0":{"start":{"line":7,"column":2},"end":{"line":10,"column":4}}},"fnMap":{"0":{"name":"createNetworkState","decl":{"start":{"line":6,"column":16},"end":{"line":6,"column":34}},"loc":{"start":{"line":6,"column":51},"end":{"line":11,"column":1}},"line":6}},"branchMap":{},"s":{"0":0},"f":{"0":0},"b":{}}
,"D:\\LUMEN\\Lumen-app\\src\\utils\\Permission.ts": {"path":"D:\\LUMEN\\Lumen-app\\src\\utils\\Permission.ts","statementMap":{},"fnMap":{},"branchMap":{},"s":{},"f":{},"b":{}}
,"D:\\LUMEN\\Lumen-app\\src\\utils\\Permissions.ts": {"path":"D:\\LUMEN\\Lumen-app\\src\\utils\\Permissions.ts","statementMap":{"0":{"start":{"line":8,"column":2},"end":{"line":12,"column":4}}},"fnMap":{"0":{"name":"createPermissionGrantMap","decl":{"start":{"line":7,"column":16},"end":{"line":7,"column":40}},"loc":{"start":{"line":7,"column":63},"end":{"line":13,"column":1}},"line":7}},"branchMap":{},"s":{"0":0},"f":{"0":0},"b":{}}
,"D:\\LUMEN\\Lumen-app\\src\\utils\\Upload.ts": {"path":"D:\\LUMEN\\Lumen-app\\src\\utils\\Upload.ts","statementMap":{"0":{"start":{"line":7,"column":2},"end":{"line":7,"column":32}}},"fnMap":{"0":{"name":"createUploadDescriptor","decl":{"start":{"line":6,"column":16},"end":{"line":6,"column":38}},"loc":{"start":{"line":6,"column":89},"end":{"line":8,"column":1}},"line":6}},"branchMap":{"0":{"loc":{"start":{"line":6,"column":57},"end":{"line":6,"column":69}},"type":"default-arg","locations":[{"start":{"line":6,"column":68},"end":{"line":6,"column":69}}],"line":6}},"s":{"0":0},"f":{"0":0},"b":{"0":[0]}}
,"D:\\LUMEN\\Lumen-app\\src\\utils\\Validator.ts": {"path":"D:\\LUMEN\\Lumen-app\\src\\utils\\Validator.ts","statementMap":{"0":{"start":{"line":7,"column":2},"end":{"line":9,"column":4}}},"fnMap":{"0":{"name":"validateRequired","decl":{"start":{"line":6,"column":16},"end":{"line":6,"column":32}},"loc":{"start":{"line":6,"column":67},"end":{"line":10,"column":1}},"line":6}},"branchMap":{"0":{"loc":{"start":{"line":8,"column":11},"end":{"line":8,"column":64}},"type":"binary-expr","locations":[{"start":{"line":8,"column":11},"end":{"line":8,"column":25}},{"start":{"line":8,"column":29},"end":{"line":8,"column":48}},{"start":{"line":8,"column":52},"end":{"line":8,"column":64}}],"line":8}},"s":{"0":0},"f":{"0":0},"b":{"0":[0,0,0]}}
,"D:\\LUMEN\\Lumen-app\\src\\utils\\Validators.ts": {"path":"D:\\LUMEN\\Lumen-app\\src\\utils\\Validators.ts","statementMap":{"0":{"start":{"line":4,"column":2},"end":{"line":4,"column":62}}},"fnMap":{"0":{"name":"isNonEmptyString","decl":{"start":{"line":3,"column":16},"end":{"line":3,"column":32}},"loc":{"start":{"line":3,"column":66},"end":{"line":5,"column":1}},"line":3}},"branchMap":{"0":{"loc":{"start":{"line":4,"column":9},"end":{"line":4,"column":61}},"type":"binary-expr","locations":[{"start":{"line":4,"column":9},"end":{"line":4,"column":34}},{"start":{"line":4,"column":38},"end":{"line":4,"column":61}}],"line":4}},"s":{"0":0},"f":{"0":0},"b":{"0":[0,0]}}
,"D:\\LUMEN\\Lumen-app\\src\\utils\\index.ts": {"path":"D:\\LUMEN\\Lumen-app\\src\\utils\\index.ts","statementMap":{},"fnMap":{},"branchMap":{},"s":{},"f":{},"b":{}}
}
