{"D:\\LUMEN\\Lumen-app\\src\\assets\\animations\\index.ts": {"path":"D:\\LUMEN\\Lumen-app\\src\\assets\\animations\\index.ts","statementMap":{},"fnMap":{},"branchMap":{},"s":{},"f":{},"b":{}}
,"D:\\LUMEN\\Lumen-app\\src\\assets\\fonts\\index.ts": {"path":"D:\\LUMEN\\Lumen-app\\src\\assets\\fonts\\index.ts","statementMap":{},"fnMap":{},"branchMap":{},"s":{},"f":{},"b":{}}
,"D:\\LUMEN\\Lumen-app\\src\\assets\\icons\\index.ts": {"path":"D:\\LUMEN\\Lumen-app\\src\\assets\\icons\\index.ts","statementMap":{},"fnMap":{},"branchMap":{},"s":{},"f":{},"b":{}}
,"D:\\LUMEN\\Lumen-app\\src\\assets\\illuatrations\\index.ts": {"path":"D:\\LUMEN\\Lumen-app\\src\\assets\\illuatrations\\index.ts","statementMap":{},"fnMap":{},"branchMap":{},"s":{},"f":{},"b":{}}
,"D:\\LUMEN\\Lumen-app\\src\\assets\\images\\index.ts": {"path":"D:\\LUMEN\\Lumen-app\\src\\assets\\images\\index.ts","statementMap":{},"fnMap":{},"branchMap":{},"s":{},"f":{},"b":{}}
,"D:\\LUMEN\\Lumen-app\\src\\assets\\logos\\index.ts": {"path":"D:\\LUMEN\\Lumen-app\\src\\assets\\logos\\index.ts","statementMap":{},"fnMap":{},"branchMap":{},"s":{},"f":{},"b":{}}
,"D:\\LUMEN\\Lumen-app\\src\\assets\\lottie\\index.ts": {"path":"D:\\LUMEN\\Lumen-app\\src\\assets\\lottie\\index.ts","statementMap":{},"fnMap":{},"branchMap":{},"s":{},"f":{},"b":{}}
,"D:\\LUMEN\\Lumen-app\\src\\components\\index.ts": {"path":"D:\\LUMEN\\Lumen-app\\src\\components\\index.ts","statementMap":{},"fnMap":{},"branchMap":{},"s":{},"f":{},"b":{}}
,"D:\\LUMEN\\Lumen-app\\src\\components\\analytics\\Component.tsx": {"path":"D:\\LUMEN\\Lumen-app\\src\\components\\analytics\\Component.tsx","statementMap":{"0":{"start":{"line":4,"column":2},"end":{"line":4,"column":13}},"1":{"start":{"line":5,"column":2},"end":{"line":5,"column":14}}},"fnMap":{"0":{"name":"Component","decl":{"start":{"line":3,"column":16},"end":{"line":3,"column":25}},"loc":{"start":{"line":3,"column":49},"end":{"line":6,"column":1}},"line":3}},"branchMap":{},"s":{"0":0,"1":0},"f":{"0":0},"b":{}}
,"D:\\LUMEN\\Lumen-app\\src\\components\\analytics\\index.ts": {"path":"D:\\LUMEN\\Lumen-app\\src\\components\\analytics\\index.ts","statementMap":{},"fnMap":{},"branchMap":{},"s":{},"f":{},"b":{}}
,"D:\\LUMEN\\Lumen-app\\src\\components\\avatar\\Avatar.tsx": {"path":"D:\\LUMEN\\Lumen-app\\src\\components\\avatar\\Avatar.tsx","statementMap":{"0":{"start":{"line":4,"column":2},"end":{"line":4,"column":13}},"1":{"start":{"line":5,"column":2},"end":{"line":5,"column":14}}},"fnMap":{"0":{"name":"Avatar","decl":{"start":{"line":3,"column":16},"end":{"line":3,"column":22}},"loc":{"start":{"line":3,"column":43},"end":{"line":6,"column":1}},"line":3}},"branchMap":{},"s":{"0":0,"1":0},"f":{"0":0},"b":{}}
,"D:\\LUMEN\\Lumen-app\\src\\components\\avatar\\Component.tsx": {"path":"D:\\LUMEN\\Lumen-app\\src\\components\\avatar\\Component.tsx","statementMap":{"0":{"start":{"line":4,"column":15},"end":{"line":17,"column":2}},"1":{"start":{"line":20,"column":2},"end":{"line":24,"column":4}}},"fnMap":{"0":{"name":"Component","decl":{"start":{"line":19,"column":16},"end":{"line":19,"column":25}},"loc":{"start":{"line":19,"column":49},"end":{"line":25,"column":1}},"line":19}},"branchMap":{"0":{"loc":{"start":{"line":22,"column":34},"end":{"line":22,"column":55}},"type":"binary-expr","locations":[{"start":{"line":22,"column":34},"end":{"line":22,"column":48}},{"start":{"line":22,"column":52},"end":{"line":22,"column":55}}],"line":22}},"s":{"0":0,"1":0},"f":{"0":0},"b":{"0":[0,0]}}
,"D:\\LUMEN\\Lumen-app\\src\\components\\avatar\\index.ts": {"path":"D:\\LUMEN\\Lumen-app\\src\\components\\avatar\\index.ts","statementMap":{},"fnMap":{},"branchMap":{},"s":{},"f":{},"b":{}}
,"D:\\LUMEN\\Lumen-app\\src\\components\\badge\\Badge.tsx": {"path":"D:\\LUMEN\\Lumen-app\\src\\components\\badge\\Badge.tsx","statementMap":{"0":{"start":{"line":4,"column":2},"end":{"line":4,"column":13}},"1":{"start":{"line":5,"column":2},"end":{"line":5,"column":14}}},"fnMap":{"0":{"name":"Badge","decl":{"start":{"line":3,"column":16},"end":{"line":3,"column":21}},"loc":{"start":{"line":3,"column":41},"end":{"line":6,"column":1}},"line":3}},"branchMap":{},"s":{"0":0,"1":0},"f":{"0":0},"b":{}}
,"D:\\LUMEN\\Lumen-app\\src\\components\\badge\\Component.tsx": {"path":"D:\\LUMEN\\Lumen-app\\src\\components\\badge\\Component.tsx","statementMap":{"0":{"start":{"line":4,"column":15},"end":{"line":19,"column":2}},"1":{"start":{"line":22,"column":2},"end":{"line":26,"column":4}}},"fnMap":{"0":{"name":"Component","decl":{"start":{"line":21,"column":16},"end":{"line":21,"column":25}},"loc":{"start":{"line":21,"column":49},"end":{"line":27,"column":1}},"line":21}},"branchMap":{"0":{"loc":{"start":{"line":24,"column":34},"end":{"line":24,"column":59}},"type":"binary-expr","locations":[{"start":{"line":24,"column":34},"end":{"line":24,"column":48}},{"start":{"line":24,"column":52},"end":{"line":24,"column":59}}],"line":24}},"s":{"0":0,"1":0},"f":{"0":0},"b":{"0":[0,0]}}
,"D:\\LUMEN\\Lumen-app\\src\\components\\badge\\index.ts": {"path":"D:\\LUMEN\\Lumen-app\\src\\components\\badge\\index.ts","statementMap":{},"fnMap":{},"branchMap":{},"s":{},"f":{},"b":{}}
,"D:\\LUMEN\\Lumen-app\\src\\components\\bottom-sheet\\BottomSheet.tsx": {"path":"D:\\LUMEN\\Lumen-app\\src\\components\\bottom-sheet\\BottomSheet.tsx","statementMap":{"0":{"start":{"line":4,"column":2},"end":{"line":4,"column":13}},"1":{"start":{"line":5,"column":2},"end":{"line":5,"column":14}}},"fnMap":{"0":{"name":"BottomSheet","decl":{"start":{"line":3,"column":16},"end":{"line":3,"column":27}},"loc":{"start":{"line":3,"column":53},"end":{"line":6,"column":1}},"line":3}},"branchMap":{},"s":{"0":0,"1":0},"f":{"0":0},"b":{}}
,"D:\\LUMEN\\Lumen-app\\src\\components\\bottom-sheet\\Component.tsx": {"path":"D:\\LUMEN\\Lumen-app\\src\\components\\bottom-sheet\\Component.tsx","statementMap":{"0":{"start":{"line":4,"column":2},"end":{"line":4,"column":13}},"1":{"start":{"line":5,"column":2},"end":{"line":5,"column":14}}},"fnMap":{"0":{"name":"Component","decl":{"start":{"line":3,"column":16},"end":{"line":3,"column":25}},"loc":{"start":{"line":3,"column":49},"end":{"line":6,"column":1}},"line":3}},"branchMap":{},"s":{"0":0,"1":0},"f":{"0":0},"b":{}}
,"D:\\LUMEN\\Lumen-app\\src\\components\\bottom-sheet\\index.ts": {"path":"D:\\LUMEN\\Lumen-app\\src\\components\\bottom-sheet\\index.ts","statementMap":{},"fnMap":{},"branchMap":{},"s":{},"f":{},"b":{}}
,"D:\\LUMEN\\Lumen-app\\src\\components\\buttons\\Button.tsx": {"path":"D:\\LUMEN\\Lumen-app\\src\\components\\buttons\\Button.tsx","statementMap":{"0":{"start":{"line":4,"column":15},"end":{"line":20,"column":2}},"1":{"start":{"line":23,"column":2},"end":{"line":34,"column":4}},"2":{"start":{"line":26,"column":30},"end":{"line":29,"column":7}}},"fnMap":{"0":{"name":"Button","decl":{"start":{"line":22,"column":16},"end":{"line":22,"column":22}},"loc":{"start":{"line":22,"column":43},"end":{"line":35,"column":1}},"line":22},"1":{"name":"(anonymous_1)","decl":{"start":{"line":26,"column":13},"end":{"line":26,"column":14}},"loc":{"start":{"line":26,"column":30},"end":{"line":29,"column":7}},"line":26}},"branchMap":{"0":{"loc":{"start":{"line":28,"column":8},"end":{"line":28,"column":74}},"type":"cond-expr","locations":[{"start":{"line":28,"column":18},"end":{"line":28,"column":67}},{"start":{"line":28,"column":70},"end":{"line":28,"column":74}}],"line":28},"1":{"loc":{"start":{"line":32,"column":13},"end":{"line":32,"column":87}},"type":"cond-expr","locations":[{"start":{"line":32,"column":30},"end":{"line":32,"column":80}},{"start":{"line":32,"column":83},"end":{"line":32,"column":87}}],"line":32}},"s":{"0":0,"1":0,"2":0},"f":{"0":0,"1":0},"b":{"0":[0,0],"1":[0,0]}}
,"D:\\LUMEN\\Lumen-app\\src\\components\\buttons\\Component.tsx": {"path":"D:\\LUMEN\\Lumen-app\\src\\components\\buttons\\Component.tsx","statementMap":{"0":{"start":{"line":4,"column":2},"end":{"line":4,"column":13}},"1":{"start":{"line":5,"column":2},"end":{"line":5,"column":14}}},"fnMap":{"0":{"name":"Component","decl":{"start":{"line":3,"column":16},"end":{"line":3,"column":25}},"loc":{"start":{"line":3,"column":49},"end":{"line":6,"column":1}},"line":3}},"branchMap":{},"s":{"0":0,"1":0},"f":{"0":0},"b":{}}
,"D:\\LUMEN\\Lumen-app\\src\\components\\buttons\\index.ts": {"path":"D:\\LUMEN\\Lumen-app\\src\\components\\buttons\\index.ts","statementMap":{},"fnMap":{},"branchMap":{},"s":{},"f":{},"b":{}}
,"D:\\LUMEN\\Lumen-app\\src\\components\\camera\\Component.tsx": {"path":"D:\\LUMEN\\Lumen-app\\src\\components\\camera\\Component.tsx","statementMap":{"0":{"start":{"line":4,"column":2},"end":{"line":4,"column":13}},"1":{"start":{"line":5,"column":2},"end":{"line":5,"column":14}}},"fnMap":{"0":{"name":"Component","decl":{"start":{"line":3,"column":16},"end":{"line":3,"column":25}},"loc":{"start":{"line":3,"column":49},"end":{"line":6,"column":1}},"line":3}},"branchMap":{},"s":{"0":0,"1":0},"f":{"0":0},"b":{}}
,"D:\\LUMEN\\Lumen-app\\src\\components\\camera\\index.ts": {"path":"D:\\LUMEN\\Lumen-app\\src\\components\\camera\\index.ts","statementMap":{},"fnMap":{},"branchMap":{},"s":{},"f":{},"b":{}}
,"D:\\LUMEN\\Lumen-app\\src\\components\\cards\\Card.tsx": {"path":"D:\\LUMEN\\Lumen-app\\src\\components\\cards\\Card.tsx","statementMap":{"0":{"start":{"line":4,"column":2},"end":{"line":4,"column":13}},"1":{"start":{"line":5,"column":2},"end":{"line":5,"column":14}}},"fnMap":{"0":{"name":"Card","decl":{"start":{"line":3,"column":16},"end":{"line":3,"column":20}},"loc":{"start":{"line":3,"column":39},"end":{"line":6,"column":1}},"line":3}},"branchMap":{},"s":{"0":0,"1":0},"f":{"0":0},"b":{}}
,"D:\\LUMEN\\Lumen-app\\src\\components\\cards\\Component.tsx": {"path":"D:\\LUMEN\\Lumen-app\\src\\components\\cards\\Component.tsx","statementMap":{"0":{"start":{"line":4,"column":15},"end":{"line":16,"column":2}},"1":{"start":{"line":19,"column":2},"end":{"line":23,"column":4}}},"fnMap":{"0":{"name":"Component","decl":{"start":{"line":18,"column":16},"end":{"line":18,"column":25}},"loc":{"start":{"line":18,"column":49},"end":{"line":24,"column":1}},"line":18}},"branchMap":{},"s":{"0":0,"1":0},"f":{"0":0},"b":{}}
,"D:\\LUMEN\\Lumen-app\\src\\components\\cards\\index.ts": {"path":"D:\\LUMEN\\Lumen-app\\src\\components\\cards\\index.ts","statementMap":{},"fnMap":{},"branchMap":{},"s":{},"f":{},"b":{}}
,"D:\\LUMEN\\Lumen-app\\src\\components\\charts\\Chart.tsx": {"path":"D:\\LUMEN\\Lumen-app\\src\\components\\charts\\Chart.tsx","statementMap":{"0":{"start":{"line":4,"column":2},"end":{"line":4,"column":13}},"1":{"start":{"line":5,"column":2},"end":{"line":5,"column":14}}},"fnMap":{"0":{"name":"Chart","decl":{"start":{"line":3,"column":16},"end":{"line":3,"column":21}},"loc":{"start":{"line":3,"column":41},"end":{"line":6,"column":1}},"line":3}},"branchMap":{},"s":{"0":0,"1":0},"f":{"0":0},"b":{}}
,"D:\\LUMEN\\Lumen-app\\src\\components\\charts\\Component.tsx": {"path":"D:\\LUMEN\\Lumen-app\\src\\components\\charts\\Component.tsx","statementMap":{"0":{"start":{"line":4,"column":2},"end":{"line":4,"column":13}},"1":{"start":{"line":5,"column":2},"end":{"line":5,"column":14}}},"fnMap":{"0":{"name":"Component","decl":{"start":{"line":3,"column":16},"end":{"line":3,"column":25}},"loc":{"start":{"line":3,"column":49},"end":{"line":6,"column":1}},"line":3}},"branchMap":{},"s":{"0":0,"1":0},"f":{"0":0},"b":{}}
,"D:\\LUMEN\\Lumen-app\\src\\components\\charts\\index.ts": {"path":"D:\\LUMEN\\Lumen-app\\src\\components\\charts\\index.ts","statementMap":{},"fnMap":{},"branchMap":{},"s":{},"f":{},"b":{}}
,"D:\\LUMEN\\Lumen-app\\src\\components\\chips\\Chip.tsx": {"path":"D:\\LUMEN\\Lumen-app\\src\\components\\chips\\Chip.tsx","statementMap":{"0":{"start":{"line":4,"column":2},"end":{"line":4,"column":13}},"1":{"start":{"line":5,"column":2},"end":{"line":5,"column":14}}},"fnMap":{"0":{"name":"Chip","decl":{"start":{"line":3,"column":16},"end":{"line":3,"column":20}},"loc":{"start":{"line":3,"column":39},"end":{"line":6,"column":1}},"line":3}},"branchMap":{},"s":{"0":0,"1":0},"f":{"0":0},"b":{}}
,"D:\\LUMEN\\Lumen-app\\src\\components\\chips\\Component.tsx": {"path":"D:\\LUMEN\\Lumen-app\\src\\components\\chips\\Component.tsx","statementMap":{"0":{"start":{"line":4,"column":2},"end":{"line":4,"column":13}},"1":{"start":{"line":5,"column":2},"end":{"line":5,"column":14}}},"fnMap":{"0":{"name":"Component","decl":{"start":{"line":3,"column":16},"end":{"line":3,"column":25}},"loc":{"start":{"line":3,"column":49},"end":{"line":6,"column":1}},"line":3}},"branchMap":{},"s":{"0":0,"1":0},"f":{"0":0},"b":{}}
,"D:\\LUMEN\\Lumen-app\\src\\components\\chips\\index.ts": {"path":"D:\\LUMEN\\Lumen-app\\src\\components\\chips\\index.ts","statementMap":{},"fnMap":{},"branchMap":{},"s":{},"f":{},"b":{}}
,"D:\\LUMEN\\Lumen-app\\src\\components\\dialogs\\Component.tsx": {"path":"D:\\LUMEN\\Lumen-app\\src\\components\\dialogs\\Component.tsx","statementMap":{"0":{"start":{"line":4,"column":2},"end":{"line":4,"column":13}},"1":{"start":{"line":5,"column":2},"end":{"line":5,"column":14}}},"fnMap":{"0":{"name":"Component","decl":{"start":{"line":3,"column":16},"end":{"line":3,"column":25}},"loc":{"start":{"line":3,"column":49},"end":{"line":6,"column":1}},"line":3}},"branchMap":{},"s":{"0":0,"1":0},"f":{"0":0},"b":{}}
,"D:\\LUMEN\\Lumen-app\\src\\components\\dialogs\\Dialog.tsx": {"path":"D:\\LUMEN\\Lumen-app\\src\\components\\dialogs\\Dialog.tsx","statementMap":{"0":{"start":{"line":4,"column":2},"end":{"line":4,"column":13}},"1":{"start":{"line":5,"column":2},"end":{"line":5,"column":14}}},"fnMap":{"0":{"name":"Dialog","decl":{"start":{"line":3,"column":16},"end":{"line":3,"column":22}},"loc":{"start":{"line":3,"column":43},"end":{"line":6,"column":1}},"line":3}},"branchMap":{},"s":{"0":0,"1":0},"f":{"0":0},"b":{}}
,"D:\\LUMEN\\Lumen-app\\src\\components\\dialogs\\index.ts": {"path":"D:\\LUMEN\\Lumen-app\\src\\components\\dialogs\\index.ts","statementMap":{},"fnMap":{},"branchMap":{},"s":{},"f":{},"b":{}}
,"D:\\LUMEN\\Lumen-app\\src\\components\\empty-state\\Component.tsx": {"path":"D:\\LUMEN\\Lumen-app\\src\\components\\empty-state\\Component.tsx","statementMap":{"0":{"start":{"line":4,"column":15},"end":{"line":20,"column":2}},"1":{"start":{"line":23,"column":2},"end":{"line":27,"column":4}}},"fnMap":{"0":{"name":"Component","decl":{"start":{"line":22,"column":16},"end":{"line":22,"column":25}},"loc":{"start":{"line":22,"column":49},"end":{"line":28,"column":1}},"line":22}},"branchMap":{"0":{"loc":{"start":{"line":25,"column":33},"end":{"line":25,"column":69}},"type":"binary-expr","locations":[{"start":{"line":25,"column":33},"end":{"line":25,"column":47}},{"start":{"line":25,"column":51},"end":{"line":25,"column":69}}],"line":25}},"s":{"0":0,"1":0},"f":{"0":0},"b":{"0":[0,0]}}
,"D:\\LUMEN\\Lumen-app\\src\\components\\empty-state\\EmptyState.tsx": {"path":"D:\\LUMEN\\Lumen-app\\src\\components\\empty-state\\EmptyState.tsx","statementMap":{"0":{"start":{"line":4,"column":2},"end":{"line":4,"column":13}},"1":{"start":{"line":5,"column":2},"end":{"line":5,"column":14}}},"fnMap":{"0":{"name":"EmptyState","decl":{"start":{"line":3,"column":16},"end":{"line":3,"column":26}},"loc":{"start":{"line":3,"column":51},"end":{"line":6,"column":1}},"line":3}},"branchMap":{},"s":{"0":0,"1":0},"f":{"0":0},"b":{}}
,"D:\\LUMEN\\Lumen-app\\src\\components\\empty-state\\index.ts": {"path":"D:\\LUMEN\\Lumen-app\\src\\components\\empty-state\\index.ts","statementMap":{},"fnMap":{},"branchMap":{},"s":{},"f":{},"b":{}}
,"D:\\LUMEN\\Lumen-app\\src\\components\\error-state\\Component.tsx": {"path":"D:\\LUMEN\\Lumen-app\\src\\components\\error-state\\Component.tsx","statementMap":{"0":{"start":{"line":4,"column":15},"end":{"line":19,"column":2}},"1":{"start":{"line":22,"column":2},"end":{"line":26,"column":4}}},"fnMap":{"0":{"name":"Component","decl":{"start":{"line":21,"column":16},"end":{"line":21,"column":25}},"loc":{"start":{"line":21,"column":49},"end":{"line":27,"column":1}},"line":21}},"branchMap":{"0":{"loc":{"start":{"line":24,"column":33},"end":{"line":24,"column":73}},"type":"binary-expr","locations":[{"start":{"line":24,"column":33},"end":{"line":24,"column":47}},{"start":{"line":24,"column":51},"end":{"line":24,"column":73}}],"line":24}},"s":{"0":0,"1":0},"f":{"0":0},"b":{"0":[0,0]}}
,"D:\\LUMEN\\Lumen-app\\src\\components\\error-state\\ErrorState.tsx": {"path":"D:\\LUMEN\\Lumen-app\\src\\components\\error-state\\ErrorState.tsx","statementMap":{"0":{"start":{"line":4,"column":2},"end":{"line":4,"column":13}},"1":{"start":{"line":5,"column":2},"end":{"line":5,"column":14}}},"fnMap":{"0":{"name":"ErrorState","decl":{"start":{"line":3,"column":16},"end":{"line":3,"column":26}},"loc":{"start":{"line":3,"column":51},"end":{"line":6,"column":1}},"line":3}},"branchMap":{},"s":{"0":0,"1":0},"f":{"0":0},"b":{}}
,"D:\\LUMEN\\Lumen-app\\src\\components\\error-state\\index.ts": {"path":"D:\\LUMEN\\Lumen-app\\src\\components\\error-state\\index.ts","statementMap":{},"fnMap":{},"branchMap":{},"s":{},"f":{},"b":{}}
,"D:\\LUMEN\\Lumen-app\\src\\components\\inputs\\Component.tsx": {"path":"D:\\LUMEN\\Lumen-app\\src\\components\\inputs\\Component.tsx","statementMap":{"0":{"start":{"line":4,"column":15},"end":{"line":19,"column":2}},"1":{"start":{"line":22,"column":2},"end":{"line":26,"column":4}}},"fnMap":{"0":{"name":"Component","decl":{"start":{"line":21,"column":16},"end":{"line":21,"column":25}},"loc":{"start":{"line":21,"column":49},"end":{"line":27,"column":1}},"line":21}},"branchMap":{"0":{"loc":{"start":{"line":24,"column":7},"end":{"line":24,"column":80}},"type":"cond-expr","locations":[{"start":{"line":24,"column":24},"end":{"line":24,"column":38}},{"start":{"line":24,"column":41},"end":{"line":24,"column":80}}],"line":24}},"s":{"0":0,"1":0},"f":{"0":0},"b":{"0":[0,0]}}
,"D:\\LUMEN\\Lumen-app\\src\\components\\inputs\\Input.tsx": {"path":"D:\\LUMEN\\Lumen-app\\src\\components\\inputs\\Input.tsx","statementMap":{"0":{"start":{"line":4,"column":2},"end":{"line":4,"column":13}},"1":{"start":{"line":5,"column":2},"end":{"line":5,"column":14}}},"fnMap":{"0":{"name":"Input","decl":{"start":{"line":3,"column":16},"end":{"line":3,"column":21}},"loc":{"start":{"line":3,"column":41},"end":{"line":6,"column":1}},"line":3}},"branchMap":{},"s":{"0":0,"1":0},"f":{"0":0},"b":{}}
,"D:\\LUMEN\\Lumen-app\\src\\components\\inputs\\index.ts": {"path":"D:\\LUMEN\\Lumen-app\\src\\components\\inputs\\index.ts","statementMap":{},"fnMap":{},"branchMap":{},"s":{},"f":{},"b":{}}
,"D:\\LUMEN\\Lumen-app\\src\\components\\loaders\\Component.tsx": {"path":"D:\\LUMEN\\Lumen-app\\src\\components\\loaders\\Component.tsx","statementMap":{"0":{"start":{"line":4,"column":15},"end":{"line":10,"column":2}},"1":{"start":{"line":13,"column":2},"end":{"line":17,"column":4}}},"fnMap":{"0":{"name":"Component","decl":{"start":{"line":12,"column":16},"end":{"line":12,"column":25}},"loc":{"start":{"line":12,"column":49},"end":{"line":18,"column":1}},"line":12}},"branchMap":{},"s":{"0":0,"1":0},"f":{"0":0},"b":{}}
,"D:\\LUMEN\\Lumen-app\\src\\components\\loaders\\Loader.tsx": {"path":"D:\\LUMEN\\Lumen-app\\src\\components\\loaders\\Loader.tsx","statementMap":{"0":{"start":{"line":4,"column":2},"end":{"line":4,"column":13}},"1":{"start":{"line":5,"column":2},"end":{"line":5,"column":14}}},"fnMap":{"0":{"name":"Loader","decl":{"start":{"line":3,"column":16},"end":{"line":3,"column":22}},"loc":{"start":{"line":3,"column":43},"end":{"line":6,"column":1}},"line":3}},"branchMap":{},"s":{"0":0,"1":0},"f":{"0":0},"b":{}}
,"D:\\LUMEN\\Lumen-app\\src\\components\\loaders\\index.ts": {"path":"D:\\LUMEN\\Lumen-app\\src\\components\\loaders\\index.ts","statementMap":{},"fnMap":{},"branchMap":{},"s":{},"f":{},"b":{}}
,"D:\\LUMEN\\Lumen-app\\src\\components\\map\\Component.tsx": {"path":"D:\\LUMEN\\Lumen-app\\src\\components\\map\\Component.tsx","statementMap":{"0":{"start":{"line":4,"column":2},"end":{"line":4,"column":13}},"1":{"start":{"line":5,"column":2},"end":{"line":5,"column":14}}},"fnMap":{"0":{"name":"Component","decl":{"start":{"line":3,"column":16},"end":{"line":3,"column":25}},"loc":{"start":{"line":3,"column":49},"end":{"line":6,"column":1}},"line":3}},"branchMap":{},"s":{"0":0,"1":0},"f":{"0":0},"b":{}}
,"D:\\LUMEN\\Lumen-app\\src\\components\\map\\Map.tsx": {"path":"D:\\LUMEN\\Lumen-app\\src\\components\\map\\Map.tsx","statementMap":{"0":{"start":{"line":4,"column":2},"end":{"line":4,"column":13}},"1":{"start":{"line":5,"column":2},"end":{"line":5,"column":14}}},"fnMap":{"0":{"name":"Map","decl":{"start":{"line":3,"column":16},"end":{"line":3,"column":19}},"loc":{"start":{"line":3,"column":37},"end":{"line":6,"column":1}},"line":3}},"branchMap":{},"s":{"0":0,"1":0},"f":{"0":0},"b":{}}
,"D:\\LUMEN\\Lumen-app\\src\\components\\map\\index.ts": {"path":"D:\\LUMEN\\Lumen-app\\src\\components\\map\\index.ts","statementMap":{},"fnMap":{},"branchMap":{},"s":{},"f":{},"b":{}}
,"D:\\LUMEN\\Lumen-app\\src\\components\\notifications\\Component.tsx": {"path":"D:\\LUMEN\\Lumen-app\\src\\components\\notifications\\Component.tsx","statementMap":{"0":{"start":{"line":4,"column":2},"end":{"line":4,"column":13}},"1":{"start":{"line":5,"column":2},"end":{"line":5,"column":14}}},"fnMap":{"0":{"name":"Component","decl":{"start":{"line":3,"column":16},"end":{"line":3,"column":25}},"loc":{"start":{"line":3,"column":49},"end":{"line":6,"column":1}},"line":3}},"branchMap":{},"s":{"0":0,"1":0},"f":{"0":0},"b":{}}
,"D:\\LUMEN\\Lumen-app\\src\\components\\notifications\\Notification.tsx": {"path":"D:\\LUMEN\\Lumen-app\\src\\components\\notifications\\Notification.tsx","statementMap":{"0":{"start":{"line":4,"column":2},"end":{"line":4,"column":13}},"1":{"start":{"line":5,"column":2},"end":{"line":5,"column":14}}},"fnMap":{"0":{"name":"Notification","decl":{"start":{"line":3,"column":16},"end":{"line":3,"column":28}},"loc":{"start":{"line":3,"column":55},"end":{"line":6,"column":1}},"line":3}},"branchMap":{},"s":{"0":0,"1":0},"f":{"0":0},"b":{}}
,"D:\\LUMEN\\Lumen-app\\src\\components\\notifications\\index.ts": {"path":"D:\\LUMEN\\Lumen-app\\src\\components\\notifications\\index.ts","statementMap":{},"fnMap":{},"branchMap":{},"s":{},"f":{},"b":{}}
,"D:\\LUMEN\\Lumen-app\\src\\components\\progress\\Component.tsx": {"path":"D:\\LUMEN\\Lumen-app\\src\\components\\progress\\Component.tsx","statementMap":{"0":{"start":{"line":4,"column":15},"end":{"line":17,"column":2}},"1":{"start":{"line":20,"column":2},"end":{"line":24,"column":4}}},"fnMap":{"0":{"name":"Component","decl":{"start":{"line":19,"column":16},"end":{"line":19,"column":25}},"loc":{"start":{"line":19,"column":49},"end":{"line":25,"column":1}},"line":19}},"branchMap":{},"s":{"0":0,"1":0},"f":{"0":0},"b":{}}
,"D:\\LUMEN\\Lumen-app\\src\\components\\progress\\Progress.tsx": {"path":"D:\\LUMEN\\Lumen-app\\src\\components\\progress\\Progress.tsx","statementMap":{"0":{"start":{"line":4,"column":2},"end":{"line":4,"column":13}},"1":{"start":{"line":5,"column":2},"end":{"line":5,"column":14}}},"fnMap":{"0":{"name":"Progress","decl":{"start":{"line":3,"column":16},"end":{"line":3,"column":24}},"loc":{"start":{"line":3,"column":47},"end":{"line":6,"column":1}},"line":3}},"branchMap":{},"s":{"0":0,"1":0},"f":{"0":0},"b":{}}
,"D:\\LUMEN\\Lumen-app\\src\\components\\progress\\index.ts": {"path":"D:\\LUMEN\\Lumen-app\\src\\components\\progress\\index.ts","statementMap":{},"fnMap":{},"branchMap":{},"s":{},"f":{},"b":{}}
,"D:\\LUMEN\\Lumen-app\\src\\components\\shimmer\\Component.tsx": {"path":"D:\\LUMEN\\Lumen-app\\src\\components\\shimmer\\Component.tsx","statementMap":{"0":{"start":{"line":4,"column":2},"end":{"line":4,"column":13}},"1":{"start":{"line":5,"column":2},"end":{"line":5,"column":14}}},"fnMap":{"0":{"name":"Component","decl":{"start":{"line":3,"column":16},"end":{"line":3,"column":25}},"loc":{"start":{"line":3,"column":49},"end":{"line":6,"column":1}},"line":3}},"branchMap":{},"s":{"0":0,"1":0},"f":{"0":0},"b":{}}
,"D:\\LUMEN\\Lumen-app\\src\\components\\shimmer\\Shimmer.tsx": {"path":"D:\\LUMEN\\Lumen-app\\src\\components\\shimmer\\Shimmer.tsx","statementMap":{"0":{"start":{"line":4,"column":2},"end":{"line":4,"column":13}},"1":{"start":{"line":5,"column":2},"end":{"line":5,"column":14}}},"fnMap":{"0":{"name":"Shimmer","decl":{"start":{"line":3,"column":16},"end":{"line":3,"column":23}},"loc":{"start":{"line":3,"column":45},"end":{"line":6,"column":1}},"line":3}},"branchMap":{},"s":{"0":0,"1":0},"f":{"0":0},"b":{}}
,"D:\\LUMEN\\Lumen-app\\src\\components\\shimmer\\index.ts": {"path":"D:\\LUMEN\\Lumen-app\\src\\components\\shimmer\\index.ts","statementMap":{},"fnMap":{},"branchMap":{},"s":{},"f":{},"b":{}}
,"D:\\LUMEN\\Lumen-app\\src\\components\\skeleton\\Component.tsx": {"path":"D:\\LUMEN\\Lumen-app\\src\\components\\skeleton\\Component.tsx","statementMap":{"0":{"start":{"line":4,"column":2},"end":{"line":4,"column":13}},"1":{"start":{"line":5,"column":2},"end":{"line":5,"column":14}}},"fnMap":{"0":{"name":"Component","decl":{"start":{"line":3,"column":16},"end":{"line":3,"column":25}},"loc":{"start":{"line":3,"column":49},"end":{"line":6,"column":1}},"line":3}},"branchMap":{},"s":{"0":0,"1":0},"f":{"0":0},"b":{}}
,"D:\\LUMEN\\Lumen-app\\src\\components\\skeleton\\Skeleton.tsx": {"path":"D:\\LUMEN\\Lumen-app\\src\\components\\skeleton\\Skeleton.tsx","statementMap":{"0":{"start":{"line":4,"column":2},"end":{"line":4,"column":13}},"1":{"start":{"line":5,"column":2},"end":{"line":5,"column":14}}},"fnMap":{"0":{"name":"Skeleton","decl":{"start":{"line":3,"column":16},"end":{"line":3,"column":24}},"loc":{"start":{"line":3,"column":47},"end":{"line":6,"column":1}},"line":3}},"branchMap":{},"s":{"0":0,"1":0},"f":{"0":0},"b":{}}
,"D:\\LUMEN\\Lumen-app\\src\\components\\skeleton\\index.ts": {"path":"D:\\LUMEN\\Lumen-app\\src\\components\\skeleton\\index.ts","statementMap":{},"fnMap":{},"branchMap":{},"s":{},"f":{},"b":{}}
,"D:\\LUMEN\\Lumen-app\\src\\components\\timeline\\Component.tsx": {"path":"D:\\LUMEN\\Lumen-app\\src\\components\\timeline\\Component.tsx","statementMap":{"0":{"start":{"line":4,"column":2},"end":{"line":4,"column":13}},"1":{"start":{"line":5,"column":2},"end":{"line":5,"column":14}}},"fnMap":{"0":{"name":"Component","decl":{"start":{"line":3,"column":16},"end":{"line":3,"column":25}},"loc":{"start":{"line":3,"column":49},"end":{"line":6,"column":1}},"line":3}},"branchMap":{},"s":{"0":0,"1":0},"f":{"0":0},"b":{}}
,"D:\\LUMEN\\Lumen-app\\src\\components\\timeline\\Timeline.tsx": {"path":"D:\\LUMEN\\Lumen-app\\src\\components\\timeline\\Timeline.tsx","statementMap":{"0":{"start":{"line":4,"column":2},"end":{"line":4,"column":13}},"1":{"start":{"line":5,"column":2},"end":{"line":5,"column":14}}},"fnMap":{"0":{"name":"Timeline","decl":{"start":{"line":3,"column":16},"end":{"line":3,"column":24}},"loc":{"start":{"line":3,"column":47},"end":{"line":6,"column":1}},"line":3}},"branchMap":{},"s":{"0":0,"1":0},"f":{"0":0},"b":{}}
,"D:\\LUMEN\\Lumen-app\\src\\components\\timeline\\index.ts": {"path":"D:\\LUMEN\\Lumen-app\\src\\components\\timeline\\index.ts","statementMap":{},"fnMap":{},"branchMap":{},"s":{},"f":{},"b":{}}
,"D:\\LUMEN\\Lumen-app\\src\\components\\toast\\Component.tsx": {"path":"D:\\LUMEN\\Lumen-app\\src\\components\\toast\\Component.tsx","statementMap":{"0":{"start":{"line":4,"column":15},"end":{"line":20,"column":2}},"1":{"start":{"line":23,"column":2},"end":{"line":27,"column":4}}},"fnMap":{"0":{"name":"Component","decl":{"start":{"line":22,"column":16},"end":{"line":22,"column":25}},"loc":{"start":{"line":22,"column":49},"end":{"line":28,"column":1}},"line":22}},"branchMap":{"0":{"loc":{"start":{"line":25,"column":33},"end":{"line":25,"column":58}},"type":"binary-expr","locations":[{"start":{"line":25,"column":33},"end":{"line":25,"column":47}},{"start":{"line":25,"column":51},"end":{"line":25,"column":58}}],"line":25}},"s":{"0":0,"1":0},"f":{"0":0},"b":{"0":[0,0]}}
,"D:\\LUMEN\\Lumen-app\\src\\components\\toast\\Toast.tsx": {"path":"D:\\LUMEN\\Lumen-app\\src\\components\\toast\\Toast.tsx","statementMap":{"0":{"start":{"line":4,"column":2},"end":{"line":4,"column":13}},"1":{"start":{"line":5,"column":2},"end":{"line":5,"column":14}}},"fnMap":{"0":{"name":"Toast","decl":{"start":{"line":3,"column":16},"end":{"line":3,"column":21}},"loc":{"start":{"line":3,"column":41},"end":{"line":6,"column":1}},"line":3}},"branchMap":{},"s":{"0":0,"1":0},"f":{"0":0},"b":{}}
,"D:\\LUMEN\\Lumen-app\\src\\components\\toast\\index.ts": {"path":"D:\\LUMEN\\Lumen-app\\src\\components\\toast\\index.ts","statementMap":{},"fnMap":{},"branchMap":{},"s":{},"f":{},"b":{}}
,"D:\\LUMEN\\Lumen-app\\src\\components\\typography\\Component.tsx": {"path":"D:\\LUMEN\\Lumen-app\\src\\components\\typography\\Component.tsx","statementMap":{"0":{"start":{"line":4,"column":15},"end":{"line":10,"column":2}},"1":{"start":{"line":13,"column":2},"end":{"line":17,"column":4}}},"fnMap":{"0":{"name":"Component","decl":{"start":{"line":12,"column":16},"end":{"line":12,"column":25}},"loc":{"start":{"line":12,"column":49},"end":{"line":18,"column":1}},"line":12}},"branchMap":{},"s":{"0":0,"1":0},"f":{"0":0},"b":{}}
,"D:\\LUMEN\\Lumen-app\\src\\components\\typography\\Typography.tsx": {"path":"D:\\LUMEN\\Lumen-app\\src\\components\\typography\\Typography.tsx","statementMap":{"0":{"start":{"line":4,"column":2},"end":{"line":4,"column":13}},"1":{"start":{"line":5,"column":2},"end":{"line":5,"column":14}}},"fnMap":{"0":{"name":"Typography","decl":{"start":{"line":3,"column":16},"end":{"line":3,"column":26}},"loc":{"start":{"line":3,"column":51},"end":{"line":6,"column":1}},"line":3}},"branchMap":{},"s":{"0":0,"1":0},"f":{"0":0},"b":{}}
,"D:\\LUMEN\\Lumen-app\\src\\components\\typography\\index.ts": {"path":"D:\\LUMEN\\Lumen-app\\src\\components\\typography\\index.ts","statementMap":{},"fnMap":{},"branchMap":{},"s":{},"f":{},"b":{}}
,"D:\\LUMEN\\Lumen-app\\src\\components\\ui\\Component.tsx": {"path":"D:\\LUMEN\\Lumen-app\\src\\components\\ui\\Component.tsx","statementMap":{"0":{"start":{"line":7,"column":15},"end":{"line":7,"column":52}},"1":{"start":{"line":8,"column":21},"end":{"line":8,"column":59}},"2":{"start":{"line":10,"column":2},"end":{"line":23,"column":25}},"3":{"start":{"line":11,"column":4},"end":{"line":22,"column":15}},"4":{"start":{"line":25,"column":2},"end":{"line":86,"column":4}},"5":{"start":{"line":60,"column":42},"end":{"line":63,"column":19}},"6":{"start":{"line":73,"column":42},"end":{"line":76,"column":19}}},"fnMap":{"0":{"name":"Component","decl":{"start":{"line":6,"column":16},"end":{"line":6,"column":25}},"loc":{"start":{"line":6,"column":49},"end":{"line":87,"column":1}},"line":6},"1":{"name":"(anonymous_1)","decl":{"start":{"line":10,"column":12},"end":{"line":10,"column":13}},"loc":{"start":{"line":10,"column":18},"end":{"line":23,"column":3}},"line":10},"2":{"name":"(anonymous_2)","decl":{"start":{"line":60,"column":25},"end":{"line":60,"column":26}},"loc":{"start":{"line":60,"column":42},"end":{"line":63,"column":19}},"line":60},"3":{"name":"(anonymous_3)","decl":{"start":{"line":73,"column":25},"end":{"line":73,"column":26}},"loc":{"start":{"line":73,"column":42},"end":{"line":76,"column":19}},"line":73}},"branchMap":{"0":{"loc":{"start":{"line":40,"column":11},"end":{"line":44,"column":18}},"type":"cond-expr","locations":[{"start":{"line":41,"column":12},"end":{"line":43,"column":19}},{"start":{"line":44,"column":14},"end":{"line":44,"column":18}}],"line":40},"1":{"loc":{"start":{"line":46,"column":11},"end":{"line":46,"column":88}},"type":"cond-expr","locations":[{"start":{"line":46,"column":28},"end":{"line":46,"column":81}},{"start":{"line":46,"column":84},"end":{"line":46,"column":88}}],"line":46},"2":{"loc":{"start":{"line":51,"column":11},"end":{"line":51,"column":94}},"type":"cond-expr","locations":[{"start":{"line":51,"column":31},"end":{"line":51,"column":87}},{"start":{"line":51,"column":90},"end":{"line":51,"column":94}}],"line":51},"3":{"loc":{"start":{"line":53,"column":11},"end":{"line":82,"column":18}},"type":"cond-expr","locations":[{"start":{"line":54,"column":12},"end":{"line":81,"column":19}},{"start":{"line":82,"column":14},"end":{"line":82,"column":18}}],"line":53},"4":{"loc":{"start":{"line":53,"column":11},"end":{"line":53,"column":65}},"type":"binary-expr","locations":[{"start":{"line":53,"column":11},"end":{"line":53,"column":35}},{"start":{"line":53,"column":39},"end":{"line":53,"column":65}}],"line":53},"5":{"loc":{"start":{"line":55,"column":15},"end":{"line":67,"column":22}},"type":"cond-expr","locations":[{"start":{"line":56,"column":16},"end":{"line":66,"column":28}},{"start":{"line":67,"column":18},"end":{"line":67,"column":22}}],"line":55},"6":{"loc":{"start":{"line":62,"column":20},"end":{"line":62,"column":84}},"type":"cond-expr","locations":[{"start":{"line":62,"column":30},"end":{"line":62,"column":77}},{"start":{"line":62,"column":80},"end":{"line":62,"column":84}}],"line":62},"7":{"loc":{"start":{"line":68,"column":15},"end":{"line":80,"column":22}},"type":"cond-expr","locations":[{"start":{"line":69,"column":16},"end":{"line":79,"column":28}},{"start":{"line":80,"column":18},"end":{"line":80,"column":22}}],"line":68},"8":{"loc":{"start":{"line":75,"column":20},"end":{"line":75,"column":53}},"type":"cond-expr","locations":[{"start":{"line":75,"column":30},"end":{"line":75,"column":46}},{"start":{"line":75,"column":49},"end":{"line":75,"column":53}}],"line":75}},"s":{"0":2,"1":2,"2":2,"3":2,"4":2,"5":1,"6":1},"f":{"0":2,"1":2,"2":1,"3":1},"b":{"0":[1,1],"1":[1,1],"2":[1,1],"3":[1,1],"4":[2,1],"5":[1,0],"6":[0,1],"7":[1,0],"8":[0,1]},"_coverageSchema":"1a1c01bbd47fc00a2c39e90264f33305004495a9","hash":"5971e8d6ae69b3658120db3261946a97f9eaa0a1"}
,"D:\\LUMEN\\Lumen-app\\src\\components\\ui\\UI.tsx": {"path":"D:\\LUMEN\\Lumen-app\\src\\components\\ui\\UI.tsx","statementMap":{"0":{"start":{"line":4,"column":2},"end":{"line":4,"column":13}},"1":{"start":{"line":5,"column":2},"end":{"line":5,"column":14}}},"fnMap":{"0":{"name":"UI","decl":{"start":{"line":3,"column":16},"end":{"line":3,"column":18}},"loc":{"start":{"line":3,"column":35},"end":{"line":6,"column":1}},"line":3}},"branchMap":{},"s":{"0":0,"1":0},"f":{"0":0},"b":{}}
,"D:\\LUMEN\\Lumen-app\\src\\components\\ui\\index.ts": {"path":"D:\\LUMEN\\Lumen-app\\src\\components\\ui\\index.ts","statementMap":{},"fnMap":{},"branchMap":{},"s":{},"f":{},"b":{}}
,"D:\\LUMEN\\Lumen-app\\src\\config\\app.ts": {"path":"D:\\LUMEN\\Lumen-app\\src\\config\\app.ts","statementMap":{"0":{"start":{"line":3,"column":25},"end":{"line":3,"column":34}}},"fnMap":{},"branchMap":{},"s":{"0":0},"f":{},"b":{}}
,"D:\\LUMEN\\Lumen-app\\src\\config\\env.ts": {"path":"D:\\LUMEN\\Lumen-app\\src\\config\\env.ts","statementMap":{"0":{"start":{"line":1,"column":19},"end":{"line":4,"column":10}}},"fnMap":{},"branchMap":{"0":{"loc":{"start":{"line":2,"column":10},"end":{"line":2,"column":76}},"type":"binary-expr","locations":[{"start":{"line":2,"column":10},"end":{"line":2,"column":41}},{"start":{"line":2,"column":45},"end":{"line":2,"column":76}}],"line":2},"1":{"loc":{"start":{"line":3,"column":13},"end":{"line":3,"column":80}},"type":"binary-expr","locations":[{"start":{"line":3,"column":13},"end":{"line":3,"column":47}},{"start":{"line":3,"column":51},"end":{"line":3,"column":80}}],"line":3}},"s":{"0":0},"f":{},"b":{"0":[0,0],"1":[0,0]}}
,"D:\\LUMEN\\Lumen-app\\src\\config\\index.ts": {"path":"D:\\LUMEN\\Lumen-app\\src\\config\\index.ts","statementMap":{},"fnMap":{},"branchMap":{},"s":{},"f":{},"b":{}}
,"D:\\LUMEN\\Lumen-app\\src\\constants\\Colors.ts": {"path":"D:\\LUMEN\\Lumen-app\\src\\constants\\Colors.ts","statementMap":{"0":{"start":{"line":1,"column":23},"end":{"line":11,"column":10}}},"fnMap":{},"branchMap":{},"s":{"0":0},"f":{},"b":{}}
,"D:\\LUMEN\\Lumen-app\\src\\constants\\Config.ts": {"path":"D:\\LUMEN\\Lumen-app\\src\\constants\\Config.ts","statementMap":{"0":{"start":{"line":1,"column":26},"end":{"line":5,"column":10}}},"fnMap":{},"branchMap":{},"s":{"0":0},"f":{},"b":{}}
,"D:\\LUMEN\\Lumen-app\\src\\constants\\Endpoints.ts": {"path":"D:\\LUMEN\\Lumen-app\\src\\constants\\Endpoints.ts","statementMap":{"0":{"start":{"line":1,"column":26},"end":{"line":7,"column":10}}},"fnMap":{},"branchMap":{},"s":{"0":0},"f":{},"b":{}}
,"D:\\LUMEN\\Lumen-app\\src\\constants\\Permission.ts": {"path":"D:\\LUMEN\\Lumen-app\\src\\constants\\Permission.ts","statementMap":{"0":{"start":{"line":1,"column":28},"end":{"line":5,"column":10}}},"fnMap":{},"branchMap":{},"s":{"0":0},"f":{},"b":{}}
,"D:\\LUMEN\\Lumen-app\\src\\constants\\Roles.ts": {"path":"D:\\LUMEN\\Lumen-app\\src\\constants\\Roles.ts","statementMap":{"0":{"start":{"line":1,"column":22},"end":{"line":5,"column":10}}},"fnMap":{},"branchMap":{},"s":{"0":0},"f":{},"b":{}}
,"D:\\LUMEN\\Lumen-app\\src\\constants\\Routes.ts": {"path":"D:\\LUMEN\\Lumen-app\\src\\constants\\Routes.ts","statementMap":{"0":{"start":{"line":1,"column":23},"end":{"line":6,"column":10}}},"fnMap":{},"branchMap":{},"s":{"0":0},"f":{},"b":{}}
,"D:\\LUMEN\\Lumen-app\\src\\constants\\index.ts": {"path":"D:\\LUMEN\\Lumen-app\\src\\constants\\index.ts","statementMap":{},"fnMap":{},"branchMap":{},"s":{},"f":{},"b":{}}
,"D:\\LUMEN\\Lumen-app\\src\\core\\index.ts": {"path":"D:\\LUMEN\\Lumen-app\\src\\core\\index.ts","statementMap":{},"fnMap":{},"branchMap":{},"s":{},"f":{},"b":{}}
,"D:\\LUMEN\\Lumen-app\\src\\core\\application\\Repository.ts": {"path":"D:\\LUMEN\\Lumen-app\\src\\core\\application\\Repository.ts","statementMap":{},"fnMap":{},"branchMap":{},"s":{},"f":{},"b":{}}
,"D:\\LUMEN\\Lumen-app\\src\\core\\application\\UseCase.ts": {"path":"D:\\LUMEN\\Lumen-app\\src\\core\\application\\UseCase.ts","statementMap":{},"fnMap":{},"branchMap":{},"s":{},"f":{},"b":{}}
,"D:\\LUMEN\\Lumen-app\\src\\core\\domain\\DomainError.ts": {"path":"D:\\LUMEN\\Lumen-app\\src\\core\\domain\\DomainError.ts","statementMap":{"0":{"start":{"line":3,"column":4},"end":{"line":3,"column":19}},"1":{"start":{"line":4,"column":4},"end":{"line":4,"column":30}}},"fnMap":{"0":{"name":"(anonymous_0)","decl":{"start":{"line":2,"column":2},"end":{"line":2,"column":3}},"loc":{"start":{"line":2,"column":31},"end":{"line":5,"column":3}},"line":2}},"branchMap":{},"s":{"0":0,"1":0},"f":{"0":0},"b":{}}
,"D:\\LUMEN\\Lumen-app\\src\\core\\domain\\Entity.ts": {"path":"D:\\LUMEN\\Lumen-app\\src\\core\\domain\\Entity.ts","statementMap":{},"fnMap":{},"branchMap":{},"s":{},"f":{},"b":{}}
,"D:\\LUMEN\\Lumen-app\\src\\core\\domain\\Result.ts": {"path":"D:\\LUMEN\\Lumen-app\\src\\core\\domain\\Result.ts","statementMap":{},"fnMap":{},"branchMap":{},"s":{},"f":{},"b":{}}
,"D:\\LUMEN\\Lumen-app\\src\\core\\domain\\ValueObject.ts": {"path":"D:\\LUMEN\\Lumen-app\\src\\core\\domain\\ValueObject.ts","statementMap":{},"fnMap":{},"branchMap":{},"s":{},"f":{},"b":{}}
,"D:\\LUMEN\\Lumen-app\\src\\core\\infrastructure\\index.ts": {"path":"D:\\LUMEN\\Lumen-app\\src\\core\\infrastructure\\index.ts","statementMap":{},"fnMap":{},"branchMap":{},"s":{},"f":{},"b":{}}
,"D:\\LUMEN\\Lumen-app\\src\\core\\presentation\\index.ts": {"path":"D:\\LUMEN\\Lumen-app\\src\\core\\presentation\\index.ts","statementMap":{},"fnMap":{},"branchMap":{},"s":{},"f":{},"b":{}}
,"D:\\LUMEN\\Lumen-app\\src\\design-system\\ThemeContext.tsx": {"path":"D:\\LUMEN\\Lumen-app\\src\\design-system\\ThemeContext.tsx","statementMap":{"0":{"start":{"line":28,"column":21},"end":{"line":28,"column":54}},"1":{"start":{"line":31,"column":23},"end":{"line":31,"column":39}},"2":{"start":{"line":32,"column":26},"end":{"line":32,"column":55}},"3":{"start":{"line":34,"column":17},"end":{"line":34,"column":78}},"4":{"start":{"line":36,"column":23},"end":{"line":51,"column":3}},"5":{"start":{"line":53,"column":2},"end":{"line":53,"column":81}},"6":{"start":{"line":57,"column":14},"end":{"line":57,"column":38}},"7":{"start":{"line":58,"column":2},"end":{"line":58,"column":74}},"8":{"start":{"line":58,"column":12},"end":{"line":58,"column":74}},"9":{"start":{"line":59,"column":2},"end":{"line":59,"column":13}}},"fnMap":{"0":{"name":"ThemeProvider","decl":{"start":{"line":30,"column":16},"end":{"line":30,"column":29}},"loc":{"start":{"line":30,"column":75},"end":{"line":54,"column":1}},"line":30},"1":{"name":"useTheme","decl":{"start":{"line":56,"column":16},"end":{"line":56,"column":24}},"loc":{"start":{"line":56,"column":34},"end":{"line":60,"column":1}},"line":56}},"branchMap":{"0":{"loc":{"start":{"line":34,"column":17},"end":{"line":34,"column":78}},"type":"cond-expr","locations":[{"start":{"line":34,"column":37},"end":{"line":34,"column":60}},{"start":{"line":34,"column":63},"end":{"line":34,"column":78}}],"line":34},"1":{"loc":{"start":{"line":37,"column":12},"end":{"line":37,"column":73}},"type":"cond-expr","locations":[{"start":{"line":37,"column":22},"end":{"line":37,"column":58}},{"start":{"line":37,"column":62},"end":{"line":37,"column":73}}],"line":37},"2":{"loc":{"start":{"line":38,"column":13},"end":{"line":38,"column":48}},"type":"cond-expr","locations":[{"start":{"line":38,"column":22},"end":{"line":38,"column":33}},{"start":{"line":38,"column":36},"end":{"line":38,"column":48}}],"line":38},"3":{"loc":{"start":{"line":47,"column":16},"end":{"line":47,"column":70}},"type":"cond-expr","locations":[{"start":{"line":47,"column":25},"end":{"line":47,"column":45}},{"start":{"line":47,"column":48},"end":{"line":47,"column":70}}],"line":47},"4":{"loc":{"start":{"line":48,"column":22},"end":{"line":48,"column":88}},"type":"cond-expr","locations":[{"start":{"line":48,"column":31},"end":{"line":48,"column":57}},{"start":{"line":48,"column":60},"end":{"line":48,"column":88}}],"line":48},"5":{"loc":{"start":{"line":58,"column":2},"end":{"line":58,"column":74}},"type":"if","locations":[{"start":{"line":58,"column":2},"end":{"line":58,"column":74}},{"start":{},"end":{}}],"line":58}},"s":{"0":0,"1":0,"2":0,"3":0,"4":0,"5":0,"6":0,"7":0,"8":0,"9":0},"f":{"0":0,"1":0},"b":{"0":[0,0],"1":[0,0],"2":[0,0],"3":[0,0],"4":[0,0],"5":[0,0]}}
,"D:\\LUMEN\\Lumen-app\\src\\design-system\\index.ts": {"path":"D:\\LUMEN\\Lumen-app\\src\\design-system\\index.ts","statementMap":{},"fnMap":{},"branchMap":{},"s":{},"f":{},"b":{}}
,"D:\\LUMEN\\Lumen-app\\src\\design-system\\components\\AnimatedCounter.tsx": {"path":"D:\\LUMEN\\Lumen-app\\src\\design-system\\components\\AnimatedCounter.tsx","statementMap":{"0":{"start":{"line":23,"column":43},"end":{"line":23,"column":53}},"1":{"start":{"line":24,"column":42},"end":{"line":24,"column":53}},"2":{"start":{"line":25,"column":24},"end":{"line":25,"column":67}},"3":{"start":{"line":27,"column":2},"end":{"line":32,"column":24}},"4":{"start":{"line":28,"column":4},"end":{"line":31,"column":7}},"5":{"start":{"line":34,"column":24},"end":{"line":38,"column":4}},"6":{"start":{"line":35,"column":4},"end":{"line":37,"column":6}},"7":{"start":{"line":40,"column":2},"end":{"line":57,"column":24}},"8":{"start":{"line":44,"column":20},"end":{"line":53,"column":5}},"9":{"start":{"line":45,"column":6},"end":{"line":45,"column":44}},"10":{"start":{"line":45,"column":22},"end":{"line":45,"column":44}},"11":{"start":{"line":46,"column":23},"end":{"line":46,"column":70}},"12":{"start":{"line":47,"column":28},"end":{"line":47,"column":57}},"13":{"start":{"line":48,"column":6},"end":{"line":48,"column":57}},"14":{"start":{"line":50,"column":6},"end":{"line":52,"column":7}},"15":{"start":{"line":51,"column":8},"end":{"line":51,"column":56}},"16":{"start":{"line":55,"column":4},"end":{"line":55,"column":52}},"17":{"start":{"line":56,"column":4},"end":{"line":56,"column":54}},"18":{"start":{"line":56,"column":17},"end":{"line":56,"column":53}},"19":{"start":{"line":59,"column":25},"end":{"line":59,"column":96}},"20":{"start":{"line":61,"column":2},"end":{"line":67,"column":4}},"21":{"start":{"line":70,"column":15},"end":{"line":74,"column":2}}},"fnMap":{"0":{"name":"AnimatedCounter","decl":{"start":{"line":15,"column":16},"end":{"line":15,"column":31}},"loc":{"start":{"line":22,"column":25},"end":{"line":68,"column":1}},"line":22},"1":{"name":"(anonymous_1)","decl":{"start":{"line":27,"column":12},"end":{"line":27,"column":13}},"loc":{"start":{"line":27,"column":18},"end":{"line":32,"column":3}},"line":27},"2":{"name":"(anonymous_2)","decl":{"start":{"line":34,"column":41},"end":{"line":34,"column":42}},"loc":{"start":{"line":34,"column":47},"end":{"line":38,"column":3}},"line":34},"3":{"name":"(anonymous_3)","decl":{"start":{"line":40,"column":12},"end":{"line":40,"column":13}},"loc":{"start":{"line":40,"column":18},"end":{"line":57,"column":3}},"line":40},"4":{"name":"(anonymous_4)","decl":{"start":{"line":44,"column":20},"end":{"line":44,"column":21}},"loc":{"start":{"line":44,"column":43},"end":{"line":53,"column":5}},"line":44},"5":{"name":"(anonymous_5)","decl":{"start":{"line":56,"column":11},"end":{"line":56,"column":12}},"loc":{"start":{"line":56,"column":17},"end":{"line":56,"column":53}},"line":56}},"branchMap":{"0":{"loc":{"start":{"line":17,"column":2},"end":{"line":17,"column":17}},"type":"default-arg","locations":[{"start":{"line":17,"column":13},"end":{"line":17,"column":17}}],"line":17},"1":{"loc":{"start":{"line":18,"column":2},"end":{"line":18,"column":13}},"type":"default-arg","locations":[{"start":{"line":18,"column":11},"end":{"line":18,"column":13}}],"line":18},"2":{"loc":{"start":{"line":19,"column":2},"end":{"line":19,"column":13}},"type":"default-arg","locations":[{"start":{"line":19,"column":11},"end":{"line":19,"column":13}}],"line":19},"3":{"loc":{"start":{"line":45,"column":6},"end":{"line":45,"column":44}},"type":"if","locations":[{"start":{"line":45,"column":6},"end":{"line":45,"column":44}},{"start":{},"end":{}}],"line":45},"4":{"loc":{"start":{"line":50,"column":6},"end":{"line":52,"column":7}},"type":"if","locations":[{"start":{"line":50,"column":6},"end":{"line":52,"column":7}},{"start":{},"end":{}}],"line":50},"5":{"loc":{"start":{"line":59,"column":25},"end":{"line":59,"column":96}},"type":"cond-expr","locations":[{"start":{"line":59,"column":39},"end":{"line":59,"column":64}},{"start":{"line":59,"column":67},"end":{"line":59,"column":96}}],"line":59}},"s":{"0":0,"1":0,"2":0,"3":0,"4":0,"5":0,"6":0,"7":0,"8":0,"9":0,"10":0,"11":0,"12":0,"13":0,"14":0,"15":0,"16":0,"17":0,"18":0,"19":0,"20":0,"21":0},"f":{"0":0,"1":0,"2":0,"3":0,"4":0,"5":0},"b":{"0":[0],"1":[0],"2":[0],"3":[0,0],"4":[0,0],"5":[0,0]}}
,"D:\\LUMEN\\Lumen-app\\src\\design-system\\components\\Avatar.tsx": {"path":"D:\\LUMEN\\Lumen-app\\src\\design-system\\components\\Avatar.tsx","statementMap":{"0":{"start":{"line":19,"column":42},"end":{"line":19,"column":84}},"1":{"start":{"line":20,"column":47},"end":{"line":20,"column":89}},"2":{"start":{"line":22,"column":54},"end":{"line":26,"column":1}},"3":{"start":{"line":29,"column":21},"end":{"line":29,"column":31}},"4":{"start":{"line":30,"column":14},"end":{"line":30,"column":25}},"5":{"start":{"line":31,"column":19},"end":{"line":31,"column":35}},"6":{"start":{"line":33,"column":19},"end":{"line":38,"column":18}},"7":{"start":{"line":36,"column":16},"end":{"line":36,"column":20}},"8":{"start":{"line":40,"column":15},"end":{"line":40,"column":121}},"9":{"start":{"line":42,"column":24},"end":{"line":42,"column":66}},"10":{"start":{"line":44,"column":2},"end":{"line":61,"column":4}},"11":{"start":{"line":64,"column":10},"end":{"line":77,"column":2}}},"fnMap":{"0":{"name":"Avatar","decl":{"start":{"line":28,"column":16},"end":{"line":28,"column":22}},"loc":{"start":{"line":28,"column":94},"end":{"line":62,"column":1}},"line":28},"1":{"name":"(anonymous_1)","decl":{"start":{"line":36,"column":9},"end":{"line":36,"column":10}},"loc":{"start":{"line":36,"column":16},"end":{"line":36,"column":20}},"line":36}},"branchMap":{"0":{"loc":{"start":{"line":28,"column":25},"end":{"line":28,"column":35}},"type":"default-arg","locations":[{"start":{"line":28,"column":32},"end":{"line":28,"column":35}}],"line":28},"1":{"loc":{"start":{"line":28,"column":37},"end":{"line":28,"column":48}},"type":"default-arg","locations":[{"start":{"line":28,"column":44},"end":{"line":28,"column":48}}],"line":28},"2":{"loc":{"start":{"line":28,"column":57},"end":{"line":28,"column":71}},"type":"default-arg","locations":[{"start":{"line":28,"column":66},"end":{"line":28,"column":71}}],"line":28},"3":{"loc":{"start":{"line":40,"column":15},"end":{"line":40,"column":121}},"type":"cond-expr","locations":[{"start":{"line":40,"column":22},"end":{"line":40,"column":76}},{"start":{"line":40,"column":79},"end":{"line":40,"column":121}}],"line":40},"4":{"loc":{"start":{"line":40,"column":22},"end":{"line":40,"column":76}},"type":"binary-expr","locations":[{"start":{"line":40,"column":22},"end":{"line":40,"column":39}},{"start":{"line":40,"column":43},"end":{"line":40,"column":76}}],"line":40},"5":{"loc":{"start":{"line":40,"column":80},"end":{"line":40,"column":101}},"type":"binary-expr","locations":[{"start":{"line":40,"column":80},"end":{"line":40,"column":85}},{"start":{"line":40,"column":89},"end":{"line":40,"column":101}}],"line":40},"6":{"loc":{"start":{"line":42,"column":24},"end":{"line":42,"column":66}},"type":"cond-expr","locations":[{"start":{"line":42,"column":40},"end":{"line":42,"column":41}},{"start":{"line":42,"column":44},"end":{"line":42,"column":66}}],"line":42},"7":{"loc":{"start":{"line":42,"column":44},"end":{"line":42,"column":66}},"type":"cond-expr","locations":[{"start":{"line":42,"column":60},"end":{"line":42,"column":61}},{"start":{"line":42,"column":64},"end":{"line":42,"column":66}}],"line":42},"8":{"loc":{"start":{"line":47,"column":7},"end":{"line":59,"column":7}},"type":"binary-expr","locations":[{"start":{"line":47,"column":7},"end":{"line":47,"column":13}},{"start":{"line":48,"column":8},"end":{"line":58,"column":10}}],"line":47}},"s":{"0":0,"1":0,"2":0,"3":0,"4":0,"5":0,"6":0,"7":0,"8":0,"9":0,"10":0,"11":0},"f":{"0":0,"1":0},"b":{"0":[0],"1":[0],"2":[0],"3":[0,0],"4":[0,0],"5":[0,0],"6":[0,0],"7":[0,0],"8":[0,0]}}
,"D:\\LUMEN\\Lumen-app\\src\\design-system\\components\\Badge.tsx": {"path":"D:\\LUMEN\\Lumen-app\\src\\design-system\\components\\Badge.tsx","statementMap":{"0":{"start":{"line":22,"column":21},"end":{"line":22,"column":31}},"1":{"start":{"line":24,"column":82},"end":{"line":31,"column":3}},"2":{"start":{"line":33,"column":12},"end":{"line":33,"column":27}},"3":{"start":{"line":34,"column":17},"end":{"line":34,"column":73}},"4":{"start":{"line":35,"column":13},"end":{"line":35,"column":56}},"5":{"start":{"line":36,"column":13},"end":{"line":36,"column":34}},"6":{"start":{"line":38,"column":2},"end":{"line":48,"column":4}},"7":{"start":{"line":64,"column":21},"end":{"line":64,"column":31}},"8":{"start":{"line":66,"column":13},"end":{"line":66,"column":58}},"9":{"start":{"line":67,"column":20},"end":{"line":67,"column":66}},"10":{"start":{"line":68,"column":22},"end":{"line":68,"column":74}},"11":{"start":{"line":70,"column":2},"end":{"line":89,"column":4}},"12":{"start":{"line":92,"column":10},"end":{"line":117,"column":2}}},"fnMap":{"0":{"name":"Badge","decl":{"start":{"line":21,"column":16},"end":{"line":21,"column":21}},"loc":{"start":{"line":21,"column":90},"end":{"line":49,"column":1}},"line":21},"1":{"name":"Chip","decl":{"start":{"line":63,"column":16},"end":{"line":63,"column":20}},"loc":{"start":{"line":63,"column":106},"end":{"line":90,"column":1}},"line":63}},"branchMap":{"0":{"loc":{"start":{"line":21,"column":31},"end":{"line":21,"column":50}},"type":"default-arg","locations":[{"start":{"line":21,"column":41},"end":{"line":21,"column":50}}],"line":21},"1":{"loc":{"start":{"line":21,"column":52},"end":{"line":21,"column":63}},"type":"default-arg","locations":[{"start":{"line":21,"column":59},"end":{"line":21,"column":63}}],"line":21},"2":{"loc":{"start":{"line":34,"column":17},"end":{"line":34,"column":73}},"type":"cond-expr","locations":[{"start":{"line":34,"column":33},"end":{"line":34,"column":54}},{"start":{"line":34,"column":57},"end":{"line":34,"column":73}}],"line":34},"3":{"loc":{"start":{"line":35,"column":13},"end":{"line":35,"column":56}},"type":"cond-expr","locations":[{"start":{"line":35,"column":29},"end":{"line":35,"column":41}},{"start":{"line":35,"column":44},"end":{"line":35,"column":56}}],"line":35},"4":{"loc":{"start":{"line":36,"column":13},"end":{"line":36,"column":34}},"type":"cond-expr","locations":[{"start":{"line":36,"column":29},"end":{"line":36,"column":30}},{"start":{"line":36,"column":33},"end":{"line":36,"column":34}}],"line":36},"5":{"loc":{"start":{"line":40,"column":7},"end":{"line":40,"column":66}},"type":"binary-expr","locations":[{"start":{"line":40,"column":7},"end":{"line":40,"column":10}},{"start":{"line":40,"column":14},"end":{"line":40,"column":66}}],"line":40},"6":{"loc":{"start":{"line":41,"column":7},"end":{"line":45,"column":7}},"type":"binary-expr","locations":[{"start":{"line":41,"column":7},"end":{"line":41,"column":11}},{"start":{"line":42,"column":8},"end":{"line":44,"column":15}}],"line":41},"7":{"loc":{"start":{"line":63,"column":30},"end":{"line":63,"column":46}},"type":"default-arg","locations":[{"start":{"line":63,"column":41},"end":{"line":63,"column":46}}],"line":63},"8":{"loc":{"start":{"line":63,"column":73},"end":{"line":63,"column":91}},"type":"default-arg","locations":[{"start":{"line":63,"column":83},"end":{"line":63,"column":91}}],"line":63},"9":{"loc":{"start":{"line":66,"column":13},"end":{"line":66,"column":58}},"type":"cond-expr","locations":[{"start":{"line":66,"column":24},"end":{"line":66,"column":40}},{"start":{"line":66,"column":43},"end":{"line":66,"column":58}}],"line":66},"10":{"loc":{"start":{"line":67,"column":20},"end":{"line":67,"column":66}},"type":"cond-expr","locations":[{"start":{"line":67,"column":31},"end":{"line":67,"column":43}},{"start":{"line":67,"column":46},"end":{"line":67,"column":66}}],"line":67},"11":{"loc":{"start":{"line":68,"column":22},"end":{"line":68,"column":74}},"type":"cond-expr","locations":[{"start":{"line":68,"column":33},"end":{"line":68,"column":51}},{"start":{"line":68,"column":54},"end":{"line":68,"column":74}}],"line":68},"12":{"loc":{"start":{"line":77,"column":7},"end":{"line":81,"column":7}},"type":"binary-expr","locations":[{"start":{"line":77,"column":7},"end":{"line":77,"column":11}},{"start":{"line":78,"column":8},"end":{"line":80,"column":15}}],"line":77},"13":{"loc":{"start":{"line":83,"column":7},"end":{"line":87,"column":7}},"type":"binary-expr","locations":[{"start":{"line":83,"column":7},"end":{"line":83,"column":15}},{"start":{"line":84,"column":8},"end":{"line":86,"column":20}}],"line":83}},"s":{"0":0,"1":0,"2":0,"3":0,"4":0,"5":0,"6":0,"7":0,"8":0,"9":0,"10":0,"11":0,"12":0},"f":{"0":0,"1":0},"b":{"0":[0],"1":[0],"2":[0,0],"3":[0,0],"4":[0,0],"5":[0,0],"6":[0,0],"7":[0],"8":[0],"9":[0,0],"10":[0,0],"11":[0,0],"12":[0,0],"13":[0,0]}}
,"D:\\LUMEN\\Lumen-app\\src\\design-system\\components\\BarChart.tsx": {"path":"D:\\LUMEN\\Lumen-app\\src\\design-system\\components\\BarChart.tsx","statementMap":{"0":{"start":{"line":25,"column":21},"end":{"line":25,"column":31}},"1":{"start":{"line":26,"column":21},"end":{"line":26,"column":42}},"2":{"start":{"line":28,"column":14},"end":{"line":28,"column":31}},"3":{"start":{"line":29,"column":21},"end":{"line":29,"column":73}},"4":{"start":{"line":30,"column":17},"end":{"line":30,"column":41}},"5":{"start":{"line":32,"column":21},"end":{"line":32,"column":74}},"6":{"start":{"line":34,"column":2},"end":{"line":62,"column":4}},"7":{"start":{"line":46,"column":28},"end":{"line":46,"column":50}},"8":{"start":{"line":47,"column":20},"end":{"line":47,"column":57}},"9":{"start":{"line":48,"column":20},"end":{"line":48,"column":38}},"10":{"start":{"line":49,"column":10},"end":{"line":58,"column":12}},"11":{"start":{"line":65,"column":15},"end":{"line":69,"column":2}}},"fnMap":{"0":{"name":"BarChart","decl":{"start":{"line":16,"column":16},"end":{"line":16,"column":24}},"loc":{"start":{"line":24,"column":18},"end":{"line":63,"column":1}},"line":24},"1":{"name":"(anonymous_1)","decl":{"start":{"line":45,"column":18},"end":{"line":45,"column":19}},"loc":{"start":{"line":45,"column":36},"end":{"line":59,"column":9}},"line":45}},"branchMap":{"0":{"loc":{"start":{"line":18,"column":2},"end":{"line":18,"column":13}},"type":"default-arg","locations":[{"start":{"line":18,"column":10},"end":{"line":18,"column":13}}],"line":18},"1":{"loc":{"start":{"line":19,"column":2},"end":{"line":19,"column":14}},"type":"default-arg","locations":[{"start":{"line":19,"column":11},"end":{"line":19,"column":14}}],"line":19},"2":{"loc":{"start":{"line":21,"column":2},"end":{"line":21,"column":21}},"type":"default-arg","locations":[{"start":{"line":21,"column":17},"end":{"line":21,"column":21}}],"line":21},"3":{"loc":{"start":{"line":22,"column":2},"end":{"line":22,"column":15}},"type":"default-arg","locations":[{"start":{"line":22,"column":13},"end":{"line":22,"column":15}}],"line":22},"4":{"loc":{"start":{"line":23,"column":2},"end":{"line":23,"column":13}},"type":"default-arg","locations":[{"start":{"line":23,"column":12},"end":{"line":23,"column":13}}],"line":23},"5":{"loc":{"start":{"line":26,"column":21},"end":{"line":26,"column":42}},"type":"binary-expr","locations":[{"start":{"line":26,"column":21},"end":{"line":26,"column":26}},{"start":{"line":26,"column":30},"end":{"line":26,"column":42}}],"line":26},"6":{"loc":{"start":{"line":38,"column":11},"end":{"line":43,"column":11}},"type":"binary-expr","locations":[{"start":{"line":38,"column":11},"end":{"line":38,"column":23}},{"start":{"line":39,"column":12},"end":{"line":42,"column":32}}],"line":38},"7":{"loc":{"start":{"line":55,"column":20},"end":{"line":55,"column":69}},"type":"cond-expr","locations":[{"start":{"line":55,"column":35},"end":{"line":55,"column":56}},{"start":{"line":55,"column":59},"end":{"line":55,"column":69}}],"line":55}},"s":{"0":0,"1":0,"2":0,"3":0,"4":0,"5":0,"6":0,"7":0,"8":0,"9":0,"10":0,"11":0},"f":{"0":0,"1":0},"b":{"0":[0],"1":[0],"2":[0],"3":[0],"4":[0],"5":[0,0],"6":[0,0],"7":[0,0]}}
,"D:\\LUMEN\\Lumen-app\\src\\design-system\\components\\Button.tsx": {"path":"D:\\LUMEN\\Lumen-app\\src\\design-system\\components\\Button.tsx","statementMap":{"0":{"start":{"line":45,"column":21},"end":{"line":45,"column":31}},"1":{"start":{"line":46,"column":16},"end":{"line":46,"column":53}},"2":{"start":{"line":48,"column":24},"end":{"line":49,"column":102}},"3":{"start":{"line":49,"column":4},"end":{"line":49,"column":102}},"4":{"start":{"line":50,"column":25},"end":{"line":51,"column":99}},"5":{"start":{"line":51,"column":4},"end":{"line":51,"column":99}},"6":{"start":{"line":53,"column":44},"end":{"line":59,"column":3}},"7":{"start":{"line":61,"column":51},"end":{"line":67,"column":3}},"8":{"start":{"line":69,"column":53},"end":{"line":75,"column":3}},"9":{"start":{"line":77,"column":45},"end":{"line":77,"column":95}},"10":{"start":{"line":78,"column":41},"end":{"line":78,"column":91}},"11":{"start":{"line":79,"column":20},"end":{"line":79,"column":78}},"12":{"start":{"line":80,"column":50},"end":{"line":80,"column":82}},"13":{"start":{"line":81,"column":45},"end":{"line":81,"column":96}},"14":{"start":{"line":83,"column":21},"end":{"line":83,"column":40}},"15":{"start":{"line":85,"column":2},"end":{"line":127,"column":4}},"16":{"start":{"line":130,"column":10},"end":{"line":140,"column":2}}},"fnMap":{"0":{"name":"Button","decl":{"start":{"line":32,"column":16},"end":{"line":32,"column":22}},"loc":{"start":{"line":44,"column":16},"end":{"line":128,"column":1}},"line":44},"1":{"name":"(anonymous_1)","decl":{"start":{"line":48,"column":24},"end":{"line":48,"column":25}},"loc":{"start":{"line":49,"column":4},"end":{"line":49,"column":102}},"line":49},"2":{"name":"(anonymous_2)","decl":{"start":{"line":50,"column":25},"end":{"line":50,"column":26}},"loc":{"start":{"line":51,"column":4},"end":{"line":51,"column":99}},"line":51}},"branchMap":{"0":{"loc":{"start":{"line":34,"column":2},"end":{"line":34,"column":21}},"type":"default-arg","locations":[{"start":{"line":34,"column":12},"end":{"line":34,"column":21}}],"line":34},"1":{"loc":{"start":{"line":35,"column":2},"end":{"line":35,"column":13}},"type":"default-arg","locations":[{"start":{"line":35,"column":9},"end":{"line":35,"column":13}}],"line":35},"2":{"loc":{"start":{"line":36,"column":2},"end":{"line":36,"column":17}},"type":"default-arg","locations":[{"start":{"line":36,"column":12},"end":{"line":36,"column":17}}],"line":36},"3":{"loc":{"start":{"line":39,"column":2},"end":{"line":39,"column":19}},"type":"default-arg","locations":[{"start":{"line":39,"column":14},"end":{"line":39,"column":19}}],"line":39},"4":{"loc":{"start":{"line":79,"column":20},"end":{"line":79,"column":78}},"type":"cond-expr","locations":[{"start":{"line":79,"column":36},"end":{"line":79,"column":58}},{"start":{"line":79,"column":61},"end":{"line":79,"column":78}}],"line":79},"5":{"loc":{"start":{"line":83,"column":21},"end":{"line":83,"column":40}},"type":"binary-expr","locations":[{"start":{"line":83,"column":21},"end":{"line":83,"column":29}},{"start":{"line":83,"column":33},"end":{"line":83,"column":40}}],"line":83},"6":{"loc":{"start":{"line":86,"column":27},"end":{"line":86,"column":46}},"type":"binary-expr","locations":[{"start":{"line":86,"column":27},"end":{"line":86,"column":36}},{"start":{"line":86,"column":40},"end":{"line":86,"column":46}}],"line":86},"7":{"loc":{"start":{"line":102,"column":21},"end":{"line":102,"column":41}},"type":"cond-expr","locations":[{"start":{"line":102,"column":34},"end":{"line":102,"column":37}},{"start":{"line":102,"column":40},"end":{"line":102,"column":41}}],"line":102},"8":{"loc":{"start":{"line":104,"column":10},"end":{"line":104,"column":29}},"type":"binary-expr","locations":[{"start":{"line":104,"column":10},"end":{"line":104,"column":19}},{"start":{"line":104,"column":23},"end":{"line":104,"column":29}}],"line":104},"9":{"loc":{"start":{"line":108,"column":9},"end":{"line":124,"column":9}},"type":"cond-expr","locations":[{"start":{"line":109,"column":10},"end":{"line":109,"column":71}},{"start":{"line":111,"column":10},"end":{"line":123,"column":13}}],"line":108},"10":{"loc":{"start":{"line":112,"column":13},"end":{"line":116,"column":13}},"type":"binary-expr","locations":[{"start":{"line":112,"column":13},"end":{"line":112,"column":21}},{"start":{"line":113,"column":14},"end":{"line":115,"column":21}}],"line":112},"11":{"loc":{"start":{"line":118,"column":13},"end":{"line":122,"column":13}},"type":"binary-expr","locations":[{"start":{"line":118,"column":13},"end":{"line":118,"column":22}},{"start":{"line":119,"column":14},"end":{"line":121,"column":21}}],"line":118}},"s":{"0":0,"1":0,"2":0,"3":0,"4":0,"5":0,"6":0,"7":0,"8":0,"9":0,"10":0,"11":0,"12":0,"13":0,"14":0,"15":0,"16":0},"f":{"0":0,"1":0,"2":0},"b":{"0":[0],"1":[0],"2":[0],"3":[0],"4":[0,0],"5":[0,0],"6":[0,0],"7":[0,0],"8":[0,0],"9":[0,0],"10":[0,0],"11":[0,0]}}
,"D:\\LUMEN\\Lumen-app\\src\\design-system\\components\\Card.tsx": {"path":"D:\\LUMEN\\Lumen-app\\src\\design-system\\components\\Card.tsx","statementMap":{"0":{"start":{"line":30,"column":38},"end":{"line":30,"column":48}},"1":{"start":{"line":31,"column":16},"end":{"line":31,"column":53}},"2":{"start":{"line":33,"column":24},"end":{"line":34,"column":102}},"3":{"start":{"line":34,"column":4},"end":{"line":34,"column":102}},"4":{"start":{"line":35,"column":25},"end":{"line":36,"column":99}},"5":{"start":{"line":36,"column":4},"end":{"line":36,"column":99}},"6":{"start":{"line":38,"column":53},"end":{"line":60,"column":3}},"7":{"start":{"line":62,"column":25},"end":{"line":67,"column":3}},"8":{"start":{"line":69,"column":2},"end":{"line":84,"column":3}},"9":{"start":{"line":70,"column":4},"end":{"line":83,"column":6}},"10":{"start":{"line":86,"column":2},"end":{"line":90,"column":4}},"11":{"start":{"line":93,"column":10},"end":{"line":97,"column":2}}},"fnMap":{"0":{"name":"Card","decl":{"start":{"line":21,"column":16},"end":{"line":21,"column":20}},"loc":{"start":{"line":29,"column":14},"end":{"line":91,"column":1}},"line":29},"1":{"name":"(anonymous_1)","decl":{"start":{"line":33,"column":24},"end":{"line":33,"column":25}},"loc":{"start":{"line":34,"column":4},"end":{"line":34,"column":102}},"line":34},"2":{"name":"(anonymous_2)","decl":{"start":{"line":35,"column":25},"end":{"line":35,"column":26}},"loc":{"start":{"line":36,"column":4},"end":{"line":36,"column":99}},"line":36}},"branchMap":{"0":{"loc":{"start":{"line":23,"column":2},"end":{"line":23,"column":22}},"type":"default-arg","locations":[{"start":{"line":23,"column":12},"end":{"line":23,"column":22}}],"line":23},"1":{"loc":{"start":{"line":26,"column":2},"end":{"line":26,"column":22}},"type":"default-arg","locations":[{"start":{"line":26,"column":12},"end":{"line":26,"column":22}}],"line":26},"2":{"loc":{"start":{"line":27,"column":2},"end":{"line":27,"column":24}},"type":"default-arg","locations":[{"start":{"line":27,"column":11},"end":{"line":27,"column":24}}],"line":27},"3":{"loc":{"start":{"line":69,"column":2},"end":{"line":84,"column":3}},"type":"if","locations":[{"start":{"line":69,"column":2},"end":{"line":84,"column":3}},{"start":{},"end":{}}],"line":69}},"s":{"0":0,"1":0,"2":0,"3":0,"4":0,"5":0,"6":0,"7":0,"8":0,"9":0,"10":0,"11":0},"f":{"0":0,"1":0,"2":0},"b":{"0":[0],"1":[0],"2":[0],"3":[0,0]}}
,"D:\\LUMEN\\Lumen-app\\src\\design-system\\components\\DonutChart.tsx": {"path":"D:\\LUMEN\\Lumen-app\\src\\design-system\\components\\DonutChart.tsx","statementMap":{"0":{"start":{"line":14,"column":23},"end":{"line":14,"column":63}},"1":{"start":{"line":22,"column":31},"end":{"line":22,"column":41}},"2":{"start":{"line":23,"column":17},"end":{"line":23,"column":41}},"3":{"start":{"line":24,"column":24},"end":{"line":24,"column":44}},"4":{"start":{"line":25,"column":16},"end":{"line":25,"column":63}},"5":{"start":{"line":25,"column":43},"end":{"line":25,"column":59}},"6":{"start":{"line":27,"column":22},"end":{"line":27,"column":23}},"7":{"start":{"line":29,"column":2},"end":{"line":72,"column":4}},"8":{"start":{"line":33,"column":29},"end":{"line":33,"column":47}},"9":{"start":{"line":34,"column":34},"end":{"line":34,"column":60}},"10":{"start":{"line":35,"column":35},"end":{"line":35,"column":49}},"11":{"start":{"line":37,"column":10},"end":{"line":37,"column":43}},"12":{"start":{"line":39,"column":10},"end":{"line":53,"column":12}},"13":{"start":{"line":59,"column":30},"end":{"line":59,"column":47}},"14":{"start":{"line":60,"column":12},"end":{"line":67,"column":14}},"15":{"start":{"line":75,"column":15},"end":{"line":99,"column":2}}},"fnMap":{"0":{"name":"DonutChart","decl":{"start":{"line":16,"column":16},"end":{"line":16,"column":26}},"loc":{"start":{"line":21,"column":20},"end":{"line":73,"column":1}},"line":21},"1":{"name":"(anonymous_1)","decl":{"start":{"line":25,"column":28},"end":{"line":25,"column":29}},"loc":{"start":{"line":25,"column":43},"end":{"line":25,"column":59}},"line":25},"2":{"name":"(anonymous_2)","decl":{"start":{"line":32,"column":18},"end":{"line":32,"column":19}},"loc":{"start":{"line":32,"column":35},"end":{"line":54,"column":9}},"line":32},"3":{"name":"(anonymous_3)","decl":{"start":{"line":58,"column":20},"end":{"line":58,"column":21}},"loc":{"start":{"line":58,"column":37},"end":{"line":68,"column":11}},"line":58}},"branchMap":{"0":{"loc":{"start":{"line":18,"column":2},"end":{"line":18,"column":12}},"type":"default-arg","locations":[{"start":{"line":18,"column":9},"end":{"line":18,"column":12}}],"line":18},"1":{"loc":{"start":{"line":19,"column":2},"end":{"line":19,"column":18}},"type":"default-arg","locations":[{"start":{"line":19,"column":16},"end":{"line":19,"column":18}}],"line":19},"2":{"loc":{"start":{"line":20,"column":2},"end":{"line":20,"column":19}},"type":"default-arg","locations":[{"start":{"line":20,"column":15},"end":{"line":20,"column":19}}],"line":20},"3":{"loc":{"start":{"line":56,"column":7},"end":{"line":70,"column":7}},"type":"binary-expr","locations":[{"start":{"line":56,"column":7},"end":{"line":56,"column":17}},{"start":{"line":57,"column":8},"end":{"line":69,"column":15}}],"line":56}},"s":{"0":0,"1":0,"2":0,"3":0,"4":0,"5":0,"6":0,"7":0,"8":0,"9":0,"10":0,"11":0,"12":0,"13":0,"14":0,"15":0},"f":{"0":0,"1":0,"2":0,"3":0},"b":{"0":[0],"1":[0],"2":[0],"3":[0,0]}}
,"D:\\LUMEN\\Lumen-app\\src\\design-system\\components\\Extras.tsx": {"path":"D:\\LUMEN\\Lumen-app\\src\\design-system\\components\\Extras.tsx","statementMap":{"0":{"start":{"line":28,"column":21},"end":{"line":28,"column":31}},"1":{"start":{"line":29,"column":2},"end":{"line":44,"column":4}},"2":{"start":{"line":47,"column":11},"end":{"line":50,"column":2}},"3":{"start":{"line":63,"column":21},"end":{"line":63,"column":31}},"4":{"start":{"line":65,"column":91},"end":{"line":70,"column":3}},"5":{"start":{"line":72,"column":12},"end":{"line":72,"column":27}},"6":{"start":{"line":74,"column":2},"end":{"line":87,"column":4}},"7":{"start":{"line":90,"column":11},"end":{"line":100,"column":2}},"8":{"start":{"line":112,"column":21},"end":{"line":112,"column":31}},"9":{"start":{"line":113,"column":32},"end":{"line":113,"column":47}},"10":{"start":{"line":114,"column":20},"end":{"line":114,"column":57}},"11":{"start":{"line":116,"column":22},"end":{"line":120,"column":3}},"12":{"start":{"line":117,"column":4},"end":{"line":117,"column":21}},"13":{"start":{"line":118,"column":4},"end":{"line":118,"column":105}},"14":{"start":{"line":119,"column":4},"end":{"line":119,"column":16}},"15":{"start":{"line":122,"column":21},"end":{"line":128,"column":3}},"16":{"start":{"line":123,"column":4},"end":{"line":123,"column":22}},"17":{"start":{"line":124,"column":4},"end":{"line":126,"column":5}},"18":{"start":{"line":125,"column":6},"end":{"line":125,"column":107}},"19":{"start":{"line":127,"column":4},"end":{"line":127,"column":15}},"20":{"start":{"line":130,"column":22},"end":{"line":130,"column":67}},"21":{"start":{"line":132,"column":2},"end":{"line":161,"column":4}},"22":{"start":{"line":156,"column":34},"end":{"line":156,"column":50}},"23":{"start":{"line":164,"column":13},"end":{"line":173,"column":2}}},"fnMap":{"0":{"name":"EmptyState","decl":{"start":{"line":27,"column":16},"end":{"line":27,"column":26}},"loc":{"start":{"line":27,"column":97},"end":{"line":45,"column":1}},"line":27},"1":{"name":"StatusBanner","decl":{"start":{"line":62,"column":16},"end":{"line":62,"column":28}},"loc":{"start":{"line":62,"column":88},"end":{"line":88,"column":1}},"line":62},"2":{"name":"SearchBar","decl":{"start":{"line":111,"column":16},"end":{"line":111,"column":25}},"loc":{"start":{"line":111,"column":109},"end":{"line":162,"column":1}},"line":111},"3":{"name":"(anonymous_3)","decl":{"start":{"line":116,"column":22},"end":{"line":116,"column":23}},"loc":{"start":{"line":116,"column":28},"end":{"line":120,"column":3}},"line":116},"4":{"name":"(anonymous_4)","decl":{"start":{"line":122,"column":21},"end":{"line":122,"column":22}},"loc":{"start":{"line":122,"column":27},"end":{"line":128,"column":3}},"line":122},"5":{"name":"(anonymous_5)","decl":{"start":{"line":156,"column":28},"end":{"line":156,"column":29}},"loc":{"start":{"line":156,"column":34},"end":{"line":156,"column":50}},"line":156}},"branchMap":{"0":{"loc":{"start":{"line":31,"column":7},"end":{"line":35,"column":7}},"type":"binary-expr","locations":[{"start":{"line":31,"column":7},"end":{"line":31,"column":11}},{"start":{"line":32,"column":8},"end":{"line":34,"column":15}}],"line":31},"1":{"loc":{"start":{"line":37,"column":7},"end":{"line":39,"column":7}},"type":"binary-expr","locations":[{"start":{"line":37,"column":7},"end":{"line":37,"column":18}},{"start":{"line":38,"column":8},"end":{"line":38,"column":114}}],"line":37},"2":{"loc":{"start":{"line":40,"column":7},"end":{"line":42,"column":7}},"type":"binary-expr","locations":[{"start":{"line":40,"column":7},"end":{"line":40,"column":18}},{"start":{"line":40,"column":22},"end":{"line":40,"column":30}},{"start":{"line":41,"column":8},"end":{"line":41,"column":87}}],"line":40},"3":{"loc":{"start":{"line":79,"column":9},"end":{"line":79,"column":90}},"type":"binary-expr","locations":[{"start":{"line":79,"column":9},"end":{"line":79,"column":16}},{"start":{"line":79,"column":20},"end":{"line":79,"column":90}}],"line":79},"4":{"loc":{"start":{"line":81,"column":7},"end":{"line":85,"column":7}},"type":"binary-expr","locations":[{"start":{"line":81,"column":7},"end":{"line":81,"column":16}},{"start":{"line":82,"column":8},"end":{"line":84,"column":20}}],"line":81},"5":{"loc":{"start":{"line":111,"column":49},"end":{"line":111,"column":72}},"type":"default-arg","locations":[{"start":{"line":111,"column":63},"end":{"line":111,"column":72}}],"line":111},"6":{"loc":{"start":{"line":124,"column":4},"end":{"line":126,"column":5}},"type":"if","locations":[{"start":{"line":124,"column":4},"end":{"line":126,"column":5}},{"start":{},"end":{}}],"line":124},"7":{"loc":{"start":{"line":130,"column":22},"end":{"line":130,"column":67}},"type":"cond-expr","locations":[{"start":{"line":130,"column":32},"end":{"line":130,"column":44}},{"start":{"line":130,"column":47},"end":{"line":130,"column":67}}],"line":130},"8":{"loc":{"start":{"line":143,"column":48},"end":{"line":143,"column":92}},"type":"cond-expr","locations":[{"start":{"line":143,"column":58},"end":{"line":143,"column":70}},{"start":{"line":143,"column":73},"end":{"line":143,"column":92}}],"line":143},"9":{"loc":{"start":{"line":155,"column":7},"end":{"line":159,"column":7}},"type":"binary-expr","locations":[{"start":{"line":155,"column":7},"end":{"line":155,"column":23}},{"start":{"line":156,"column":8},"end":{"line":158,"column":20}}],"line":155}},"s":{"0":0,"1":0,"2":0,"3":0,"4":0,"5":0,"6":0,"7":0,"8":0,"9":0,"10":0,"11":0,"12":0,"13":0,"14":0,"15":0,"16":0,"17":0,"18":0,"19":0,"20":0,"21":0,"22":0,"23":0},"f":{"0":0,"1":0,"2":0,"3":0,"4":0,"5":0},"b":{"0":[0,0],"1":[0,0],"2":[0,0,0],"3":[0,0],"4":[0,0],"5":[0],"6":[0,0],"7":[0,0],"8":[0,0],"9":[0,0]}}
,"D:\\LUMEN\\Lumen-app\\src\\design-system\\components\\FAB.tsx": {"path":"D:\\LUMEN\\Lumen-app\\src\\design-system\\components\\FAB.tsx","statementMap":{"0":{"start":{"line":18,"column":14},"end":{"line":18,"column":40}},"1":{"start":{"line":19,"column":52},"end":{"line":19,"column":84}},"2":{"start":{"line":22,"column":30},"end":{"line":22,"column":40}},"3":{"start":{"line":23,"column":16},"end":{"line":23,"column":53}},"4":{"start":{"line":24,"column":18},"end":{"line":24,"column":39}},"5":{"start":{"line":25,"column":14},"end":{"line":25,"column":25}},"6":{"start":{"line":27,"column":18},"end":{"line":28,"column":102}},"7":{"start":{"line":28,"column":4},"end":{"line":28,"column":102}},"8":{"start":{"line":29,"column":19},"end":{"line":30,"column":99}},"9":{"start":{"line":30,"column":4},"end":{"line":30,"column":99}},"10":{"start":{"line":32,"column":21},"end":{"line":32,"column":28}},"11":{"start":{"line":34,"column":2},"end":{"line":60,"column":4}},"12":{"start":{"line":63,"column":10},"end":{"line":69,"column":2}}},"fnMap":{"0":{"name":"FAB","decl":{"start":{"line":21,"column":16},"end":{"line":21,"column":19}},"loc":{"start":{"line":21,"column":76},"end":{"line":61,"column":1}},"line":21},"1":{"name":"(anonymous_1)","decl":{"start":{"line":27,"column":18},"end":{"line":27,"column":19}},"loc":{"start":{"line":28,"column":4},"end":{"line":28,"column":102}},"line":28},"2":{"name":"(anonymous_2)","decl":{"start":{"line":29,"column":19},"end":{"line":29,"column":20}},"loc":{"start":{"line":30,"column":4},"end":{"line":30,"column":99}},"line":30}},"branchMap":{"0":{"loc":{"start":{"line":21,"column":51},"end":{"line":21,"column":62}},"type":"default-arg","locations":[{"start":{"line":21,"column":58},"end":{"line":21,"column":62}}],"line":21},"1":{"loc":{"start":{"line":24,"column":18},"end":{"line":24,"column":39}},"type":"binary-expr","locations":[{"start":{"line":24,"column":18},"end":{"line":24,"column":23}},{"start":{"line":24,"column":27},"end":{"line":24,"column":39}}],"line":24},"2":{"loc":{"start":{"line":41,"column":28},"end":{"line":41,"column":41}},"type":"binary-expr","locations":[{"start":{"line":41,"column":28},"end":{"line":41,"column":33}},{"start":{"line":41,"column":37},"end":{"line":41,"column":41}}],"line":41},"3":{"loc":{"start":{"line":48,"column":26},"end":{"line":48,"column":56}},"type":"cond-expr","locations":[{"start":{"line":48,"column":39},"end":{"line":48,"column":46}},{"start":{"line":48,"column":49},"end":{"line":48,"column":56}}],"line":48},"4":{"loc":{"start":{"line":49,"column":31},"end":{"line":49,"column":50}},"type":"cond-expr","locations":[{"start":{"line":49,"column":44},"end":{"line":49,"column":46}},{"start":{"line":49,"column":49},"end":{"line":49,"column":50}}],"line":49},"5":{"loc":{"start":{"line":50,"column":19},"end":{"line":50,"column":47}},"type":"cond-expr","locations":[{"start":{"line":50,"column":32},"end":{"line":50,"column":41}},{"start":{"line":50,"column":44},"end":{"line":50,"column":47}}],"line":50},"6":{"loc":{"start":{"line":55,"column":9},"end":{"line":57,"column":9}},"type":"binary-expr","locations":[{"start":{"line":55,"column":9},"end":{"line":55,"column":14}},{"start":{"line":56,"column":10},"end":{"line":56,"column":95}}],"line":55}},"s":{"0":0,"1":0,"2":0,"3":0,"4":0,"5":0,"6":0,"7":0,"8":0,"9":0,"10":0,"11":0,"12":0},"f":{"0":0,"1":0,"2":0},"b":{"0":[0],"1":[0,0],"2":[0,0],"3":[0,0],"4":[0,0],"5":[0,0],"6":[0,0]}}
,"D:\\LUMEN\\Lumen-app\\src\\design-system\\components\\FilterChip.tsx": {"path":"D:\\LUMEN\\Lumen-app\\src\\design-system\\components\\FilterChip.tsx","statementMap":{"0":{"start":{"line":21,"column":60},"end":{"line":21,"column":70}},"1":{"start":{"line":23,"column":26},"end":{"line":23,"column":67}},"2":{"start":{"line":24,"column":20},"end":{"line":24,"column":72}},"3":{"start":{"line":26,"column":2},"end":{"line":59,"column":4}},"4":{"start":{"line":62,"column":15},"end":{"line":76,"column":2}}},"fnMap":{"0":{"name":"FilterChip","decl":{"start":{"line":14,"column":16},"end":{"line":14,"column":26}},"loc":{"start":{"line":20,"column":20},"end":{"line":60,"column":1}},"line":20}},"branchMap":{"0":{"loc":{"start":{"line":16,"column":2},"end":{"line":16,"column":18}},"type":"default-arg","locations":[{"start":{"line":16,"column":13},"end":{"line":16,"column":18}}],"line":16},"1":{"loc":{"start":{"line":19,"column":2},"end":{"line":19,"column":19}},"type":"default-arg","locations":[{"start":{"line":19,"column":14},"end":{"line":19,"column":19}}],"line":19},"2":{"loc":{"start":{"line":23,"column":26},"end":{"line":23,"column":67}},"type":"cond-expr","locations":[{"start":{"line":23,"column":37},"end":{"line":23,"column":49}},{"start":{"line":23,"column":52},"end":{"line":23,"column":67}}],"line":23},"3":{"loc":{"start":{"line":24,"column":20},"end":{"line":24,"column":72}},"type":"cond-expr","locations":[{"start":{"line":24,"column":31},"end":{"line":24,"column":49}},{"start":{"line":24,"column":52},"end":{"line":24,"column":72}}],"line":24},"4":{"loc":{"start":{"line":34,"column":23},"end":{"line":34,"column":69}},"type":"cond-expr","locations":[{"start":{"line":34,"column":34},"end":{"line":34,"column":46}},{"start":{"line":34,"column":49},"end":{"line":34,"column":69}}],"line":34},"5":{"loc":{"start":{"line":37,"column":25},"end":{"line":37,"column":58}},"type":"cond-expr","locations":[{"start":{"line":37,"column":37},"end":{"line":37,"column":45}},{"start":{"line":37,"column":48},"end":{"line":37,"column":58}}],"line":37},"6":{"loc":{"start":{"line":53,"column":7},"end":{"line":57,"column":7}},"type":"binary-expr","locations":[{"start":{"line":53,"column":7},"end":{"line":53,"column":16}},{"start":{"line":53,"column":20},"end":{"line":53,"column":28}},{"start":{"line":54,"column":8},"end":{"line":56,"column":27}}],"line":53}},"s":{"0":0,"1":0,"2":0,"3":0,"4":0},"f":{"0":0},"b":{"0":[0],"1":[0],"2":[0,0],"3":[0,0],"4":[0,0],"5":[0,0],"6":[0,0,0]}}
[...]
,"D:\\LUMEN\\Lumen-app\\src\\services\\storage\\client\\index.ts": {"path":"D:\\LUMEN\\Lumen-app\\src\\services\\storage\\client\\index.ts","statementMap":{"0":{"start":{"line":1,"column":36},"end":{"line":3,"column":10}}},"fnMap":{},"branchMap":{},"s":{"0":0},"f":{},"b":{}}
,"D:\\LUMEN\\Lumen-app\\src\\services\\storage\\errors\\index.ts": {"path":"D:\\LUMEN\\Lumen-app\\src\\services\\storage\\errors\\index.ts","statementMap":{"0":{"start":{"line":1,"column":36},"end":{"line":3,"column":10}}},"fnMap":{},"branchMap":{},"s":{"0":0},"f":{},"b":{}}
,"D:\\LUMEN\\Lumen-app\\src\\services\\storage\\headers\\index.ts": {"path":"D:\\LUMEN\\Lumen-app\\src\\services\\storage\\headers\\index.ts","statementMap":{"0":{"start":{"line":1,"column":37},"end":{"line":3,"column":10}}},"fnMap":{},"branchMap":{},"s":{"0":0},"f":{},"b":{}}
,"D:\\LUMEN\\Lumen-app\\src\\services\\storage\\interceptors\\index.ts": {"path":"D:\\LUMEN\\Lumen-app\\src\\services\\storage\\interceptors\\index.ts","statementMap":{"0":{"start":{"line":1,"column":42},"end":{"line":3,"column":10}}},"fnMap":{},"branchMap":{},"s":{"0":0},"f":{},"b":{}}
,"D:\\LUMEN\\Lumen-app\\src\\services\\storage\\response\\index.ts": {"path":"D:\\LUMEN\\Lumen-app\\src\\services\\storage\\response\\index.ts","statementMap":{"0":{"start":{"line":1,"column":38},"end":{"line":3,"column":10}}},"fnMap":{},"branchMap":{},"s":{"0":0},"f":{},"b":{}}
,"D:\\LUMEN\\Lumen-app\\src\\services\\storage\\retry\\index.ts": {"path":"D:\\LUMEN\\Lumen-app\\src\\services\\storage\\retry\\index.ts","statementMap":{"0":{"start":{"line":1,"column":35},"end":{"line":3,"column":10}}},"fnMap":{},"branchMap":{},"s":{"0":0},"f":{},"b":{}}
,"D:\\LUMEN\\Lumen-app\\src\\services\\upload\\index.ts": {"path":"D:\\LUMEN\\Lumen-app\\src\\services\\upload\\index.ts","statementMap":{"0":{"start":{"line":1,"column":29},"end":{"line":3,"column":10}}},"fnMap":{},"branchMap":{},"s":{"0":0},"f":{},"b":{}}
,"D:\\LUMEN\\Lumen-app\\src\\services\\upload\\client\\index.ts": {"path":"D:\\LUMEN\\Lumen-app\\src\\services\\upload\\client\\index.ts","statementMap":{"0":{"start":{"line":1,"column":35},"end":{"line":3,"column":10}}},"fnMap":{},"branchMap":{},"s":{"0":0},"f":{},"b":{}}
,"D:\\LUMEN\\Lumen-app\\src\\services\\upload\\errors\\index.ts": {"path":"D:\\LUMEN\\Lumen-app\\src\\services\\upload\\errors\\index.ts","statementMap":{"0":{"start":{"line":1,"column":35},"end":{"line":3,"column":10}}},"fnMap":{},"branchMap":{},"s":{"0":0},"f":{},"b":{}}
,"D:\\LUMEN\\Lumen-app\\src\\services\\upload\\headers\\index.ts": {"path":"D:\\LUMEN\\Lumen-app\\src\\services\\upload\\headers\\index.ts","statementMap":{"0":{"start":{"line":1,"column":36},"end":{"line":3,"column":10}}},"fnMap":{},"branchMap":{},"s":{"0":0},"f":{},"b":{}}
,"D:\\LUMEN\\Lumen-app\\src\\services\\upload\\interceptors\\index.ts": {"path":"D:\\LUMEN\\Lumen-app\\src\\services\\upload\\interceptors\\index.ts","statementMap":{"0":{"start":{"line":1,"column":41},"end":{"line":3,"column":10}}},"fnMap":{},"branchMap":{},"s":{"0":0},"f":{},"b":{}}
,"D:\\LUMEN\\Lumen-app\\src\\services\\upload\\response\\index.ts": {"path":"D:\\LUMEN\\Lumen-app\\src\\services\\upload\\response\\index.ts","statementMap":{"0":{"start":{"line":1,"column":37},"end":{"line":3,"column":10}}},"fnMap":{},"branchMap":{},"s":{"0":0},"f":{},"b":{}}
,"D:\\LUMEN\\Lumen-app\\src\\services\\upload\\retry\\index.ts": {"path":"D:\\LUMEN\\Lumen-app\\src\\services\\upload\\retry\\index.ts","statementMap":{"0":{"start":{"line":1,"column":34},"end":{"line":3,"column":10}}},"fnMap":{},"branchMap":{},"s":{"0":0},"f":{},"b":{}}
,"D:\\LUMEN\\Lumen-app\\src\\store\\AuthStore.ts": {"path":"D:\\LUMEN\\Lumen-app\\src\\store\\AuthStore.ts","statementMap":{"0":{"start":{"line":6,"column":41},"end":{"line":9,"column":1}}},"fnMap":{},"branchMap":{},"s":{"0":0},"f":{},"b":{}}
,"D:\\LUMEN\\Lumen-app\\src\\store\\CitizenStore.ts": {"path":"D:\\LUMEN\\Lumen-app\\src\\store\\CitizenStore.ts","statementMap":{"0":{"start":{"line":6,"column":47},"end":{"line":9,"column":1}}},"fnMap":{},"branchMap":{},"s":{"0":0},"f":{},"b":{}}
,"D:\\LUMEN\\Lumen-app\\src\\store\\EngineerStore.ts": {"path":"D:\\LUMEN\\Lumen-app\\src\\store\\EngineerStore.ts","statementMap":{"0":{"start":{"line":6,"column":49},"end":{"line":9,"column":1}}},"fnMap":{},"branchMap":{},"s":{"0":0},"f":{},"b":{}}
,"D:\\LUMEN\\Lumen-app\\src\\store\\LocationStore.ts": {"path":"D:\\LUMEN\\Lumen-app\\src\\store\\LocationStore.ts","statementMap":{"0":{"start":{"line":6,"column":49},"end":{"line":9,"column":1}}},"fnMap":{},"branchMap":{},"s":{"0":0},"f":{},"b":{}}
,"D:\\LUMEN\\Lumen-app\\src\\store\\NotificationStore.ts": {"path":"D:\\LUMEN\\Lumen-app\\src\\store\\NotificationStore.ts","statementMap":{"0":{"start":{"line":6,"column":57},"end":{"line":9,"column":1}}},"fnMap":{},"branchMap":{},"s":{"0":0},"f":{},"b":{}}
,"D:\\LUMEN\\Lumen-app\\src\\store\\OfflineStore.ts": {"path":"D:\\LUMEN\\Lumen-app\\src\\store\\OfflineStore.ts","statementMap":{"0":{"start":{"line":7,"column":47},"end":{"line":11,"column":1}}},"fnMap":{},"branchMap":{},"s":{"0":0},"f":{},"b":{}}
,"D:\\LUMEN\\Lumen-app\\src\\store\\ReportStore.ts": {"path":"D:\\LUMEN\\Lumen-app\\src\\store\\ReportStore.ts","statementMap":{"0":{"start":{"line":6,"column":45},"end":{"line":9,"column":1}}},"fnMap":{},"branchMap":{},"s":{"0":0},"f":{},"b":{}}
,"D:\\LUMEN\\Lumen-app\\src\\store\\SettingsStore.ts": {"path":"D:\\LUMEN\\Lumen-app\\src\\store\\SettingsStore.ts","statementMap":{"0":{"start":{"line":6,"column":49},"end":{"line":9,"column":1}}},"fnMap":{},"branchMap":{},"s":{"0":0},"f":{},"b":{}}
,"D:\\LUMEN\\Lumen-app\\src\\store\\ThemeStore.ts": {"path":"D:\\LUMEN\\Lumen-app\\src\\store\\ThemeStore.ts","statementMap":{"0":{"start":{"line":6,"column":43},"end":{"line":9,"column":1}}},"fnMap":{},"branchMap":{},"s":{"0":0},"f":{},"b":{}}
,"D:\\LUMEN\\Lumen-app\\src\\store\\UserStore.ts": {"path":"D:\\LUMEN\\Lumen-app\\src\\store\\UserStore.ts","statementMap":{"0":{"start":{"line":6,"column":41},"end":{"line":9,"column":1}}},"fnMap":{},"branchMap":{},"s":{"0":0},"f":{},"b":{}}
,"D:\\LUMEN\\Lumen-app\\src\\store\\index.ts": {"path":"D:\\LUMEN\\Lumen-app\\src\\store\\index.ts","statementMap":{},"fnMap":{},"branchMap":{},"s":{},"f":{},"b":{}}
,"D:\\LUMEN\\Lumen-app\\src\\theme\\Animation.ts": {"path":"D:\\LUMEN\\Lumen-app\\src\\theme\\Animation.ts","statementMap":{"0":{"start":{"line":1,"column":26},"end":{"line":5,"column":10}}},"fnMap":{},"branchMap":{},"s":{"0":0},"f":{},"b":{}}
,"D:\\LUMEN\\Lumen-app\\src\\theme\\Colors.ts": {"path":"D:\\LUMEN\\Lumen-app\\src\\theme\\Colors.ts","statementMap":{"0":{"start":{"line":1,"column":33},"end":{"line":8,"column":1}},"1":{"start":{"line":10,"column":31},"end":{"line":17,"column":1}}},"fnMap":{},"branchMap":{},"s":{"0":0,"1":0},"f":{},"b":{}}
,"D:\\LUMEN\\Lumen-app\\src\\theme\\DarkTheme.ts": {"path":"D:\\LUMEN\\Lumen-app\\src\\theme\\DarkTheme.ts","statementMap":{"0":{"start":{"line":6,"column":25},"end":{"line":11,"column":10}}},"fnMap":{},"branchMap":{},"s":{"0":0},"f":{},"b":{}}
,"D:\\LUMEN\\Lumen-app\\src\\theme\\Elevation.ts": {"path":"D:\\LUMEN\\Lumen-app\\src\\theme\\Elevation.ts","statementMap":{"0":{"start":{"line":1,"column":26},"end":{"line":6,"column":10}}},"fnMap":{},"branchMap":{},"s":{"0":0},"f":{},"b":{}}
,"D:\\LUMEN\\Lumen-app\\src\\theme\\Index.ts": {"path":"D:\\LUMEN\\Lumen-app\\src\\theme\\Index.ts","statementMap":{},"fnMap":{},"branchMap":{},"s":{},"f":{},"b":{}}
,"D:\\LUMEN\\Lumen-app\\src\\theme\\LightTheme.ts": {"path":"D:\\LUMEN\\Lumen-app\\src\\theme\\LightTheme.ts","statementMap":{"0":{"start":{"line":6,"column":26},"end":{"line":11,"column":10}}},"fnMap":{},"branchMap":{},"s":{"0":0},"f":{},"b":{}}
,"D:\\LUMEN\\Lumen-app\\src\\theme\\Radius.ts": {"path":"D:\\LUMEN\\Lumen-app\\src\\theme\\Radius.ts","statementMap":{"0":{"start":{"line":1,"column":23},"end":{"line":7,"column":10}}},"fnMap":{},"branchMap":{},"s":{"0":0},"f":{},"b":{}}
,"D:\\LUMEN\\Lumen-app\\src\\theme\\Shadows.ts": {"path":"D:\\LUMEN\\Lumen-app\\src\\theme\\Shadows.ts","statementMap":{},"fnMap":{},"branchMap":{},"s":{},"f":{},"b":{}}
,"D:\\LUMEN\\Lumen-app\\src\\theme\\Spacing.ts": {"path":"D:\\LUMEN\\Lumen-app\\src\\theme\\Spacing.ts","statementMap":{"0":{"start":{"line":1,"column":24},"end":{"line":8,"column":10}}},"fnMap":{},"branchMap":{},"s":{"0":0},"f":{},"b":{}}
,"D:\\LUMEN\\Lumen-app\\src\\theme\\Tokens.ts": {"path":"D:\\LUMEN\\Lumen-app\\src\\theme\\Tokens.ts","statementMap":{"0":{"start":{"line":6,"column":27},"end":{"line":14,"column":10}}},"fnMap":{},"branchMap":{},"s":{"0":0},"f":{},"b":{}}
,"D:\\LUMEN\\Lumen-app\\src\\theme\\Typography.ts": {"path":"D:\\LUMEN\\Lumen-app\\src\\theme\\Typography.ts","statementMap":{"0":{"start":{"line":1,"column":27},"end":{"line":7,"column":10}}},"fnMap":{},"branchMap":{},"s":{"0":0},"f":{},"b":{}}
,"D:\\LUMEN\\Lumen-app\\src\\types\\Api.ts": {"path":"D:\\LUMEN\\Lumen-app\\src\\types\\Api.ts","statementMap":{},"fnMap":{},"branchMap":{},"s":{},"f":{},"b":{}}
,"D:\\LUMEN\\Lumen-app\\src\\types\\Auth.ts": {"path":"D:\\LUMEN\\Lumen-app\\src\\types\\Auth.ts","statementMap":{},"fnMap":{},"branchMap":{},"s":{},"f":{},"b":{}}
,"D:\\LUMEN\\Lumen-app\\src\\types\\Common.ts": {"path":"D:\\LUMEN\\Lumen-app\\src\\types\\Common.ts","statementMap":{},"fnMap":{},"branchMap":{},"s":{},"f":{},"b":{}}
,"D:\\LUMEN\\Lumen-app\\src\\types\\Map.ts": {"path":"D:\\LUMEN\\Lumen-app\\src\\types\\Map.ts","statementMap":{},"fnMap":{},"branchMap":{},"s":{},"f":{},"b":{}}
,"D:\\LUMEN\\Lumen-app\\src\\types\\Notification.ts": {"path":"D:\\LUMEN\\Lumen-app\\src\\types\\Notification.ts","statementMap":{},"fnMap":{},"branchMap":{},"s":{},"f":{},"b":{}}
,"D:\\LUMEN\\Lumen-app\\src\\types\\Report.ts": {"path":"D:\\LUMEN\\Lumen-app\\src\\types\\Report.ts","statementMap":{},"fnMap":{},"branchMap":{},"s":{},"f":{},"b":{}}
,"D:\\LUMEN\\Lumen-app\\src\\types\\User.ts": {"path":"D:\\LUMEN\\Lumen-app\\src\\types\\User.ts","statementMap":{},"fnMap":{},"branchMap":{},"s":{},"f":{},"b":{}}
,"D:\\LUMEN\\Lumen-app\\src\\types\\index.ts": {"path":"D:\\LUMEN\\Lumen-app\\src\\types\\index.ts","statementMap":{},"fnMap":{},"branchMap":{},"s":{},"f":{},"b":{}}
,"D:\\LUMEN\\Lumen-app\\src\\utils\\Compression.ts": {"path":"D:\\LUMEN\\Lumen-app\\src\\utils\\Compression.ts","statementMap":{"0":{"start":{"line":2,"column":2},"end":{"line":2,"column":15}},"1":{"start":{"line":6,"column":2},"end":{"line":6,"column":15}}},"fnMap":{"0":{"name":"compressText","decl":{"start":{"line":1,"column":17},"end":{"line":1,"column":29}},"loc":{"start":{"line":1,"column":53},"end":{"line":3,"column":1}},"line":1},"1":{"name":"decompressText","decl":{"start":{"line":5,"column":16},"end":{"line":5,"column":30}},"loc":{"start":{"line":5,"column":54},"end":{"line":7,"column":1}},"line":5}},"branchMap":{},"s":{"0":0,"1":0},"f":{"0":0,"1":0},"b":{}}
,"D:\\LUMEN\\Lumen-app\\src\\utils\\Date.ts": {"path":"D:\\LUMEN\\Lumen-app\\src\\utils\\Date.ts","statementMap":{"0":{"start":{"line":2,"column":2},"end":{"line":2,"column":29}},"1":{"start":{"line":6,"column":2},"end":{"line":6,"column":74}}},"fnMap":{"0":{"name":"formatDate","decl":{"start":{"line":1,"column":17},"end":{"line":1,"column":27}},"loc":{"start":{"line":1,"column":49},"end":{"line":3,"column":1}},"line":1},"1":{"name":"startOfDay","decl":{"start":{"line":5,"column":16},"end":{"line":5,"column":26}},"loc":{"start":{"line":5,"column":46},"end":{"line":7,"column":1}},"line":5}},"branchMap":{},"s":{"0":0,"1":0},"f":{"0":0,"1":0},"b":{}}
,"D:\\LUMEN\\Lumen-app\\src\\utils\\Encryption.ts": {"path":"D:\\LUMEN\\Lumen-app\\src\\utils\\Encryption.ts","statementMap":{"0":{"start":{"line":2,"column":2},"end":{"line":2,"column":15}},"1":{"start":{"line":6,"column":2},"end":{"line":6,"column":15}}},"fnMap":{"0":{"name":"encryptText","decl":{"start":{"line":1,"column":17},"end":{"line":1,"column":28}},"loc":{"start":{"line":1,"column":52},"end":{"line":3,"column":1}},"line":1},"1":{"name":"decryptText","decl":{"start":{"line":5,"column":16},"end":{"line":5,"column":27}},"loc":{"start":{"line":5,"column":51},"end":{"line":7,"column":1}},"line":5}},"branchMap":{},"s":{"0":0,"1":0},"f":{"0":0,"1":0},"b":{}}
,"D:\\LUMEN\\Lumen-app\\src\\utils\\File.ts": {"path":"D:\\LUMEN\\Lumen-app\\src\\utils\\File.ts","statementMap":{"0":{"start":{"line":8,"column":2},"end":{"line":8,"column":30}}},"fnMap":{"0":{"name":"createFileDescriptor","decl":{"start":{"line":7,"column":16},"end":{"line":7,"column":36}},"loc":{"start":{"line":7,"column":95},"end":{"line":9,"column":1}},"line":7}},"branchMap":{},"s":{"0":0},"f":{"0":0},"b":{}}
,"D:\\LUMEN\\Lumen-app\\src\\utils\\Formatter.ts": {"path":"D:\\LUMEN\\Lumen-app\\src\\utils\\Formatter.ts","statementMap":{"0":{"start":{"line":2,"column":2},"end":{"line":5,"column":20}},"1":{"start":{"line":9,"column":2},"end":{"line":9,"column":54}}},"fnMap":{"0":{"name":"formatCurrency","decl":{"start":{"line":1,"column":17},"end":{"line":1,"column":31}},"loc":{"start":{"line":1,"column":74},"end":{"line":6,"column":1}},"line":1},"1":{"name":"formatNumber","decl":{"start":{"line":8,"column":16},"end":{"line":8,"column":28}},"loc":{"start":{"line":8,"column":52},"end":{"line":10,"column":1}},"line":8}},"branchMap":{"0":{"loc":{"start":{"line":1,"column":48},"end":{"line":1,"column":64}},"type":"default-arg","locations":[{"start":{"line":1,"column":59},"end":{"line":1,"column":64}}],"line":1}},"s":{"0":0,"1":0},"f":{"0":0,"1":0},"b":{"0":[0]}}
,"D:\\LUMEN\\Lumen-app\\src\\utils\\Image.ts": {"path":"D:\\LUMEN\\Lumen-app\\src\\utils\\Image.ts","statementMap":{"0":{"start":{"line":8,"column":2},"end":{"line":8,"column":32}}},"fnMap":{"0":{"name":"createImageReference","decl":{"start":{"line":7,"column":16},"end":{"line":7,"column":36}},"loc":{"start":{"line":7,"column":99},"end":{"line":9,"column":1}},"line":7}},"branchMap":{},"s":{"0":0},"f":{"0":0},"b":{}}
,"D:\\LUMEN\\Lumen-app\\src\\utils\\Logger.ts": {"path":"D:\\LUMEN\\Lumen-app\\src\\utils\\Logger.ts","statementMap":{"0":{"start":{"line":13,"column":22},"end":{"line":13,"column":46}},"1":{"start":{"line":14,"column":23},"end":{"line":14,"column":69}},"2":{"start":{"line":15,"column":4},"end":{"line":15,"column":63}},"3":{"start":{"line":19,"column":4},"end":{"line":19,"column":52}},"4":{"start":{"line":23,"column":4},"end":{"line":23,"column":53}},"5":{"start":{"line":27,"column":4},"end":{"line":27,"column":55}},"6":{"start":{"line":31,"column":34},"end":{"line":31,"column":38}},"7":{"start":{"line":34,"column":2},"end":{"line":36,"column":3}},"8":{"start":{"line":35,"column":4},"end":{"line":35,"column":39}},"9":{"start":{"line":37,"column":2},"end":{"line":37,"column":22}}},"fnMap":{"0":{"name":"(anonymous_0)","decl":{"start":{"line":8,"column":2},"end":{"line":8,"column":3}},"loc":{"start":{"line":12,"column":12},"end":{"line":16,"column":3}},"line":12},"1":{"name":"(anonymous_1)","decl":{"start":{"line":18,"column":2},"end":{"line":18,"column":3}},"loc":{"start":{"line":18,"column":62},"end":{"line":20,"column":3}},"line":18},"2":{"name":"(anonymous_2)","decl":{"start":{"line":22,"column":2},"end":{"line":22,"column":3}},"loc":{"start":{"line":22,"column":62},"end":{"line":24,"column":3}},"line":22},"3":{"name":"(anonymous_3)","decl":{"start":{"line":26,"column":2},"end":{"line":26,"column":3}},"loc":{"start":{"line":26,"column":63},"end":{"line":28,"column":3}},"line":26},"4":{"name":"createLogger","decl":{"start":{"line":33,"column":16},"end":{"line":33,"column":28}},"loc":{"start":{"line":33,"column":39},"end":{"line":38,"column":1}},"line":33}},"branchMap":{"0":{"loc":{"start":{"line":14,"column":23},"end":{"line":14,"column":69}},"type":"cond-expr","locations":[{"start":{"line":14,"column":30},"end":{"line":14,"column":64}},{"start":{"line":14,"column":67},"end":{"line":14,"column":69}}],"line":14},"1":{"loc":{"start":{"line":34,"column":2},"end":{"line":36,"column":3}},"type":"if","locations":[{"start":{"line":34,"column":2},"end":{"line":36,"column":3}},{"start":{},"end":{}}],"line":34}},"s":{"0":0,"1":0,"2":0,"3":0,"4":0,"5":0,"6":0,"7":0,"8":0,"9":0},"f":{"0":0,"1":0,"2":0,"3":0,"4":0},"b":{"0":[0,0],"1":[0,0]}}
,"D:\\LUMEN\\Lumen-app\\src\\utils\\Network.ts": {"path":"D:\\LUMEN\\Lumen-app\\src\\utils\\Network.ts","statementMap":{"0":{"start":{"line":7,"column":2},"end":{"line":10,"column":4}}},"fnMap":{"0":{"name":"createNetworkState","decl":{"start":{"line":6,"column":16},"end":{"line":6,"column":34}},"loc":{"start":{"line":6,"column":51},"end":{"line":11,"column":1}},"line":6}},"branchMap":{},"s":{"0":0},"f":{"0":0},"b":{}}
,"D:\\LUMEN\\Lumen-app\\src\\utils\\Permission.ts": {"path":"D:\\LUMEN\\Lumen-app\\src\\utils\\Permission.ts","statementMap":{},"fnMap":{},"branchMap":{},"s":{},"f":{},"b":{}}
,"D:\\LUMEN\\Lumen-app\\src\\utils\\Permissions.ts": {"path":"D:\\LUMEN\\Lumen-app\\src\\utils\\Permissions.ts","statementMap":{"0":{"start":{"line":8,"column":2},"end":{"line":12,"column":4}}},"fnMap":{"0":{"name":"createPermissionGrantMap","decl":{"start":{"line":7,"column":16},"end":{"line":7,"column":40}},"loc":{"start":{"line":7,"column":63},"end":{"line":13,"column":1}},"line":7}},"branchMap":{},"s":{"0":0},"f":{"0":0},"b":{}}
,"D:\\LUMEN\\Lumen-app\\src\\utils\\Upload.ts": {"path":"D:\\LUMEN\\Lumen-app\\src\\utils\\Upload.ts","statementMap":{"0":{"start":{"line":7,"column":2},"end":{"line":7,"column":32}}},"fnMap":{"0":{"name":"createUploadDescriptor","decl":{"start":{"line":6,"column":16},"end":{"line":6,"column":38}},"loc":{"start":{"line":6,"column":89},"end":{"line":8,"column":1}},"line":6}},"branchMap":{"0":{"loc":{"start":{"line":6,"column":57},"end":{"line":6,"column":69}},"type":"default-arg","locations":[{"start":{"line":6,"column":68},"end":{"line":6,"column":69}}],"line":6}},"s":{"0":0},"f":{"0":0},"b":{"0":[0]}}
,"D:\\LUMEN\\Lumen-app\\src\\utils\\Validator.ts": {"path":"D:\\LUMEN\\Lumen-app\\src\\utils\\Validator.ts","statementMap":{"0":{"start":{"line":7,"column":2},"end":{"line":9,"column":4}}},"fnMap":{"0":{"name":"validateRequired","decl":{"start":{"line":6,"column":16},"end":{"line":6,"column":32}},"loc":{"start":{"line":6,"column":67},"end":{"line":10,"column":1}},"line":6}},"branchMap":{"0":{"loc":{"start":{"line":8,"column":11},"end":{"line":8,"column":64}},"type":"binary-expr","locations":[{"start":{"line":8,"column":11},"end":{"line":8,"column":25}},{"start":{"line":8,"column":29},"end":{"line":8,"column":48}},{"start":{"line":8,"column":52},"end":{"line":8,"column":64}}],"line":8}},"s":{"0":0},"f":{"0":0},"b":{"0":[0,0,0]}}
,"D:\\LUMEN\\Lumen-app\\src\\utils\\Validators.ts": {"path":"D:\\LUMEN\\Lumen-app\\src\\utils\\Validators.ts","statementMap":{"0":{"start":{"line":4,"column":2},"end":{"line":4,"column":62}}},"fnMap":{"0":{"name":"isNonEmptyString","decl":{"start":{"line":3,"column":16},"end":{"line":3,"column":32}},"loc":{"start":{"line":3,"column":66},"end":{"line":5,"column":1}},"line":3}},"branchMap":{"0":{"loc":{"start":{"line":4,"column":9},"end":{"line":4,"column":61}},"type":"binary-expr","locations":[{"start":{"line":4,"column":9},"end":{"line":4,"column":34}},{"start":{"line":4,"column":38},"end":{"line":4,"column":61}}],"line":4}},"s":{"0":0},"f":{"0":0},"b":{"0":[0,0]}}
,"D:\\LUMEN\\Lumen-app\\src\\utils\\index.ts": {"path":"D:\\LUMEN\\Lumen-app\\src\\utils\\index.ts","statementMap":{},"fnMap":{},"branchMap":{},"s":{},"f":{},"b":{}}
}
