TN:
SF:src\assets\animations\index.ts
FNF:0
FNH:0
LF:0
LH:0
BRF:0
BRH:0
end_of_record
TN:
SF:src\assets\fonts\index.ts
FNF:0
FNH:0
LF:0
LH:0
BRF:0
BRH:0
end_of_record
TN:
SF:src\assets\icons\index.ts
FNF:0
FNH:0
LF:0
LH:0
BRF:0
BRH:0
end_of_record
TN:
SF:src\assets\illuatrations\index.ts
FNF:0
FNH:0
LF:0
LH:0
BRF:0
BRH:0
end_of_record
TN:
SF:src\assets\images\index.ts
FNF:0
FNH:0
LF:0
LH:0
BRF:0
BRH:0
end_of_record
TN:
SF:src\assets\logos\index.ts
FNF:0
FNH:0
LF:0
LH:0
BRF:0
BRH:0
end_of_record
TN:
SF:src\assets\lottie\index.ts
FNF:0
FNH:0
LF:0
LH:0
BRF:0
BRH:0
end_of_record
TN:
SF:src\components\index.ts
FNF:0
FNH:0
LF:0
LH:0
BRF:0
BRH:0
end_of_record
TN:
SF:src\components\analytics\Component.tsx
FN:3,Component
FNF:1
FNH:0
FNDA:0,Component
DA:4,0
DA:5,0
LF:2
LH:0
BRF:0
BRH:0
end_of_record
TN:
SF:src\components\analytics\index.ts
FNF:0
FNH:0
LF:0
LH:0
BRF:0
BRH:0
end_of_record
TN:
SF:src\components\avatar\Avatar.tsx
FN:3,Avatar
FNF:1
FNH:0
FNDA:0,Avatar
DA:4,0
DA:5,0
LF:2
LH:0
BRF:0
BRH:0
end_of_record
TN:
SF:src\components\avatar\Component.tsx
FN:19,Component
FNF:1
FNH:0
FNDA:0,Component
DA:4,0
DA:20,0
LF:2
LH:0
BRDA:22,0,0,0
BRDA:22,0,1,0
BRF:2
BRH:0
end_of_record
TN:
SF:src\components\avatar\index.ts
FNF:0
FNH:0
LF:0
LH:0
BRF:0
BRH:0
end_of_record
TN:
SF:src\components\badge\Badge.tsx
FN:3,Badge
FNF:1
FNH:0
FNDA:0,Badge
DA:4,0
DA:5,0
LF:2
LH:0
BRF:0
BRH:0
end_of_record
TN:
SF:src\components\badge\Component.tsx
FN:21,Component
FNF:1
FNH:0
FNDA:0,Component
DA:4,0
DA:22,0
LF:2
LH:0
BRDA:24,0,0,0
BRDA:24,0,1,0
BRF:2
BRH:0
end_of_record
TN:
SF:src\components\badge\index.ts
FNF:0
FNH:0
LF:0
LH:0
BRF:0
BRH:0
end_of_record
TN:
SF:src\components\bottom-sheet\BottomSheet.tsx
FN:3,BottomSheet
FNF:1
FNH:0
FNDA:0,BottomSheet
DA:4,0
DA:5,0
LF:2
LH:0
BRF:0
BRH:0
end_of_record
TN:
SF:src\components\bottom-sheet\Component.tsx
FN:3,Component
FNF:1
FNH:0
FNDA:0,Component
DA:4,0
DA:5,0
LF:2
LH:0
BRF:0
BRH:0
end_of_record
TN:
SF:src\components\bottom-sheet\index.ts
FNF:0
FNH:0
LF:0
LH:0
BRF:0
BRH:0
end_of_record
TN:
SF:src\components\buttons\Button.tsx
FN:22,Button
FN:26,(anonymous_1)
FNF:2
FNH:0
FNDA:0,Button
FNDA:0,(anonymous_1)
DA:4,0
DA:23,0
DA:26,0
LF:3
LH:0
BRDA:28,0,0,0
BRDA:28,0,1,0
BRDA:32,1,0,0
BRDA:32,1,1,0
BRF:4
BRH:0
end_of_record
TN:
SF:src\components\buttons\Component.tsx
FN:3,Component
FNF:1
FNH:0
FNDA:0,Component
DA:4,0
DA:5,0
LF:2
LH:0
BRF:0
BRH:0
end_of_record
TN:
SF:src\components\buttons\index.ts
FNF:0
FNH:0
LF:0
LH:0
BRF:0
BRH:0
end_of_record
TN:
SF:src\components\camera\Component.tsx
FN:3,Component
FNF:1
FNH:0
FNDA:0,Component
DA:4,0
DA:5,0
LF:2
LH:0
BRF:0
BRH:0
end_of_record
TN:
SF:src\components\camera\index.ts
FNF:0
FNH:0
LF:0
LH:0
BRF:0
BRH:0
end_of_record
TN:
SF:src\components\cards\Card.tsx
FN:3,Card
FNF:1
FNH:0
FNDA:0,Card
DA:4,0
DA:5,0
LF:2
LH:0
BRF:0
BRH:0
end_of_record
TN:
SF:src\components\cards\Component.tsx
FN:18,Component
FNF:1
FNH:0
FNDA:0,Component
DA:4,0
DA:19,0
LF:2
LH:0
BRF:0
BRH:0
end_of_record
TN:
SF:src\components\cards\index.ts
FNF:0
FNH:0
LF:0
LH:0
BRF:0
BRH:0
end_of_record
TN:
SF:src\components\charts\Chart.tsx
FN:3,Chart
FNF:1
FNH:0
FNDA:0,Chart
DA:4,0
DA:5,0
LF:2
LH:0
BRF:0
BRH:0
end_of_record
TN:
SF:src\components\charts\Component.tsx
FN:3,Component
FNF:1
FNH:0
FNDA:0,Component
DA:4,0
DA:5,0
LF:2
LH:0
BRF:0
BRH:0
end_of_record
TN:
SF:src\components\charts\index.ts
FNF:0
FNH:0
LF:0
LH:0
BRF:0
BRH:0
end_of_record
TN:
SF:src\components\chips\Chip.tsx
FN:3,Chip
FNF:1
FNH:0
FNDA:0,Chip
DA:4,0
DA:5,0
LF:2
LH:0
BRF:0
BRH:0
end_of_record
TN:
SF:src\components\chips\Component.tsx
FN:3,Component
FNF:1
FNH:0
FNDA:0,Component
DA:4,0
DA:5,0
LF:2
LH:0
BRF:0
BRH:0
end_of_record
TN:
SF:src\components\chips\index.ts
FNF:0
FNH:0
LF:0
LH:0
BRF:0
BRH:0
end_of_record
TN:
SF:src\components\dialogs\Component.tsx
FN:3,Component
FNF:1
FNH:0
FNDA:0,Component
DA:4,0
DA:5,0
LF:2
LH:0
BRF:0
BRH:0
end_of_record
TN:
SF:src\components\dialogs\Dialog.tsx
FN:3,Dialog
FNF:1
FNH:0
FNDA:0,Dialog
DA:4,0
DA:5,0
LF:2
LH:0
BRF:0
BRH:0
end_of_record
TN:
SF:src\components\dialogs\index.ts
FNF:0
FNH:0
LF:0
LH:0
BRF:0
BRH:0
end_of_record
TN:
SF:src\components\empty-state\Component.tsx
FN:22,Component
FNF:1
FNH:0
FNDA:0,Component
DA:4,0
DA:23,0
LF:2
LH:0
BRDA:25,0,0,0
BRDA:25,0,1,0
BRF:2
BRH:0
end_of_record
TN:
SF:src\components\empty-state\EmptyState.tsx
FN:3,EmptyState
FNF:1
FNH:0
FNDA:0,EmptyState
DA:4,0
DA:5,0
LF:2
LH:0
BRF:0
BRH:0
end_of_record
TN:
SF:src\components\empty-state\index.ts
FNF:0
FNH:0
LF:0
LH:0
BRF:0
BRH:0
end_of_record
TN:
SF:src\components\error-state\Component.tsx
FN:21,Component
FNF:1
FNH:0
FNDA:0,Component
DA:4,0
DA:22,0
LF:2
LH:0
BRDA:24,0,0,0
BRDA:24,0,1,0
BRF:2
BRH:0
end_of_record
TN:
SF:src\components\error-state\ErrorState.tsx
FN:3,ErrorState
FNF:1
FNH:0
FNDA:0,ErrorState
DA:4,0
DA:5,0
LF:2
LH:0
BRF:0
BRH:0
end_of_record
TN:
SF:src\components\error-state\index.ts
FNF:0
FNH:0
LF:0
LH:0
BRF:0
BRH:0
end_of_record
TN:
SF:src\components\inputs\Component.tsx
FN:21,Component
FNF:1
FNH:0
FNDA:0,Component
DA:4,0
DA:22,0
LF:2
LH:0
BRDA:24,0,0,0
BRDA:24,0,1,0
BRF:2
BRH:0
end_of_record
TN:
SF:src\components\inputs\Input.tsx
FN:3,Input
FNF:1
FNH:0
FNDA:0,Input
DA:4,0
DA:5,0
LF:2
LH:0
BRF:0
BRH:0
end_of_record
TN:
SF:src\components\inputs\index.ts
FNF:0
FNH:0
LF:0
LH:0
BRF:0
BRH:0
end_of_record
TN:
SF:src\components\loaders\Component.tsx
FN:12,Component
FNF:1
FNH:0
FNDA:0,Component
DA:4,0
DA:13,0
LF:2
LH:0
BRF:0
BRH:0
end_of_record
TN:
SF:src\components\loaders\Loader.tsx
FN:3,Loader
FNF:1
FNH:0
FNDA:0,Loader
DA:4,0
DA:5,0
LF:2
LH:0
BRF:0
BRH:0
end_of_record
TN:
SF:src\components\loaders\index.ts
FNF:0
FNH:0
LF:0
LH:0
BRF:0
BRH:0
end_of_record
TN:
SF:src\components\map\Component.tsx
FN:3,Component
FNF:1
FNH:0
FNDA:0,Component
DA:4,0
DA:5,0
LF:2
LH:0
BRF:0
BRH:0
end_of_record
TN:
SF:src\components\map\Map.tsx
FN:3,Map
FNF:1
FNH:0
FNDA:0,Map
DA:4,0
DA:5,0
LF:2
LH:0
BRF:0
BRH:0
end_of_record
TN:
SF:src\components\map\index.ts
FNF:0
FNH:0
LF:0
LH:0
BRF:0
BRH:0
end_of_record
TN:
SF:src\components\notifications\Component.tsx
FN:3,Component
FNF:1
FNH:0
FNDA:0,Component
DA:4,0
DA:5,0
LF:2
LH:0
BRF:0
BRH:0
end_of_record
TN:
SF:src\components\notifications\Notification.tsx
FN:3,Notification
FNF:1
FNH:0
FNDA:0,Notification
DA:4,0
DA:5,0
LF:2
LH:0
BRF:0
BRH:0
end_of_record
TN:
SF:src\components\notifications\index.ts
FNF:0
FNH:0
LF:0
LH:0
BRF:0
BRH:0
end_of_record
TN:
SF:src\components\progress\Component.tsx
FN:19,Component
FNF:1
FNH:0
FNDA:0,Component
DA:4,0
DA:20,0
LF:2
LH:0
BRF:0
BRH:0
end_of_record
TN:
SF:src\components\progress\Progress.tsx
FN:3,Progress
FNF:1
FNH:0
FNDA:0,Progress
DA:4,0
DA:5,0
LF:2
LH:0
BRF:0
BRH:0
end_of_record
TN:
SF:src\components\progress\index.ts
FNF:0
FNH:0
LF:0
LH:0
BRF:0
BRH:0
end_of_record
TN:
SF:src\components\shimmer\Component.tsx
FN:3,Component
FNF:1
FNH:0
FNDA:0,Component
DA:4,0
DA:5,0
LF:2
LH:0
BRF:0
BRH:0
end_of_record
TN:
SF:src\components\shimmer\Shimmer.tsx
FN:3,Shimmer
FNF:1
FNH:0
FNDA:0,Shimmer
DA:4,0
DA:5,0
LF:2
LH:0
BRF:0
BRH:0
end_of_record
TN:
SF:src\components\shimmer\index.ts
FNF:0
FNH:0
LF:0
LH:0
BRF:0
BRH:0
end_of_record
TN:
SF:src\components\skeleton\Component.tsx
FN:3,Component
FNF:1
FNH:0
FNDA:0,Component
DA:4,0
DA:5,0
LF:2
LH:0
BRF:0
BRH:0
end_of_record
TN:
SF:src\components\skeleton\Skeleton.tsx
FN:3,Skeleton
FNF:1
FNH:0
FNDA:0,Skeleton
DA:4,0
DA:5,0
LF:2
LH:0
BRF:0
BRH:0
end_of_record
TN:
SF:src\components\skeleton\index.ts
FNF:0
FNH:0
LF:0
LH:0
BRF:0
BRH:0
end_of_record
TN:
SF:src\components\timeline\Component.tsx
FN:3,Component
FNF:1
FNH:0
FNDA:0,Component
DA:4,0
DA:5,0
LF:2
LH:0
BRF:0
BRH:0
end_of_record
TN:
SF:src\components\timeline\Timeline.tsx
FN:3,Timeline
FNF:1
FNH:0
FNDA:0,Timeline
DA:4,0
DA:5,0
LF:2
LH:0
BRF:0
BRH:0
end_of_record
TN:
SF:src\components\timeline\index.ts
FNF:0
FNH:0
LF:0
LH:0
BRF:0
BRH:0
end_of_record
TN:
SF:src\components\toast\Component.tsx
FN:22,Component
FNF:1
FNH:0
FNDA:0,Component
DA:4,0
DA:23,0
LF:2
LH:0
BRDA:25,0,0,0
BRDA:25,0,1,0
BRF:2
BRH:0
end_of_record
TN:
SF:src\components\toast\Toast.tsx
FN:3,Toast
FNF:1
FNH:0
FNDA:0,Toast
DA:4,0
DA:5,0
LF:2
LH:0
BRF:0
BRH:0
end_of_record
TN:
SF:src\components\toast\index.ts
FNF:0
FNH:0
LF:0
LH:0
BRF:0
BRH:0
end_of_record
TN:
SF:src\components\typography\Component.tsx
FN:12,Component
FNF:1
FNH:0
FNDA:0,Component
DA:4,0
DA:13,0
LF:2
LH:0
BRF:0
BRH:0
end_of_record
TN:
SF:src\components\typography\Typography.tsx
FN:3,Typography
FNF:1
FNH:0
FNDA:0,Typography
DA:4,0
DA:5,0
LF:2
LH:0
BRF:0
BRH:0
end_of_record
TN:
SF:src\components\typography\index.ts
FNF:0
FNH:0
LF:0
LH:0
BRF:0
BRH:0
end_of_record
TN:
SF:src\components\ui\Component.tsx
FN:6,Component
FN:10,(anonymous_1)
FN:60,(anonymous_2)
FN:73,(anonymous_3)
FNF:4
FNH:4
FNDA:2,Component
FNDA:2,(anonymous_1)
FNDA:1,(anonymous_2)
FNDA:1,(anonymous_3)
DA:7,2
DA:8,2
DA:10,2
DA:11,2
DA:25,2
DA:60,1
DA:73,1
LF:7
LH:7
BRDA:40,0,0,1
BRDA:40,0,1,1
BRDA:46,1,0,1
BRDA:46,1,1,1
BRDA:51,2,0,1
BRDA:51,2,1,1
BRDA:53,3,0,1
BRDA:53,3,1,1
BRDA:53,4,0,2
BRDA:53,4,1,1
BRDA:55,5,0,1
BRDA:55,5,1,0
BRDA:62,6,0,0
BRDA:62,6,1,1
BRDA:68,7,0,1
BRDA:68,7,1,0
BRDA:75,8,0,0
BRDA:75,8,1,1
BRF:18
BRH:14
end_of_record
TN:
SF:src\components\ui\UI.tsx
FN:3,UI
FNF:1
FNH:0
FNDA:0,UI
DA:4,0
DA:5,0
LF:2
LH:0
BRF:0
BRH:0
end_of_record
TN:
SF:src\components\ui\index.ts
FNF:0
FNH:0
LF:0
LH:0
BRF:0
BRH:0
end_of_record
TN:
SF:src\config\app.ts
FNF:0
FNH:0
DA:3,0
LF:1
LH:0
BRF:0
BRH:0
end_of_record
TN:
SF:src\config\env.ts
FNF:0
FNH:0
DA:1,0
LF:1
LH:0
BRDA:2,0,0,0
BRDA:2,0,1,0
BRDA:3,1,0,0
BRDA:3,1,1,0
BRF:4
BRH:0
end_of_record
TN:
SF:src\config\index.ts
FNF:0
FNH:0
LF:0
LH:0
BRF:0
BRH:0
end_of_record
TN:
SF:src\constants\Colors.ts
FNF:0
FNH:0
DA:1,0
LF:1
LH:0
BRF:0
BRH:0
end_of_record
TN:
SF:src\constants\Config.ts
FNF:0
FNH:0
DA:1,0
LF:1
LH:0
BRF:0
BRH:0
end_of_record
TN:
SF:src\constants\Endpoints.ts
FNF:0
FNH:0
DA:1,0
LF:1
LH:0
BRF:0
BRH:0
end_of_record
TN:
SF:src\constants\Permission.ts
FNF:0
FNH:0
DA:1,0
LF:1
LH:0
BRF:0
BRH:0
end_of_record
TN:
SF:src\constants\Roles.ts
FNF:0
FNH:0
DA:1,0
LF:1
LH:0
BRF:0
BRH:0
end_of_record
TN:
SF:src\constants\Routes.ts
FNF:0
FNH:0
DA:1,0
LF:1
LH:0
BRF:0
BRH:0
end_of_record
TN:
SF:src\constants\index.ts
FNF:0
FNH:0
LF:0
LH:0
BRF:0
BRH:0
end_of_record
TN:
SF:src\core\index.ts
FNF:0
FNH:0
LF:0
LH:0
BRF:0
BRH:0
end_of_record
TN:
SF:src\core\application\Repository.ts
FNF:0
FNH:0
LF:0
LH:0
BRF:0
BRH:0
end_of_record
TN:
SF:src\core\application\UseCase.ts
FNF:0
FNH:0
LF:0
LH:0
BRF:0
BRH:0
end_of_record
TN:
SF:src\core\domain\DomainError.ts
FN:2,(anonymous_0)
FNF:1
FNH:0
FNDA:0,(anonymous_0)
DA:3,0
DA:4,0
LF:2
LH:0
BRF:0
BRH:0
end_of_record
TN:
SF:src\core\domain\Entity.ts
FNF:0
FNH:0
LF:0
LH:0
BRF:0
BRH:0
end_of_record
TN:
SF:src\core\domain\Result.ts
FNF:0
FNH:0
LF:0
LH:0
BRF:0
BRH:0
end_of_record
TN:
SF:src\core\domain\ValueObject.ts
FNF:0
FNH:0
LF:0
LH:0
BRF:0
BRH:0
end_of_record
TN:
SF:src\core\infrastructure\index.ts
FNF:0
FNH:0
LF:0
LH:0
BRF:0
BRH:0
end_of_record
TN:
SF:src\core\presentation\index.ts
FNF:0
FNH:0
LF:0
LH:0
BRF:0
BRH:0
end_of_record
TN:
SF:src\design-system\ThemeContext.tsx
FN:30,ThemeProvider
FN:56,useTheme
FNF:2
FNH:0
FNDA:0,ThemeProvider
FNDA:0,useTheme
DA:28,0
DA:31,0
DA:32,0
DA:34,0
DA:36,0
DA:53,0
DA:57,0
DA:58,0
DA:59,0
LF:9
LH:0
BRDA:34,0,0,0
BRDA:34,0,1,0
BRDA:37,1,0,0
BRDA:37,1,1,0
BRDA:38,2,0,0
BRDA:38,2,1,0
BRDA:47,3,0,0
BRDA:47,3,1,0
BRDA:48,4,0,0
BRDA:48,4,1,0
BRDA:58,5,0,0
BRDA:58,5,1,0
BRF:12
BRH:0
end_of_record
TN:
SF:src\design-system\index.ts
FNF:0
FNH:0
LF:0
LH:0
BRF:0
BRH:0
end_of_record
TN:
SF:src\design-system\components\AnimatedCounter.tsx
FN:15,AnimatedCounter
FN:27,(anonymous_1)
FN:34,(anonymous_2)
FN:40,(anonymous_3)
FN:44,(anonymous_4)
FN:56,(anonymous_5)
FNF:6
FNH:0
FNDA:0,AnimatedCounter
FNDA:0,(anonymous_1)
FNDA:0,(anonymous_2)
FNDA:0,(anonymous_3)
FNDA:0,(anonymous_4)
FNDA:0,(anonymous_5)
DA:23,0
DA:24,0
DA:25,0
DA:27,0
DA:28,0
DA:34,0
DA:35,0
DA:40,0
DA:44,0
DA:45,0
DA:46,0
DA:47,0
DA:48,0
DA:50,0
DA:51,0
DA:55,0
DA:56,0
DA:59,0
DA:61,0
DA:70,0
LF:20
LH:0
BRDA:17,0,0,0
BRDA:18,1,0,0
BRDA:19,2,0,0
BRDA:45,3,0,0
BRDA:45,3,1,0
BRDA:50,4,0,0
BRDA:50,4,1,0
BRDA:59,5,0,0
BRDA:59,5,1,0
BRF:9
BRH:0
end_of_record
TN:
SF:src\design-system\components\Avatar.tsx
FN:28,Avatar
FN:36,(anonymous_1)
FNF:2
FNH:0
FNDA:0,Avatar
FNDA:0,(anonymous_1)
DA:19,0
DA:20,0
DA:22,0
DA:29,0
DA:30,0
DA:31,0
DA:33,0
DA:36,0
DA:40,0
DA:42,0
DA:44,0
DA:64,0
LF:12
LH:0
BRDA:28,0,0,0
BRDA:28,1,0,0
BRDA:28,2,0,0
BRDA:40,3,0,0
BRDA:40,3,1,0
BRDA:40,4,0,0
BRDA:40,4,1,0
BRDA:40,5,0,0
BRDA:40,5,1,0
BRDA:42,6,0,0
BRDA:42,6,1,0
BRDA:42,7,0,0
BRDA:42,7,1,0
BRDA:47,8,0,0
BRDA:47,8,1,0
BRF:15
BRH:0
end_of_record
TN:
SF:src\design-system\components\Badge.tsx
FN:21,Badge
FN:63,Chip
FNF:2
FNH:0
FNDA:0,Badge
FNDA:0,Chip
DA:22,0
DA:24,0
DA:33,0
DA:34,0
DA:35,0
DA:36,0
DA:38,0
DA:64,0
DA:66,0
DA:67,0
DA:68,0
DA:70,0
DA:92,0
LF:13
LH:0
BRDA:21,0,0,0
BRDA:21,1,0,0
BRDA:34,2,0,0
BRDA:34,2,1,0
BRDA:35,3,0,0
BRDA:35,3,1,0
BRDA:36,4,0,0
BRDA:36,4,1,0
BRDA:40,5,0,0
BRDA:40,5,1,0
BRDA:41,6,0,0
BRDA:41,6,1,0
BRDA:63,7,0,0
BRDA:63,8,0,0
BRDA:66,9,0,0
BRDA:66,9,1,0
BRDA:67,10,0,0
BRDA:67,10,1,0
BRDA:68,11,0,0
BRDA:68,11,1,0
BRDA:77,12,0,0
BRDA:77,12,1,0
BRDA:83,13,0,0
BRDA:83,13,1,0
BRF:24
BRH:0
end_of_record
TN:
SF:src\design-system\components\BarChart.tsx
FN:16,BarChart
FN:45,(anonymous_1)
FNF:2
FNH:0
FNDA:0,BarChart
FNDA:0,(anonymous_1)
DA:25,0
DA:26,0
DA:28,0
DA:29,0
DA:30,0
DA:32,0
DA:34,0
DA:46,0
DA:47,0
DA:48,0
DA:49,0
DA:65,0
LF:12
LH:0
BRDA:18,0,0,0
BRDA:19,1,0,0
BRDA:21,2,0,0
BRDA:22,3,0,0
BRDA:23,4,0,0
BRDA:26,5,0,0
BRDA:26,5,1,0
BRDA:38,6,0,0
BRDA:38,6,1,0
BRDA:55,7,0,0
BRDA:55,7,1,0
BRF:11
BRH:0
end_of_record
TN:
SF:src\design-system\components\Button.tsx
FN:32,Button
FN:48,(anonymous_1)
FN:50,(anonymous_2)
FNF:3
FNH:0
FNDA:0,Button
FNDA:0,(anonymous_1)
FNDA:0,(anonymous_2)
DA:45,0
DA:46,0
DA:48,0
DA:49,0
DA:50,0
DA:51,0
DA:53,0
DA:61,0
DA:69,0
DA:77,0
DA:78,0
DA:79,0
DA:80,0
DA:81,0
DA:83,0
DA:85,0
DA:130,0
LF:17
LH:0
BRDA:34,0,0,0
BRDA:35,1,0,0
BRDA:36,2,0,0
BRDA:39,3,0,0
BRDA:79,4,0,0
BRDA:79,4,1,0
BRDA:83,5,0,0
BRDA:83,5,1,0
BRDA:86,6,0,0
BRDA:86,6,1,0
BRDA:102,7,0,0
BRDA:102,7,1,0
BRDA:104,8,0,0
BRDA:104,8,1,0
BRDA:108,9,0,0
BRDA:108,9,1,0
BRDA:112,10,0,0
BRDA:112,10,1,0
BRDA:118,11,0,0
BRDA:118,11,1,0
BRF:20
BRH:0
end_of_record
TN:
SF:src\design-system\components\Card.tsx
FN:21,Card
FN:33,(anonymous_1)
FN:35,(anonymous_2)
FNF:3
FNH:0
FNDA:0,Card
FNDA:0,(anonymous_1)
FNDA:0,(anonymous_2)
DA:30,0
DA:31,0
DA:33,0
DA:34,0
DA:35,0
DA:36,0
DA:38,0
DA:62,0
DA:69,0
DA:70,0
DA:86,0
DA:93,0
LF:12
LH:0
BRDA:23,0,0,0
BRDA:26,1,0,0
BRDA:27,2,0,0
BRDA:69,3,0,0
BRDA:69,3,1,0
BRF:5
BRH:0
end_of_record
TN:
SF:src\design-system\components\DonutChart.tsx
FN:16,DonutChart
FN:25,(anonymous_1)
FN:32,(anonymous_2)
FN:58,(anonymous_3)
FNF:4
FNH:0
FNDA:0,DonutChart
FNDA:0,(anonymous_1)
FNDA:0,(anonymous_2)
FNDA:0,(anonymous_3)
DA:14,0
DA:22,0
DA:23,0
DA:24,0
DA:25,0
DA:27,0
DA:29,0
DA:33,0
DA:34,0
DA:35,0
DA:37,0
DA:39,0
DA:59,0
DA:60,0
DA:75,0
LF:15
LH:0
BRDA:18,0,0,0
BRDA:19,1,0,0
BRDA:20,2,0,0
BRDA:56,3,0,0
BRDA:56,3,1,0
BRF:5
BRH:0
end_of_record
TN:
SF:src\design-system\components\Extras.tsx
FN:27,EmptyState
FN:62,StatusBanner
FN:111,SearchBar
FN:116,(anonymous_3)
FN:122,(anonymous_4)
FN:156,(anonymous_5)
FNF:6
FNH:0
FNDA:0,EmptyState
FNDA:0,StatusBanner
FNDA:0,SearchBar
FNDA:0,(anonymous_3)
FNDA:0,(anonymous_4)
FNDA:0,(anonymous_5)
DA:28,0
DA:29,0
DA:47,0
DA:63,0
DA:65,0
DA:72,0
DA:74,0
DA:90,0
DA:112,0
DA:113,0
DA:114,0
DA:116,0
DA:117,0
DA:118,0
DA:119,0
DA:122,0
DA:123,0
DA:124,0
DA:125,0
DA:127,0
DA:130,0
DA:132,0
DA:156,0
DA:164,0
LF:24
LH:0
BRDA:31,0,0,0
BRDA:31,0,1,0
BRDA:37,1,0,0
BRDA:37,1,1,0
BRDA:40,2,0,0
BRDA:40,2,1,0
BRDA:40,2,2,0
BRDA:79,3,0,0
BRDA:79,3,1,0
BRDA:81,4,0,0
BRDA:81,4,1,0
BRDA:111,5,0,0
BRDA:124,6,0,0
BRDA:124,6,1,0
BRDA:130,7,0,0
BRDA:130,7,1,0
BRDA:143,8,0,0
BRDA:143,8,1,0
BRDA:155,9,0,0
BRDA:155,9,1,0
BRF:20
BRH:0
end_of_record
TN:
SF:src\design-system\components\FAB.tsx
FN:21,FAB
FN:27,(anonymous_1)
FN:29,(anonymous_2)
FNF:3
FNH:0
FNDA:0,FAB
FNDA:0,(anonymous_1)
FNDA:0,(anonymous_2)
DA:18,0
DA:19,0
DA:22,0
DA:23,0
DA:24,0
DA:25,0
DA:27,0
DA:28,0
DA:29,0
DA:30,0
DA:32,0
DA:34,0
DA:63,0
LF:13
LH:0
BRDA:21,0,0,0
BRDA:24,1,0,0
BRDA:24,1,1,0
BRDA:41,2,0,0
BRDA:41,2,1,0
BRDA:48,3,0,0
BRDA:48,3,1,0
BRDA:49,4,0,0
BRDA:49,4,1,0
BRDA:50,5,0,0
BRDA:50,5,1,0
BRDA:55,6,0,0
BRDA:55,6,1,0
BRF:13
BRH:0
end_of_record
TN:
SF:src\design-system\components\FilterChip.tsx
FN:14,FilterChip
FNF:1
FNH:0
FNDA:0,FilterChip
DA:21,0
DA:23,0
DA:24,0
DA:26,0
DA:62,0
LF:5
LH:0
BRDA:16,0,0,0
BRDA:19,1,0,0
BRDA:23,2,0,0
BRDA:23,2,1,0
BRDA:24,3,0,0
BRDA:24,3,1,0
BRDA:34,4,0,0
BRDA:34,4,1,0
BRDA:37,5,0,0
BRDA:37,5,1,0
BRDA:53,6,0,0
BRDA:53,6,1,0
BRDA:53,6,2,0
BRF:13
BRH:0
end_of_record
TN:
SF:src\design-system\components\GlassCard.tsx
FN:15,GlassCard
FNF:1
FNH:0
FNDA:0,GlassCard
DA:16,0
DA:18,0
DA:19,0
DA:21,0
DA:39,0
LF:5
LH:0
BRDA:15,0,0,0
BRDA:15,1,0,0
BRDA:15,2,0,0
BRDA:18,3,0,0
BRDA:18,3,1,0
BRDA:19,4,0,0
BRDA:19,4,1,0
BRDA:31,5,0,0
BRDA:31,5,1,0
BRF:9
BRH:0
end_of_record
TN:
SF:src\design-system\components\Icon.tsx
FN:12,Icon
FNF:1
FNH:0
FNDA:0,Icon
DA:13,0
DA:14,0
DA:16,0
DA:17,0
DA:34,0
DA:37,0
LF:6
LH:0
BRDA:12,0,0,0
BRDA:14,1,0,0
BRDA:14,1,1,0
BRDA:16,2,0,0
BRDA:16,2,1,0
BRF:5
BRH:0
end_of_record
TN:
SF:src\design-system\components\Input.tsx
FN:30,Input
FN:47,(anonymous_1)
FN:53,(anonymous_2)
FN:111,(anonymous_3)
FN:111,(anonymous_4)
FNF:5
FNH:0
FNDA:0,Input
FNDA:0,(anonymous_1)
FNDA:0,(anonymous_2)
FNDA:0,(anonymous_3)
FNDA:0,(anonymous_4)
DA:42,0
DA:43,0
DA:44,0
DA:45,0
DA:47,0
DA:48,0
DA:49,0
DA:50,0
DA:53,0
DA:54,0
DA:55,0
DA:56,0
DA:59,0
DA:64,0
DA:65,0
DA:66,0
DA:68,0
DA:111,0
DA:132,0
LF:19
LH:0
BRDA:38,0,0,0
BRDA:44,1,0,0
BRDA:44,1,1,0
BRDA:61,2,0,0
BRDA:61,2,1,0
BRDA:61,3,0,0
BRDA:61,3,1,0
BRDA:65,4,0,0
BRDA:65,4,1,0
BRDA:66,5,0,0
BRDA:66,5,1,0
BRDA:66,6,0,0
BRDA:66,6,1,0
BRDA:70,7,0,0
BRDA:70,7,1,0
BRDA:71,8,0,0
BRDA:71,8,1,0
BRDA:87,9,0,0
BRDA:87,9,1,0
BRDA:89,10,0,0
BRDA:89,10,1,0
BRDA:110,11,0,0
BRDA:110,11,1,0
BRDA:112,12,0,0
BRDA:112,12,1,0
BRDA:116,13,0,0
BRDA:116,13,1,0
BRDA:116,13,2,0
BRDA:118,14,0,0
BRDA:118,14,1,0
BRDA:123,15,0,0
BRDA:123,15,1,0
BRDA:125,16,0,0
BRDA:125,16,1,0
BRF:34
BRH:0
end_of_record
TN:
SF:src\design-system\components\KPICard.tsx
FN:21,KPICard
FNF:1
FNH:0
FNDA:0,KPICard
DA:32,0
DA:34,0
DA:35,0
DA:36,0
DA:37,0
DA:39,0
DA:40,0
DA:42,0
DA:80,0
LF:9
LH:0
BRDA:25,0,0,0
BRDA:26,1,0,0
BRDA:34,2,0,0
BRDA:34,2,1,0
BRDA:39,3,0,0
BRDA:39,3,1,0
BRDA:39,4,0,0
BRDA:39,4,1,0
BRDA:40,5,0,0
BRDA:40,5,1,0
BRDA:40,6,0,0
BRDA:40,6,1,0
BRDA:45,7,0,0
BRDA:45,7,1,0
BRDA:55,8,0,0
BRDA:55,8,1,0
BRDA:64,9,0,0
BRDA:64,9,1,0
BRF:18
BRH:0
end_of_record
TN:
SF:src\design-system\components\LineChart.tsx
FN:15,LineChart
FN:30,(anonymous_1)
FN:66,(anonymous_2)
FNF:3
FNH:0
FNDA:0,LineChart
FNDA:0,(anonymous_1)
FNDA:0,(anonymous_2)
DA:23,0
DA:24,0
DA:26,0
DA:27,0
DA:28,0
DA:30,0
DA:31,0
DA:32,0
DA:33,0
DA:36,0
DA:38,0
DA:40,0
DA:67,0
DA:68,0
DA:69,0
DA:70,0
DA:84,0
LF:17
LH:0
BRDA:17,0,0,0
BRDA:18,1,0,0
BRDA:20,2,0,0
BRDA:21,3,0,0
BRDA:24,4,0,0
BRDA:24,4,1,0
BRDA:28,5,0,0
BRDA:28,5,1,0
BRDA:44,6,0,0
BRDA:44,6,1,0
BRDA:51,7,0,0
BRDA:51,7,1,0
BRDA:65,8,0,0
BRDA:65,8,1,0
BRF:14
BRH:0
end_of_record
TN:
SF:src\design-system\components\Progress.tsx
FN:24,ProgressRing
FN:39,(anonymous_1)
FN:46,(anonymous_2)
FN:112,LinearProgress
FN:117,(anonymous_4)
FN:121,(anonymous_5)
FNF:6
FNH:0
FNDA:0,ProgressRing
FNDA:0,(anonymous_1)
FNDA:0,(anonymous_2)
FNDA:0,LinearProgress
FNDA:0,(anonymous_4)
FNDA:0,(anonymous_5)
DA:32,0
DA:33,0
DA:34,0
DA:35,0
DA:37,0
DA:39,0
DA:40,0
DA:46,0
DA:52,0
DA:54,0
DA:96,0
DA:113,0
DA:114,0
DA:115,0
DA:117,0
DA:118,0
DA:121,0
DA:125,0
DA:134,0
LF:19
LH:0
BRDA:26,0,0,0
BRDA:27,1,0,0
BRDA:33,2,0,0
BRDA:33,2,1,0
BRDA:78,3,0,0
BRDA:78,3,1,0
BRDA:85,4,0,0
BRDA:85,4,1,0
BRDA:88,5,0,0
BRDA:88,5,1,0
BRDA:112,6,0,0
BRDA:112,7,0,0
BRDA:114,8,0,0
BRDA:114,8,1,0
BRDA:128,9,0,0
BRDA:128,9,1,0
BRF:16
BRH:0
end_of_record
TN:
SF:src\design-system\components\Skeleton.tsx
FN:23,Skeleton
FN:27,(anonymous_1)
FN:35,(anonymous_2)
FN:60,SkeletonCard
FN:77,SkeletonStatRow
FN:80,(anonymous_5)
FNF:6
FNH:0
FNDA:0,Skeleton
FNDA:0,(anonymous_1)
FNDA:0,(anonymous_2)
FNDA:0,SkeletonCard
FNDA:0,SkeletonStatRow
FNDA:0,(anonymous_5)
DA:24,0
DA:25,0
DA:27,0
DA:28,0
DA:35,0
DA:39,0
DA:40,0
DA:42,0
DA:61,0
DA:78,0
DA:81,0
DA:91,0
DA:92,0
LF:13
LH:0
BRDA:23,0,0,0
BRDA:23,1,0,0
BRDA:23,2,0,0
BRDA:39,3,0,0
BRDA:39,3,1,0
BRDA:40,4,0,0
BRDA:40,4,1,0
BRF:7
BRH:0
end_of_record
TN:
SF:src\design-system\components\StatCard.tsx
FN:21,StatCard
FNF:1
FNH:0
FNDA:0,StatCard
DA:22,0
DA:24,0
DA:32,0
DA:34,0
DA:78,0
LF:5
LH:0
BRDA:21,0,0,0
BRDA:21,1,0,0
BRDA:42,2,0,0
BRDA:42,2,1,0
BRDA:47,3,0,0
BRDA:47,3,1,0
BRDA:54,4,0,0
BRDA:54,4,1,0
BRDA:55,5,0,0
BRDA:55,5,1,0
BRDA:61,6,0,0
BRDA:61,6,1,0
BRDA:64,7,0,0
BRDA:64,7,1,0
BRDA:66,8,0,0
BRDA:66,8,1,0
BRDA:69,9,0,0
BRDA:69,9,1,0
BRF:18
BRH:0
end_of_record
TN:
SF:src\design-system\components\TimeFilter.tsx
FN:13,TimeFilter
FN:29,(anonymous_1)
FN:35,(anonymous_2)
FNF:3
FNH:0
FNDA:0,TimeFilter
FNDA:0,(anonymous_1)
FNDA:0,(anonymous_2)
DA:14,0
DA:16,0
DA:23,0
DA:30,0
DA:31,0
DA:35,0
DA:43,0
LF:7
LH:0
BRDA:13,0,0,0
BRF:1
BRH:0
end_of_record
TN:
SF:src\design-system\components\index.ts
FNF:0
FNH:0
LF:0
LH:0
BRF:0
BRH:0
end_of_record
TN:
SF:src\design-system\icons\LumenIcon.tsx
FN:245,LumenIcon
FNF:1
FNH:0
FNDA:0,LumenIcon
DA:110,0
DA:236,0
DA:246,0
DA:247,0
DA:249,0
DA:250,0
LF:6
LH:0
BRDA:245,0,0,0
BRDA:245,1,0,0
BRDA:245,2,0,0
BRDA:247,3,0,0
BRDA:247,3,1,0
BRDA:247,4,0,0
BRDA:247,4,1,0
BRDA:249,5,0,0
BRDA:249,5,1,0
BRF:9
BRH:0
end_of_record
TN:
SF:src\design-system\tokens\Colors.ts
FNF:0
FNH:0
DA:5,0
DA:53,0
DA:119,0
LF:3
LH:0
BRF:0
BRH:0
end_of_record
TN:
SF:src\design-system\tokens\Motion.ts
FNF:0
FNH:0
DA:9,0
DA:19,0
DA:34,0
DA:68,0
LF:4
LH:0
BRF:0
BRH:0
end_of_record
TN:
SF:src\design-system\tokens\Shadows.ts
FNF:0
FNH:0
DA:22,0
DA:31,0
LF:2
LH:0
BRF:0
BRH:0
end_of_record
TN:
SF:src\design-system\tokens\Spacing.ts
FNF:0
FNH:0
DA:5,0
DA:31,0
DA:43,0
DA:52,0
LF:4
LH:0
BRF:0
BRH:0
end_of_record
TN:
SF:src\design-system\tokens\Typography.ts
FNF:0
FNH:0
DA:5,0
DA:14,0
DA:27,0
DA:36,0
DA:44,0
DA:54,0
LF:6
LH:0
BRF:0
BRH:0
end_of_record
TN:
SF:src\design-system\tokens\index.ts
FNF:0
FNH:0
LF:0
LH:0
BRF:0
BRH:0
end_of_record
TN:
SF:src\features\admin\screens\DashboardScreen.tsx
FN:31,(anonymous_0)
FN:38,AdminDashboardScreen
FN:45,(anonymous_2)
FN:52,(anonymous_3)
FN:54,(anonymous_4)
FN:211,(anonymous_5)
FN:247,(anonymous_6)
FNF:7
FNH:0
FNDA:0,(anonymous_0)
FNDA:0,AdminDashboardScreen
FNDA:0,(anonymous_2)
FNDA:0,(anonymous_3)
FNDA:0,(anonymous_4)
FNDA:0,(anonymous_5)
FNDA:0,(anonymous_6)
DA:29,0
DA:31,0
DA:32,0
DA:33,0
DA:34,0
DA:35,0
DA:39,0
DA:40,0
DA:41,0
DA:42,0
DA:43,0
DA:45,0
DA:46,0
DA:52,0
DA:53,0
DA:54,0
DA:55,0
DA:58,0
DA:212,0
DA:213,0
DA:248,0
DA:249,0
DA:274,0
LF:23
LH:0
BRDA:33,0,0,0
BRDA:33,0,1,0
BRDA:34,1,0,0
BRDA:34,1,1,0
BRDA:60,2,0,0
BRDA:60,2,1,0
BRF:6
BRH:0
end_of_record
TN:
SF:src\features\ai\index.ts
FNF:0
FNH:0
LF:0
LH:0
BRF:0
BRH:0
end_of_record
TN:
SF:src\features\ai\api\index.ts
FNF:0
FNH:0
DA:1,0
DA:6,0
LF:2
LH:0
BRF:0
BRH:0
end_of_record
TN:
SF:src\features\ai\application\index.ts
FNF:0
FNH:0
DA:12,0
LF:1
LH:0
BRF:0
BRH:0
end_of_record
TN:
SF:src\features\ai\components\Component.tsx
FN:3,Component
FNF:1
FNH:0
FNDA:0,Component
DA:4,0
DA:5,0
LF:2
LH:0
BRF:0
BRH:0
end_of_record
TN:
SF:src\features\ai\components\index.ts
FNF:0
FNH:0
DA:5,0
LF:1
LH:0
BRF:0
BRH:0
end_of_record
TN:
SF:src\features\ai\constants\index.ts
FNF:0
FNH:0
DA:1,0
DA:12,0
LF:2
LH:0
BRF:0
BRH:0
end_of_record
TN:
SF:src\features\ai\domain\index.ts
FNF:0
FNH:0
DA:16,0
LF:1
LH:0
BRF:0
BRH:0
end_of_record
TN:
SF:src\features\ai\hooks\index.ts
FN:6,useAiInsights
FN:17,useAiAssistant
FNF:2
FNH:0
FNDA:0,useAiInsights
FNDA:0,useAiAssistant
DA:7,0
DA:18,0
DA:22,0
LF:3
LH:0
BRF:0
BRH:0
end_of_record
TN:
SF:src\features\ai\infrastructure\index.ts
FN:7,(anonymous_0)
FN:10,(anonymous_1)
FNF:2
FNH:0
FNDA:0,(anonymous_0)
FNDA:0,(anonymous_1)
DA:6,0
DA:8,0
DA:11,0
DA:14,0
LF:4
LH:0
BRF:0
BRH:0
end_of_record
TN:
SF:src\features\ai\presentation\index.ts
FNF:0
FNH:0
DA:2,0
LF:1
LH:0
BRF:0
BRH:0
end_of_record
TN:
SF:src\features\ai\screens\AiPlaceholderScreen.tsx
FN:1,AiPlaceholderScreen
FNF:1
FNH:0
FNDA:0,AiPlaceholderScreen
DA:2,0
LF:1
LH:0
BRF:0
BRH:0
end_of_record
TN:
SF:src\features\ai\screens\AiScreen.tsx
FN:3,AiScreen
FNF:1
FNH:0
FNDA:0,AiScreen
DA:4,0
LF:1
LH:0
BRF:0
BRH:0
end_of_record
TN:
SF:src\features\ai\screens\index.ts
FNF:0
FNH:0
LF:0
LH:0
BRF:0
BRH:0
end_of_record
TN:
SF:src\features\ai\services\index.ts
FN:15,(anonymous_0)
FN:18,(anonymous_1)
FN:21,(anonymous_2)
FNF:3
FNH:0
FNDA:0,(anonymous_0)
FNDA:0,(anonymous_1)
FNDA:0,(anonymous_2)
DA:14,0
DA:16,0
DA:19,0
DA:22,0
DA:25,0
LF:5
LH:0
BRF:0
BRH:0
end_of_record
TN:
SF:src\features\ai\store\index.ts
FNF:0
FNH:0
DA:7,0
DA:12,0
LF:2
LH:0
BRF:0
BRH:0
end_of_record
TN:
SF:src\features\ai\types\index.ts
FNF:0
FNH:0
DA:8,0
LF:1
LH:0
BRF:0
BRH:0
end_of_record
TN:
SF:src\features\ai\utils\index.ts
FN:1,normalizeAiPrompt
FNF:1
FNH:0
FNDA:0,normalizeAiPrompt
DA:2,0
DA:4,0
LF:2
LH:0
BRF:0
BRH:0
end_of_record
TN:
SF:src\features\ai\validation\index.ts
FN:3,isValidAiPrompt
FN:7,isValidAiInsightQuery
FNF:2
FNH:0
FNDA:0,isValidAiPrompt
FNDA:0,isValidAiInsightQuery
DA:4,0
DA:8,0
DA:10,0
LF:3
LH:0
BRF:0
BRH:0
end_of_record
TN:
SF:src\features\analytics\index.ts
FNF:0
FNH:0
DA:1,0
LF:1
LH:0
BRF:0
BRH:0
end_of_record
TN:
SF:src\features\analytics\api\index.ts
FNF:0
FNH:0
DA:1,0
LF:1
LH:0
BRF:0
BRH:0
end_of_record
TN:
SF:src\features\analytics\application\index.ts
FNF:0
FNH:0
DA:1,0
LF:1
LH:0
BRF:0
BRH:0
end_of_record
TN:
SF:src\features\analytics\components\index.ts
FNF:0
FNH:0
DA:1,0
LF:1
LH:0
BRF:0
BRH:0
end_of_record
TN:
SF:src\features\analytics\constants\index.ts
FNF:0
FNH:0
DA:1,0
LF:1
LH:0
BRF:0
BRH:0
end_of_record
TN:
SF:src\features\analytics\domain\index.ts
FNF:0
FNH:0
DA:1,0
LF:1
LH:0
BRF:0
BRH:0
end_of_record
TN:
SF:src\features\analytics\hooks\index.ts
FNF:0
FNH:0
DA:1,0
LF:1
LH:0
BRF:0
BRH:0
end_of_record
TN:
SF:src\features\analytics\infrastructure\index.ts
FNF:0
FNH:0
DA:1,0
LF:1
LH:0
BRF:0
BRH:0
end_of_record
TN:
SF:src\features\analytics\presentation\index.ts
FNF:0
FNH:0
DA:1,0
LF:1
LH:0
BRF:0
BRH:0
end_of_record
TN:
SF:src\features\analytics\screens\AnalyticsScreen.tsx
FN:1,AnalyticsScreen
FNF:1
FNH:0
FNDA:0,AnalyticsScreen
DA:2,0
LF:1
LH:0
BRF:0
BRH:0
end_of_record
TN:
SF:src\features\analytics\screens\index.ts
FNF:0
FNH:0
DA:1,0
LF:1
LH:0
BRF:0
BRH:0
end_of_record
TN:
SF:src\features\analytics\services\index.ts
FNF:0
FNH:0
DA:1,0
LF:1
LH:0
BRF:0
BRH:0
end_of_record
TN:
SF:src\features\analytics\store\index.ts
FNF:0
FNH:0
DA:1,0
LF:1
LH:0
BRF:0
BRH:0
end_of_record
TN:
SF:src\features\analytics\types\index.ts
FNF:0
FNH:0
DA:1,0
LF:1
LH:0
BRF:0
BRH:0
end_of_record
TN:
SF:src\features\analytics\utils\index.ts
FNF:0
FNH:0
DA:1,0
LF:1
LH:0
BRF:0
BRH:0
end_of_record
TN:
SF:src\features\analytics\validation\index.ts
FNF:0
FNH:0
DA:1,0
LF:1
LH:0
BRF:0
BRH:0
end_of_record
TN:
SF:src\features\auth\index.ts
FNF:0
FNH:0
LF:0
LH:0
BRF:0
BRH:0
end_of_record
TN:
SF:src\features\auth\api\index.ts
FNF:0
FNH:0
DA:1,0
DA:9,0
LF:2
LH:0
BRF:0
BRH:0
end_of_record
TN:
SF:src\features\auth\application\index.ts
FNF:0
FNH:0
DA:24,0
LF:1
LH:0
BRF:0
BRH:0
end_of_record
TN:
SF:src\features\auth\components\Component.tsx
FN:3,Component
FNF:1
FNH:0
FNDA:0,Component
DA:4,0
DA:5,0
LF:2
LH:0
BRF:0
BRH:0
end_of_record
TN:
SF:src\features\auth\components\index.ts
FNF:0
FNH:0
DA:5,0
LF:1
LH:0
BRF:0
BRH:0
end_of_record
TN:
SF:src\features\auth\constants\index.ts
FNF:0
FNH:0
DA:1,0
DA:15,0
LF:2
LH:0
BRF:0
BRH:0
end_of_record
TN:
SF:src\features\auth\domain\index.ts
FNF:0
FNH:0
DA:17,0
LF:1
LH:0
BRF:0
BRH:0
end_of_record
TN:
SF:src\features\auth\hooks\index.ts
FN:6,useAuthSession
FN:17,useBiometricReady
FNF:2
FNH:0
FNDA:0,useAuthSession
FNDA:0,useBiometricReady
DA:7,0
DA:18,0
DA:22,0
LF:3
LH:0
BRF:0
BRH:0
end_of_record
TN:
SF:src\features\auth\infrastructure\index.ts
FN:9,(anonymous_0)
FN:12,(anonymous_1)
FN:15,(anonymous_2)
FN:18,(anonymous_3)
FNF:4
FNH:0
FNDA:0,(anonymous_0)
FNDA:0,(anonymous_1)
FNDA:0,(anonymous_2)
FNDA:0,(anonymous_3)
DA:8,0
DA:10,0
DA:13,0
DA:16,0
DA:19,0
DA:22,0
LF:6
LH:0
BRF:0
BRH:0
end_of_record
TN:
SF:src\features\auth\presentation\index.ts
FNF:0
FNH:0
DA:2,0
LF:1
LH:0
BRF:0
BRH:0
end_of_record
TN:
SF:src\features\auth\presentation\components\OnboardingSlide.tsx
FN:14,OnboardingSlide
FN:26,(anonymous_1)
FNF:2
FNH:0
FNDA:0,OnboardingSlide
FNDA:0,(anonymous_1)
DA:15,0
DA:17,0
DA:27,0
DA:28,0
DA:53,0
LF:5
LH:0
BRDA:33,0,0,0
BRDA:33,0,1,0
BRDA:34,1,0,0
BRDA:34,1,1,0
BRF:4
BRH:0
end_of_record
TN:
SF:src\features\auth\screens\AuthPlaceholderScreen.tsx
FN:3,AuthPlaceholderScreen
FNF:1
FNH:0
FNDA:0,AuthPlaceholderScreen
DA:4,0
LF:1
LH:0
BRF:0
BRH:0
end_of_record
TN:
SF:src\features\auth\screens\ForgetPasswordScreen.tsx
FN:23,ForgetPasswordScreen
FN:34,(anonymous_1)
FN:44,(anonymous_2)
FN:51,(anonymous_3)
FN:107,(anonymous_4)
FN:116,(anonymous_5)
FN:136,(anonymous_6)
FNF:7
FNH:0
FNDA:0,ForgetPasswordScreen
FNDA:0,(anonymous_1)
FNDA:0,(anonymous_2)
FNDA:0,(anonymous_3)
FNDA:0,(anonymous_4)
FNDA:0,(anonymous_5)
FNDA:0,(anonymous_6)
DA:24,0
DA:25,0
DA:26,0
DA:27,0
DA:28,0
DA:30,0
DA:31,0
DA:32,0
DA:34,0
DA:35,0
DA:44,0
DA:45,0
DA:46,0
DA:47,0
DA:49,0
DA:50,0
DA:51,0
DA:52,0
DA:53,0
DA:56,0
DA:107,0
DA:116,0
DA:136,0
DA:147,0
LF:24
LH:0
BRDA:45,0,0,0
BRDA:45,0,1,0
BRDA:59,1,0,0
BRDA:59,1,1,0
BRDA:61,2,0,0
BRDA:61,2,1,0
BRDA:94,3,0,0
BRDA:94,3,1,0
BRDA:125,4,0,0
BRDA:125,4,1,0
BRF:10
BRH:0
end_of_record
TN:
SF:src\features\auth\screens\LoginScreen.tsx
FN:33,LoginScreen
FN:51,(anonymous_1)
FN:70,(anonymous_2)
FN:84,(anonymous_3)
FN:91,(anonymous_4)
FN:104,(anonymous_5)
FN:171,(anonymous_6)
FN:175,(anonymous_7)
FN:192,(anonymous_8)
FN:203,(anonymous_9)
FNF:10
FNH:0
FNDA:0,LoginScreen
FNDA:0,(anonymous_1)
FNDA:0,(anonymous_2)
FNDA:0,(anonymous_3)
FNDA:0,(anonymous_4)
FNDA:0,(anonymous_5)
FNDA:0,(anonymous_6)
FNDA:0,(anonymous_7)
FNDA:0,(anonymous_8)
FNDA:0,(anonymous_9)
DA:25,0
DA:28,0
DA:34,0
DA:35,0
DA:36,0
DA:37,0
DA:38,0
DA:39,0
DA:40,0
DA:43,0
DA:44,0
DA:45,0
DA:47,0
DA:49,0
DA:51,0
DA:53,0
DA:62,0
DA:70,0
DA:71,0
DA:72,0
DA:78,0
DA:79,0
DA:80,0
DA:81,0
DA:84,0
DA:85,0
DA:86,0
DA:87,0
DA:88,0
DA:91,0
DA:92,0
DA:93,0
DA:94,0
DA:95,0
DA:97,0
DA:98,0
DA:99,0
DA:100,0
DA:103,0
DA:104,0
DA:105,0
DA:106,0
DA:109,0
DA:110,0
DA:112,0
DA:114,0
DA:172,0
DA:175,0
DA:192,0
DA:203,0
DA:252,0
LF:51
LH:0
BRDA:73,0,0,0
BRDA:73,0,1,0
BRDA:93,1,0,0
BRDA:93,1,1,0
BRDA:94,2,0,0
BRDA:94,2,1,0
BRDA:95,3,0,0
BRDA:95,3,1,0
BRDA:98,4,0,0
BRDA:98,4,1,0
BRDA:98,5,0,0
BRDA:98,5,1,0
BRDA:106,6,0,0
BRDA:106,6,1,0
BRDA:112,7,0,0
BRDA:112,7,1,0
BRDA:117,8,0,0
BRDA:117,8,1,0
BRDA:119,9,0,0
BRDA:119,9,1,0
BRDA:179,10,0,0
BRDA:179,10,1,0
BRDA:180,11,0,0
BRDA:180,11,1,0
BRDA:225,12,0,0
BRDA:225,12,1,0
BRDA:231,13,0,0
BRDA:231,13,1,0
BRF:28
BRH:0
end_of_record
TN:
SF:src\features\auth\screens\OnboardingScreen.tsx
FN:27,OnboardingScreen
FN:35,(anonymous_1)
FN:40,(anonymous_2)
FN:49,(anonymous_3)
FN:62,(anonymous_4)
FN:67,(anonymous_5)
FNF:6
FNH:0
FNDA:0,OnboardingScreen
FNDA:0,(anonymous_1)
FNDA:0,(anonymous_2)
FNDA:0,(anonymous_3)
FNDA:0,(anonymous_4)
FNDA:0,(anonymous_5)
DA:9,0
DA:28,0
DA:29,0
DA:30,0
DA:31,0
DA:32,0
DA:34,0
DA:36,0
DA:40,0
DA:41,0
DA:42,0
DA:43,0
DA:45,0
DA:49,0
DA:50,0
DA:53,0
DA:63,0
DA:64,0
DA:68,0
DA:69,0
DA:102,0
LF:21
LH:0
BRDA:41,0,0,0
BRDA:41,0,1,0
BRDA:90,1,0,0
BRDA:90,1,1,0
BRDA:93,2,0,0
BRDA:93,2,1,0
BRF:6
BRH:0
end_of_record
TN:
SF:src\features\auth\screens\OtpScreen.tsx
FN:23,OtpScreen
FN:34,(anonymous_1)
FN:43,(anonymous_2)
FN:44,(anonymous_3)
FN:46,(anonymous_4)
FN:49,(anonymous_5)
FN:56,(anonymous_6)
FN:104,(anonymous_7)
FN:131,(anonymous_8)
FN:140,(anonymous_9)
FNF:10
FNH:0
FNDA:0,OtpScreen
FNDA:0,(anonymous_1)
FNDA:0,(anonymous_2)
FNDA:0,(anonymous_3)
FNDA:0,(anonymous_4)
FNDA:0,(anonymous_5)
FNDA:0,(anonymous_6)
FNDA:0,(anonymous_7)
FNDA:0,(anonymous_8)
FNDA:0,(anonymous_9)
DA:24,0
DA:25,0
DA:26,0
DA:27,0
DA:28,0
DA:30,0
DA:31,0
DA:32,0
DA:34,0
DA:35,0
DA:43,0
DA:44,0
DA:46,0
DA:49,0
DA:50,0
DA:51,0
DA:52,0
DA:54,0
DA:55,0
DA:56,0
DA:57,0
DA:59,0
DA:62,0
DA:104,0
DA:131,0
DA:140,0
DA:151,0
LF:27
LH:0
BRDA:44,0,0,0
BRDA:44,0,1,0
BRDA:50,1,0,0
BRDA:50,1,1,0
BRDA:65,2,0,0
BRDA:65,2,1,0
BRDA:67,3,0,0
BRDA:67,3,1,0
BRDA:115,4,0,0
BRDA:115,4,1,0
BRDA:126,5,0,0
BRDA:126,5,1,0
BRF:12
BRH:0
end_of_record
TN:
SF:src\features\auth\screens\RegisterScreen.tsx
FN:28,RegisterScreen
FN:44,(anonymous_1)
FN:54,(anonymous_2)
FN:64,(anonymous_3)
FN:72,(anonymous_4)
FN:130,(anonymous_5)
FN:134,(anonymous_6)
FN:151,(anonymous_7)
FN:160,(anonymous_8)
FN:171,(anonymous_9)
FN:191,(anonymous_10)
FNF:11
FNH:0
FNDA:0,RegisterScreen
FNDA:0,(anonymous_1)
FNDA:0,(anonymous_2)
FNDA:0,(anonymous_3)
FNDA:0,(anonymous_4)
FNDA:0,(anonymous_5)
FNDA:0,(anonymous_6)
FNDA:0,(anonymous_7)
FNDA:0,(anonymous_8)
FNDA:0,(anonymous_9)
FNDA:0,(anonymous_10)
DA:25,0
DA:29,0
DA:30,0
DA:31,0
DA:32,0
DA:33,0
DA:34,0
DA:35,0
DA:36,0
DA:37,0
DA:39,0
DA:40,0
DA:41,0
DA:42,0
DA:44,0
DA:45,0
DA:54,0
DA:55,0
DA:56,0
DA:64,0
DA:65,0
DA:66,0
DA:67,0
DA:68,0
DA:69,0
DA:71,0
DA:72,0
DA:73,0
DA:75,0
DA:78,0
DA:83,0
DA:131,0
DA:134,0
DA:151,0
DA:160,0
DA:171,0
DA:191,0
DA:203,0
LF:38
LH:0
BRDA:57,0,0,0
BRDA:57,0,1,0
BRDA:66,1,0,0
BRDA:66,1,1,0
BRDA:67,2,0,0
BRDA:67,2,1,0
BRDA:68,3,0,0
BRDA:68,3,1,0
BRDA:69,4,0,0
BRDA:69,4,1,0
BRDA:86,5,0,0
BRDA:86,5,1,0
BRDA:88,6,0,0
BRDA:88,6,1,0
BRDA:138,7,0,0
BRDA:138,7,1,0
BRDA:139,8,0,0
BRDA:139,8,1,0
BRDA:181,9,0,0
BRDA:181,9,1,0
BRDA:187,10,0,0
BRDA:187,10,1,0
BRF:22
BRH:0
end_of_record
TN:
SF:src\features\auth\screens\VerifyEmailScreen.tsx
FN:21,VerifyEmailScreen
FN:30,(anonymous_1)
FN:40,(anonymous_2)
FN:42,(anonymous_3)
FN:48,(anonymous_4)
FN:50,(anonymous_5)
FN:51,(anonymous_6)
FN:127,(anonymous_7)
FNF:8
FNH:0
FNDA:0,VerifyEmailScreen
FNDA:0,(anonymous_1)
FNDA:0,(anonymous_2)
FNDA:0,(anonymous_3)
FNDA:0,(anonymous_4)
FNDA:0,(anonymous_5)
FNDA:0,(anonymous_6)
FNDA:0,(anonymous_7)
DA:22,0
DA:23,0
DA:24,0
DA:26,0
DA:27,0
DA:28,0
DA:30,0
DA:31,0
DA:40,0
DA:41,0
DA:42,0
DA:43,0
DA:45,0
DA:48,0
DA:49,0
DA:50,0
DA:51,0
DA:54,0
DA:127,0
DA:138,0
LF:20
LH:0
BRDA:56,0,0,0
BRDA:56,0,1,0
BRDA:104,1,0,0
BRDA:104,1,1,0
BRDA:114,2,0,0
BRDA:114,2,1,0
BRF:6
BRH:0
end_of_record
TN:
SF:src\features\auth\screens\index.ts
FNF:0
FNH:0
LF:0
LH:0
BRF:0
BRH:0
end_of_record
TN:
SF:src\features\auth\services\index.ts
FN:19,(anonymous_0)
FN:25,(anonymous_1)
FN:31,(anonymous_2)
FN:34,(anonymous_3)
FN:37,(anonymous_4)
FNF:5
FNH:2
FNDA:1,(anonymous_0)
FNDA:0,(anonymous_1)
FNDA:1,(anonymous_2)
FNDA:0,(anonymous_3)
FNDA:0,(anonymous_4)
DA:18,1
DA:20,1
DA:26,0
DA:32,1
DA:35,0
DA:38,0
DA:41,1
LF:7
LH:4
BRF:0
BRH:0
end_of_record
TN:
SF:src\features\auth\store\index.ts
FNF:0
FNH:0
DA:7,0
DA:12,0
LF:2
LH:0
BRF:0
BRH:0
end_of_record
TN:
SF:src\features\auth\types\index.ts
FNF:0
FNH:0
DA:21,0
LF:1
LH:0
BRF:0
BRH:0
end_of_record
TN:
SF:src\features\auth\utils\index.ts
FN:1,normalizeAuthIdentifier
FNF:1
FNH:0
FNDA:0,normalizeAuthIdentifier
DA:2,0
DA:4,0
LF:2
LH:0
BRF:0
BRH:0
end_of_record
TN:
SF:src\features\auth\validation\index.ts
FN:8,isValidLoginForm
FN:12,isValidRegisterForm
FN:20,isValidOtpForm
FN:24,isValidForgotPasswordForm
FNF:4
FNH:0
FNDA:0,isValidLoginForm
FNDA:0,isValidRegisterForm
FNDA:0,isValidOtpForm
FNDA:0,isValidForgotPasswordForm
DA:9,0
DA:13,0
DA:21,0
DA:25,0
DA:27,0
LF:5
LH:0
BRDA:9,0,0,0
BRDA:9,0,1,0
BRDA:14,1,0,0
BRDA:14,1,1,0
BRDA:14,1,2,0
BRDA:21,2,0,0
BRDA:21,2,1,0
BRF:7
BRH:0
end_of_record
TN:
SF:src\features\camera\index.ts
FNF:0
FNH:0
DA:1,0
LF:1
LH:0
BRF:0
BRH:0
end_of_record
TN:
SF:src\features\camera\api\index.ts
FNF:0
FNH:0
DA:1,0
LF:1
LH:0
BRF:0
BRH:0
end_of_record
TN:
SF:src\features\camera\application\index.ts
FNF:0
FNH:0
DA:1,0
LF:1
LH:0
BRF:0
BRH:0
end_of_record
TN:
SF:src\features\camera\components\index.ts
FNF:0
FNH:0
DA:1,0
LF:1
LH:0
BRF:0
BRH:0
end_of_record
TN:
SF:src\features\camera\constants\index.ts
FNF:0
FNH:0
DA:1,0
LF:1
LH:0
BRF:0
BRH:0
end_of_record
TN:
SF:src\features\camera\domain\index.ts
FNF:0
FNH:0
DA:1,0
LF:1
LH:0
BRF:0
BRH:0
end_of_record
TN:
SF:src\features\camera\hooks\index.ts
FNF:0
FNH:0
DA:1,0
LF:1
LH:0
BRF:0
BRH:0
end_of_record
TN:
SF:src\features\camera\infrastructure\index.ts
FNF:0
FNH:0
DA:1,0
LF:1
LH:0
BRF:0
BRH:0
end_of_record
TN:
SF:src\features\camera\presentation\index.ts
FNF:0
FNH:0
DA:1,0
LF:1
LH:0
BRF:0
BRH:0
end_of_record
TN:
SF:src\features\camera\screens\CameraScreen.tsx
FN:23,CameraScreen
FN:34,(anonymous_1)
FN:42,(anonymous_2)
FN:53,(anonymous_3)
FN:59,(anonymous_4)
FN:65,(anonymous_5)
FN:66,(anonymous_6)
FN:104,(anonymous_7)
FN:112,(anonymous_8)
FN:112,(anonymous_9)
FN:120,(anonymous_10)
FN:124,(anonymous_11)
FN:151,(anonymous_12)
FN:151,(anonymous_13)
FNF:14
FNH:0
FNDA:0,CameraScreen
FNDA:0,(anonymous_1)
FNDA:0,(anonymous_2)
FNDA:0,(anonymous_3)
FNDA:0,(anonymous_4)
FNDA:0,(anonymous_5)
FNDA:0,(anonymous_6)
FNDA:0,(anonymous_7)
FNDA:0,(anonymous_8)
FNDA:0,(anonymous_9)
FNDA:0,(anonymous_10)
FNDA:0,(anonymous_11)
FNDA:0,(anonymous_12)
FNDA:0,(anonymous_13)
DA:21,0
DA:24,0
DA:25,0
DA:26,0
DA:27,0
DA:28,0
DA:30,0
DA:31,0
DA:32,0
DA:34,0
DA:35,0
DA:42,0
DA:44,0
DA:55,0
DA:59,0
DA:60,0
DA:61,0
DA:62,0
DA:65,0
DA:66,0
DA:69,0
DA:104,0
DA:112,0
DA:121,0
DA:124,0
DA:151,0
DA:167,0
LF:27
LH:0
BRDA:60,0,0,0
BRDA:60,0,1,0
BRDA:61,1,0,0
BRDA:61,1,1,0
BRDA:66,2,0,0
BRDA:66,2,1,0
BRDA:66,3,0,0
BRDA:66,3,1,0
BRDA:76,4,0,0
BRDA:76,4,1,0
BRDA:94,5,0,0
BRDA:94,5,1,0
BRDA:103,6,0,0
BRDA:103,6,1,0
BRDA:113,7,0,0
BRDA:113,7,1,0
BRDA:123,8,0,0
BRDA:123,8,1,0
BRDA:126,9,0,0
BRDA:126,9,1,0
BRDA:151,10,0,0
BRDA:151,10,1,0
BRF:22
BRH:0
end_of_record
TN:
SF:src\features\camera\screens\index.ts
FNF:0
FNH:0
DA:1,0
LF:1
LH:0
BRF:0
BRH:0
end_of_record
TN:
SF:src\features\camera\services\index.ts
FNF:0
FNH:0
DA:1,0
LF:1
LH:0
BRF:0
BRH:0
end_of_record
TN:
SF:src\features\camera\store\index.ts
FNF:0
FNH:0
DA:1,0
LF:1
LH:0
BRF:0
BRH:0
end_of_record
TN:
SF:src\features\camera\types\index.ts
FNF:0
FNH:0
DA:1,0
LF:1
LH:0
BRF:0
BRH:0
end_of_record
TN:
SF:src\features\camera\utils\index.ts
FNF:0
FNH:0
DA:1,0
LF:1
LH:0
BRF:0
BRH:0
end_of_record
TN:
SF:src\features\camera\validation\index.ts
FNF:0
FNH:0
DA:1,0
LF:1
LH:0
BRF:0
BRH:0
end_of_record
TN:
SF:src\features\citizen\index.ts
FNF:0
FNH:0
LF:0
LH:0
BRF:0
BRH:0
end_of_record
TN:
SF:src\features\citizen\api\index.ts
FNF:0
FNH:0
DA:1,0
DA:9,0
LF:2
LH:0
BRF:0
BRH:0
end_of_record
TN:
SF:src\features\citizen\application\index.ts
FNF:0
FNH:0
DA:16,0
LF:1
LH:0
BRF:0
BRH:0
end_of_record
TN:
SF:src\features\citizen\components\Component.tsx
FN:3,Component
FNF:1
FNH:0
FNDA:0,Component
DA:4,0
DA:5,0
LF:2
LH:0
BRF:0
BRH:0
end_of_record
TN:
SF:src\features\citizen\components\index.ts
FNF:0
FNH:0
DA:5,0
LF:1
LH:0
BRF:0
BRH:0
end_of_record
TN:
SF:src\features\citizen\constants\index.ts
FNF:0
FNH:0
DA:1,0
DA:15,0
LF:2
LH:0
BRF:0
BRH:0
end_of_record
TN:
SF:src\features\citizen\domain\index.ts
FNF:0
FNH:0
DA:17,0
LF:1
LH:0
BRF:0
BRH:0
end_of_record
TN:
SF:src\features\citizen\hooks\index.ts
FN:6,useCitizenDashboard
FN:17,useCitizenProfile
FNF:2
FNH:0
FNDA:0,useCitizenDashboard
FNDA:0,useCitizenProfile
DA:7,0
DA:18,0
DA:22,0
LF:3
LH:0
BRF:0
BRH:0
end_of_record
TN:
SF:src\features\citizen\infrastructure\index.ts
FN:8,(anonymous_0)
FN:11,(anonymous_1)
FN:14,(anonymous_2)
FNF:3
FNH:0
FNDA:0,(anonymous_0)
FNDA:0,(anonymous_1)
FNDA:0,(anonymous_2)
DA:7,0
DA:9,0
DA:12,0
DA:15,0
DA:18,0
LF:5
LH:0
BRF:0
BRH:0
end_of_record
TN:
SF:src\features\citizen\presentation\index.ts
FNF:0
FNH:0
DA:2,0
LF:1
LH:0
BRF:0
BRH:0
end_of_record
TN:
SF:src\features\citizen\screens\CitizenPlaceholderScreen.tsx
FN:1,CitizenPlaceholderScreen
FNF:1
FNH:0
FNDA:0,CitizenPlaceholderScreen
DA:2,0
LF:1
LH:0
BRF:0
BRH:0
end_of_record
TN:
SF:src\features\citizen\screens\DashboardScreen.tsx
FN:31,(anonymous_0)
FN:91,CitizenDashboardScreen
FN:99,(anonymous_2)
FN:106,(anonymous_3)
FN:111,(anonymous_4)
FN:113,(anonymous_5)
FN:116,(anonymous_6)
FN:118,(anonymous_7)
FN:144,(anonymous_8)
FN:150,(anonymous_9)
FN:181,(anonymous_10)
FN:184,(anonymous_11)
FN:194,(anonymous_12)
FN:229,(anonymous_13)
FN:237,(anonymous_14)
FN:254,(anonymous_15)
FN:259,(anonymous_16)
FN:266,(anonymous_17)
FN:304,(anonymous_18)
FNF:19
FNH:0
FNDA:0,(anonymous_0)
FNDA:0,CitizenDashboardScreen
FNDA:0,(anonymous_2)
FNDA:0,(anonymous_3)
FNDA:0,(anonymous_4)
FNDA:0,(anonymous_5)
FNDA:0,(anonymous_6)
FNDA:0,(anonymous_7)
FNDA:0,(anonymous_8)
FNDA:0,(anonymous_9)
FNDA:0,(anonymous_10)
FNDA:0,(anonymous_11)
FNDA:0,(anonymous_12)
FNDA:0,(anonymous_13)
FNDA:0,(anonymous_14)
FNDA:0,(anonymous_15)
FNDA:0,(anonymous_16)
FNDA:0,(anonymous_17)
FNDA:0,(anonymous_18)
DA:29,0
DA:31,0
DA:32,0
DA:33,0
DA:34,0
DA:35,0
DA:48,0
DA:55,0
DA:61,0
DA:67,0
DA:78,0
DA:85,0
DA:92,0
DA:93,0
DA:94,0
DA:95,0
DA:96,0
DA:97,0
DA:99,0
DA:100,0
DA:106,0
DA:107,0
DA:111,0
DA:113,0
DA:116,0
DA:117,0
DA:118,0
DA:119,0
DA:122,0
DA:144,0
DA:150,0
DA:182,0
DA:184,0
DA:194,0
DA:229,0
DA:238,0
DA:254,0
DA:260,0
DA:261,0
DA:266,0
DA:304,0
DA:310,0
LF:42
LH:0
BRDA:33,0,0,0
BRDA:33,0,1,0
BRDA:34,1,0,0
BRDA:34,1,1,0
BRDA:124,2,0,0
BRDA:124,2,1,0
BRDA:189,3,0,0
BRDA:189,3,1,0
BRDA:190,4,0,0
BRDA:190,4,1,0
BRDA:272,5,0,0
BRDA:272,5,1,0
BRF:12
BRH:0
end_of_record
TN:
SF:src\features\citizen\screens\HelpScreen.tsx
FN:33,HelpScreen
FN:37,(anonymous_1)
FN:39,(anonymous_2)
FN:47,(anonymous_3)
FN:71,(anonymous_4)
FN:74,(anonymous_5)
FN:89,(anonymous_6)
FN:95,(anonymous_7)
FN:128,(anonymous_8)
FNF:9
FNH:0
FNDA:0,HelpScreen
FNDA:0,(anonymous_1)
FNDA:0,(anonymous_2)
FNDA:0,(anonymous_3)
FNDA:0,(anonymous_4)
FNDA:0,(anonymous_5)
FNDA:0,(anonymous_6)
FNDA:0,(anonymous_7)
FNDA:0,(anonymous_8)
DA:17,0
DA:24,0
DA:34,0
DA:35,0
DA:37,0
DA:38,0
DA:39,0
DA:42,0
DA:47,0
DA:72,0
DA:74,0
DA:90,0
DA:91,0
DA:95,0
DA:137,0
LF:15
LH:0
BRDA:17,0,0,0
BRDA:17,0,1,0
BRDA:39,1,0,0
BRDA:39,1,1,0
BRDA:44,2,0,0
BRDA:44,2,1,0
BRDA:74,3,0,0
BRDA:74,3,1,0
BRDA:94,4,0,0
BRDA:94,4,1,0
BRDA:99,5,0,0
BRDA:99,5,1,0
BRDA:105,6,0,0
BRDA:105,6,1,0
BRF:14
BRH:0
end_of_record
TN:
SF:src\features\citizen\screens\MyReportScreen.tsx
FN:59,MyReportScreen
FN:65,(anonymous_1)
FN:77,(anonymous_2)
FN:96,(anonymous_3)
FN:101,(anonymous_4)
FN:110,(anonymous_5)
FN:110,(anonymous_6)
FN:118,(anonymous_7)
FN:121,(anonymous_8)
FN:128,(anonymous_9)
FNF:10
FNH:0
FNDA:0,MyReportScreen
FNDA:0,(anonymous_1)
FNDA:0,(anonymous_2)
FNDA:0,(anonymous_3)
FNDA:0,(anonymous_4)
FNDA:0,(anonymous_5)
FNDA:0,(anonymous_6)
FNDA:0,(anonymous_7)
FNDA:0,(anonymous_8)
FNDA:0,(anonymous_9)
DA:25,0
DA:43,0
DA:51,0
DA:57,0
DA:60,0
DA:61,0
DA:62,0
DA:63,0
DA:65,0
DA:66,0
DA:67,0
DA:68,0
DA:71,0
DA:77,0
DA:97,0
DA:101,0
DA:110,0
DA:118,0
DA:122,0
DA:123,0
DA:128,0
DA:179,0
LF:22
LH:0
BRDA:66,0,0,0
BRDA:66,0,1,0
BRDA:68,1,0,0
BRDA:68,1,1,0
BRDA:73,2,0,0
BRDA:73,2,1,0
BRDA:112,3,0,0
BRDA:112,3,1,0
BRDA:150,4,0,0
BRDA:150,4,1,0
BRDA:161,5,0,0
BRDA:161,5,1,0
BRF:12
BRH:0
end_of_record
TN:
SF:src\features\citizen\screens\NotificationsScreen.tsx
FN:58,NotificationsScreen
FN:61,(anonymous_1)
FN:61,(anonymous_2)
FN:63,(anonymous_3)
FN:64,(anonymous_4)
FN:64,(anonymous_5)
FN:66,(anonymous_6)
FN:75,(anonymous_7)
FN:92,(anonymous_8)
FN:95,(anonymous_9)
FN:98,(anonymous_10)
FN:103,(anonymous_11)
FNF:12
FNH:0
FNDA:0,NotificationsScreen
FNDA:0,(anonymous_1)
FNDA:0,(anonymous_2)
FNDA:0,(anonymous_3)
FNDA:0,(anonymous_4)
FNDA:0,(anonymous_5)
FNDA:0,(anonymous_6)
FNDA:0,(anonymous_7)
FNDA:0,(anonymous_8)
FNDA:0,(anonymous_9)
FNDA:0,(anonymous_10)
FNDA:0,(anonymous_11)
DA:27,0
DA:51,0
DA:59,0
DA:60,0
DA:61,0
DA:63,0
DA:64,0
DA:66,0
DA:70,0
DA:75,0
DA:92,0
DA:96,0
DA:99,0
DA:100,0
DA:103,0
DA:138,0
LF:16
LH:0
BRDA:72,0,0,0
BRDA:72,0,1,0
BRDA:80,1,0,0
BRDA:80,1,1,0
BRDA:92,2,0,0
BRDA:92,2,1,0
BRDA:106,3,0,0
BRDA:106,3,1,0
BRDA:107,4,0,0
BRDA:107,4,1,0
BRDA:108,5,0,0
BRDA:108,5,1,0
BRDA:119,6,0,0
BRDA:119,6,1,0
BRF:14
BRH:0
end_of_record
TN:
SF:src\features\citizen\screens\ProfileScreen.tsx
FN:62,ProfileScreen
FN:65,(anonymous_1)
FN:76,(anonymous_2)
FN:112,(anonymous_3)
FN:120,(anonymous_4)
FN:123,(anonymous_5)
FN:131,(anonymous_6)
FNF:7
FNH:0
FNDA:0,ProfileScreen
FNDA:0,(anonymous_1)
FNDA:0,(anonymous_2)
FNDA:0,(anonymous_3)
FNDA:0,(anonymous_4)
FNDA:0,(anonymous_5)
FNDA:0,(anonymous_6)
DA:28,0
DA:63,0
DA:65,0
DA:66,0
DA:67,0
DA:70,0
DA:76,0
DA:113,0
DA:121,0
DA:123,0
DA:131,0
DA:162,0
LF:12
LH:0
BRDA:66,0,0,0
BRDA:66,0,1,0
BRDA:67,1,0,0
BRDA:67,1,1,0
BRDA:72,2,0,0
BRDA:72,2,1,0
BRDA:114,3,0,0
BRDA:114,3,1,0
BRDA:127,4,0,0
BRDA:127,4,1,0
BRDA:128,5,0,0
BRDA:128,5,1,0
BRDA:133,6,0,0
BRDA:133,6,1,0
BRDA:137,7,0,0
BRDA:137,7,1,0
BRDA:141,8,0,0
BRDA:141,8,1,0
BRDA:144,9,0,0
BRDA:144,9,1,0
BRDA:147,10,0,0
BRDA:147,10,1,0
BRF:22
BRH:0
end_of_record
TN:
SF:src\features\citizen\screens\ReportDetailsScreen.tsx
FN:33,ReportDetailsScreen
FN:42,(anonymous_1)
FN:88,(anonymous_2)
FN:136,(anonymous_3)
FN:159,(anonymous_4)
FNF:5
FNH:0
FNDA:0,ReportDetailsScreen
FNDA:0,(anonymous_1)
FNDA:0,(anonymous_2)
FNDA:0,(anonymous_3)
FNDA:0,(anonymous_4)
DA:18,0
DA:26,0
DA:34,0
DA:36,0
DA:42,0
DA:89,0
DA:137,0
DA:160,0
DA:178,0
LF:9
LH:0
BRDA:38,0,0,0
BRDA:38,0,1,0
BRDA:92,1,0,0
BRDA:92,1,1,0
BRDA:93,2,0,0
BRDA:93,2,1,0
BRDA:95,3,0,0
BRDA:95,3,1,0
BRDA:97,4,0,0
BRDA:97,4,1,0
BRDA:98,5,0,0
BRDA:98,5,1,0
BRDA:102,6,0,0
BRDA:102,6,1,0
BRDA:105,7,0,0
BRDA:105,7,1,0
BRF:16
BRH:0
end_of_record
TN:
SF:src\features\citizen\screens\ReportIssueScreen.tsx
FN:48,ReportIssueScreen
FN:57,(anonymous_1)
FN:62,(anonymous_2)
FN:65,(anonymous_3)
FN:71,(anonymous_4)
FN:74,(anonymous_5)
FN:76,(anonymous_6)
FN:111,(anonymous_7)
FN:123,(anonymous_8)
FN:151,(anonymous_9)
FN:156,(anonymous_10)
FN:165,(anonymous_11)
FN:245,(anonymous_12)
FN:255,(anonymous_13)
FN:278,(anonymous_14)
FN:280,(anonymous_15)
FN:282,(anonymous_16)
FNF:17
FNH:0
FNDA:0,ReportIssueScreen
FNDA:0,(anonymous_1)
FNDA:0,(anonymous_2)
FNDA:0,(anonymous_3)
FNDA:0,(anonymous_4)
FNDA:0,(anonymous_5)
FNDA:0,(anonymous_6)
FNDA:0,(anonymous_7)
FNDA:0,(anonymous_8)
FNDA:0,(anonymous_9)
FNDA:0,(anonymous_10)
FNDA:0,(anonymous_11)
FNDA:0,(anonymous_12)
FNDA:0,(anonymous_13)
FNDA:0,(anonymous_14)
FNDA:0,(anonymous_15)
FNDA:0,(anonymous_16)
DA:27,0
DA:29,0
DA:40,0
DA:46,0
DA:49,0
DA:50,0
DA:51,0
DA:52,0
DA:53,0
DA:54,0
DA:55,0
DA:57,0
DA:58,0
DA:62,0
DA:65,0
DA:66,0
DA:67,0
DA:71,0
DA:74,0
DA:75,0
DA:76,0
DA:77,0
DA:80,0
DA:82,0
DA:83,0
DA:98,0
DA:111,0
DA:124,0
DA:152,0
DA:153,0
DA:156,0
DA:165,0
DA:246,0
DA:255,0
DA:278,0
DA:280,0
DA:283,0
DA:321,0
LF:38
LH:0
BRDA:66,0,0,0
BRDA:66,0,1,0
BRDA:82,1,0,0
BRDA:82,1,1,0
BRDA:100,2,0,0
BRDA:100,2,1,0
BRDA:126,3,0,0
BRDA:126,3,1,0
BRDA:127,4,0,0
BRDA:127,4,1,0
BRDA:127,5,0,0
BRDA:127,5,1,0
BRDA:129,6,0,0
BRDA:129,6,1,0
BRDA:132,7,0,0
BRDA:132,7,1,0
BRDA:144,8,0,0
BRDA:144,8,1,0
BRDA:159,9,0,0
BRDA:159,9,1,0
BRDA:160,10,0,0
BRDA:160,10,1,0
BRDA:162,11,0,0
BRDA:162,11,1,0
BRDA:174,12,0,0
BRDA:174,12,1,0
BRDA:187,13,0,0
BRDA:187,13,1,0
BRDA:217,14,0,0
BRDA:217,14,1,0
BRDA:251,15,0,0
BRDA:251,15,1,0
BRDA:252,16,0,0
BRDA:252,16,1,0
BRDA:259,17,0,0
BRDA:259,17,1,0
BRDA:270,18,0,0
BRDA:270,18,1,0
BRDA:278,19,0,0
BRDA:278,19,1,0
BRDA:280,20,0,0
BRDA:280,20,1,0
BRDA:281,21,0,0
BRDA:281,21,1,0
BRDA:296,22,0,0
BRDA:296,22,1,0
BRDA:304,23,0,0
BRDA:304,23,1,0
BRDA:384,24,0,0
BRDA:384,24,1,0
BRF:50
BRH:0
end_of_record
TN:
SF:src\features\citizen\screens\SettingsScreen.tsx
FN:44,SettingsScreen
FN:50,(anonymous_1)
FN:50,(anonymous_2)
FN:57,(anonymous_3)
FN:69,(anonymous_4)
FN:83,(anonymous_5)
FN:94,(anonymous_6)
FN:97,(anonymous_7)
FN:124,(anonymous_8)
FN:127,(anonymous_9)
FNF:10
FNH:0
FNDA:0,SettingsScreen
FNDA:0,(anonymous_1)
FNDA:0,(anonymous_2)
FNDA:0,(anonymous_3)
FNDA:0,(anonymous_4)
FNDA:0,(anonymous_5)
FNDA:0,(anonymous_6)
FNDA:0,(anonymous_7)
FNDA:0,(anonymous_8)
FNDA:0,(anonymous_9)
DA:30,0
DA:38,0
DA:45,0
DA:46,0
DA:50,0
DA:52,0
DA:57,0
DA:70,0
DA:83,0
DA:95,0
DA:97,0
DA:125,0
DA:127,0
DA:147,0
LF:14
LH:0
BRDA:54,0,0,0
BRDA:54,0,1,0
BRDA:72,1,0,0
BRDA:72,1,1,0
BRDA:79,2,0,0
BRDA:79,2,1,0
BRDA:101,3,0,0
BRDA:101,3,1,0
BRDA:102,4,0,0
BRDA:102,4,1,0
BRDA:110,5,0,0
BRDA:110,5,1,0
BRDA:129,6,0,0
BRDA:129,6,1,0
BRDA:129,7,0,0
BRDA:129,7,1,0
BRDA:132,8,0,0
BRDA:132,8,1,0
BRDA:133,9,0,0
BRDA:133,9,1,0
BRDA:135,10,0,0
BRDA:135,10,1,0
BRDA:136,11,0,0
BRDA:136,11,1,0
BRF:24
BRH:0
end_of_record
TN:
SF:src\features\citizen\screens\index.ts
FNF:0
FNH:0
LF:0
LH:0
BRF:0
BRH:0
end_of_record
TN:
SF:src\features\citizen\services\index.ts
FN:19,(anonymous_0)
FN:26,(anonymous_1)
FN:29,(anonymous_2)
FNF:3
FNH:0
FNDA:0,(anonymous_0)
FNDA:0,(anonymous_1)
FNDA:0,(anonymous_2)
DA:18,0
DA:20,0
DA:27,0
DA:30,0
DA:33,0
LF:5
LH:0
BRF:0
BRH:0
end_of_record
TN:
SF:src\features\citizen\store\index.ts
FNF:0
FNH:0
DA:7,0
DA:12,0
LF:2
LH:0
BRF:0
BRH:0
end_of_record
TN:
SF:src\features\citizen\types\index.ts
FNF:0
FNH:0
DA:10,0
LF:1
LH:0
BRF:0
BRH:0
end_of_record
TN:
SF:src\features\citizen\utils\index.ts
FN:1,normalizeCitizenQuery
FNF:1
FNH:0
FNDA:0,normalizeCitizenQuery
DA:2,0
DA:4,0
LF:2
LH:0
BRF:0
BRH:0
end_of_record
TN:
SF:src\features\citizen\validation\index.ts
FN:3,isValidCitizenProfile
FN:7,isValidCitizenReport
FNF:2
FNH:0
FNDA:0,isValidCitizenProfile
FNDA:0,isValidCitizenReport
DA:4,0
DA:8,0
DA:10,0
LF:3
LH:0
BRDA:4,0,0,0
BRDA:4,0,1,0
BRDA:8,1,0,0
BRDA:8,1,1,0
BRF:4
BRH:0
end_of_record
TN:
SF:src\features\engineer\index.ts
FNF:0
FNH:0
LF:0
LH:0
BRF:0
BRH:0
end_of_record
TN:
SF:src\features\engineer\api\index.ts
FNF:0
FNH:0
DA:1,0
DA:8,0
LF:2
LH:0
BRF:0
BRH:0
end_of_record
TN:
SF:src\features\engineer\application\index.ts
FNF:0
FNH:0
DA:15,0
LF:1
LH:0
BRF:0
BRH:0
end_of_record
TN:
SF:src\features\engineer\components\Component.tsx
FN:3,Component
FNF:1
FNH:0
FNDA:0,Component
DA:4,0
DA:5,0
LF:2
LH:0
BRF:0
BRH:0
end_of_record
TN:
SF:src\features\engineer\components\index.ts
FNF:0
FNH:0
DA:5,0
LF:1
LH:0
BRF:0
BRH:0
end_of_record
TN:
SF:src\features\engineer\constants\index.ts
FNF:0
FNH:0
DA:1,0
DA:16,0
LF:2
LH:0
BRF:0
BRH:0
end_of_record
TN:
SF:src\features\engineer\domain\index.ts
FNF:0
FNH:0
DA:18,0
LF:1
LH:0
BRF:0
BRH:0
end_of_record
TN:
SF:src\features\engineer\hooks\index.ts
FN:6,useEngineerDashboard
FN:17,useEngineerTask
FNF:2
FNH:0
FNDA:0,useEngineerDashboard
FNDA:0,useEngineerTask
DA:7,0
DA:18,0
DA:22,0
LF:3
LH:0
BRF:0
BRH:0
end_of_record
TN:
SF:src\features\engineer\infrastructure\index.ts
FN:8,(anonymous_0)
FN:11,(anonymous_1)
FN:14,(anonymous_2)
FNF:3
FNH:0
FNDA:0,(anonymous_0)
FNDA:0,(anonymous_1)
FNDA:0,(anonymous_2)
DA:7,0
DA:9,0
DA:12,0
DA:15,0
DA:18,0
LF:5
LH:0
BRF:0
BRH:0
end_of_record
TN:
SF:src\features\engineer\presentation\index.ts
FNF:0
FNH:0
DA:2,0
LF:1
LH:0
BRF:0
BRH:0
end_of_record
TN:
SF:src\features\engineer\screens\AssignedTasksScreen.tsx
FN:55,AssignedTasksScreen
FN:60,(anonymous_1)
FN:71,(anonymous_2)
FN:85,(anonymous_3)
FN:86,(anonymous_4)
FN:91,(anonymous_5)
FN:98,(anonymous_6)
FNF:7
FNH:0
FNDA:0,AssignedTasksScreen
FNDA:0,(anonymous_1)
FNDA:0,(anonymous_2)
FNDA:0,(anonymous_3)
FNDA:0,(anonymous_4)
FNDA:0,(anonymous_5)
FNDA:0,(anonymous_6)
DA:21,0
DA:40,0
DA:48,0
DA:49,0
DA:56,0
DA:57,0
DA:58,0
DA:60,0
DA:61,0
DA:62,0
DA:63,0
DA:66,0
DA:71,0
DA:86,0
DA:92,0
DA:93,0
DA:98,0
DA:137,0
LF:18
LH:0
BRDA:61,0,0,0
BRDA:61,0,1,0
BRDA:61,0,2,0
BRDA:61,0,3,0
BRDA:61,0,4,0
BRDA:63,1,0,0
BRDA:63,1,1,0
BRDA:68,2,0,0
BRDA:68,2,1,0
BRF:9
BRH:0
end_of_record
TN:
SF:src\features\engineer\screens\DashboardScreen.tsx
FN:53,(anonymous_0)
FN:60,EngineerDashboardScreen
FN:70,(anonymous_2)
FN:85,(anonymous_3)
FN:85,(anonymous_4)
FN:97,(anonymous_5)
FN:112,(anonymous_6)
FN:119,(anonymous_7)
FN:130,(anonymous_8)
FN:156,(anonymous_9)
FN:180,(anonymous_10)
FN:187,(anonymous_11)
FN:209,(anonymous_12)
FN:213,(anonymous_13)
FN:218,(anonymous_14)
FN:249,(anonymous_15)
FN:266,(anonymous_16)
FNF:17
FNH:0
FNDA:0,(anonymous_0)
FNDA:0,EngineerDashboardScreen
FNDA:0,(anonymous_2)
FNDA:0,(anonymous_3)
FNDA:0,(anonymous_4)
FNDA:0,(anonymous_5)
FNDA:0,(anonymous_6)
FNDA:0,(anonymous_7)
FNDA:0,(anonymous_8)
FNDA:0,(anonymous_9)
FNDA:0,(anonymous_10)
FNDA:0,(anonymous_11)
FNDA:0,(anonymous_12)
FNDA:0,(anonymous_13)
FNDA:0,(anonymous_14)
FNDA:0,(anonymous_15)
FNDA:0,(anonymous_16)
DA:23,0
DA:38,0
DA:45,0
DA:47,0
DA:53,0
DA:54,0
DA:55,0
DA:56,0
DA:57,0
DA:61,0
DA:62,0
DA:63,0
DA:64,0
DA:65,0
DA:67,0
DA:68,0
DA:70,0
DA:71,0
DA:77,0
DA:85,0
DA:97,0
DA:113,0
DA:114,0
DA:115,0
DA:119,0
DA:130,0
DA:156,0
DA:180,0
DA:187,0
DA:209,0
DA:214,0
DA:218,0
DA:250,0
DA:266,0
DA:272,0
LF:35
LH:0
BRDA:55,0,0,0
BRDA:55,0,1,0
BRDA:56,1,0,0
BRDA:56,1,1,0
BRDA:79,2,0,0
BRDA:79,2,1,0
BRDA:118,3,0,0
BRDA:118,3,1,0
BRDA:121,4,0,0
BRDA:121,4,1,0
BRDA:122,5,0,0
BRDA:122,5,1,0
BRDA:130,6,0,0
BRDA:130,6,1,0
BRDA:130,7,0,0
BRDA:130,7,1,0
BRDA:151,8,0,0
BRDA:151,8,1,0
BRDA:252,9,0,0
BRDA:252,9,1,0
BRDA:252,10,0,0
BRDA:252,10,1,0
BRF:22
BRH:0
end_of_record
TN:
SF:src\features\engineer\screens\EngineerPlaceholderScreen.tsx
FN:1,EngineerPlaceholderScreen
FNF:1
FNH:0
FNDA:0,EngineerPlaceholderScreen
DA:2,0
LF:1
LH:0
BRF:0
BRH:0
end_of_record
TN:
SF:src\features\engineer\screens\NavigationScreen.tsx
FN:25,NavigationScreen
FN:34,(anonymous_1)
FN:79,(anonymous_2)
FN:93,(anonymous_3)
FN:125,(anonymous_4)
FN:134,(anonymous_5)
FNF:6
FNH:0
FNDA:0,NavigationScreen
FNDA:0,(anonymous_1)
FNDA:0,(anonymous_2)
FNDA:0,(anonymous_3)
FNDA:0,(anonymous_4)
FNDA:0,(anonymous_5)
DA:17,0
DA:26,0
DA:27,0
DA:29,0
DA:34,0
DA:80,0
DA:94,0
DA:125,0
DA:134,0
DA:145,0
LF:10
LH:0
BRDA:31,0,0,0
BRDA:31,0,1,0
BRDA:38,1,0,0
BRDA:38,1,1,0
BRDA:38,2,0,0
BRDA:38,2,1,0
BRDA:96,3,0,0
BRDA:96,3,1,0
BRDA:97,4,0,0
BRDA:97,4,1,0
BRDA:99,5,0,0
BRDA:99,5,1,0
BRDA:103,6,0,0
BRDA:103,6,1,0
BRDA:110,7,0,0
BRDA:110,7,1,0
BRDA:118,8,0,0
BRDA:118,8,1,0
BRF:18
BRH:0
end_of_record
TN:
SF:src\features\engineer\screens\ProfileScreen.tsx
FN:67,EngineerProfileScreen
FN:71,(anonymous_1)
FN:85,(anonymous_2)
FN:141,(anonymous_3)
FN:149,(anonymous_4)
FN:152,(anonymous_5)
FN:160,(anonymous_6)
FNF:7
FNH:0
FNDA:0,EngineerProfileScreen
FNDA:0,(anonymous_1)
FNDA:0,(anonymous_2)
FNDA:0,(anonymous_3)
FNDA:0,(anonymous_4)
FNDA:0,(anonymous_5)
FNDA:0,(anonymous_6)
DA:34,0
DA:68,0
DA:69,0
DA:71,0
DA:72,0
DA:73,0
DA:74,0
DA:76,0
DA:79,0
DA:85,0
DA:142,0
DA:150,0
DA:152,0
DA:160,0
DA:191,0
LF:15
LH:0
BRDA:72,0,0,0
BRDA:72,0,1,0
BRDA:76,1,0,0
BRDA:76,1,1,0
BRDA:81,2,0,0
BRDA:81,2,1,0
BRDA:121,3,0,0
BRDA:121,3,1,0
BRDA:143,4,0,0
BRDA:143,4,1,0
BRDA:156,5,0,0
BRDA:156,5,1,0
BRDA:157,6,0,0
BRDA:157,6,1,0
BRDA:162,7,0,0
BRDA:162,7,1,0
BRDA:166,8,0,0
BRDA:166,8,1,0
BRDA:170,9,0,0
BRDA:170,9,1,0
BRDA:173,10,0,0
BRDA:173,10,1,0
BRDA:176,11,0,0
BRDA:176,11,1,0
BRF:24
BRH:0
end_of_record
TN:
SF:src\features\engineer\screens\TaskDetailsScreen.tsx
FN:29,TaskDetailsScreen
FN:32,(anonymous_1)
FN:34,(anonymous_2)
FN:35,(anonymous_3)
FN:35,(anonymous_4)
FN:43,(anonymous_5)
FN:94,(anonymous_6)
FN:111,(anonymous_7)
FN:112,(anonymous_8)
FN:156,(anonymous_9)
FN:163,(anonymous_10)
FN:173,(anonymous_11)
FNF:12
FNH:0
FNDA:0,TaskDetailsScreen
FNDA:0,(anonymous_1)
FNDA:0,(anonymous_2)
FNDA:0,(anonymous_3)
FNDA:0,(anonymous_4)
FNDA:0,(anonymous_5)
FNDA:0,(anonymous_6)
FNDA:0,(anonymous_7)
FNDA:0,(anonymous_8)
FNDA:0,(anonymous_9)
FNDA:0,(anonymous_10)
FNDA:0,(anonymous_11)
DA:20,0
DA:30,0
DA:31,0
DA:32,0
DA:34,0
DA:35,0
DA:38,0
DA:43,0
DA:95,0
DA:112,0
DA:156,0
DA:163,0
DA:173,0
DA:182,0
LF:14
LH:0
BRDA:35,0,0,0
BRDA:35,0,1,0
BRDA:40,1,0,0
BRDA:40,1,1,0
BRDA:114,2,0,0
BRDA:114,2,1,0
BRDA:115,3,0,0
BRDA:115,3,1,0
BRDA:117,4,0,0
BRDA:117,4,1,0
BRDA:120,5,0,0
BRDA:120,5,1,0
BRDA:121,6,0,0
BRDA:121,6,1,0
BRF:14
BRH:0
end_of_record
TN:
SF:src\features\engineer\screens\UpdateProgressScreen.tsx
FN:35,UpdateProgressScreen
FN:43,(anonymous_1)
FN:43,(anonymous_2)
FN:46,(anonymous_3)
FN:48,(anonymous_4)
FN:57,(anonymous_5)
FN:88,(anonymous_6)
FN:92,(anonymous_7)
FN:104,(anonymous_8)
FN:114,(anonymous_9)
FN:146,(anonymous_10)
FN:147,(anonymous_11)
FNF:12
FNH:0
FNDA:0,UpdateProgressScreen
FNDA:0,(anonymous_1)
FNDA:0,(anonymous_2)
FNDA:0,(anonymous_3)
FNDA:0,(anonymous_4)
FNDA:0,(anonymous_5)
FNDA:0,(anonymous_6)
FNDA:0,(anonymous_7)
FNDA:0,(anonymous_8)
FNDA:0,(anonymous_9)
FNDA:0,(anonymous_10)
FNDA:0,(anonymous_11)
DA:19,0
DA:27,0
DA:36,0
DA:37,0
DA:38,0
DA:39,0
DA:40,0
DA:41,0
DA:43,0
DA:44,0
DA:46,0
DA:47,0
DA:48,0
DA:49,0
DA:52,0
DA:57,0
DA:89,0
DA:92,0
DA:105,0
DA:114,0
DA:147,0
DA:177,0
LF:22
LH:0
BRDA:54,0,0,0
BRDA:54,0,1,0
BRDA:91,1,0,0
BRDA:91,1,1,0
BRDA:94,2,0,0
BRDA:94,2,1,0
BRDA:110,3,0,0
BRDA:110,3,1,0
BRDA:111,4,0,0
BRDA:111,4,1,0
BRDA:117,5,0,0
BRDA:117,5,1,0
BRDA:149,6,0,0
BRDA:149,6,1,0
BRDA:150,7,0,0
BRDA:150,7,1,0
BRDA:152,8,0,0
BRDA:152,8,1,0
BRDA:154,9,0,0
BRDA:154,9,1,0
BRDA:154,10,0,0
BRDA:154,10,1,0
BRDA:163,11,0,0
BRDA:163,11,1,0
BRF:24
BRH:0
end_of_record
TN:
SF:src\features\engineer\screens\UploadProofScreen.tsx
FN:19,UploadProofScreen
FN:27,(anonymous_1)
FN:31,(anonymous_2)
FN:42,(anonymous_3)
FN:64,(anonymous_4)
FN:65,(anonymous_5)
FN:66,(anonymous_6)
FN:108,(anonymous_7)
FNF:8
FNH:0
FNDA:0,UploadProofScreen
FNDA:0,(anonymous_1)
FNDA:0,(anonymous_2)
FNDA:0,(anonymous_3)
FNDA:0,(anonymous_4)
FNDA:0,(anonymous_5)
FNDA:0,(anonymous_6)
FNDA:0,(anonymous_7)
DA:20,0
DA:21,0
DA:22,0
DA:23,0
DA:24,0
DA:25,0
DA:27,0
DA:28,0
DA:29,0
DA:30,0
DA:31,0
DA:33,0
DA:34,0
DA:37,0
DA:42,0
DA:64,0
DA:65,0
DA:67,0
DA:109,0
DA:159,0
LF:20
LH:0
BRDA:39,0,0,0
BRDA:39,0,1,0
BRDA:72,1,0,0
BRDA:72,1,1,0
BRDA:73,2,0,0
BRDA:73,2,1,0
BRDA:74,3,0,0
BRDA:74,3,1,0
BRDA:79,4,0,0
BRDA:79,4,1,0
BRDA:101,5,0,0
BRDA:101,5,1,0
BRDA:101,5,2,0
BRDA:130,6,0,0
BRDA:130,6,1,0
BRDA:143,7,0,0
BRDA:143,7,1,0
BRDA:149,8,0,0
BRDA:149,8,1,0
BRF:19
BRH:0
end_of_record
TN:
SF:src\features\engineer\screens\index.ts
FNF:0
FNH:0
LF:0
LH:0
BRF:0
BRH:0
end_of_record
TN:
SF:src\features\engineer\services\index.ts
FN:17,(anonymous_0)
FN:23,(anonymous_1)
FN:30,(anonymous_2)
FNF:3
FNH:0
FNDA:0,(anonymous_0)
FNDA:0,(anonymous_1)
FNDA:0,(anonymous_2)
DA:16,0
DA:18,0
DA:24,0
DA:31,0
DA:37,0
LF:5
LH:0
BRF:0
BRH:0
end_of_record
TN:
SF:src\features\engineer\store\index.ts
FNF:0
FNH:0
DA:7,0
DA:12,0
LF:2
LH:0
BRF:0
BRH:0
end_of_record
TN:
SF:src\features\engineer\types\index.ts
FNF:0
FNH:0
DA:11,0
LF:1
LH:0
BRF:0
BRH:0
end_of_record
TN:
SF:src\features\engineer\utils\index.ts
FN:1,normalizeEngineerNote
FNF:1
FNH:0
FNDA:0,normalizeEngineerNote
DA:2,0
DA:4,0
LF:2
LH:0
BRF:0
BRH:0
end_of_record
TN:
SF:src\features\engineer\validation\index.ts
FN:3,isValidEngineerProgress
FN:12,isValidEngineerProof
FNF:2
FNH:0
FNDA:0,isValidEngineerProgress
FNDA:0,isValidEngineerProof
DA:4,0
DA:13,0
DA:15,0
LF:3
LH:0
BRDA:5,0,0,0
BRDA:5,0,1,0
BRDA:5,0,2,0
BRDA:5,0,3,0
BRDA:13,1,0,0
BRDA:13,1,1,0
BRF:6
BRH:0
end_of_record
TN:
SF:src\features\maps\index.ts
FNF:0
FNH:0
LF:0
LH:0
BRF:0
BRH:0
end_of_record
TN:
SF:src\features\maps\api\index.ts
FNF:0
FNH:0
DA:1,0
DA:6,0
LF:2
LH:0
BRF:0
BRH:0
end_of_record
TN:
SF:src\features\maps\application\index.ts
FNF:0
FNH:0
DA:13,0
LF:1
LH:0
BRF:0
BRH:0
end_of_record
TN:
SF:src\features\maps\components\Component.tsx
FN:3,Component
FNF:1
FNH:0
FNDA:0,Component
DA:4,0
DA:5,0
LF:2
LH:0
BRF:0
BRH:0
end_of_record
TN:
SF:src\features\maps\components\index.ts
FNF:0
FNH:0
DA:5,0
LF:1
LH:0
BRF:0
BRH:0
end_of_record
TN:
SF:src\features\maps\constants\index.ts
FNF:0
FNH:0
DA:1,0
DA:13,0
LF:2
LH:0
BRF:0
BRH:0
end_of_record
TN:
SF:src\features\maps\domain\index.ts
FNF:0
FNH:0
DA:18,0
LF:1
LH:0
BRF:0
BRH:0
end_of_record
TN:
SF:src\features\maps\hooks\index.ts
FN:6,useMapViewport
FN:17,useMapSearch
FNF:2
FNH:0
FNDA:0,useMapViewport
FNDA:0,useMapSearch
DA:7,0
DA:18,0
DA:22,0
LF:3
LH:0
BRF:0
BRH:0
end_of_record
TN:
SF:src\features\maps\infrastructure\index.ts
FN:7,(anonymous_0)
FN:10,(anonymous_1)
FNF:2
FNH:0
FNDA:0,(anonymous_0)
FNDA:0,(anonymous_1)
DA:6,0
DA:8,0
DA:11,0
DA:14,0
LF:4
LH:0
BRF:0
BRH:0
end_of_record
TN:
SF:src\features\maps\presentation\index.ts
FNF:0
FNH:0
DA:2,0
LF:1
LH:0
BRF:0
BRH:0
end_of_record
TN:
SF:src\features\maps\screens\MapPlaceholderScreen.tsx
FN:1,MapPlaceholderScreen
FNF:1
FNH:0
FNDA:0,MapPlaceholderScreen
DA:2,0
LF:1
LH:0
BRF:0
BRH:0
end_of_record
TN:
SF:src\features\maps\screens\MapScreen.tsx
FN:51,MapScreen
FN:59,(anonymous_1)
FN:69,(anonymous_2)
FN:80,(anonymous_3)
FN:95,(anonymous_4)
FN:106,(anonymous_5)
FN:122,(anonymous_6)
FN:138,(anonymous_7)
FN:143,(anonymous_8)
FN:224,(anonymous_9)
FN:231,(anonymous_10)
FNF:11
FNH:0
FNDA:0,MapScreen
FNDA:0,(anonymous_1)
FNDA:0,(anonymous_2)
FNDA:0,(anonymous_3)
FNDA:0,(anonymous_4)
FNDA:0,(anonymous_5)
FNDA:0,(anonymous_6)
FNDA:0,(anonymous_7)
FNDA:0,(anonymous_8)
FNDA:0,(anonymous_9)
FNDA:0,(anonymous_10)
DA:27,0
DA:41,0
DA:48,0
DA:49,0
DA:52,0
DA:53,0
DA:54,0
DA:55,0
DA:57,0
DA:59,0
DA:60,0
DA:61,0
DA:69,0
DA:70,0
DA:71,0
DA:72,0
DA:75,0
DA:80,0
DA:96,0
DA:97,0
DA:98,0
DA:106,0
DA:122,0
DA:139,0
DA:143,0
DA:224,0
DA:231,0
DA:243,0
LF:28
LH:0
BRDA:62,0,0,0
BRDA:62,0,1,0
BRDA:70,1,0,0
BRDA:70,1,1,0
BRDA:72,2,0,0
BRDA:72,2,1,0
BRDA:77,3,0,0
BRDA:77,3,1,0
BRDA:90,4,0,0
BRDA:90,4,1,0
BRDA:104,5,0,0
BRDA:104,5,1,0
BRDA:111,6,0,0
BRDA:111,6,1,0
BRDA:118,7,0,0
BRDA:118,7,1,0
BRDA:141,8,0,0
BRDA:141,8,1,0
BRDA:173,9,0,0
BRDA:173,9,1,0
BRDA:189,10,0,0
BRDA:189,10,1,0
BRDA:207,11,0,0
BRDA:207,11,1,0
BRDA:363,12,0,0
BRDA:363,12,1,0
BRF:26
BRH:0
end_of_record
TN:
SF:src\features\maps\screens\index.ts
FNF:0
FNH:0
LF:0
LH:0
BRF:0
BRH:0
end_of_record
TN:
SF:src\features\maps\services\index.ts
FN:11,(anonymous_0)
FN:21,(anonymous_1)
FN:24,(anonymous_2)
FNF:3
FNH:0
FNDA:0,(anonymous_0)
FNDA:0,(anonymous_1)
FNDA:0,(anonymous_2)
DA:10,0
DA:12,0
DA:22,0
DA:25,0
DA:28,0
LF:5
LH:0
BRF:0
BRH:0
end_of_record
TN:
SF:src\features\maps\store\index.ts
FNF:0
FNH:0
DA:7,0
DA:12,0
LF:2
LH:0
BRF:0
BRH:0
end_of_record
TN:
SF:src\features\maps\types\index.ts
FNF:0
FNH:0
DA:8,0
LF:1
LH:0
BRF:0
BRH:0
end_of_record
TN:
SF:src\features\maps\utils\index.ts
FN:1,normalizeMapQuery
FNF:1
FNH:0
FNDA:0,normalizeMapQuery
DA:2,0
DA:4,0
LF:2
LH:0
BRF:0
BRH:0
end_of_record
TN:
SF:src\features\maps\validation\index.ts
FN:3,isValidMapSearch
FN:7,isValidMapRouteRequest
FNF:2
FNH:0
FNDA:0,isValidMapSearch
FNDA:0,isValidMapRouteRequest
DA:4,0
DA:8,0
DA:10,0
LF:3
LH:0
BRF:0
BRH:0
end_of_record
TN:
SF:src\features\notifications\index.ts
FNF:0
FNH:0
LF:0
LH:0
BRF:0
BRH:0
end_of_record
TN:
SF:src\features\notifications\api\index.ts
FNF:0
FNH:0
DA:1,0
DA:5,0
LF:2
LH:0
BRF:0
BRH:0
end_of_record
TN:
SF:src\features\notifications\application\index.ts
FNF:0
FNH:0
DA:8,0
LF:1
LH:0
BRF:0
BRH:0
end_of_record
TN:
SF:src\features\notifications\components\Component.tsx
FN:3,Component
FNF:1
FNH:0
FNDA:0,Component
DA:4,0
DA:5,0
LF:2
LH:0
BRF:0
BRH:0
end_of_record
TN:
SF:src\features\notifications\components\index.ts
FNF:0
FNH:0
DA:5,0
LF:1
LH:0
BRF:0
BRH:0
end_of_record
TN:
SF:src\features\notifications\constants\index.ts
FNF:0
FNH:0
DA:1,0
DA:11,0
LF:2
LH:0
BRF:0
BRH:0
end_of_record
TN:
SF:src\features\notifications\domain\index.ts
FNF:0
FNH:0
DA:11,0
LF:1
LH:0
BRF:0
BRH:0
end_of_record
TN:
SF:src\features\notifications\hooks\index.ts
FN:6,useNotificationsInbox
FNF:1
FNH:0
FNDA:0,useNotificationsInbox
DA:7,0
DA:12,0
LF:2
LH:0
BRF:0
BRH:0
end_of_record
TN:
SF:src\features\notifications\infrastructure\index.ts
FN:7,(anonymous_0)
FN:10,(anonymous_1)
FNF:2
FNH:0
FNDA:0,(anonymous_0)
FNDA:0,(anonymous_1)
DA:6,0
DA:8,0
DA:11,0
DA:14,0
LF:4
LH:0
BRF:0
BRH:0
end_of_record
TN:
SF:src\features\notifications\presentation\index.ts
FNF:0
FNH:0
DA:2,0
LF:1
LH:0
BRF:0
BRH:0
end_of_record
TN:
SF:src\features\notifications\screens\NotificationPlaceholderScreen.tsx
FN:1,NotificationPlaceholderScreen
FNF:1
FNH:0
FNDA:0,NotificationPlaceholderScreen
DA:2,0
LF:1
LH:0
BRF:0
BRH:0
end_of_record
TN:
SF:src\features\notifications\screens\NotificationScreen.tsx
FN:3,NotificationScreen
FNF:1
FNH:0
FNDA:0,NotificationScreen
DA:4,0
LF:1
LH:0
BRF:0
BRH:0
end_of_record
TN:
SF:src\features\notifications\screens\index.ts
FNF:0
FNH:0
LF:0
LH:0
BRF:0
BRH:0
end_of_record
TN:
SF:src\features\notifications\services\index.ts
FN:10,(anonymous_0)
FN:13,(anonymous_1)
FNF:2
FNH:0
FNDA:0,(anonymous_0)
FNDA:0,(anonymous_1)
DA:9,0
DA:11,0
DA:14,0
DA:17,0
LF:4
LH:0
BRF:0
BRH:0
end_of_record
TN:
SF:src\features\notifications\store\index.ts
FNF:0
FNH:0
DA:7,0
DA:12,0
LF:2
LH:0
BRF:0
BRH:0
end_of_record
TN:
SF:src\features\notifications\types\index.ts
FNF:0
FNH:0
DA:5,0
LF:1
LH:0
BRF:0
BRH:0
end_of_record
TN:
SF:src\features\notifications\utils\index.ts
FN:1,normalizeNotificationTitle
FNF:1
FNH:0
FNDA:0,normalizeNotificationTitle
DA:2,0
DA:4,0
LF:2
LH:0
BRF:0
BRH:0
end_of_record
TN:
SF:src\features\notifications\validation\index.ts
FN:3,isValidNotificationPreference
FNF:1
FNH:0
FNDA:0,isValidNotificationPreference
DA:4,0
DA:6,0
LF:2
LH:0
BRDA:4,0,0,0
BRDA:4,0,1,0
BRF:2
BRH:0
end_of_record
TN:
SF:src\features\offline\index.ts
FNF:0
FNH:0
LF:0
LH:0
BRF:0
BRH:0
end_of_record
TN:
SF:src\features\offline\api\index.ts
FNF:0
FNH:0
DA:1,0
DA:5,0
LF:2
LH:0
BRF:0
BRH:0
end_of_record
TN:
SF:src\features\offline\application\index.ts
FNF:0
FNH:0
DA:9,0
LF:1
LH:0
BRF:0
BRH:0
end_of_record
TN:
SF:src\features\offline\components\Component.tsx
FN:3,Component
FNF:1
FNH:0
FNDA:0,Component
DA:4,0
DA:5,0
LF:2
LH:0
BRF:0
BRH:0
end_of_record
TN:
SF:src\features\offline\components\index.ts
FNF:0
FNH:0
DA:5,0
LF:1
LH:0
BRF:0
BRH:0
end_of_record
TN:
SF:src\features\offline\constants\index.ts
FNF:0
FNH:0
DA:1,0
DA:11,0
LF:2
LH:0
BRF:0
BRH:0
end_of_record
TN:
SF:src\features\offline\domain\index.ts
FNF:0
FNH:0
DA:11,0
LF:1
LH:0
BRF:0
BRH:0
end_of_record
TN:
SF:src\features\offline\hooks\index.ts
FN:6,useOfflineQueue
FNF:1
FNH:0
FNDA:0,useOfflineQueue
DA:7,0
DA:12,0
LF:2
LH:0
BRF:0
BRH:0
end_of_record
TN:
SF:src\features\offline\infrastructure\index.ts
FN:8,(anonymous_0)
FN:11,(anonymous_1)
FN:14,(anonymous_2)
FNF:3
FNH:0
FNDA:0,(anonymous_0)
FNDA:0,(anonymous_1)
FNDA:0,(anonymous_2)
DA:7,0
DA:9,0
DA:12,0
DA:15,0
DA:18,0
LF:5
LH:0
BRF:0
BRH:0
end_of_record
TN:
SF:src\features\offline\presentation\index.ts
FNF:0
FNH:0
DA:2,0
LF:1
LH:0
BRF:0
BRH:0
end_of_record
TN:
SF:src\features\offline\screens\OfflinePlaceholderScreen.tsx
FN:1,OfflinePlaceholderScreen
FNF:1
FNH:0
FNDA:0,OfflinePlaceholderScreen
DA:2,0
LF:1
LH:0
BRF:0
BRH:0
end_of_record
TN:
SF:src\features\offline\screens\OfflineScreen.tsx
FN:3,OfflineScreen
FNF:1
FNH:0
FNDA:0,OfflineScreen
DA:4,0
LF:1
LH:0
BRF:0
BRH:0
end_of_record
TN:
SF:src\features\offline\screens\index.ts
FNF:0
FNH:0
LF:0
LH:0
BRF:0
BRH:0
end_of_record
TN:
SF:src\features\offline\services\index.ts
FN:10,(anonymous_0)
FN:17,(anonymous_1)
FNF:2
FNH:0
FNDA:0,(anonymous_0)
FNDA:0,(anonymous_1)
DA:9,0
DA:11,0
DA:18,0
DA:21,0
LF:4
LH:0
BRF:0
BRH:0
end_of_record
TN:
SF:src\features\offline\store\index.ts
FNF:0
FNH:0
DA:7,0
DA:12,0
LF:2
LH:0
BRF:0
BRH:0
end_of_record
TN:
SF:src\features\offline\types\index.ts
FNF:0
FNH:0
DA:5,0
LF:1
LH:0
BRF:0
BRH:0
end_of_record
TN:
SF:src\features\offline\utils\index.ts
FN:1,normalizeOfflinePayload
FNF:1
FNH:0
FNDA:0,normalizeOfflinePayload
DA:2,0
DA:4,0
LF:2
LH:0
BRF:0
BRH:0
end_of_record
TN:
SF:src\features\offline\validation\index.ts
FN:3,isValidOfflineQueue
FNF:1
FNH:0
FNDA:0,isValidOfflineQueue
DA:4,0
DA:6,0
LF:2
LH:0
BRDA:4,0,0,0
BRDA:4,0,1,0
BRF:2
BRH:0
end_of_record
TN:
SF:src\features\profile\index.ts
FNF:0
FNH:0
DA:1,0
LF:1
LH:0
BRF:0
BRH:0
end_of_record
TN:
SF:src\features\profile\api\index.ts
FNF:0
FNH:0
DA:1,0
LF:1
LH:0
BRF:0
BRH:0
end_of_record
TN:
SF:src\features\profile\application\index.ts
FNF:0
FNH:0
DA:1,0
LF:1
LH:0
BRF:0
BRH:0
end_of_record
TN:
SF:src\features\profile\components\index.ts
FNF:0
FNH:0
DA:1,0
LF:1
LH:0
BRF:0
BRH:0
end_of_record
TN:
SF:src\features\profile\constants\index.ts
FNF:0
FNH:0
DA:1,0
LF:1
LH:0
BRF:0
BRH:0
end_of_record
TN:
SF:src\features\profile\domain\index.ts
FNF:0
FNH:0
DA:1,0
LF:1
LH:0
BRF:0
BRH:0
end_of_record
TN:
SF:src\features\profile\hooks\index.ts
FNF:0
FNH:0
DA:1,0
LF:1
LH:0
BRF:0
BRH:0
end_of_record
TN:
SF:src\features\profile\infrastructure\index.ts
FNF:0
FNH:0
DA:1,0
LF:1
LH:0
BRF:0
BRH:0
end_of_record
TN:
SF:src\features\profile\presentation\index.ts
FNF:0
FNH:0
DA:1,0
LF:1
LH:0
BRF:0
BRH:0
end_of_record
TN:
SF:src\features\profile\screens\ProfileScreen.tsx
FN:1,ProfileScreen
FNF:1
FNH:0
FNDA:0,ProfileScreen
DA:2,0
LF:1
LH:0
BRF:0
BRH:0
end_of_record
TN:
SF:src\features\profile\screens\index.ts
FNF:0
FNH:0
DA:1,0
LF:1
LH:0
BRF:0
BRH:0
end_of_record
TN:
SF:src\features\profile\services\index.ts
FNF:0
FNH:0
DA:1,0
LF:1
LH:0
BRF:0
BRH:0
end_of_record
TN:
SF:src\features\profile\store\index.ts
FNF:0
FNH:0
DA:1,0
LF:1
LH:0
BRF:0
BRH:0
end_of_record
TN:
SF:src\features\profile\types\index.ts
FNF:0
FNH:0
DA:1,0
LF:1
LH:0
BRF:0
BRH:0
end_of_record
TN:
SF:src\features\profile\utils\index.ts
FNF:0
FNH:0
DA:1,0
LF:1
LH:0
BRF:0
BRH:0
end_of_record
TN:
SF:src\features\profile\validation\index.ts
FNF:0
FNH:0
DA:1,0
LF:1
LH:0
BRF:0
BRH:0
end_of_record
TN:
SF:src\features\reports\index.ts
FNF:0
FNH:0
LF:0
LH:0
BRF:0
BRH:0
end_of_record
TN:
SF:src\features\reports\api\index.ts
FNF:0
FNH:0
DA:1,0
DA:6,0
LF:2
LH:0
BRF:0
BRH:0
end_of_record
TN:
SF:src\features\reports\application\index.ts
FNF:0
FNH:0
DA:13,0
LF:1
LH:0
BRF:0
BRH:0
end_of_record
TN:
SF:src\features\reports\components\Component.tsx
FN:3,Component
FNF:1
FNH:0
FNDA:0,Component
DA:4,0
DA:5,0
LF:2
LH:0
BRF:0
BRH:0
end_of_record
TN:
SF:src\features\reports\components\index.ts
FNF:0
FNH:0
DA:5,0
LF:1
LH:0
BRF:0
BRH:0
end_of_record
TN:
SF:src\features\reports\constants\index.ts
FNF:0
FNH:0
DA:1,0
DA:11,0
LF:2
LH:0
BRF:0
BRH:0
end_of_record
TN:
SF:src\features\reports\domain\index.ts
FNF:0
FNH:0
DA:12,0
LF:1
LH:0
BRF:0
BRH:0
end_of_record
TN:
SF:src\features\reports\hooks\index.ts
FN:6,useReports
FNF:1
FNH:0
FNDA:0,useReports
DA:7,0
DA:12,0
LF:2
LH:0
BRF:0
BRH:0
end_of_record
TN:
SF:src\features\reports\infrastructure\index.ts
FN:7,(anonymous_0)
FN:10,(anonymous_1)
FNF:2
FNH:0
FNDA:0,(anonymous_0)
FNDA:0,(anonymous_1)
DA:6,0
DA:8,0
DA:11,0
DA:14,0
LF:4
LH:0
BRF:0
BRH:0
end_of_record
TN:
SF:src\features\reports\presentation\index.ts
FNF:0
FNH:0
DA:2,0
LF:1
LH:0
BRF:0
BRH:0
end_of_record
TN:
SF:src\features\reports\screens\ReportPlaceholderScreen.tsx
FN:1,ReportPlaceholderScreen
FNF:1
FNH:0
FNDA:0,ReportPlaceholderScreen
DA:2,0
LF:1
LH:0
BRF:0
BRH:0
end_of_record
TN:
SF:src\features\reports\screens\ReportScreen.tsx
FN:3,ReportScreen
FNF:1
FNH:0
FNDA:0,ReportScreen
DA:4,0
LF:1
LH:0
BRF:0
BRH:0
end_of_record
TN:
SF:src\features\reports\screens\index.ts
FNF:0
FNH:0
LF:0
LH:0
BRF:0
BRH:0
end_of_record
TN:
SF:src\features\reports\services\index.ts
FN:11,(anonymous_0)
FN:14,(anonymous_1)
FN:21,(anonymous_2)
FNF:3
FNH:0
FNDA:0,(anonymous_0)
FNDA:0,(anonymous_1)
FNDA:0,(anonymous_2)
DA:10,0
DA:12,0
DA:15,0
DA:22,0
DA:29,0
LF:5
LH:0
BRF:0
BRH:0
end_of_record
TN:
SF:src\features\reports\store\index.ts
FNF:0
FNH:0
DA:7,0
DA:12,0
LF:2
LH:0
BRF:0
BRH:0
end_of_record
TN:
SF:src\features\reports\types\index.ts
FNF:0
FNH:0
DA:10,0
LF:1
LH:0
BRF:0
BRH:0
end_of_record
TN:
SF:src\features\reports\utils\index.ts
FN:1,normalizeReportQuery
FNF:1
FNH:0
FNDA:0,normalizeReportQuery
DA:2,0
DA:4,0
LF:2
LH:0
BRF:0
BRH:0
end_of_record
TN:
SF:src\features\reports\validation\index.ts
FN:3,isValidCreateReport
FN:7,isValidReportFilter
FNF:2
FNH:0
FNDA:0,isValidCreateReport
FNDA:0,isValidReportFilter
DA:4,0
DA:8,0
DA:10,0
LF:3
LH:0
BRDA:4,0,0,0
BRDA:4,0,1,0
BRDA:8,1,0,0
BRDA:8,1,1,0
BRF:4
BRH:0
end_of_record
TN:
SF:src\features\settings\index.ts
FNF:0
FNH:0
DA:1,0
LF:1
LH:0
BRF:0
BRH:0
end_of_record
TN:
SF:src\features\settings\api\index.ts
FNF:0
FNH:0
DA:1,0
LF:1
LH:0
BRF:0
BRH:0
end_of_record
TN:
SF:src\features\settings\application\index.ts
FNF:0
FNH:0
DA:1,0
LF:1
LH:0
BRF:0
BRH:0
end_of_record
TN:
SF:src\features\settings\components\index.ts
FNF:0
FNH:0
DA:1,0
LF:1
LH:0
BRF:0
BRH:0
end_of_record
TN:
SF:src\features\settings\constants\index.ts
FNF:0
FNH:0
DA:1,0
LF:1
LH:0
BRF:0
BRH:0
end_of_record
TN:
SF:src\features\settings\domain\index.ts
FNF:0
FNH:0
DA:1,0
LF:1
LH:0
BRF:0
BRH:0
end_of_record
TN:
SF:src\features\settings\hooks\index.ts
FNF:0
FNH:0
DA:1,0
LF:1
LH:0
BRF:0
BRH:0
end_of_record
TN:
SF:src\features\settings\infrastructure\index.ts
FNF:0
FNH:0
DA:1,0
LF:1
LH:0
BRF:0
BRH:0
end_of_record
TN:
SF:src\features\settings\presentation\index.ts
FNF:0
FNH:0
DA:1,0
LF:1
LH:0
BRF:0
BRH:0
end_of_record
TN:
SF:src\features\settings\screens\SettingsScreen.tsx
FN:1,SettingsScreen
FNF:1
FNH:0
FNDA:0,SettingsScreen
DA:2,0
LF:1
LH:0
BRF:0
BRH:0
end_of_record
TN:
SF:src\features\settings\screens\index.ts
FNF:0
FNH:0
DA:1,0
LF:1
LH:0
BRF:0
BRH:0
end_of_record
TN:
SF:src\features\settings\services\index.ts
FNF:0
FNH:0
DA:1,0
LF:1
LH:0
BRF:0
BRH:0
end_of_record
TN:
SF:src\features\settings\store\index.ts
FNF:0
FNH:0
DA:1,0
LF:1
LH:0
BRF:0
BRH:0
end_of_record
TN:
SF:src\features\settings\types\index.ts
FNF:0
FNH:0
DA:1,0
LF:1
LH:0
BRF:0
BRH:0
end_of_record
TN:
SF:src\features\settings\utils\index.ts
FNF:0
FNH:0
DA:1,0
LF:1
LH:0
BRF:0
BRH:0
end_of_record
TN:
SF:src\features\settings\validation\index.ts
FNF:0
FNH:0
DA:1,0
LF:1
LH:0
BRF:0
BRH:0
end_of_record
TN:
SF:src\features\shared\index.ts
FNF:0
FNH:0
LF:0
LH:0
BRF:0
BRH:0
end_of_record
TN:
SF:src\features\shared\api\index.ts
FNF:0
FNH:0
DA:1,0
LF:1
LH:0
BRF:0
BRH:0
end_of_record
TN:
SF:src\features\shared\application\index.ts
FNF:0
FNH:0
DA:1,0
LF:1
LH:0
BRF:0
BRH:0
end_of_record
TN:
SF:src\features\shared\components\index.ts
FNF:0
FNH:0
DA:1,0
LF:1
LH:0
BRF:0
BRH:0
end_of_record
TN:
SF:src\features\shared\constants\index.ts
FNF:0
FNH:0
DA:1,0
LF:1
LH:0
BRF:0
BRH:0
end_of_record
TN:
SF:src\features\shared\domain\index.ts
FNF:0
FNH:0
DA:1,0
LF:1
LH:0
BRF:0
BRH:0
end_of_record
TN:
SF:src\features\shared\hooks\index.ts
FNF:0
FNH:0
DA:1,0
LF:1
LH:0
BRF:0
BRH:0
end_of_record
TN:
SF:src\features\shared\infrastructure\index.ts
FNF:0
FNH:0
DA:1,0
LF:1
LH:0
BRF:0
BRH:0
end_of_record
TN:
SF:src\features\shared\screens\ImagePreviewScreen.tsx
FN:26,ImagePreviewScreen
FN:38,(anonymous_1)
FN:54,(anonymous_2)
FN:91,(anonymous_3)
FN:95,(anonymous_4)
FN:149,(anonymous_5)
FNF:6
FNH:0
FNDA:0,ImagePreviewScreen
FNDA:0,(anonymous_1)
FNDA:0,(anonymous_2)
FNDA:0,(anonymous_3)
FNDA:0,(anonymous_4)
FNDA:0,(anonymous_5)
DA:24,0
DA:27,0
DA:28,0
DA:30,0
DA:38,0
DA:39,0
DA:40,0
DA:44,0
DA:48,0
DA:54,0
DA:92,0
DA:95,0
DA:149,0
DA:158,0
LF:14
LH:0
BRDA:53,0,0,0
BRDA:53,0,1,0
BRDA:94,1,0,0
BRDA:94,1,1,0
BRDA:97,2,0,0
BRDA:97,2,1,0
BRDA:240,3,0,0
BRDA:240,3,1,0
BRF:8
BRH:0
end_of_record
TN:
SF:src\features\shared\screens\QrScannerScreen.tsx
FN:23,QrScannerScreen
FN:30,(anonymous_1)
FN:47,(anonymous_2)
FN:49,(anonymous_3)
FN:97,(anonymous_4)
FN:107,(anonymous_5)
FN:107,(anonymous_6)
FN:125,(anonymous_7)
FNF:8
FNH:0
FNDA:0,QrScannerScreen
FNDA:0,(anonymous_1)
FNDA:0,(anonymous_2)
FNDA:0,(anonymous_3)
FNDA:0,(anonymous_4)
FNDA:0,(anonymous_5)
FNDA:0,(anonymous_6)
FNDA:0,(anonymous_7)
DA:21,0
DA:24,0
DA:25,0
DA:28,0
DA:30,0
DA:31,0
DA:47,0
DA:49,0
DA:50,0
DA:54,0
DA:59,0
DA:97,0
DA:107,0
DA:125,0
DA:142,0
LF:15
LH:0
BRDA:96,0,0,0
BRDA:96,0,1,0
BRDA:106,1,0,0
BRDA:106,1,1,0
BRDA:110,2,0,0
BRDA:110,2,1,0
BRDA:130,3,0,0
BRDA:130,3,1,0
BRDA:233,4,0,0
BRDA:233,4,1,0
BRF:10
BRH:0
end_of_record
TN:
SF:src\features\shared\screens\SearchScreen.tsx
FN:50,SearchScreen
FN:57,(anonymous_1)
FN:60,(anonymous_2)
FN:61,(anonymous_3)
FN:65,(anonymous_4)
FN:66,(anonymous_5)
FN:66,(anonymous_6)
FN:69,(anonymous_7)
FN:73,(anonymous_8)
FN:74,(anonymous_9)
FN:90,(anonymous_10)
FN:102,(anonymous_11)
FN:107,(anonymous_12)
FN:136,(anonymous_13)
FN:142,(anonymous_14)
FN:173,(anonymous_15)
FN:179,(anonymous_16)
FN:181,(anonymous_17)
FN:187,(anonymous_18)
FN:201,(anonymous_19)
FN:204,(anonymous_20)
FN:212,(anonymous_21)
FNF:22
FNH:0
FNDA:0,SearchScreen
FNDA:0,(anonymous_1)
FNDA:0,(anonymous_2)
FNDA:0,(anonymous_3)
FNDA:0,(anonymous_4)
FNDA:0,(anonymous_5)
FNDA:0,(anonymous_6)
FNDA:0,(anonymous_7)
FNDA:0,(anonymous_8)
FNDA:0,(anonymous_9)
FNDA:0,(anonymous_10)
FNDA:0,(anonymous_11)
FNDA:0,(anonymous_12)
FNDA:0,(anonymous_13)
FNDA:0,(anonymous_14)
FNDA:0,(anonymous_15)
FNDA:0,(anonymous_16)
FNDA:0,(anonymous_17)
FNDA:0,(anonymous_18)
FNDA:0,(anonymous_19)
FNDA:0,(anonymous_20)
FNDA:0,(anonymous_21)
DA:35,0
DA:42,0
DA:51,0
DA:52,0
DA:53,0
DA:54,0
DA:55,0
DA:57,0
DA:58,0
DA:59,0
DA:60,0
DA:61,0
DA:65,0
DA:66,0
DA:69,0
DA:70,0
DA:73,0
DA:74,0
DA:75,0
DA:77,0
DA:78,0
DA:82,0
DA:84,0
DA:90,0
DA:103,0
DA:107,0
DA:137,0
DA:142,0
DA:173,0
DA:180,0
DA:181,0
DA:187,0
DA:202,0
DA:204,0
DA:212,0
DA:226,0
LF:36
LH:0
BRDA:58,0,0,0
BRDA:58,0,1,0
BRDA:75,1,0,0
BRDA:75,1,1,0
BRDA:77,2,0,0
BRDA:77,2,1,0
BRDA:78,3,0,0
BRDA:78,3,1,0
BRDA:82,4,0,0
BRDA:82,4,1,0
BRDA:86,5,0,0
BRDA:86,5,1,0
BRDA:105,6,0,0
BRDA:105,6,1,0
BRDA:113,7,0,0
BRDA:113,7,1,0
BRDA:118,8,0,0
BRDA:118,8,1,0
BRDA:125,9,0,0
BRDA:125,9,1,0
BRDA:157,10,0,0
BRDA:157,10,1,0
BRDA:158,11,0,0
BRDA:158,11,1,0
BRDA:169,12,0,0
BRDA:169,12,1,0
BRDA:209,13,0,0
BRDA:209,13,1,0
BRF:28
BRH:0
end_of_record
TN:
SF:src\features\shared\screens\index.ts
FNF:0
FNH:0
LF:0
LH:0
BRF:0
BRH:0
end_of_record
TN:
SF:src\features\shared\services\index.ts
FNF:0
FNH:0
DA:1,0
LF:1
LH:0
BRF:0
BRH:0
end_of_record
TN:
SF:src\features\shared\store\index.ts
FNF:0
FNH:0
DA:1,0
LF:1
LH:0
BRF:0
BRH:0
end_of_record
TN:
SF:src\features\shared\types\index.ts
FNF:0
FNH:0
DA:1,0
LF:1
LH:0
BRF:0
BRH:0
end_of_record
TN:
SF:src\features\shared\utils\index.ts
FNF:0
FNH:0
DA:1,0
LF:1
LH:0
BRF:0
BRH:0
end_of_record
TN:
SF:src\features\shared\validation\index.ts
FNF:0
FNH:0
DA:1,0
LF:1
LH:0
BRF:0
BRH:0
end_of_record
TN:
SF:src\hooks\UseAuth.ts
FN:6,useAuth
FNF:1
FNH:0
FNDA:0,useAuth
DA:7,0
LF:1
LH:0
BRF:0
BRH:0
end_of_record
TN:
SF:src\hooks\UseCamera.ts
FN:6,useCamera
FNF:1
FNH:0
FNDA:0,useCamera
DA:7,0
LF:1
LH:0
BRF:0
BRH:0
end_of_record
TN:
SF:src\hooks\UseConnectivity.ts
FN:9,useConnectivity
FN:12,(anonymous_1)
FN:14,(anonymous_2)
FN:15,(anonymous_3)
FN:21,(anonymous_4)
FN:27,(anonymous_5)
FN:30,(anonymous_6)
FN:48,(anonymous_7)
FN:56,(anonymous_8)
FNF:9
FNH:0
FNDA:0,useConnectivity
FNDA:0,(anonymous_1)
FNDA:0,(anonymous_2)
FNDA:0,(anonymous_3)
FNDA:0,(anonymous_4)
FNDA:0,(anonymous_5)
FNDA:0,(anonymous_6)
FNDA:0,(anonymous_7)
FNDA:0,(anonymous_8)
DA:10,0
DA:12,0
DA:13,0
DA:14,0
DA:15,0
DA:17,0
DA:18,0
DA:19,0
DA:21,0
DA:22,0
DA:23,0
DA:27,0
DA:28,0
DA:29,0
DA:30,0
DA:32,0
DA:39,0
DA:40,0
DA:42,0
DA:46,0
DA:48,0
DA:49,0
DA:50,0
DA:54,0
DA:56,0
DA:57,0
DA:58,0
DA:62,0
LF:28
LH:0
BRDA:13,0,0,0
BRDA:13,0,1,0
BRDA:49,1,0,0
BRDA:49,1,1,0
BRF:4
BRH:0
end_of_record
TN:
SF:src\hooks\UseDebounce.ts
FN:1,useDebounce
FNF:1
FNH:0
FNDA:0,useDebounce
DA:2,0
LF:1
LH:0
BRDA:1,0,0,0
BRF:1
BRH:0
end_of_record
TN:
SF:src\hooks\UseLocation.ts
FN:6,useLocation
FNF:1
FNH:0
FNDA:0,useLocation
DA:7,0
LF:1
LH:0
BRF:0
BRH:0
end_of_record
TN:
SF:src\hooks\UseNotifications.ts
FN:6,useNotifications
FNF:1
FNH:0
FNDA:0,useNotifications
DA:7,0
LF:1
LH:0
BRF:0
BRH:0
end_of_record
TN:
SF:src\hooks\UseOfflineQueue.ts
FN:10,useOfflineQueue
FN:14,(anonymous_1)
FN:18,(anonymous_2)
FN:20,(anonymous_3)
FN:23,(anonymous_4)
FN:25,(anonymous_5)
FNF:6
FNH:0
FNDA:0,useOfflineQueue
FNDA:0,(anonymous_1)
FNDA:0,(anonymous_2)
FNDA:0,(anonymous_3)
FNDA:0,(anonymous_4)
FNDA:0,(anonymous_5)
DA:11,0
DA:12,0
DA:14,0
DA:15,0
DA:18,0
DA:19,0
DA:20,0
DA:23,0
DA:24,0
DA:25,0
DA:26,0
DA:27,0
DA:31,0
LF:13
LH:0
BRF:0
BRH:0
end_of_record
TN:
SF:src\hooks\UsePagination.ts
FN:6,usePagination
FNF:1
FNH:0
FNDA:0,usePagination
DA:7,0
LF:1
LH:0
BRF:0
BRH:0
end_of_record
TN:
SF:src\hooks\UsePermission.ts
FN:6,usePermission
FNF:1
FNH:0
FNDA:0,usePermission
DA:7,0
LF:1
LH:0
BRF:0
BRH:0
end_of_record
TN:
SF:src\hooks\UseTheme.ts
FN:5,useTheme
FNF:1
FNH:0
FNDA:0,useTheme
DA:6,0
LF:1
LH:0
BRF:0
BRH:0
end_of_record
TN:
SF:src\hooks\UseToast.ts
FN:5,useToast
FN:7,(anonymous_1)
FNF:2
FNH:0
FNDA:0,useToast
FNDA:0,(anonymous_1)
DA:6,0
DA:7,0
LF:2
LH:0
BRF:0
BRH:0
end_of_record
TN:
SF:src\hooks\UseUpload.ts
FN:6,useUpload
FNF:1
FNH:0
FNDA:0,useUpload
DA:7,0
LF:1
LH:0
BRF:0
BRH:0
end_of_record
TN:
SF:src\hooks\index.ts
FNF:0
FNH:0
LF:0
LH:0
BRF:0
BRH:0
end_of_record
TN:
SF:src\lib\Axios.ts
FN:5,createHttpClient
FNF:1
FNH:0
FNDA:0,createHttpClient
DA:6,0
LF:1
LH:0
BRF:0
BRH:0
end_of_record
TN:
SF:src\lib\QueryClient.ts
FNF:0
FNH:0
DA:5,0
LF:1
LH:0
BRF:0
BRH:0
end_of_record
TN:
SF:src\lib\Socket.ts
FN:5,createSocketConnection
FNF:1
FNH:0
FNDA:0,createSocketConnection
DA:6,0
LF:1
LH:0
BRF:0
BRH:0
end_of_record
TN:
SF:src\lib\Storage.ts
FN:4,(anonymous_0)
FN:7,(anonymous_1)
FN:10,(anonymous_2)
FNF:3
FNH:0
FNDA:0,(anonymous_0)
FNDA:0,(anonymous_1)
FNDA:0,(anonymous_2)
DA:1,0
DA:3,0
DA:5,0
DA:8,0
DA:11,0
LF:5
LH:0
BRDA:5,0,0,0
BRDA:5,0,1,0
BRF:2
BRH:0
end_of_record
TN:
SF:src\lib\index.ts
FNF:0
FNH:0
LF:0
LH:0
BRF:0
BRH:0
end_of_record
TN:
SF:src\navigation\Auth.ts
FNF:0
FNH:0
DA:1,0
LF:1
LH:0
BRF:0
BRH:0
end_of_record
TN:
SF:src\navigation\Citizen.ts
FNF:0
FNH:0
DA:1,0
LF:1
LH:0
BRF:0
BRH:0
end_of_record
TN:
SF:src\navigation\Engineer.ts
FNF:0
FNH:0
DA:1,0
LF:1
LH:0
BRF:0
BRH:0
end_of_record
TN:
SF:src\navigation\Index.ts
FNF:0
FNH:0
LF:0
LH:0
BRF:0
BRH:0
end_of_record
TN:
SF:src\providers\AuthProvider.tsx
FN:7,AuthProvider
FNF:1
FNH:0
FNDA:0,AuthProvider
DA:8,0
LF:1
LH:0
BRF:0
BRH:0
end_of_record
TN:
SF:src\providers\LocationProvider.tsx
FN:7,LocationProvider
FNF:1
FNH:0
FNDA:0,LocationProvider
DA:8,0
LF:1
LH:0
BRF:0
BRH:0
end_of_record
TN:
SF:src\providers\NotificationProvider.tsx
FN:7,NotificationProvider
FNF:1
FNH:0
FNDA:0,NotificationProvider
DA:8,0
LF:1
LH:0
BRF:0
BRH:0
end_of_record
TN:
SF:src\providers\QueryProvider.tsx
FN:7,QueryProvider
FNF:1
FNH:0
FNDA:0,QueryProvider
DA:8,0
LF:1
LH:0
BRF:0
BRH:0
end_of_record
TN:
SF:src\providers\ThemeProvider.tsx
FN:7,ThemeProvider
FNF:1
FNH:0
FNDA:0,ThemeProvider
DA:8,0
LF:1
LH:0
BRF:0
BRH:0
end_of_record
TN:
SF:src\providers\index.ts
FNF:0
FNH:0
LF:0
LH:0
BRF:0
BRH:0
end_of_record
TN:
SF:src\services\index.ts
FNF:0
FNH:0
LF:0
LH:0
BRF:0
BRH:0
end_of_record
TN:
SF:src\services\ai\index.ts
FNF:0
FNH:0
DA:1,0
LF:1
LH:0
BRF:0
BRH:0
end_of_record
TN:
SF:src\services\ai\client\index.ts
FNF:0
FNH:0
DA:1,0
LF:1
LH:0
BRF:0
BRH:0
end_of_record
TN:
SF:src\services\ai\errors\index.ts
FNF:0
FNH:0
DA:1,0
LF:1
LH:0
BRF:0
BRH:0
end_of_record
TN:
SF:src\services\ai\headers\index.ts
FNF:0
FNH:0
DA:1,0
LF:1
LH:0
BRF:0
BRH:0
end_of_record
TN:
SF:src\services\ai\interceptors\index.ts
FNF:0
FNH:0
DA:1,0
LF:1
LH:0
BRF:0
BRH:0
end_of_record
TN:
SF:src\services\ai\response\index.ts
FNF:0
FNH:0
DA:1,0
LF:1
LH:0
BRF:0
BRH:0
end_of_record
TN:
SF:src\services\ai\retry\index.ts
FNF:0
FNH:0
DA:1,0
LF:1
LH:0
BRF:0
BRH:0
end_of_record
TN:
SF:src\services\api\index.ts
FNF:0
FNH:0
DA:1,0
LF:1
LH:0
BRF:0
BRH:0
end_of_record
TN:
SF:src\services\api\client\index.ts
FN:11,(anonymous_0)
FN:15,(anonymous_1)
FN:46,(anonymous_2)
FN:50,(anonymous_3)
FN:58,(anonymous_4)
FN:66,(anonymous_5)
FNF:6
FNH:0
FNDA:0,(anonymous_0)
FNDA:0,(anonymous_1)
FNDA:0,(anonymous_2)
FNDA:0,(anonymous_3)
FNDA:0,(anonymous_4)
FNDA:0,(anonymous_5)
DA:12,0
DA:16,0
DA:18,0
DA:19,0
DA:20,0
DA:21,0
DA:24,0
DA:25,0
DA:26,0
DA:27,0
DA:30,0
DA:35,0
DA:36,0
DA:39,0
DA:40,0
DA:43,0
DA:47,0
DA:51,0
DA:59,0
DA:67,0
DA:71,0
DA:73,0
LF:22
LH:0
BRDA:11,0,0,0
BRDA:15,1,0,0
BRDA:19,2,0,0
BRDA:19,2,1,0
BRDA:26,3,0,0
BRDA:26,3,1,0
BRDA:35,4,0,0
BRDA:35,4,1,0
BRDA:39,5,0,0
BRDA:39,5,1,0
BRDA:54,6,0,0
BRDA:54,6,1,0
BRDA:62,7,0,0
BRDA:62,7,1,0
BRF:14
BRH:0
end_of_record
TN:
SF:src\services\api\errors\index.ts
FNF:0
FNH:0
DA:1,0
LF:1
LH:0
BRF:0
BRH:0
end_of_record
TN:
SF:src\services\api\headers\index.ts
FNF:0
FNH:0
DA:1,0
LF:1
LH:0
BRF:0
BRH:0
end_of_record
TN:
SF:src\services\api\interceptors\index.ts
FNF:0
FNH:0
DA:1,0
LF:1
LH:0
BRF:0
BRH:0
end_of_record
TN:
SF:src\services\api\response\index.ts
FNF:0
FNH:0
DA:1,0
LF:1
LH:0
BRF:0
BRH:0
end_of_record
TN:
SF:src\services\api\retry\index.ts
FNF:0
FNH:0
DA:1,0
LF:1
LH:0
BRF:0
BRH:0
end_of_record
TN:
SF:src\services\auth\index.ts
FNF:0
FNH:0
DA:1,0
LF:1
LH:0
BRF:0
BRH:0
end_of_record
TN:
SF:src\services\auth\client\index.ts
FNF:0
FNH:0
DA:1,0
LF:1
LH:0
BRF:0
BRH:0
end_of_record
TN:
SF:src\services\auth\errors\index.ts
FNF:0
FNH:0
DA:1,0
LF:1
LH:0
BRF:0
BRH:0
end_of_record
TN:
SF:src\services\auth\headers\index.ts
FNF:0
FNH:0
DA:1,0
LF:1
LH:0
BRF:0
BRH:0
end_of_record
TN:
SF:src\services\auth\interceptors\index.ts
FNF:0
FNH:0
DA:1,0
LF:1
LH:0
BRF:0
BRH:0
end_of_record
TN:
SF:src\services\auth\response\index.ts
FNF:0
FNH:0
DA:1,0
LF:1
LH:0
BRF:0
BRH:0
end_of_record
TN:
SF:src\services\auth\retry\index.ts
FNF:0
FNH:0
DA:1,0
LF:1
LH:0
BRF:0
BRH:0
end_of_record
TN:
SF:src\services\camera\index.ts
FNF:0
FNH:0
DA:1,0
LF:1
LH:0
BRF:0
BRH:0
end_of_record
TN:
SF:src\services\camera\client\index.ts
FNF:0
FNH:0
DA:1,0
LF:1
LH:0
BRF:0
BRH:0
end_of_record
TN:
SF:src\services\camera\errors\index.ts
FNF:0
FNH:0
DA:1,0
LF:1
LH:0
BRF:0
BRH:0
end_of_record
TN:
SF:src\services\camera\headers\index.ts
FNF:0
FNH:0
DA:1,0
LF:1
LH:0
BRF:0
BRH:0
end_of_record
TN:
SF:src\services\camera\interceptors\index.ts
FNF:0
FNH:0
DA:1,0
LF:1
LH:0
BRF:0
BRH:0
end_of_record
TN:
SF:src\services\camera\response\index.ts
FNF:0
FNH:0
DA:1,0
LF:1
LH:0
BRF:0
BRH:0
end_of_record
TN:
SF:src\services\camera\retry\index.ts
FNF:0
FNH:0
DA:1,0
LF:1
LH:0
BRF:0
BRH:0
end_of_record
TN:
SF:src\services\locations\index.ts
FNF:0
FNH:0
DA:1,0
LF:1
LH:0
BRF:0
BRH:0
end_of_record
TN:
SF:src\services\locations\client\index.ts
FNF:0
FNH:0
DA:1,0
LF:1
LH:0
BRF:0
BRH:0
end_of_record
TN:
SF:src\services\locations\errors\index.ts
FNF:0
FNH:0
DA:1,0
LF:1
LH:0
BRF:0
BRH:0
end_of_record
TN:
SF:src\services\locations\headers\index.ts
FNF:0
FNH:0
DA:1,0
LF:1
LH:0
BRF:0
BRH:0
end_of_record
TN:
SF:src\services\locations\interceptors\index.ts
FNF:0
FNH:0
DA:1,0
LF:1
LH:0
BRF:0
BRH:0
end_of_record
TN:
SF:src\services\locations\response\index.ts
FNF:0
FNH:0
DA:1,0
LF:1
LH:0
BRF:0
BRH:0
end_of_record
TN:
SF:src\services\locations\retry\index.ts
FNF:0
FNH:0
DA:1,0
LF:1
LH:0
BRF:0
BRH:0
end_of_record
TN:
SF:src\services\notifications\index.ts
FNF:0
FNH:0
DA:1,0
LF:1
LH:0
BRF:0
BRH:0
end_of_record
TN:
SF:src\services\notifications\client\index.ts
FNF:0
FNH:0
DA:1,0
LF:1
LH:0
BRF:0
BRH:0
end_of_record
TN:
SF:src\services\notifications\errors\index.ts
FNF:0
FNH:0
DA:1,0
LF:1
LH:0
BRF:0
BRH:0
end_of_record
TN:
SF:src\services\notifications\headers\index.ts
FNF:0
FNH:0
DA:1,0
LF:1
LH:0
BRF:0
BRH:0
end_of_record
TN:
SF:src\services\notifications\interceptors\index.ts
FNF:0
FNH:0
DA:1,0
LF:1
LH:0
BRF:0
BRH:0
end_of_record
TN:
SF:src\services\notifications\response\index.ts
FNF:0
FNH:0
DA:1,0
LF:1
LH:0
BRF:0
BRH:0
end_of_record
TN:
SF:src\services\notifications\retry\index.ts
FNF:0
FNH:0
DA:1,0
LF:1
LH:0
BRF:0
BRH:0
end_of_record
TN:
SF:src\services\storage\index.ts
FN:9,(anonymous_0)
FN:19,(anonymous_1)
FN:28,(anonymous_2)
FN:37,(anonymous_3)
FNF:4
FNH:0
FNDA:0,(anonymous_0)
FNDA:0,(anonymous_1)
FNDA:0,(anonymous_2)
FNDA:0,(anonymous_3)
DA:8,0
DA:10,0
DA:11,0
DA:12,0
DA:14,0
DA:16,0
DA:20,0
DA:21,0
DA:22,0
DA:29,0
DA:30,0
DA:31,0
DA:38,0
DA:39,0
DA:40,0
DA:48,0
LF:16
LH:0
BRDA:11,0,0,0
BRDA:11,0,1,0
BRDA:11,1,0,0
BRDA:11,1,1,0
BRDA:21,2,0,0
BRDA:21,2,1,0
BRDA:21,3,0,0
BRDA:21,3,1,0
BRDA:30,4,0,0
BRDA:30,4,1,0
BRDA:30,5,0,0
BRDA:30,5,1,0
BRDA:39,6,0,0
BRDA:39,6,1,0
BRDA:39,7,0,0
BRDA:39,7,1,0
BRF:16
BRH:0
end_of_record
TN:
SF:src\services\storage\client\index.ts
FNF:0
FNH:0
DA:1,0
LF:1
LH:0
BRF:0
BRH:0
end_of_record
TN:
SF:src\services\storage\errors\index.ts
FNF:0
FNH:0
DA:1,0
LF:1
LH:0
BRF:0
BRH:0
end_of_record
TN:
SF:src\services\storage\headers\index.ts
FNF:0
FNH:0
DA:1,0
LF:1
LH:0
BRF:0
BRH:0
end_of_record
TN:
SF:src\services\storage\interceptors\index.ts
FNF:0
FNH:0
DA:1,0
LF:1
LH:0
BRF:0
BRH:0
end_of_record
TN:
SF:src\services\storage\response\index.ts
FNF:0
FNH:0
DA:1,0
LF:1
LH:0
BRF:0
BRH:0
end_of_record
TN:
SF:src\services\storage\retry\index.ts
FNF:0
FNH:0
DA:1,0
LF:1
LH:0
BRF:0
BRH:0
end_of_record
TN:
SF:src\services\upload\index.ts
FNF:0
FNH:0
DA:1,0
LF:1
LH:0
BRF:0
BRH:0
end_of_record
TN:
SF:src\services\upload\client\index.ts
FNF:0
FNH:0
DA:1,0
LF:1
LH:0
BRF:0
BRH:0
end_of_record
TN:
SF:src\services\upload\errors\index.ts
FNF:0
FNH:0
DA:1,0
LF:1
LH:0
BRF:0
BRH:0
end_of_record
TN:
SF:src\services\upload\headers\index.ts
FNF:0
FNH:0
DA:1,0
LF:1
LH:0
BRF:0
BRH:0
end_of_record
TN:
SF:src\services\upload\interceptors\index.ts
FNF:0
FNH:0
DA:1,0
LF:1
LH:0
BRF:0
BRH:0
end_of_record
TN:
SF:src\services\upload\response\index.ts
FNF:0
FNH:0
DA:1,0
LF:1
LH:0
BRF:0
BRH:0
end_of_record
TN:
SF:src\services\upload\retry\index.ts
FNF:0
FNH:0
DA:1,0
LF:1
LH:0
BRF:0
BRH:0
end_of_record
TN:
SF:src\store\AuthStore.ts
FNF:0
FNH:0
DA:6,0
LF:1
LH:0
BRF:0
BRH:0
end_of_record
TN:
SF:src\store\CitizenStore.ts
FNF:0
FNH:0
DA:6,0
LF:1
LH:0
BRF:0
BRH:0
end_of_record
TN:
SF:src\store\EngineerStore.ts
FNF:0
FNH:0
DA:6,0
LF:1
LH:0
BRF:0
BRH:0
end_of_record
TN:
SF:src\store\LocationStore.ts
FNF:0
FNH:0
DA:6,0
LF:1
LH:0
BRF:0
BRH:0
end_of_record
TN:
SF:src\store\NotificationStore.ts
FNF:0
FNH:0
DA:6,0
LF:1
LH:0
BRF:0
BRH:0
end_of_record
TN:
SF:src\store\OfflineStore.ts
FNF:0
FNH:0
DA:7,0
LF:1
LH:0
BRF:0
BRH:0
end_of_record
TN:
SF:src\store\ReportStore.ts
FNF:0
FNH:0
DA:6,0
LF:1
LH:0
BRF:0
BRH:0
end_of_record
TN:
SF:src\store\SettingsStore.ts
FNF:0
FNH:0
DA:6,0
LF:1
LH:0
BRF:0
BRH:0
end_of_record
TN:
SF:src\store\ThemeStore.ts
FNF:0
FNH:0
DA:6,0
LF:1
LH:0
BRF:0
BRH:0
end_of_record
TN:
SF:src\store\UserStore.ts
FNF:0
FNH:0
DA:6,0
LF:1
LH:0
BRF:0
BRH:0
end_of_record
TN:
SF:src\store\index.ts
FNF:0
FNH:0
LF:0
LH:0
BRF:0
BRH:0
end_of_record
TN:
SF:src\theme\Animation.ts
FNF:0
FNH:0
DA:1,0
LF:1
LH:0
BRF:0
BRH:0
end_of_record
TN:
SF:src\theme\Colors.ts
FNF:0
FNH:0
DA:1,0
DA:10,0
LF:2
LH:0
BRF:0
BRH:0
end_of_record
TN:
SF:src\theme\DarkTheme.ts
FNF:0
FNH:0
DA:6,0
LF:1
LH:0
BRF:0
BRH:0
end_of_record
TN:
SF:src\theme\Elevation.ts
FNF:0
FNH:0
DA:1,0
LF:1
LH:0
BRF:0
BRH:0
end_of_record
TN:
SF:src\theme\Index.ts
FNF:0
FNH:0
LF:0
LH:0
BRF:0
BRH:0
end_of_record
TN:
SF:src\theme\LightTheme.ts
FNF:0
FNH:0
DA:6,0
LF:1
LH:0
BRF:0
BRH:0
end_of_record
TN:
SF:src\theme\Radius.ts
FNF:0
FNH:0
DA:1,0
LF:1
LH:0
BRF:0
BRH:0
end_of_record
TN:
SF:src\theme\Shadows.ts
FNF:0
FNH:0
LF:0
LH:0
BRF:0
BRH:0
end_of_record
TN:
SF:src\theme\Spacing.ts
FNF:0
FNH:0
DA:1,0
LF:1
LH:0
BRF:0
BRH:0
end_of_record
TN:
SF:src\theme\Tokens.ts
FNF:0
FNH:0
DA:6,0
LF:1
LH:0
BRF:0
BRH:0
end_of_record
TN:
SF:src\theme\Typography.ts
FNF:0
FNH:0
DA:1,0
LF:1
LH:0
BRF:0
BRH:0
end_of_record
TN:
SF:src\types\Api.ts
FNF:0
FNH:0
LF:0
LH:0
BRF:0
BRH:0
end_of_record
TN:
SF:src\types\Auth.ts
FNF:0
FNH:0
LF:0
LH:0
BRF:0
BRH:0
end_of_record
TN:
SF:src\types\Common.ts
FNF:0
FNH:0
LF:0
LH:0
BRF:0
BRH:0
end_of_record
TN:
SF:src\types\Map.ts
FNF:0
FNH:0
LF:0
LH:0
BRF:0
BRH:0
end_of_record
TN:
SF:src\types\Notification.ts
FNF:0
FNH:0
LF:0
LH:0
BRF:0
BRH:0
end_of_record
TN:
SF:src\types\Report.ts
FNF:0
FNH:0
LF:0
LH:0
BRF:0
BRH:0
end_of_record
TN:
SF:src\types\User.ts
FNF:0
FNH:0
LF:0
LH:0
BRF:0
BRH:0
end_of_record
TN:
SF:src\types\index.ts
FNF:0
FNH:0
LF:0
LH:0
BRF:0
BRH:0
end_of_record
TN:
SF:src\utils\Compression.ts
FN:1,compressText
FN:5,decompressText
FNF:2
FNH:0
FNDA:0,compressText
FNDA:0,decompressText
DA:2,0
DA:6,0
LF:2
LH:0
BRF:0
BRH:0
end_of_record
TN:
SF:src\utils\Date.ts
FN:1,formatDate
FN:5,startOfDay
FNF:2
FNH:0
FNDA:0,formatDate
FNDA:0,startOfDay
DA:2,0
DA:6,0
LF:2
LH:0
BRF:0
BRH:0
end_of_record
TN:
SF:src\utils\Encryption.ts
FN:1,encryptText
FN:5,decryptText
FNF:2
FNH:0
FNDA:0,encryptText
FNDA:0,decryptText
DA:2,0
DA:6,0
LF:2
LH:0
BRF:0
BRH:0
end_of_record
TN:
SF:src\utils\File.ts
FN:7,createFileDescriptor
FNF:1
FNH:0
FNDA:0,createFileDescriptor
DA:8,0
LF:1
LH:0
BRF:0
BRH:0
end_of_record
TN:
SF:src\utils\Formatter.ts
FN:1,formatCurrency
FN:8,formatNumber
FNF:2
FNH:0
FNDA:0,formatCurrency
FNDA:0,formatNumber
DA:2,0
DA:9,0
LF:2
LH:0
BRDA:1,0,0,0
BRF:1
BRH:0
end_of_record
TN:
SF:src\utils\Image.ts
FN:7,createImageReference
FNF:1
FNH:0
FNDA:0,createImageReference
DA:8,0
LF:1
LH:0
BRF:0
BRH:0
end_of_record
TN:
SF:src\utils\Logger.ts
FN:8,(anonymous_0)
FN:18,(anonymous_1)
FN:22,(anonymous_2)
FN:26,(anonymous_3)
FN:33,createLogger
FNF:5
FNH:0
FNDA:0,(anonymous_0)
FNDA:0,(anonymous_1)
FNDA:0,(anonymous_2)
FNDA:0,(anonymous_3)
FNDA:0,createLogger
DA:13,0
DA:14,0
DA:15,0
DA:19,0
DA:23,0
DA:27,0
DA:31,0
DA:34,0
DA:35,0
DA:37,0
LF:10
LH:0
BRDA:14,0,0,0
BRDA:14,0,1,0
BRDA:34,1,0,0
BRDA:34,1,1,0
BRF:4
BRH:0
end_of_record
TN:
SF:src\utils\Network.ts
FN:6,createNetworkState
FNF:1
FNH:0
FNDA:0,createNetworkState
DA:7,0
LF:1
LH:0
BRF:0
BRH:0
end_of_record
TN:
SF:src\utils\Permission.ts
FNF:0
FNH:0
LF:0
LH:0
BRF:0
BRH:0
end_of_record
TN:
SF:src\utils\Permissions.ts
FN:7,createPermissionGrantMap
FNF:1
FNH:0
FNDA:0,createPermissionGrantMap
DA:8,0
LF:1
LH:0
BRF:0
BRH:0
end_of_record
TN:
SF:src\utils\Upload.ts
FN:6,createUploadDescriptor
FNF:1
FNH:0
FNDA:0,createUploadDescriptor
DA:7,0
LF:1
LH:0
BRDA:6,0,0,0
BRF:1
BRH:0
end_of_record
TN:
SF:src\utils\Validator.ts
FN:6,validateRequired
FNF:1
FNH:0
FNDA:0,validateRequired
DA:7,0
LF:1
LH:0
BRDA:8,0,0,0
BRDA:8,0,1,0
BRDA:8,0,2,0
BRF:3
BRH:0
end_of_record
TN:
SF:src\utils\Validators.ts
FN:3,isNonEmptyString
FNF:1
FNH:0
FNDA:0,isNonEmptyString
DA:4,0
LF:1
LH:0
BRDA:4,0,0,0
BRDA:4,0,1,0
BRF:2
BRH:0
end_of_record
TN:
SF:src\utils\index.ts
FNF:0
FNH:0
LF:0
LH:0
BRF:0
BRH:0
end_of_record
